Log Time: 2015/03/10 15:19:24
Log Content:
Get Parameter
Log Time: 2015/03/10 15:19:24
Log Content:
Get register Job class
Log Time: 2015/03/10 15:19:24
Log Content:
Establish queues
Log Time: 2015/03/10 15:19:24
Log Content:
Restore jobs
Log Time: 2015/03/10 15:19:24
Log Content:
Start listening createJob
Log Time: 2015/03/10 15:19:24
Log Content:
Start listenting query status
Log Time: 2015/03/10 15:19:24
Log Content:
Start queue job
Log Time: 2015/03/10 15:19:24
Log Content:
Service start success
Log Time: 2015/03/10 15:19:26
Log Content:
Listening CreateJob Service 8488 port……
Log Time: 2015/03/10 15:19:26
Log Content:
Listening QueryServer 8489 port……
Log Time: 2015/03/10 15:37:34
Log Content:
Stop job listener
Log Time: 2015/03/10 15:37:34
Log Content:
Stop queue job
Log Time: 2015/03/10 15:37:34
Log Content:
Wait for running queue and waiting queue stop
Log Time: 2015/03/10 15:37:34
Log Content:
Stop query status
Log Time: 2015/03/10 15:37:34
Log Content:
Service stop success
Log Time: 2015/03/10 15:37:35
Log Content:
Get Parameter
Log Time: 2015/03/10 15:37:35
Log Content:
Get register Job class
Log Time: 2015/03/10 15:37:35
Log Content:
Establish queues
Log Time: 2015/03/10 15:37:35
Log Content:
Restore jobs
Log Time: 2015/03/10 15:37:35
Log Content:
Start listening createJob
Log Time: 2015/03/10 15:37:35
Log Content:
Start listenting query status
Log Time: 2015/03/10 15:37:35
Log Content:
Start queue job
Log Time: 2015/03/10 15:37:35
Log Content:
Service start success
Log Time: 2015/03/10 15:37:35
Log Content:
Listening QueryServer 8489 port……
Log Time: 2015/03/10 15:37:35
Log Content:
Listening CreateJob Service 8488 port……
Log Time: 2015/03/10 16:48:46
Log Content:
Stop job listener
Log Time: 2015/03/10 16:48:46
Log Content:
Stop queue job
Log Time: 2015/03/10 16:48:46
Log Content:
Wait for running queue and waiting queue stop
Log Time: 2015/03/10 16:48:46
Log Content:
Stop query status
Log Time: 2015/03/10 16:48:47
Log Content:
Service stop success
Log Time: 2015/03/10 16:48:47
Log Content:
QueryStatus SocketException: 中止操作被 WSACancelBlockingCall 呼叫打斷。
   at System.Net.Sockets.Socket.Accept()
   at System.Net.Sockets.TcpListener.AcceptSocket()
   at ECPJobQueue.RunKernal.StartQueryServer() in d:\WorkSpace\DSC Working\技術服務\01_技術\1.技術研發\ECP\Source\WebFormPT\WebFormPT_BrowserCap\ECPJobQueue\RunKernal.cs:line 341
Log Time: 2015/03/10 16:50:50
Log Content:
Get Parameter
Log Time: 2015/03/10 16:50:50
Log Content:
Get register Job class
Log Time: 2015/03/10 16:50:50
Log Content:
Establish queues
Log Time: 2015/03/10 16:50:50
Log Content:
Restore jobs
Log Time: 2015/03/10 16:50:50
Log Content:
Start listening createJob
Log Time: 2015/03/10 16:50:50
Log Content:
Start listenting query status
Log Time: 2015/03/10 16:50:51
Log Content:
Start queue job
Log Time: 2015/03/10 16:50:51
Log Content:
Service start success
Log Time: 2015/03/10 16:50:51
Log Content:
Listening QueryServer 8489 port……
Log Time: 2015/03/10 16:50:51
Log Content:
Listening CreateJob Service 8488 port……
Log Time: 2015/03/10 17:35:05
Log Content:
Stop job listener
Log Time: 2015/03/10 17:35:05
Log Content:
Stop queue job
Log Time: 2015/03/10 17:35:05
Log Content:
Wait for running queue and waiting queue stop
Log Time: 2015/03/10 17:35:05
Log Content:
QueryStatus SocketException: 中止操作被 WSACancelBlockingCall 呼叫打斷。
   at System.Net.Sockets.Socket.Accept()
   at System.Net.Sockets.TcpListener.AcceptSocket()
   at ECPJobQueue.RunKernal.StartQueryServer() in d:\WorkSpace\DSC Working\技術服務\01_技術\1.技術研發\ECP\Source\WebFormPT\WebFormPT_BrowserCap\ECPJobQueue\RunKernal.cs:line 341
Log Time: 2015/03/10 17:35:06
Log Content:
Stop query status
Log Time: 2015/03/10 17:35:06
Log Content:
Service stop success
Log Time: 2015/03/10 17:35:14
Log Content:
Get Parameter
Log Time: 2015/03/10 17:35:14
Log Content:
Get register Job class
Log Time: 2015/03/10 17:35:14
Log Content:
Establish queues
Log Time: 2015/03/10 17:35:14
Log Content:
Restore jobs
Log Time: 2015/03/10 17:35:14
Log Content:
Start listening createJob
Log Time: 2015/03/10 17:35:14
Log Content:
Start listenting query status
Log Time: 2015/03/10 17:35:14
Log Content:
Start queue job
Log Time: 2015/03/10 17:35:14
Log Content:
Service start success
Log Time: 2015/03/10 17:35:14
Log Content:
Listening CreateJob Service 8488 port……
Log Time: 2015/03/10 17:35:14
Log Content:
Listening QueryServer 8489 port……
Log Time: 2015/03/10 17:58:16
Log Content:
Stop job listener
Log Time: 2015/03/10 17:58:16
Log Content:
Stop queue job
Log Time: 2015/03/10 17:58:17
Log Content:
Wait for running queue and waiting queue stop
Log Time: 2015/03/10 17:58:17
Log Content:
Stop query status
Log Time: 2015/03/10 17:58:17
Log Content:
Service stop success
Log Time: 2015/03/10 17:59:24
Log Content:
Get Parameter
Log Time: 2015/03/10 17:59:24
Log Content:
Get register Job class
Log Time: 2015/03/10 17:59:24
Log Content:
Establish queues
Log Time: 2015/03/10 17:59:24
Log Content:
Restore jobs
Log Time: 2015/03/10 17:59:24
Log Content:
Start listening createJob
Log Time: 2015/03/10 17:59:24
Log Content:
Start listenting query status
Log Time: 2015/03/10 17:59:24
Log Content:
Start queue job
Log Time: 2015/03/10 17:59:24
Log Content:
Service start success
Log Time: 2015/03/10 17:59:24
Log Content:
Listening QueryServer 8489 port……
Log Time: 2015/03/10 17:59:24
Log Content:
Listening CreateJob Service 8488 port……
Log Time: 2015/03/10 18:04:46
Log Content:
Stop job listener
Log Time: 2015/03/10 18:04:46
Log Content:
Stop queue job
Log Time: 2015/03/10 18:04:46
Log Content:
Wait for running queue and waiting queue stop
Log Time: 2015/03/10 18:04:46
Log Content:
Stop query status
Log Time: 2015/03/10 18:04:46
Log Content:
Service stop success
Log Time: 2015/03/10 18:04:47
Log Content:
QueryStatus SocketException: 中止操作被 WSACancelBlockingCall 呼叫打斷。
   at System.Net.Sockets.Socket.Accept()
   at System.Net.Sockets.TcpListener.AcceptSocket()
   at ECPJobQueue.RunKernal.StartQueryServer() in d:\WorkSpace\DSC Working\技術服務\01_技術\1.技術研發\ECP\Source\WebFormPT\WebFormPT_BrowserCap\ECPJobQueue\RunKernal.cs:line 341
Log Time: 2015/03/10 18:06:07
Log Content:
Get Parameter
Log Time: 2015/03/10 18:06:07
Log Content:
Get register Job class
Log Time: 2015/03/10 18:06:07
Log Content:
Establish queues
Log Time: 2015/03/10 18:06:07
Log Content:
Restore jobs
Log Time: 2015/03/10 18:06:07
Log Content:
Start listening createJob
Log Time: 2015/03/10 18:06:07
Log Content:
Start listenting query status
Log Time: 2015/03/10 18:06:07
Log Content:
Start queue job
Log Time: 2015/03/10 18:06:07
Log Content:
Listening CreateJob Service 8488 port……
Log Time: 2015/03/10 18:06:07
Log Content:
Service start success
Log Time: 2015/03/10 18:06:07
Log Content:
Listening QueryServer 8489 port……
Log Time: 2015/03/10 18:08:20
Log Content:
Stop job listener
Log Time: 2015/03/10 18:08:20
Log Content:
Stop queue job
Log Time: 2015/03/10 18:08:20
Log Content:
Wait for running queue and waiting queue stop
Log Time: 2015/03/10 18:08:20
Log Content:
QueryStatus SocketException: 中止操作被 WSACancelBlockingCall 呼叫打斷。
   at System.Net.Sockets.Socket.Accept()
   at System.Net.Sockets.TcpListener.AcceptSocket()
   at ECPJobQueue.RunKernal.StartQueryServer() in d:\WorkSpace\DSC Working\技術服務\01_技術\1.技術研發\ECP\Source\WebFormPT\WebFormPT_BrowserCap\ECPJobQueue\RunKernal.cs:line 341
Log Time: 2015/03/10 18:08:20
Log Content:
Stop query status
Log Time: 2015/03/10 18:08:20
Log Content:
Service stop success
Log Time: 2015/03/10 18:22:59
Log Content:
Get Parameter
Log Time: 2015/03/10 18:22:59
Log Content:
Get register Job class
Log Time: 2015/03/10 18:22:59
Log Content:
Establish queues
Log Time: 2015/03/10 18:22:59
Log Content:
Restore jobs
Log Time: 2015/03/10 18:22:59
Log Content:
Start listening createJob
Log Time: 2015/03/10 18:22:59
Log Content:
Start listenting query status
Log Time: 2015/03/10 18:22:59
Log Content:
Start queue job
Log Time: 2015/03/10 18:22:59
Log Content:
Listening CreateJob Service 8488 port……
Log Time: 2015/03/10 18:22:59
Log Content:
Service start success
Log Time: 2015/03/10 18:22:59
Log Content:
Listening QueryServer 8489 port……
Log Time: 2015/03/10 18:33:30
Log Content:
Stop job listener
Log Time: 2015/03/10 18:33:30
Log Content:
Stop queue job
Log Time: 2015/03/10 18:33:30
Log Content:
Wait for running queue and waiting queue stop
Log Time: 2015/03/10 18:33:30
Log Content:
QueryStatus SocketException: 中止操作被 WSACancelBlockingCall 呼叫打斷。
   at System.Net.Sockets.Socket.Accept()
   at System.Net.Sockets.TcpListener.AcceptSocket()
   at ECPJobQueue.RunKernal.StartQueryServer() in d:\WorkSpace\DSC Working\技術服務\01_技術\1.技術研發\ECP\Source\WebFormPT\WebFormPT_BrowserCap\ECPJobQueue\RunKernal.cs:line 341
Log Time: 2015/03/10 18:33:30
Log Content:
Stop query status
Log Time: 2015/03/10 18:33:30
Log Content:
Service stop success
Log Time: 2015/03/10 18:36:27
Log Content:
Get Parameter
Log Time: 2015/03/10 18:36:27
Log Content:
Get register Job class
Log Time: 2015/03/10 18:36:27
Log Content:
Establish queues
Log Time: 2015/03/10 18:36:27
Log Content:
Restore jobs
Log Time: 2015/03/10 18:36:27
Log Content:
Start listening createJob
Log Time: 2015/03/10 18:36:27
Log Content:
Start listenting query status
Log Time: 2015/03/10 18:36:27
Log Content:
Start queue job
Log Time: 2015/03/10 18:36:27
Log Content:
Listening CreateJob Service 8488 port……
Log Time: 2015/03/10 18:36:27
Log Content:
Listening QueryServer 8489 port……
Log Time: 2015/03/10 18:36:27
Log Content:
Service start success
Log Time: 2015/03/10 18:50:32
Log Content:
Get Parameter
Log Time: 2015/03/10 18:50:32
Log Content:
Get register Job class
Log Time: 2015/03/10 18:50:32
Log Content:
Establish queues
Log Time: 2015/03/10 18:50:32
Log Content:
Restore jobs
Log Time: 2015/03/10 18:50:32
Log Content:
Start listening createJob
Log Time: 2015/03/10 18:50:32
Log Content:
Start listenting query status
Log Time: 2015/03/10 18:50:32
Log Content:
Start queue job
Log Time: 2015/03/10 18:50:32
Log Content:
Service start success
Log Time: 2015/03/10 18:50:34
Log Content:
Listening QueryServer 8489 port……
Log Time: 2015/03/10 18:50:34
Log Content:
Listening CreateJob Service 8488 port……
Log Time: 2015/03/10 18:48:20
Log Content:
Stop job listener
Log Time: 2015/03/10 18:48:20
Log Content:
Stop queue job
Log Time: 2015/03/10 18:48:20
Log Content:
Wait for running queue and waiting queue stop
Log Time: 2015/03/10 18:48:20
Log Content:
Stop query status
Log Time: 2015/03/10 18:48:20
Log Content:
Service stop success
Log Time: 2015/03/10 18:48:21
Log Content:
Get Parameter
Log Time: 2015/03/10 18:48:21
Log Content:
Get register Job class
Log Time: 2015/03/10 18:48:21
Log Content:
Establish queues
Log Time: 2015/03/10 18:48:21
Log Content:
Restore jobs
Log Time: 2015/03/10 18:48:21
Log Content:
Start listening createJob
Log Time: 2015/03/10 18:48:21
Log Content:
Start listenting query status
Log Time: 2015/03/10 18:48:21
Log Content:
Start queue job
Log Time: 2015/03/10 18:48:21
Log Content:
Listening CreateJob Service 8488 port……
Log Time: 2015/03/10 18:48:21
Log Content:
Listening QueryServer 8489 port……
Log Time: 2015/03/10 18:48:21
Log Content:
Service start success
