2014/8/19 上午 01:00:00 // now: 2014/8/19
2014/8/19 上午 01:00:00 connect db 
2014/8/19 上午 01:00:00 SQL Statement:select count(*) cnt from SmpAbsenceOverseasV
2014/8/19 上午 01:00:00 SQL Statement:select count(*) cnt from SmpAbsenceOverseas
2014/8/20 上午 01:00:00 // now: 2014/8/20
2014/8/20 上午 01:00:00 connect db 
2014/8/20 上午 01:00:00 SQL Statement:select count(*) cnt from SmpAbsenceOverseasV
2014/8/20 上午 01:00:00 SQL Statement:select count(*) cnt from SmpAbsenceOverseas
2014/8/21 上午 01:00:00 // now: 2014/8/21
2014/8/21 上午 01:00:00 connect db 
2014/8/21 上午 01:00:00 SQL Statement:select count(*) cnt from SmpAbsenceOverseasV
2014/8/21 上午 01:00:01 SQL Statement:select count(*) cnt from SmpAbsenceOverseas
2014/8/22 上午 01:00:03 // now: 2014/8/22
2014/8/22 上午 01:00:04 connect db 
2014/8/22 上午 01:00:04 SQL Statement:select count(*) cnt from SmpAbsenceOverseasV
2014/8/22 上午 01:00:05 SQL Statement:select count(*) cnt from SmpAbsenceOverseas
2014/8/23 上午 01:00:00 // now: 2014/8/23
2014/8/23 上午 01:00:00 connect db 
2014/8/23 上午 01:00:00 SQL Statement:select count(*) cnt from SmpAbsenceOverseasV
2014/8/23 上午 01:00:00 SQL Statement:select count(*) cnt from SmpAbsenceOverseas
2014/8/24 上午 01:00:00 // now: 2014/8/24
2014/8/24 上午 01:00:00 connect db 
2014/8/24 上午 01:00:00 SQL Statement:select count(*) cnt from SmpAbsenceOverseasV
2014/8/24 上午 01:00:00 SQL Statement:select count(*) cnt from SmpAbsenceOverseas
2014/8/25 上午 01:00:00 // now: 2014/8/25
2014/8/25 上午 01:00:00 connect db 
2014/8/25 上午 01:00:00 SQL Statement:select count(*) cnt from SmpAbsenceOverseasV
2014/8/25 上午 01:00:00 SQL Statement:select count(*) cnt from SmpAbsenceOverseas
2014/8/26 上午 01:00:00 // now: 2014/8/26
2014/8/26 上午 01:00:00 connect db 
2014/8/26 上午 01:00:00 SQL Statement:select count(*) cnt from SmpAbsenceOverseasV
2014/8/26 上午 01:00:00 SQL Statement:select count(*) cnt from SmpAbsenceOverseas
2014/8/27 上午 01:00:00 // now: 2014/8/27
2014/8/27 上午 01:00:00 connect db 
2014/8/27 上午 01:00:00 SQL Statement:select count(*) cnt from SmpAbsenceOverseasV
2014/8/27 上午 01:00:00 SQL Statement:select count(*) cnt from SmpAbsenceOverseas
2014/8/28 上午 01:00:00 // now: 2014/8/28
2014/8/28 上午 01:00:00 connect db 
2014/8/28 上午 01:00:00 SQL Statement:select count(*) cnt from SmpAbsenceOverseasV
2014/8/28 上午 01:00:00 SQL Statement:select count(*) cnt from SmpAbsenceOverseas
2014/8/29 上午 01:00:00 // now: 2014/8/29
2014/8/29 上午 01:00:00 connect db 
2014/8/29 上午 01:00:00 SQL Statement:select count(*) cnt from SmpAbsenceOverseasV
2014/8/29 上午 01:00:00 SQL Statement:select count(*) cnt from SmpAbsenceOverseas
2014/8/30 上午 01:00:00 // now: 2014/8/30
2014/8/30 上午 01:00:00 connect db 
2014/8/30 上午 01:00:00 SQL Statement:select count(*) cnt from SmpAbsenceOverseasV
2014/8/30 上午 01:00:00 SQL Statement:select count(*) cnt from SmpAbsenceOverseas
2014/8/31 上午 01:00:00 // now: 2014/8/31
2014/8/31 上午 01:00:00 connect db 
2014/8/31 上午 01:00:00 SQL Statement:select count(*) cnt from SmpAbsenceOverseasV
2014/8/31 上午 01:00:00 SQL Statement:select count(*) cnt from SmpAbsenceOverseas
2014/9/1 上午 01:00:00 // now: 2014/9/1
2014/9/1 上午 01:00:00 connect db 
2014/9/1 上午 01:00:00 SQL Statement:select count(*) cnt from SmpAbsenceOverseasV
2014/9/1 上午 01:00:00 SQL Statement:select count(*) cnt from SmpAbsenceOverseas
2014/9/2 上午 01:00:00 // now: 2014/9/2
2014/9/2 上午 01:00:00 connect db 
2014/9/2 上午 01:00:00 SQL Statement:select count(*) cnt from SmpAbsenceOverseasV
2014/9/2 上午 01:00:00 SQL Statement:select count(*) cnt from SmpAbsenceOverseas
2014/9/3 上午 01:00:00 // now: 2014/9/3
2014/9/3 上午 01:00:00 connect db 
2014/9/3 上午 01:00:00 SQL Statement:select count(*) cnt from SmpAbsenceOverseasV
2014/9/3 上午 01:00:01 SQL Statement:select count(*) cnt from SmpAbsenceOverseas
2014/9/4 上午 01:00:00 // now: 2014/9/4
2014/9/4 上午 01:00:00 connect db 
2014/9/4 上午 01:00:00 SQL Statement:select count(*) cnt from SmpAbsenceOverseasV
2014/9/4 上午 01:00:00 SQL Statement:select count(*) cnt from SmpAbsenceOverseas
2014/9/5 上午 01:00:00 // now: 2014/9/5
2014/9/5 上午 01:00:00 connect db 
2014/9/5 上午 01:00:00 SQL Statement:select count(*) cnt from SmpAbsenceOverseasV
2014/9/5 上午 01:00:00 SQL Statement:select count(*) cnt from SmpAbsenceOverseas
2014/9/6 上午 01:00:00 // now: 2014/9/6
2014/9/6 上午 01:00:00 connect db 
2014/9/6 上午 01:00:00 SQL Statement:select count(*) cnt from SmpAbsenceOverseasV
2014/9/6 上午 01:00:00 SQL Statement:select count(*) cnt from SmpAbsenceOverseas
2014/9/7 上午 01:00:00 // now: 2014/9/7
2014/9/7 上午 01:00:00 connect db 
2014/9/7 上午 01:00:00 SQL Statement:select count(*) cnt from SmpAbsenceOverseasV
2014/9/7 上午 01:00:01 SQL Statement:select count(*) cnt from SmpAbsenceOverseas
2014/9/8 上午 01:00:00 // now: 2014/9/8
2014/9/8 上午 01:00:00 connect db 
2014/9/8 上午 01:00:00 SQL Statement:select count(*) cnt from SmpAbsenceOverseasV
2014/9/8 上午 01:00:00 SQL Statement:select count(*) cnt from SmpAbsenceOverseas
2014/9/9 上午 01:00:00 // now: 2014/9/9
2014/9/9 上午 01:00:00 connect db 
2014/9/9 上午 01:00:00 SQL Statement:select count(*) cnt from SmpAbsenceOverseasV
2014/9/9 上午 01:00:00 SQL Statement:select count(*) cnt from SmpAbsenceOverseas
2014/9/10 上午 01:00:00 // now: 2014/9/10
2014/9/10 上午 01:00:00 connect db 
2014/9/10 上午 01:00:00 SQL Statement:select count(*) cnt from SmpAbsenceOverseasV
2014/9/10 上午 01:00:00 SQL Statement:select count(*) cnt from SmpAbsenceOverseas
2014/9/11 上午 01:00:00 // now: 2014/9/11
2014/9/11 上午 01:00:00 connect db 
2014/9/11 上午 01:00:00 SQL Statement:select count(*) cnt from SmpAbsenceOverseasV
2014/9/11 上午 01:00:00 SQL Statement:select count(*) cnt from SmpAbsenceOverseas
2014/9/12 上午 01:00:00 // now: 2014/9/12
2014/9/12 上午 01:00:00 connect db 
2014/9/12 上午 01:00:00 SQL Statement:select count(*) cnt from SmpAbsenceOverseasV
2014/9/12 上午 01:00:00 SQL Statement:select count(*) cnt from SmpAbsenceOverseas
2014/9/13 上午 01:00:00 // now: 2014/9/13
2014/9/13 上午 01:00:00 connect db 
2014/9/13 上午 01:00:00 SQL Statement:select count(*) cnt from SmpAbsenceOverseasV
2014/9/13 上午 01:00:00 SQL Statement:select count(*) cnt from SmpAbsenceOverseas
2014/9/14 上午 01:00:00 // now: 2014/9/14
2014/9/14 上午 01:00:00 connect db 
2014/9/14 上午 01:00:00 SQL Statement:select count(*) cnt from SmpAbsenceOverseasV
2014/9/14 上午 01:00:00 SQL Statement:select count(*) cnt from SmpAbsenceOverseas
2014/9/15 上午 01:00:00 // now: 2014/9/15
2014/9/15 上午 01:00:00 connect db 
2014/9/15 上午 01:00:00 SQL Statement:select count(*) cnt from SmpAbsenceOverseasV
2014/9/15 上午 01:00:00 SQL Statement:select count(*) cnt from SmpAbsenceOverseas
2014/9/16 上午 01:00:00 // now: 2014/9/16
2014/9/16 上午 01:00:00 connect db 
2014/9/16 上午 01:00:00 SQL Statement:select count(*) cnt from SmpAbsenceOverseasV
2014/9/16 上午 01:00:00 SQL Statement:select count(*) cnt from SmpAbsenceOverseas
2014/9/17 上午 01:00:00 // now: 2014/9/17
2014/9/17 上午 01:00:00 connect db 
2014/9/17 上午 01:00:00 SQL Statement:select count(*) cnt from SmpAbsenceOverseasV
2014/9/17 上午 01:00:00 SQL Statement:select count(*) cnt from SmpAbsenceOverseas
2014/9/18 上午 01:00:00 // now: 2014/9/18
2014/9/18 上午 01:00:00 connect db 
2014/9/18 上午 01:00:00 SQL Statement:select count(*) cnt from SmpAbsenceOverseasV
2014/9/18 上午 01:00:00 SQL Statement:select count(*) cnt from SmpAbsenceOverseas
2014/9/19 上午 01:00:00 // now: 2014/9/19
2014/9/19 上午 01:00:00 connect db 
2014/9/19 上午 01:00:00 SQL Statement:select count(*) cnt from SmpAbsenceOverseasV
2014/9/19 上午 01:00:00 SQL Statement:select count(*) cnt from SmpAbsenceOverseas
2014/9/20 上午 01:00:00 // now: 2014/9/20
2014/9/20 上午 01:00:00 connect db 
2014/9/20 上午 01:00:00 SQL Statement:select count(*) cnt from SmpAbsenceOverseasV
2014/9/20 上午 01:00:00 SQL Statement:select count(*) cnt from SmpAbsenceOverseas
2014/9/21 上午 01:00:00 // now: 2014/9/21
2014/9/21 上午 01:00:00 connect db 
2014/9/21 上午 01:00:00 SQL Statement:select count(*) cnt from SmpAbsenceOverseasV
2014/9/21 上午 01:00:00 SQL Statement:select count(*) cnt from SmpAbsenceOverseas
2014/9/22 上午 01:00:00 // now: 2014/9/22
2014/9/22 上午 01:00:00 connect db 
2014/9/22 上午 01:00:00 SQL Statement:select count(*) cnt from SmpAbsenceOverseasV
2014/9/22 上午 01:00:00 SQL Statement:select count(*) cnt from SmpAbsenceOverseas
2014/9/23 上午 01:00:00 // now: 2014/9/23
2014/9/23 上午 01:00:00 connect db 
2014/9/23 上午 01:00:00 SQL Statement:select count(*) cnt from SmpAbsenceOverseasV
2014/9/23 上午 01:00:00 SQL Statement:select count(*) cnt from SmpAbsenceOverseas
2014/9/24 上午 01:00:00 // now: 2014/9/24
2014/9/24 上午 01:00:00 connect db 
2014/9/24 上午 01:00:00 SQL Statement:select count(*) cnt from SmpAbsenceOverseasV
2014/9/24 上午 01:00:00 SQL Statement:select count(*) cnt from SmpAbsenceOverseas
2014/9/25 上午 01:00:00 // now: 2014/9/25
2014/9/25 上午 01:00:00 connect db 
2014/9/25 上午 01:00:00 SQL Statement:select count(*) cnt from SmpAbsenceOverseasV
2014/9/25 上午 01:00:00 SQL Statement:select count(*) cnt from SmpAbsenceOverseas
2014/9/26 上午 01:00:00 // now: 2014/9/26
2014/9/26 上午 01:00:00 connect db 
2014/9/26 上午 01:00:00 SQL Statement:select count(*) cnt from SmpAbsenceOverseasV
2014/9/26 上午 01:00:00 SQL Statement:select count(*) cnt from SmpAbsenceOverseas
2014/9/27 上午 01:00:00 // now: 2014/9/27
2014/9/27 上午 01:00:00 connect db 
2014/9/27 上午 01:00:00 SQL Statement:select count(*) cnt from SmpAbsenceOverseasV
2014/9/27 上午 01:00:00 SQL Statement:select count(*) cnt from SmpAbsenceOverseas
2014/9/28 上午 01:00:00 // now: 2014/9/28
2014/9/28 上午 01:00:00 connect db 
2014/9/28 上午 01:00:00 SQL Statement:select count(*) cnt from SmpAbsenceOverseasV
2014/9/28 上午 01:00:00 SQL Statement:select count(*) cnt from SmpAbsenceOverseas
2014/9/29 上午 01:00:00 // now: 2014/9/29
2014/9/29 上午 01:00:00 connect db 
2014/9/29 上午 01:00:00 SQL Statement:select count(*) cnt from SmpAbsenceOverseasV
2014/9/29 上午 01:00:00 SQL Statement:select count(*) cnt from SmpAbsenceOverseas
2014/9/30 上午 01:00:00 // now: 2014/9/30
2014/9/30 上午 01:00:00 connect db 
2014/9/30 上午 01:00:00 SQL Statement:select count(*) cnt from SmpAbsenceOverseasV
2014/9/30 上午 01:00:00 SQL Statement:select count(*) cnt from SmpAbsenceOverseas
2014/10/1 上午 01:00:00 // now: 2014/10/1
2014/10/1 上午 01:00:00 connect db 
2014/10/1 上午 01:00:00 SQL Statement:select count(*) cnt from SmpAbsenceOverseasV
2014/10/1 上午 01:00:00 SQL Statement:select count(*) cnt from SmpAbsenceOverseas
2014/10/2 上午 01:00:00 // now: 2014/10/2
2014/10/2 上午 01:00:00 connect db 
2014/10/2 上午 01:00:00 SQL Statement:select count(*) cnt from SmpAbsenceOverseasV
2014/10/2 上午 01:00:01 SQL Statement:select count(*) cnt from SmpAbsenceOverseas
2014/10/3 上午 01:00:00 // now: 2014/10/3
2014/10/3 上午 01:00:00 connect db 
2014/10/3 上午 01:00:00 SQL Statement:select count(*) cnt from SmpAbsenceOverseasV
2014/10/3 上午 01:00:00 SQL Statement:select count(*) cnt from SmpAbsenceOverseas
2014/10/4 上午 01:00:00 // now: 2014/10/4
2014/10/4 上午 01:00:00 connect db 
2014/10/4 上午 01:00:00 SQL Statement:select count(*) cnt from SmpAbsenceOverseasV
2014/10/4 上午 01:00:00 SQL Statement:select count(*) cnt from SmpAbsenceOverseas
2014/10/5 上午 01:00:00 // now: 2014/10/5
2014/10/5 上午 01:00:00 connect db 
2014/10/5 上午 01:00:00 SQL Statement:select count(*) cnt from SmpAbsenceOverseasV
2014/10/5 上午 01:00:00 SQL Statement:select count(*) cnt from SmpAbsenceOverseas
2014/10/6 上午 01:00:00 // now: 2014/10/6
2014/10/6 上午 01:00:00 connect db 
2014/10/6 上午 01:00:00 SQL Statement:select count(*) cnt from SmpAbsenceOverseasV
2014/10/6 上午 01:00:01 SQL Statement:select count(*) cnt from SmpAbsenceOverseas
2014/10/7 上午 01:00:00 // now: 2014/10/7
2014/10/7 上午 01:00:00 connect db 
2014/10/7 上午 01:00:00 SQL Statement:select count(*) cnt from SmpAbsenceOverseasV
2014/10/7 上午 01:00:00 SQL Statement:select count(*) cnt from SmpAbsenceOverseas
2014/10/8 上午 01:00:00 // now: 2014/10/8
2014/10/8 上午 01:00:00 connect db 
2014/10/8 上午 01:00:00 SQL Statement:select count(*) cnt from SmpAbsenceOverseasV
2014/10/8 上午 01:00:00 SQL Statement:select count(*) cnt from SmpAbsenceOverseas
2014/10/9 上午 01:00:00 // now: 2014/10/9
2014/10/9 上午 01:00:00 connect db 
2014/10/9 上午 01:00:00 SQL Statement:select count(*) cnt from SmpAbsenceOverseasV
2014/10/9 上午 01:00:00 SQL Statement:select count(*) cnt from SmpAbsenceOverseas
2014/10/10 上午 01:00:00 // now: 2014/10/10
2014/10/10 上午 01:00:00 connect db 
2014/10/10 上午 01:00:00 SQL Statement:select count(*) cnt from SmpAbsenceOverseasV
2014/10/10 上午 01:00:00 SQL Statement:select count(*) cnt from SmpAbsenceOverseas
2014/10/11 上午 01:00:00 // now: 2014/10/11
2014/10/11 上午 01:00:00 connect db 
2014/10/11 上午 01:00:00 SQL Statement:select count(*) cnt from SmpAbsenceOverseasV
2014/10/11 上午 01:00:00 SQL Statement:select count(*) cnt from SmpAbsenceOverseas
2014/10/12 上午 01:00:00 // now: 2014/10/12
2014/10/12 上午 01:00:00 connect db 
2014/10/12 上午 01:00:00 SQL Statement:select count(*) cnt from SmpAbsenceOverseasV
2014/10/12 上午 01:00:00 SQL Statement:select count(*) cnt from SmpAbsenceOverseas
2014/10/13 上午 01:00:00 // now: 2014/10/13
2014/10/13 上午 01:00:00 connect db 
2014/10/13 上午 01:00:00 SQL Statement:select count(*) cnt from SmpAbsenceOverseasV
2014/10/13 上午 01:00:00 SQL Statement:select count(*) cnt from SmpAbsenceOverseas
2014/10/14 上午 01:00:00 // now: 2014/10/14
2014/10/14 上午 01:00:00 connect db 
2014/10/14 上午 01:00:00 SQL Statement:select count(*) cnt from SmpAbsenceOverseasV
2014/10/14 上午 01:00:00 SQL Statement:select count(*) cnt from SmpAbsenceOverseas
2014/10/15 上午 01:00:00 // now: 2014/10/15
2014/10/15 上午 01:00:00 connect db 
2014/10/15 上午 01:00:00 SQL Statement:select count(*) cnt from SmpAbsenceOverseasV
2014/10/15 上午 01:00:00 SQL Statement:select count(*) cnt from SmpAbsenceOverseas
2014/10/16 上午 01:00:00 // now: 2014/10/16
2014/10/16 上午 01:00:00 connect db 
2014/10/16 上午 01:00:00 SQL Statement:select count(*) cnt from SmpAbsenceOverseasV
2014/10/16 上午 01:00:00 SQL Statement:select count(*) cnt from SmpAbsenceOverseas
2014/10/17 上午 01:00:00 // now: 2014/10/17
2014/10/17 上午 01:00:00 connect db 
2014/10/17 上午 01:00:00 SQL Statement:select count(*) cnt from SmpAbsenceOverseasV
2014/10/17 上午 01:00:00 SQL Statement:select count(*) cnt from SmpAbsenceOverseas
2014/10/18 上午 01:00:00 // now: 2014/10/18
2014/10/18 上午 01:00:00 connect db 
2014/10/18 上午 01:00:00 SQL Statement:select count(*) cnt from SmpAbsenceOverseasV
2014/10/18 上午 01:00:00 SQL Statement:select count(*) cnt from SmpAbsenceOverseas
2014/10/19 上午 01:00:00 // now: 2014/10/19
2014/10/19 上午 01:00:00 connect db 
2014/10/19 上午 01:00:00 SQL Statement:select count(*) cnt from SmpAbsenceOverseasV
2014/10/19 上午 01:00:00 SQL Statement:select count(*) cnt from SmpAbsenceOverseas
2014/10/20 上午 01:00:00 // now: 2014/10/20
2014/10/20 上午 01:00:00 connect db 
2014/10/20 上午 01:00:00 SQL Statement:select count(*) cnt from SmpAbsenceOverseasV
2014/10/20 上午 01:00:00 SQL Statement:select count(*) cnt from SmpAbsenceOverseas
2014/10/21 上午 01:00:00 // now: 2014/10/21
2014/10/21 上午 01:00:00 connect db 
2014/10/21 上午 01:00:00 SQL Statement:select count(*) cnt from SmpAbsenceOverseasV
2014/10/21 上午 01:00:00 SQL Statement:select count(*) cnt from SmpAbsenceOverseas
2014/10/22 上午 01:00:00 // now: 2014/10/22
2014/10/22 上午 01:00:00 connect db 
2014/10/22 上午 01:00:00 SQL Statement:select count(*) cnt from SmpAbsenceOverseasV
2014/10/22 上午 01:00:00 SQL Statement:select count(*) cnt from SmpAbsenceOverseas
2014/10/23 上午 01:00:00 // now: 2014/10/23
2014/10/23 上午 01:00:00 connect db 
2014/10/23 上午 01:00:00 SQL Statement:select count(*) cnt from SmpAbsenceOverseasV
2014/10/23 上午 01:00:00 SQL Statement:select count(*) cnt from SmpAbsenceOverseas
2014/10/24 上午 01:00:00 // now: 2014/10/24
2014/10/24 上午 01:00:00 connect db 
2014/10/24 上午 01:00:00 SQL Statement:select count(*) cnt from SmpAbsenceOverseasV
2014/10/24 上午 01:00:00 SQL Statement:select count(*) cnt from SmpAbsenceOverseas
2014/10/25 上午 01:00:00 // now: 2014/10/25
2014/10/25 上午 01:00:00 connect db 
2014/10/25 上午 01:00:00 SQL Statement:select count(*) cnt from SmpAbsenceOverseasV
2014/10/25 上午 01:00:00 SQL Statement:select count(*) cnt from SmpAbsenceOverseas
2014/10/26 上午 01:00:00 // now: 2014/10/26
2014/10/26 上午 01:00:00 connect db 
2014/10/26 上午 01:00:00 SQL Statement:select count(*) cnt from SmpAbsenceOverseasV
2014/10/26 上午 01:00:00 SQL Statement:select count(*) cnt from SmpAbsenceOverseas
2014/10/27 上午 01:00:00 // now: 2014/10/27
2014/10/27 上午 01:00:00 connect db 
2014/10/27 上午 01:00:00 SQL Statement:select count(*) cnt from SmpAbsenceOverseasV
2014/10/27 上午 01:00:00 SQL Statement:select count(*) cnt from SmpAbsenceOverseas
2014/10/28 上午 01:00:00 // now: 2014/10/28
2014/10/28 上午 01:00:00 connect db 
2014/10/28 上午 01:00:00 SQL Statement:select count(*) cnt from SmpAbsenceOverseasV
2014/10/28 上午 01:00:00 SQL Statement:select count(*) cnt from SmpAbsenceOverseas
2014/10/29 上午 01:00:00 // now: 2014/10/29
2014/10/29 上午 01:00:00 connect db 
2014/10/29 上午 01:00:00 SQL Statement:select count(*) cnt from SmpAbsenceOverseasV
2014/10/29 上午 01:00:02 SQL Statement:select count(*) cnt from SmpAbsenceOverseas
2014/10/30 上午 01:00:00 // now: 2014/10/30
2014/10/30 上午 01:00:00 connect db 
2014/10/30 上午 01:00:00 SQL Statement:select count(*) cnt from SmpAbsenceOverseasV
2014/10/30 上午 01:00:00 SQL Statement:select count(*) cnt from SmpAbsenceOverseas
2014/10/31 上午 01:00:00 // now: 2014/10/31
2014/10/31 上午 01:00:00 connect db 
2014/10/31 上午 01:00:00 SQL Statement:select count(*) cnt from SmpAbsenceOverseasV
2014/10/31 上午 01:00:00 SQL Statement:select count(*) cnt from SmpAbsenceOverseas
2014/11/1 上午 01:00:00 // now: 2014/11/1
2014/11/1 上午 01:00:00 connect db 
2014/11/1 上午 01:00:00 SQL Statement:select count(*) cnt from SmpAbsenceOverseasV
2014/11/1 上午 01:00:00 SQL Statement:select count(*) cnt from SmpAbsenceOverseas
2014/11/2 上午 01:00:00 // now: 2014/11/2
2014/11/2 上午 01:00:00 connect db 
2014/11/2 上午 01:00:00 SQL Statement:select count(*) cnt from SmpAbsenceOverseasV
2014/11/2 上午 01:00:00 SQL Statement:select count(*) cnt from SmpAbsenceOverseas
2014/11/3 上午 01:00:00 // now: 2014/11/3
2014/11/3 上午 01:00:00 connect db 
2014/11/3 上午 01:00:00 SQL Statement:select count(*) cnt from SmpAbsenceOverseasV
2014/11/3 上午 01:00:00 SQL Statement:select count(*) cnt from SmpAbsenceOverseas
2014/11/4 上午 01:00:00 // now: 2014/11/4
2014/11/4 上午 01:00:00 connect db 
2014/11/4 上午 01:00:00 SQL Statement:select count(*) cnt from SmpAbsenceOverseasV
2014/11/4 上午 01:00:00 SQL Statement:select count(*) cnt from SmpAbsenceOverseas
2014/11/5 上午 01:00:00 // now: 2014/11/5
2014/11/5 上午 01:00:00 connect db 
2014/11/5 上午 01:00:00 SQL Statement:select count(*) cnt from SmpAbsenceOverseasV
2014/11/5 上午 01:00:00 SQL Statement:select count(*) cnt from SmpAbsenceOverseas
2014/11/6 上午 01:00:00 // now: 2014/11/6
2014/11/6 上午 01:00:00 connect db 
2014/11/6 上午 01:00:00 SQL Statement:select count(*) cnt from SmpAbsenceOverseasV
2014/11/6 上午 01:00:00 SQL Statement:select count(*) cnt from SmpAbsenceOverseas
2014/11/7 上午 01:00:00 // now: 2014/11/7
2014/11/7 上午 01:00:00 connect db 
2014/11/7 上午 01:00:00 SQL Statement:select count(*) cnt from SmpAbsenceOverseasV
2014/11/7 上午 01:00:00 SQL Statement:select count(*) cnt from SmpAbsenceOverseas
2014/11/8 上午 01:00:00 // now: 2014/11/8
2014/11/8 上午 01:00:00 connect db 
2014/11/8 上午 01:00:00 SQL Statement:select count(*) cnt from SmpAbsenceOverseasV
2014/11/8 上午 01:00:00 SQL Statement:select count(*) cnt from SmpAbsenceOverseas
2014/11/9 上午 01:00:00 // now: 2014/11/9
2014/11/9 上午 01:00:00 connect db 
2014/11/9 上午 01:00:00 SQL Statement:select count(*) cnt from SmpAbsenceOverseasV
2014/11/9 上午 01:00:00 SQL Statement:select count(*) cnt from SmpAbsenceOverseas
2014/11/10 上午 01:00:00 // now: 2014/11/10
2014/11/10 上午 01:00:00 connect db 
2014/11/10 上午 01:00:00 SQL Statement:select count(*) cnt from SmpAbsenceOverseasV
2014/11/10 上午 01:00:00 SQL Statement:select count(*) cnt from SmpAbsenceOverseas
2014/11/11 上午 01:00:00 // now: 2014/11/11
2014/11/11 上午 01:00:00 connect db 
2014/11/11 上午 01:00:00 SQL Statement:select count(*) cnt from SmpAbsenceOverseasV
2014/11/11 上午 01:00:00 SQL Statement:select count(*) cnt from SmpAbsenceOverseas
2014/11/12 上午 01:00:00 // now: 2014/11/12
2014/11/12 上午 01:00:00 connect db 
2014/11/12 上午 01:00:00 SQL Statement:select count(*) cnt from SmpAbsenceOverseasV
2014/11/12 上午 01:00:00 SQL Statement:select count(*) cnt from SmpAbsenceOverseas
2014/11/13 上午 01:00:00 // now: 2014/11/13
2014/11/13 上午 01:00:00 connect db 
2014/11/13 上午 01:00:00 SQL Statement:select count(*) cnt from SmpAbsenceOverseasV
2014/11/13 上午 01:00:03 SQL Statement:select count(*) cnt from SmpAbsenceOverseas
2014/11/14 上午 01:00:00 // now: 2014/11/14
2014/11/14 上午 01:00:00 connect db 
2014/11/14 上午 01:00:00 SQL Statement:select count(*) cnt from SmpAbsenceOverseasV
2014/11/14 上午 01:00:00 SQL Statement:select count(*) cnt from SmpAbsenceOverseas
2014/11/15 上午 01:00:00 // now: 2014/11/15
2014/11/15 上午 01:00:00 connect db 
2014/11/15 上午 01:00:00 SQL Statement:select count(*) cnt from SmpAbsenceOverseasV
2014/11/15 上午 01:00:00 SQL Statement:select count(*) cnt from SmpAbsenceOverseas
2014/11/16 上午 01:00:00 // now: 2014/11/16
2014/11/16 上午 01:00:00 connect db 
2014/11/16 上午 01:00:00 SQL Statement:select count(*) cnt from SmpAbsenceOverseasV
2014/11/16 上午 01:00:00 SQL Statement:select count(*) cnt from SmpAbsenceOverseas
2014/11/17 上午 01:00:00 // now: 2014/11/17
2014/11/17 上午 01:00:00 connect db 
2014/11/17 上午 01:00:00 SQL Statement:select count(*) cnt from SmpAbsenceOverseasV
2014/11/17 上午 01:00:00 SQL Statement:select count(*) cnt from SmpAbsenceOverseas
2014/11/18 上午 01:00:00 // now: 2014/11/18
2014/11/18 上午 01:00:00 connect db 
2014/11/18 上午 01:00:00 SQL Statement:select count(*) cnt from SmpAbsenceOverseasV
2014/11/18 上午 01:00:05 SQL Statement:select count(*) cnt from SmpAbsenceOverseas
2014/11/19 上午 01:00:00 // now: 2014/11/19
2014/11/19 上午 01:00:00 connect db 
2014/11/19 上午 01:00:00 SQL Statement:select count(*) cnt from SmpAbsenceOverseasV
2014/11/19 上午 01:00:00 SQL Statement:select count(*) cnt from SmpAbsenceOverseas
2014/11/20 上午 01:00:00 // now: 2014/11/20
2014/11/20 上午 01:00:00 connect db 
2014/11/20 上午 01:00:00 SQL Statement:select count(*) cnt from SmpAbsenceOverseasV
2014/11/20 上午 01:00:00 SQL Statement:select count(*) cnt from SmpAbsenceOverseas
2014/11/21 上午 01:00:00 // now: 2014/11/21
2014/11/21 上午 01:00:00 connect db 
2014/11/21 上午 01:00:00 SQL Statement:select count(*) cnt from SmpAbsenceOverseasV
2014/11/21 上午 01:00:00 SQL Statement:select count(*) cnt from SmpAbsenceOverseas
2014/11/22 上午 01:00:00 // now: 2014/11/22
2014/11/22 上午 01:00:00 connect db 
2014/11/22 上午 01:00:00 SQL Statement:select count(*) cnt from SmpAbsenceOverseasV
2014/11/22 上午 01:00:00 SQL Statement:select count(*) cnt from SmpAbsenceOverseas
2014/11/23 上午 01:00:00 // now: 2014/11/23
2014/11/23 上午 01:00:00 connect db 
2014/11/23 上午 01:00:00 SQL Statement:select count(*) cnt from SmpAbsenceOverseasV
2014/11/23 上午 01:00:01 SQL Statement:select count(*) cnt from SmpAbsenceOverseas
2014/11/24 上午 01:00:00 // now: 2014/11/24
2014/11/24 上午 01:00:00 connect db 
2014/11/24 上午 01:00:00 SQL Statement:select count(*) cnt from SmpAbsenceOverseasV
2014/11/24 上午 01:00:00 SQL Statement:select count(*) cnt from SmpAbsenceOverseas
2014/11/25 上午 01:00:00 // now: 2014/11/25
2014/11/25 上午 01:00:00 connect db 
2014/11/25 上午 01:00:00 SQL Statement:select count(*) cnt from SmpAbsenceOverseasV
2014/11/25 上午 01:00:00 SQL Statement:select count(*) cnt from SmpAbsenceOverseas
2014/11/26 上午 01:00:00 // now: 2014/11/26
2014/11/26 上午 01:00:00 connect db 
2014/11/26 上午 01:00:00 SQL Statement:select count(*) cnt from SmpAbsenceOverseasV
2014/11/26 上午 01:00:00 SQL Statement:select count(*) cnt from SmpAbsenceOverseas
2014/11/27 上午 01:00:00 // now: 2014/11/27
2014/11/27 上午 01:00:00 connect db 
2014/11/27 上午 01:00:00 SQL Statement:select count(*) cnt from SmpAbsenceOverseasV
2014/11/27 上午 01:00:00 SQL Statement:select count(*) cnt from SmpAbsenceOverseas
2014/11/28 上午 01:00:00 // now: 2014/11/28
2014/11/28 上午 01:00:00 connect db 
2014/11/28 上午 01:00:00 SQL Statement:select count(*) cnt from SmpAbsenceOverseasV
2014/11/28 上午 01:00:00 SQL Statement:select count(*) cnt from SmpAbsenceOverseas
2014/11/29 上午 01:00:00 // now: 2014/11/29
2014/11/29 上午 01:00:00 connect db 
2014/11/29 上午 01:00:00 SQL Statement:select count(*) cnt from SmpAbsenceOverseasV
2014/11/29 上午 01:00:00 SQL Statement:select count(*) cnt from SmpAbsenceOverseas
2014/11/30 上午 01:00:00 // now: 2014/11/30
2014/11/30 上午 01:00:00 connect db 
2014/11/30 上午 01:00:00 SQL Statement:select count(*) cnt from SmpAbsenceOverseasV
2014/11/30 上午 01:00:00 SQL Statement:select count(*) cnt from SmpAbsenceOverseas
2014/12/1 上午 01:00:00 // now: 2014/12/1
2014/12/1 上午 01:00:00 connect db 
2014/12/1 上午 01:00:00 SQL Statement:select count(*) cnt from SmpAbsenceOverseasV
2014/12/1 上午 01:00:00 SQL Statement:select count(*) cnt from SmpAbsenceOverseas
2014/12/2 上午 01:00:00 // now: 2014/12/2
2014/12/2 上午 01:00:00 connect db 
2014/12/2 上午 01:00:00 SQL Statement:select count(*) cnt from SmpAbsenceOverseasV
2014/12/2 上午 01:00:00 SQL Statement:select count(*) cnt from SmpAbsenceOverseas
2014/12/3 上午 01:00:00 // now: 2014/12/3
2014/12/3 上午 01:00:00 connect db 
2014/12/3 上午 01:00:00 SQL Statement:select count(*) cnt from SmpAbsenceOverseasV
2014/12/3 上午 01:00:00 SQL Statement:select count(*) cnt from SmpAbsenceOverseas
2014/12/4 上午 01:00:00 // now: 2014/12/4
2014/12/4 上午 01:00:00 connect db 
2014/12/4 上午 01:00:00 SQL Statement:select count(*) cnt from SmpAbsenceOverseasV
2014/12/4 上午 01:00:00 SQL Statement:select count(*) cnt from SmpAbsenceOverseas
2014/12/5 上午 01:00:00 // now: 2014/12/5
2014/12/5 上午 01:00:00 connect db 
2014/12/5 上午 01:00:00 SQL Statement:select count(*) cnt from SmpAbsenceOverseasV
2014/12/5 上午 01:00:00 SQL Statement:select count(*) cnt from SmpAbsenceOverseas
2014/12/6 上午 01:00:00 // now: 2014/12/6
2014/12/6 上午 01:00:00 connect db 
2014/12/6 上午 01:00:00 SQL Statement:select count(*) cnt from SmpAbsenceOverseasV
2014/12/6 上午 01:00:00 SQL Statement:select count(*) cnt from SmpAbsenceOverseas
2014/12/7 上午 01:00:00 // now: 2014/12/7
2014/12/7 上午 01:00:00 connect db 
2014/12/7 上午 01:00:00 SQL Statement:select count(*) cnt from SmpAbsenceOverseasV
2014/12/7 上午 01:00:00 SQL Statement:select count(*) cnt from SmpAbsenceOverseas
2014/12/8 上午 01:00:00 // now: 2014/12/8
2014/12/8 上午 01:00:00 connect db 
2014/12/8 上午 01:00:00 SQL Statement:select count(*) cnt from SmpAbsenceOverseasV
2014/12/8 上午 01:00:00 SQL Statement:select count(*) cnt from SmpAbsenceOverseas
2014/12/9 上午 01:00:00 // now: 2014/12/9
2014/12/9 上午 01:00:00 connect db 
2014/12/9 上午 01:00:00 SQL Statement:select count(*) cnt from SmpAbsenceOverseasV
2014/12/9 上午 01:00:00 SQL Statement:select count(*) cnt from SmpAbsenceOverseas
2014/12/10 上午 01:00:00 // now: 2014/12/10
2014/12/10 上午 01:00:00 connect db 
2014/12/10 上午 01:00:00 SQL Statement:select count(*) cnt from SmpAbsenceOverseasV
2014/12/10 上午 01:00:00 SQL Statement:select count(*) cnt from SmpAbsenceOverseas
2014/12/11 上午 01:00:00 // now: 2014/12/11
2014/12/11 上午 01:00:00 connect db 
2014/12/11 上午 01:00:00 SQL Statement:select count(*) cnt from SmpAbsenceOverseasV
2014/12/11 上午 01:00:00 SQL Statement:select count(*) cnt from SmpAbsenceOverseas
2014/12/12 上午 01:00:00 // now: 2014/12/12
2014/12/12 上午 01:00:00 connect db 
2014/12/12 上午 01:00:00 SQL Statement:select count(*) cnt from SmpAbsenceOverseasV
2014/12/12 上午 01:00:00 SQL Statement:select count(*) cnt from SmpAbsenceOverseas
2014/12/13 上午 01:00:00 // now: 2014/12/13
2014/12/13 上午 01:00:00 connect db 
2014/12/13 上午 01:00:00 SQL Statement:select count(*) cnt from SmpAbsenceOverseasV
2014/12/13 上午 01:00:00 SQL Statement:select count(*) cnt from SmpAbsenceOverseas
2014/12/14 上午 01:00:00 // now: 2014/12/14
2014/12/14 上午 01:00:00 connect db 
2014/12/14 上午 01:00:00 SQL Statement:select count(*) cnt from SmpAbsenceOverseasV
2014/12/14 上午 01:00:00 SQL Statement:select count(*) cnt from SmpAbsenceOverseas
2014/12/15 上午 01:00:00 // now: 2014/12/15
2014/12/15 上午 01:00:00 connect db 
2014/12/15 上午 01:00:00 SQL Statement:select count(*) cnt from SmpAbsenceOverseasV
2014/12/15 上午 01:00:00 SQL Statement:select count(*) cnt from SmpAbsenceOverseas
2014/12/16 上午 01:00:00 // now: 2014/12/16
2014/12/16 上午 01:00:00 connect db 
2014/12/16 上午 01:00:00 SQL Statement:select count(*) cnt from SmpAbsenceOverseasV
2014/12/16 上午 01:00:00 SQL Statement:select count(*) cnt from SmpAbsenceOverseas
2014/12/17 上午 01:00:00 // now: 2014/12/17
2014/12/17 上午 01:00:00 connect db 
2014/12/17 上午 01:00:00 SQL Statement:select count(*) cnt from SmpAbsenceOverseasV
2014/12/17 上午 01:00:00 SQL Statement:select count(*) cnt from SmpAbsenceOverseas
2014/12/18 上午 01:00:00 // now: 2014/12/18
2014/12/18 上午 01:00:00 connect db 
2014/12/18 上午 01:00:00 SQL Statement:select count(*) cnt from SmpAbsenceOverseasV
2014/12/18 上午 01:00:00 SQL Statement:select count(*) cnt from SmpAbsenceOverseas
2014/12/19 上午 01:00:00 // now: 2014/12/19
2014/12/19 上午 01:00:00 connect db 
2014/12/19 上午 01:00:00 SQL Statement:select count(*) cnt from SmpAbsenceOverseasV
2014/12/19 上午 01:00:00 SQL Statement:select count(*) cnt from SmpAbsenceOverseas
2014/12/20 上午 01:00:00 // now: 2014/12/20
2014/12/20 上午 01:00:00 connect db 
2014/12/20 上午 01:00:00 SQL Statement:select count(*) cnt from SmpAbsenceOverseasV
2014/12/20 上午 01:00:00 SQL Statement:select count(*) cnt from SmpAbsenceOverseas
2014/12/21 上午 01:00:00 // now: 2014/12/21
2014/12/21 上午 01:00:00 connect db 
2014/12/21 上午 01:00:00 SQL Statement:select count(*) cnt from SmpAbsenceOverseasV
2014/12/21 上午 01:00:00 SQL Statement:select count(*) cnt from SmpAbsenceOverseas
2014/12/22 上午 01:00:00 // now: 2014/12/22
2014/12/22 上午 01:00:00 connect db 
2014/12/22 上午 01:00:00 SQL Statement:select count(*) cnt from SmpAbsenceOverseasV
2014/12/22 上午 01:00:00 SQL Statement:select count(*) cnt from SmpAbsenceOverseas
2014/12/23 上午 01:00:00 // now: 2014/12/23
2014/12/23 上午 01:00:00 connect db 
2014/12/23 上午 01:00:00 SQL Statement:select count(*) cnt from SmpAbsenceOverseasV
2014/12/23 上午 01:00:00 SQL Statement:select count(*) cnt from SmpAbsenceOverseas
2014/12/24 上午 01:00:00 // now: 2014/12/24
2014/12/24 上午 01:00:00 connect db 
2014/12/24 上午 01:00:00 SQL Statement:select count(*) cnt from SmpAbsenceOverseasV
2014/12/24 上午 01:00:00 SQL Statement:select count(*) cnt from SmpAbsenceOverseas
2014/12/25 上午 01:00:00 // now: 2014/12/25
2014/12/25 上午 01:00:00 connect db 
2014/12/25 上午 01:00:00 SQL Statement:select count(*) cnt from SmpAbsenceOverseasV
2014/12/25 上午 01:00:00 SQL Statement:select count(*) cnt from SmpAbsenceOverseas
2014/12/26 上午 01:00:00 // now: 2014/12/26
2014/12/26 上午 01:00:00 connect db 
2014/12/26 上午 01:00:00 SQL Statement:select count(*) cnt from SmpAbsenceOverseasV
2014/12/26 上午 01:00:00 SQL Statement:select count(*) cnt from SmpAbsenceOverseas
2014/12/27 上午 01:00:00 // now: 2014/12/27
2014/12/27 上午 01:00:00 connect db 
2014/12/27 上午 01:00:00 SQL Statement:select count(*) cnt from SmpAbsenceOverseasV
2014/12/27 上午 01:00:00 SQL Statement:select count(*) cnt from SmpAbsenceOverseas
2014/12/28 上午 01:00:00 // now: 2014/12/28
2014/12/28 上午 01:00:00 connect db 
2014/12/28 上午 01:00:00 SQL Statement:select count(*) cnt from SmpAbsenceOverseasV
2014/12/28 上午 01:00:00 SQL Statement:select count(*) cnt from SmpAbsenceOverseas
2014/12/29 上午 01:00:00 // now: 2014/12/29
2014/12/29 上午 01:00:00 connect db 
2014/12/29 上午 01:00:00 SQL Statement:select count(*) cnt from SmpAbsenceOverseasV
2014/12/29 上午 01:00:00 SQL Statement:select count(*) cnt from SmpAbsenceOverseas
2014/12/30 上午 01:00:00 // now: 2014/12/30
2014/12/30 上午 01:00:00 connect db 
2014/12/30 上午 01:00:00 SQL Statement:select count(*) cnt from SmpAbsenceOverseasV
2014/12/30 上午 01:00:00 SQL Statement:select count(*) cnt from SmpAbsenceOverseas
2014/12/31 上午 01:00:00 // now: 2014/12/31
2014/12/31 上午 01:00:00 connect db 
2014/12/31 上午 01:00:00 SQL Statement:select count(*) cnt from SmpAbsenceOverseasV
2014/12/31 上午 01:00:00 SQL Statement:select count(*) cnt from SmpAbsenceOverseas
2015/1/1 上午 01:00:00 // now: 2015/1/1
2015/1/1 上午 01:00:00 connect db 
2015/1/1 上午 01:00:00 SQL Statement:select count(*) cnt from SmpAbsenceOverseasV
2015/1/1 上午 01:00:02 SQL Statement:select count(*) cnt from SmpAbsenceOverseas
2015/1/2 上午 01:00:00 // now: 2015/1/2
2015/1/2 上午 01:00:00 connect db 
2015/1/2 上午 01:00:00 SQL Statement:select count(*) cnt from SmpAbsenceOverseasV
2015/1/2 上午 01:00:00 SQL Statement:select count(*) cnt from SmpAbsenceOverseas
2015/1/3 上午 01:00:00 // now: 2015/1/3
2015/1/3 上午 01:00:00 connect db 
2015/1/3 上午 01:00:00 SQL Statement:select count(*) cnt from SmpAbsenceOverseasV
2015/1/3 上午 01:00:00 SQL Statement:select count(*) cnt from SmpAbsenceOverseas
2015/1/4 上午 01:00:00 // now: 2015/1/4
2015/1/4 上午 01:00:00 connect db 
2015/1/4 上午 01:00:00 SQL Statement:select count(*) cnt from SmpAbsenceOverseasV
2015/1/4 上午 01:00:00 SQL Statement:select count(*) cnt from SmpAbsenceOverseas
2015/1/5 上午 01:00:00 // now: 2015/1/5
2015/1/5 上午 01:00:00 connect db 
2015/1/5 上午 01:00:00 SQL Statement:select count(*) cnt from SmpAbsenceOverseasV
2015/1/5 上午 01:00:00 SQL Statement:select count(*) cnt from SmpAbsenceOverseas
2015/1/6 上午 01:00:00 // now: 2015/1/6
2015/1/6 上午 01:00:00 connect db 
2015/1/6 上午 01:00:00 SQL Statement:select count(*) cnt from SmpAbsenceOverseasV
2015/1/6 上午 01:00:00 SQL Statement:select count(*) cnt from SmpAbsenceOverseas
2015/1/7 上午 01:00:00 // now: 2015/1/7
2015/1/7 上午 01:00:00 connect db 
2015/1/7 上午 01:00:00 SQL Statement:select count(*) cnt from SmpAbsenceOverseasV
2015/1/7 上午 01:00:00 SQL Statement:select count(*) cnt from SmpAbsenceOverseas
2015/1/8 上午 01:00:00 // now: 2015/1/8
2015/1/8 上午 01:00:00 connect db 
2015/1/8 上午 01:00:00 SQL Statement:select count(*) cnt from SmpAbsenceOverseasV
2015/1/8 上午 01:00:00 SQL Statement:select count(*) cnt from SmpAbsenceOverseas
2015/1/9 上午 01:00:00 // now: 2015/1/9
2015/1/9 上午 01:00:00 connect db 
2015/1/9 上午 01:00:00 SQL Statement:select count(*) cnt from SmpAbsenceOverseasV
2015/1/9 上午 01:00:00 SQL Statement:select count(*) cnt from SmpAbsenceOverseas
2015/1/10 上午 01:00:00 // now: 2015/1/10
2015/1/10 上午 01:00:00 connect db 
2015/1/10 上午 01:00:00 SQL Statement:select count(*) cnt from SmpAbsenceOverseasV
2015/1/10 上午 01:00:00 SQL Statement:select count(*) cnt from SmpAbsenceOverseas
2015/1/11 上午 01:00:00 // now: 2015/1/11
2015/1/11 上午 01:00:00 connect db 
2015/1/11 上午 01:00:00 SQL Statement:select count(*) cnt from SmpAbsenceOverseasV
2015/1/11 上午 01:00:00 SQL Statement:select count(*) cnt from SmpAbsenceOverseas
2015/1/12 上午 01:00:00 // now: 2015/1/12
2015/1/12 上午 01:00:00 connect db 
2015/1/12 上午 01:00:00 SQL Statement:select count(*) cnt from SmpAbsenceOverseasV
2015/1/12 上午 01:00:00 SQL Statement:select count(*) cnt from SmpAbsenceOverseas
2015/1/13 上午 01:00:00 // now: 2015/1/13
2015/1/13 上午 01:00:00 connect db 
2015/1/13 上午 01:00:00 SQL Statement:select count(*) cnt from SmpAbsenceOverseasV
2015/1/13 上午 01:00:00 SQL Statement:select count(*) cnt from SmpAbsenceOverseas
2015/1/14 上午 01:00:00 // now: 2015/1/14
2015/1/14 上午 01:00:00 connect db 
2015/1/14 上午 01:00:00 SQL Statement:select count(*) cnt from SmpAbsenceOverseasV
2015/1/14 上午 01:00:00 SQL Statement:select count(*) cnt from SmpAbsenceOverseas
2015/1/15 上午 01:00:00 // now: 2015/1/15
2015/1/15 上午 01:00:00 connect db 
2015/1/15 上午 01:00:00 SQL Statement:select count(*) cnt from SmpAbsenceOverseasV
2015/1/15 上午 01:00:00 SQL Statement:select count(*) cnt from SmpAbsenceOverseas
2015/1/16 上午 01:00:00 // now: 2015/1/16
2015/1/16 上午 01:00:00 connect db 
2015/1/16 上午 01:00:00 SQL Statement:select count(*) cnt from SmpAbsenceOverseasV
2015/1/16 上午 01:00:00 SQL Statement:select count(*) cnt from SmpAbsenceOverseas
2015/1/17 上午 01:00:00 // now: 2015/1/17
2015/1/17 上午 01:00:00 connect db 
2015/1/17 上午 01:00:00 SQL Statement:select count(*) cnt from SmpAbsenceOverseasV
2015/1/17 上午 01:00:00 SQL Statement:select count(*) cnt from SmpAbsenceOverseas
2015/1/18 上午 01:00:00 // now: 2015/1/18
2015/1/18 上午 01:00:00 connect db 
2015/1/18 上午 01:00:00 SQL Statement:select count(*) cnt from SmpAbsenceOverseasV
2015/1/18 上午 01:00:00 SQL Statement:select count(*) cnt from SmpAbsenceOverseas
2015/1/19 上午 01:00:00 // now: 2015/1/19
2015/1/19 上午 01:00:00 connect db 
2015/1/19 上午 01:00:00 SQL Statement:select count(*) cnt from SmpAbsenceOverseasV
2015/1/19 上午 01:00:00 SQL Statement:select count(*) cnt from SmpAbsenceOverseas
2015/1/20 上午 01:00:00 // now: 2015/1/20
2015/1/20 上午 01:00:00 connect db 
2015/1/20 上午 01:00:00 SQL Statement:select count(*) cnt from SmpAbsenceOverseasV
2015/1/20 上午 01:00:00 SQL Statement:select count(*) cnt from SmpAbsenceOverseas
2015/1/21 上午 01:00:00 // now: 2015/1/21
2015/1/21 上午 01:00:00 connect db 
2015/1/21 上午 01:00:00 SQL Statement:select count(*) cnt from SmpAbsenceOverseasV
2015/1/21 上午 01:00:00 SQL Statement:select count(*) cnt from SmpAbsenceOverseas
2015/1/22 上午 01:00:00 // now: 2015/1/22
2015/1/22 上午 01:00:00 connect db 
2015/1/22 上午 01:00:00 SQL Statement:select count(*) cnt from SmpAbsenceOverseasV
2015/1/22 上午 01:00:08 SQL Statement:select count(*) cnt from SmpAbsenceOverseas
2015/1/23 上午 01:00:00 // now: 2015/1/23
2015/1/23 上午 01:00:00 connect db 
2015/1/23 上午 01:00:00 SQL Statement:select count(*) cnt from SmpAbsenceOverseasV
2015/1/23 上午 01:00:00 SQL Statement:select count(*) cnt from SmpAbsenceOverseas
2015/1/24 上午 01:00:00 // now: 2015/1/24
2015/1/24 上午 01:00:00 connect db 
2015/1/24 上午 01:00:00 SQL Statement:select count(*) cnt from SmpAbsenceOverseasV
2015/1/24 上午 01:00:00 SQL Statement:select count(*) cnt from SmpAbsenceOverseas
2015/1/25 上午 01:00:00 // now: 2015/1/25
2015/1/25 上午 01:00:00 connect db 
2015/1/25 上午 01:00:00 SQL Statement:select count(*) cnt from SmpAbsenceOverseasV
2015/1/25 上午 01:00:01 SQL Statement:select count(*) cnt from SmpAbsenceOverseas
2015/1/26 上午 01:00:00 // now: 2015/1/26
2015/1/26 上午 01:00:00 connect db 
2015/1/26 上午 01:00:00 SQL Statement:select count(*) cnt from SmpAbsenceOverseasV
2015/1/26 上午 01:00:00 SQL Statement:select count(*) cnt from SmpAbsenceOverseas
2015/1/27 上午 01:00:00 // now: 2015/1/27
2015/1/27 上午 01:00:00 connect db 
2015/1/27 上午 01:00:00 SQL Statement:select count(*) cnt from SmpAbsenceOverseasV
2015/1/27 上午 01:00:00 SQL Statement:select count(*) cnt from SmpAbsenceOverseas
2015/1/28 上午 01:00:00 // now: 2015/1/28
2015/1/28 上午 01:00:00 connect db 
2015/1/28 上午 01:00:00 SQL Statement:select count(*) cnt from SmpAbsenceOverseasV
2015/1/28 上午 01:00:00 SQL Statement:select count(*) cnt from SmpAbsenceOverseas
2015/1/29 上午 01:00:00 // now: 2015/1/29
2015/1/29 上午 01:00:00 connect db 
2015/1/29 上午 01:00:00 SQL Statement:select count(*) cnt from SmpAbsenceOverseasV
2015/1/29 上午 01:00:00 SQL Statement:select count(*) cnt from SmpAbsenceOverseas
2015/1/30 上午 01:00:00 // now: 2015/1/30
2015/1/30 上午 01:00:00 connect db 
2015/1/30 上午 01:00:00 SQL Statement:select count(*) cnt from SmpAbsenceOverseasV
2015/1/30 上午 01:00:00 SQL Statement:select count(*) cnt from SmpAbsenceOverseas
2015/1/31 上午 01:00:01 // now: 2015/1/31
2015/1/31 上午 01:00:01 connect db 
2015/1/31 上午 01:00:01 SQL Statement:select count(*) cnt from SmpAbsenceOverseasV
2015/1/31 上午 01:00:02 SQL Statement:select count(*) cnt from SmpAbsenceOverseas
2015/2/1 上午 01:00:01 // now: 2015/2/1
2015/2/1 上午 01:00:01 connect db 
2015/2/1 上午 01:00:01 SQL Statement:select count(*) cnt from SmpAbsenceOverseasV
2015/2/1 上午 01:00:02 SQL Statement:select count(*) cnt from SmpAbsenceOverseas
2015/2/2 上午 01:00:00 // now: 2015/2/2
2015/2/2 上午 01:00:00 connect db 
2015/2/2 上午 01:00:00 SQL Statement:select count(*) cnt from SmpAbsenceOverseasV
2015/2/2 上午 01:00:00 SQL Statement:select count(*) cnt from SmpAbsenceOverseas
2015/2/3 上午 01:00:00 // now: 2015/2/3
2015/2/3 上午 01:00:00 connect db 
2015/2/3 上午 01:00:00 SQL Statement:select count(*) cnt from SmpAbsenceOverseasV
2015/2/3 上午 01:00:00 SQL Statement:select count(*) cnt from SmpAbsenceOverseas
2015/2/4 上午 01:00:00 // now: 2015/2/4
2015/2/4 上午 01:00:00 connect db 
2015/2/4 上午 01:00:00 SQL Statement:select count(*) cnt from SmpAbsenceOverseasV
2015/2/4 上午 01:00:07 SQL Statement:select count(*) cnt from SmpAbsenceOverseas
2015/2/5 上午 01:00:00 // now: 2015/2/5
2015/2/5 上午 01:00:00 connect db 
2015/2/5 上午 01:00:00 SQL Statement:select count(*) cnt from SmpAbsenceOverseasV
2015/2/5 上午 01:00:00 SQL Statement:select count(*) cnt from SmpAbsenceOverseas
2015/2/6 上午 01:00:00 // now: 2015/2/6
2015/2/6 上午 01:00:00 connect db 
2015/2/6 上午 01:00:00 SQL Statement:select count(*) cnt from SmpAbsenceOverseasV
2015/2/6 上午 01:00:00 SQL Statement:select count(*) cnt from SmpAbsenceOverseas
2015/2/7 上午 01:00:00 // now: 2015/2/7
2015/2/7 上午 01:00:00 connect db 
2015/2/7 上午 01:00:00 SQL Statement:select count(*) cnt from SmpAbsenceOverseasV
2015/2/7 上午 01:00:00 SQL Statement:select count(*) cnt from SmpAbsenceOverseas
2015/2/8 上午 01:00:00 // now: 2015/2/8
2015/2/8 上午 01:00:00 connect db 
2015/2/8 上午 01:00:00 SQL Statement:select count(*) cnt from SmpAbsenceOverseasV
2015/2/8 上午 01:00:00 SQL Statement:select count(*) cnt from SmpAbsenceOverseas
2015/2/9 上午 01:00:06 // now: 2015/2/9
2015/2/9 上午 01:00:06 connect db 
2015/2/9 上午 01:00:06 SQL Statement:select count(*) cnt from SmpAbsenceOverseasV
2015/2/9 上午 01:00:07 SQL Statement:select count(*) cnt from SmpAbsenceOverseas
2015/2/10 上午 01:00:02 // now: 2015/2/10
2015/2/10 上午 01:00:03 connect db 
2015/2/10 上午 01:00:03 SQL Statement:select count(*) cnt from SmpAbsenceOverseasV
2015/2/10 上午 01:00:04 SQL Statement:select count(*) cnt from SmpAbsenceOverseas
2015/2/11 上午 01:00:00 // now: 2015/2/11
2015/2/11 上午 01:00:00 connect db 
2015/2/11 上午 01:00:00 SQL Statement:select count(*) cnt from SmpAbsenceOverseasV
2015/2/11 上午 01:00:00 SQL Statement:select count(*) cnt from SmpAbsenceOverseas
