smtpserver : sysalert.simplo.com.tw 
2014/1/10 下午 04:47:32 // str_date1: 2014/01/25
2014/1/10 下午 04:47:32 // str_lastmonth: 2013/11/10
2014/1/10 下午 04:47:32 oArgs=WScript.Arguments 
2014/1/10 下午 04:47:32 connect db 
2014/1/10 下午 04:47:32 SQL Statement:  select SMWYAAA004, SMWYAAA002, deptInfo, tripUser, StartTrvlDate, EndTrvlDate, site, TrvlDesc from SmpForeignTrvlAlert t where EndTrvlDate >=getdate()  and StartTrvlDate <=getDate()  order by SMWYAAA004, SMWYAAA002 
smtpserver : sysalert.simplo.com.tw 
2014/1/10 下午 04:48:10 // str_date1: 2014/01/25
2014/1/10 下午 04:48:10 // str_lastmonth: 2013/11/10
2014/1/10 下午 04:48:10 oArgs=WScript.Arguments 
2014/1/10 下午 04:48:10 connect db 
2014/1/10 下午 04:48:10 SQL Statement:  select SMWYAAA004, SMWYAAA002, deptInfo, tripUser, StartTrvlDate, EndTrvlDate, site, TrvlDesc from SmpForeignTrvlAlert t where EndTrvlDate >=getdate()  and StartTrvlDate <=getDate()  order by SMWYAAA004, SMWYAAA002 
smtpserver : sysalert.simplo.com.tw 
2014/1/13 上午 08:48:32 // str_date1: 2014/01/28
2014/1/13 上午 08:48:32 // str_lastmonth: 2013/11/13
2014/1/13 上午 08:48:32 oArgs=WScript.Arguments 
2014/1/13 上午 08:48:32 connect db 
2014/1/13 上午 08:48:32 SQL Statement:  select SMWYAAA004, SMWYAAA002, deptInfo, tripUser, StartTrvlDate, EndTrvlDate, site, TrvlDesc from SmpForeignTrvlAlert t where EndTrvlDate >=getdate()  and StartTrvlDate <=getDate()  order by SMWYAAA004, SMWYAAA002 
smtpserver : sysalert.simplo.com.tw 
2014/1/13 上午 09:47:05 // str_date1: 2014/01/28
2014/1/13 上午 09:47:05 // str_lastmonth: 2013/11/13
2014/1/13 上午 09:47:05 oArgs=WScript.Arguments 
2014/1/13 上午 09:47:05 connect db 
2014/1/13 上午 09:47:05 SQL Statement:  select SMWYAAA004, SMWYAAA002, deptInfo, tripUser, StartTrvlDate, EndTrvlDate, site, TrvlDesc from SmpForeignTrvlAlert t where EndTrvlDate >=getdate()  and StartTrvlDate <=getDate()  order by SMWYAAA004, SMWYAAA002 
smtpserver : sysalert.simplo.com.tw 
2014/1/14 上午 06:40:00 // str_date1: 2014/01/29
2014/1/14 上午 06:40:00 // str_lastmonth: 2013/11/14
2014/1/14 上午 06:40:00 oArgs=WScript.Arguments 
2014/1/14 上午 06:40:00 connect db 
2014/1/14 上午 06:40:00 SQL Statement:  select SMWYAAA004, SMWYAAA002, deptInfo, tripUser, StartTrvlDate, EndTrvlDate, site, TrvlDesc from SmpForeignTrvlAlert t where EndTrvlDate >=getdate()  and StartTrvlDate <=getDate()  order by SMWYAAA004, SMWYAAA002 
smtpserver : sysalert.simplo.com.tw 
2014/1/15 上午 06:40:00 // str_date1: 2014/01/30
2014/1/15 上午 06:40:00 // str_lastmonth: 2013/11/15
2014/1/15 上午 06:40:00 oArgs=WScript.Arguments 
2014/1/15 上午 06:40:00 connect db 
2014/1/15 上午 06:40:00 SQL Statement:  select SMWYAAA004, SMWYAAA002, deptInfo, tripUser, StartTrvlDate, EndTrvlDate, site, TrvlDesc from SmpForeignTrvlAlert t where EndTrvlDate >=getdate()  and StartTrvlDate <=getDate()  order by SMWYAAA004, SMWYAAA002 
smtpserver : sysalert.simplo.com.tw 
2014/1/16 上午 06:40:00 // str_date1: 2014/01/31
2014/1/16 上午 06:40:00 // str_lastmonth: 2013/11/16
2014/1/16 上午 06:40:00 oArgs=WScript.Arguments 
2014/1/16 上午 06:40:00 connect db 
2014/1/16 上午 06:40:00 SQL Statement:  select SMWYAAA004, SMWYAAA002, deptInfo, tripUser, StartTrvlDate, EndTrvlDate, site, TrvlDesc from SmpForeignTrvlAlert t where EndTrvlDate >=getdate()  and StartTrvlDate <=getDate()  order by SMWYAAA004, SMWYAAA002 
smtpserver : sysalert.simplo.com.tw 
2014/1/17 上午 06:40:00 // str_date1: 2014/01/01
2014/1/17 上午 06:40:00 // str_lastmonth: 2013/11/17
2014/1/17 上午 06:40:00 oArgs=WScript.Arguments 
2014/1/17 上午 06:40:00 connect db 
2014/1/17 上午 06:40:00 SQL Statement:  select SMWYAAA004, SMWYAAA002, deptInfo, tripUser, StartTrvlDate, EndTrvlDate, site, TrvlDesc from SmpForeignTrvlAlert t where EndTrvlDate >=getdate()  and StartTrvlDate <=getDate()  order by SMWYAAA004, SMWYAAA002 
smtpserver : sysalert.simplo.com.tw 
2014/1/20 上午 06:40:00 // str_date1: 2014/01/04
2014/1/20 上午 06:40:00 // str_lastmonth: 2013/11/20
2014/1/20 上午 06:40:00 oArgs=WScript.Arguments 
2014/1/20 上午 06:40:00 connect db 
2014/1/20 上午 06:40:00 SQL Statement:  select SMWYAAA004, SMWYAAA002, deptInfo, tripUser, StartTrvlDate, EndTrvlDate, site, TrvlDesc from SmpForeignTrvlAlert t where EndTrvlDate >=getdate()  and StartTrvlDate <=getDate()  order by SMWYAAA004, SMWYAAA002 
smtpserver : sysalert.simplo.com.tw 
2014/1/21 上午 06:40:00 // str_date1: 2014/01/05
2014/1/21 上午 06:40:00 // str_lastmonth: 2013/11/21
2014/1/21 上午 06:40:00 oArgs=WScript.Arguments 
2014/1/21 上午 06:40:00 connect db 
2014/1/21 上午 06:40:00 SQL Statement:  select SMWYAAA004, SMWYAAA002, deptInfo, tripUser, StartTrvlDate, EndTrvlDate, site, TrvlDesc from SmpForeignTrvlAlert t where EndTrvlDate >=getdate()  and StartTrvlDate <=getDate()  order by SMWYAAA004, SMWYAAA002 
smtpserver : sysalert.simplo.com.tw 
2014/1/22 上午 06:40:00 // str_date1: 2014/01/06
2014/1/22 上午 06:40:00 // str_lastmonth: 2013/11/22
2014/1/22 上午 06:40:00 oArgs=WScript.Arguments 
2014/1/22 上午 06:40:00 connect db 
2014/1/22 上午 06:40:00 SQL Statement:  select SMWYAAA004, SMWYAAA002, deptInfo, tripUser, StartTrvlDate, EndTrvlDate, site, TrvlDesc from SmpForeignTrvlAlert t where EndTrvlDate >=getdate()  and StartTrvlDate <=getDate()  order by SMWYAAA004, SMWYAAA002 
smtpserver : sysalert.simplo.com.tw 
2014/1/23 上午 06:40:00 // str_date1: 2014/01/07
2014/1/23 上午 06:40:00 // str_lastmonth: 2013/11/23
2014/1/23 上午 06:40:00 oArgs=WScript.Arguments 
2014/1/23 上午 06:40:00 connect db 
2014/1/23 上午 06:40:00 SQL Statement:  select SMWYAAA004, SMWYAAA002, deptInfo, tripUser, StartTrvlDate, EndTrvlDate, site, TrvlDesc from SmpForeignTrvlAlert t where EndTrvlDate >=getdate()  and StartTrvlDate <=getDate()  order by SMWYAAA004, SMWYAAA002 
smtpserver : sysalert.simplo.com.tw 
2014/1/24 上午 06:40:00 // str_date1: 2014/01/08
2014/1/24 上午 06:40:00 // str_lastmonth: 2013/11/24
2014/1/24 上午 06:40:00 oArgs=WScript.Arguments 
2014/1/24 上午 06:40:00 connect db 
2014/1/24 上午 06:40:00 SQL Statement:  select SMWYAAA004, SMWYAAA002, deptInfo, tripUser, StartTrvlDate, EndTrvlDate, site, TrvlDesc from SmpForeignTrvlAlert t where EndTrvlDate >=getdate()  and StartTrvlDate <=getDate()  order by SMWYAAA004, SMWYAAA002 
smtpserver : sysalert.simplo.com.tw 
2014/1/27 上午 06:40:00 // str_date1: 2014/01/11
2014/1/27 上午 06:40:00 // str_lastmonth: 2013/11/27
2014/1/27 上午 06:40:00 oArgs=WScript.Arguments 
2014/1/27 上午 06:40:00 connect db 
2014/1/27 上午 06:40:00 SQL Statement:  select SMWYAAA004, SMWYAAA002, deptInfo, tripUser, StartTrvlDate, EndTrvlDate, site, TrvlDesc from SmpForeignTrvlAlert t where EndTrvlDate >=getdate()  and StartTrvlDate <=getDate()  order by SMWYAAA004, SMWYAAA002 
smtpserver : sysalert.simplo.com.tw 
2014/1/28 上午 06:40:00 // str_date1: 2014/01/12
2014/1/28 上午 06:40:00 // str_lastmonth: 2013/11/28
2014/1/28 上午 06:40:00 oArgs=WScript.Arguments 
2014/1/28 上午 06:40:00 connect db 
2014/1/28 上午 06:40:00 SQL Statement:  select SMWYAAA004, SMWYAAA002, deptInfo, tripUser, StartTrvlDate, EndTrvlDate, site, TrvlDesc from SmpForeignTrvlAlert t where EndTrvlDate >=getdate()  and StartTrvlDate <=getDate()  order by SMWYAAA004, SMWYAAA002 
smtpserver : sysalert.simplo.com.tw 
2014/1/29 上午 06:40:00 // str_date1: 2014/01/13
2014/1/29 上午 06:40:00 // str_lastmonth: 2013/11/29
2014/1/29 上午 06:40:00 oArgs=WScript.Arguments 
2014/1/29 上午 06:40:00 connect db 
2014/1/29 上午 06:40:00 SQL Statement:  select SMWYAAA004, SMWYAAA002, deptInfo, tripUser, StartTrvlDate, EndTrvlDate, site, TrvlDesc from SmpForeignTrvlAlert t where EndTrvlDate >=getdate()  and StartTrvlDate <=getDate()  order by SMWYAAA004, SMWYAAA002 
smtpserver : sysalert.simplo.com.tw 
2014/1/30 上午 06:40:00 // str_date1: 2014/01/14
2014/1/30 上午 06:40:00 // str_lastmonth: 2013/11/30
2014/1/30 上午 06:40:00 oArgs=WScript.Arguments 
2014/1/30 上午 06:40:00 connect db 
2014/1/30 上午 06:40:00 SQL Statement:  select SMWYAAA004, SMWYAAA002, deptInfo, tripUser, StartTrvlDate, EndTrvlDate, site, TrvlDesc from SmpForeignTrvlAlert t where EndTrvlDate >=getdate()  and StartTrvlDate <=getDate()  order by SMWYAAA004, SMWYAAA002 
smtpserver : sysalert.simplo.com.tw 
2014/1/31 上午 06:40:00 // str_date1: 2014/01/15
2014/1/31 上午 06:40:00 // str_lastmonth: 2013/11/30
2014/1/31 上午 06:40:00 oArgs=WScript.Arguments 
2014/1/31 上午 06:40:00 connect db 
2014/1/31 上午 06:40:00 SQL Statement:  select SMWYAAA004, SMWYAAA002, deptInfo, tripUser, StartTrvlDate, EndTrvlDate, site, TrvlDesc from SmpForeignTrvlAlert t where EndTrvlDate >=getdate()  and StartTrvlDate <=getDate()  order by SMWYAAA004, SMWYAAA002 
smtpserver : sysalert.simplo.com.tw 
2014/2/3 上午 06:40:00 // str_date1: 2014/02/18
2014/2/3 上午 06:40:00 // str_lastmonth: 2013/12/03
2014/2/3 上午 06:40:00 oArgs=WScript.Arguments 
2014/2/3 上午 06:40:00 connect db 
2014/2/3 上午 06:40:00 SQL Statement:  select SMWYAAA004, SMWYAAA002, deptInfo, tripUser, StartTrvlDate, EndTrvlDate, site, TrvlDesc from SmpForeignTrvlAlert t where EndTrvlDate >=getdate()  and StartTrvlDate <=getDate()  order by SMWYAAA004, SMWYAAA002 
smtpserver : sysalert.simplo.com.tw 
2014/2/4 上午 06:40:00 // str_date1: 2014/02/19
2014/2/4 上午 06:40:00 // str_lastmonth: 2013/12/04
2014/2/4 上午 06:40:00 oArgs=WScript.Arguments 
2014/2/4 上午 06:40:00 connect db 
2014/2/4 上午 06:40:00 SQL Statement:  select SMWYAAA004, SMWYAAA002, deptInfo, tripUser, StartTrvlDate, EndTrvlDate, site, TrvlDesc from SmpForeignTrvlAlert t where EndTrvlDate >=getdate()  and StartTrvlDate <=getDate()  order by SMWYAAA004, SMWYAAA002 
smtpserver : sysalert.simplo.com.tw 
2014/2/5 上午 06:40:00 // str_date1: 2014/02/20
2014/2/5 上午 06:40:00 // str_lastmonth: 2013/12/05
2014/2/5 上午 06:40:00 oArgs=WScript.Arguments 
2014/2/5 上午 06:40:00 connect db 
2014/2/5 上午 06:40:00 SQL Statement:  select SMWYAAA004, SMWYAAA002, deptInfo, tripUser, StartTrvlDate, EndTrvlDate, site, TrvlDesc from SmpForeignTrvlAlert t where EndTrvlDate >=getdate()  and StartTrvlDate <=getDate()  order by SMWYAAA004, SMWYAAA002 
smtpserver : sysalert.simplo.com.tw 
2014/2/6 上午 06:40:00 // str_date1: 2014/02/21
2014/2/6 上午 06:40:00 // str_lastmonth: 2013/12/06
2014/2/6 上午 06:40:00 oArgs=WScript.Arguments 
2014/2/6 上午 06:40:00 connect db 
2014/2/6 上午 06:40:00 SQL Statement:  select SMWYAAA004, SMWYAAA002, deptInfo, tripUser, StartTrvlDate, EndTrvlDate, site, TrvlDesc from SmpForeignTrvlAlert t where EndTrvlDate >=getdate()  and StartTrvlDate <=getDate()  order by SMWYAAA004, SMWYAAA002 
smtpserver : sysalert.simplo.com.tw 
2014/2/7 上午 06:40:00 // str_date1: 2014/02/22
2014/2/7 上午 06:40:00 // str_lastmonth: 2013/12/07
2014/2/7 上午 06:40:00 oArgs=WScript.Arguments 
2014/2/7 上午 06:40:00 connect db 
2014/2/7 上午 06:40:00 SQL Statement:  select SMWYAAA004, SMWYAAA002, deptInfo, tripUser, StartTrvlDate, EndTrvlDate, site, TrvlDesc from SmpForeignTrvlAlert t where EndTrvlDate >=getdate()  and StartTrvlDate <=getDate()  order by SMWYAAA004, SMWYAAA002 
smtpserver : sysalert.simplo.com.tw 
2014/2/10 上午 06:40:00 // str_date1: 2014/02/25
2014/2/10 上午 06:40:00 // str_lastmonth: 2013/12/10
2014/2/10 上午 06:40:00 oArgs=WScript.Arguments 
2014/2/10 上午 06:40:00 connect db 
2014/2/10 上午 06:40:00 SQL Statement:  select SMWYAAA004, SMWYAAA002, deptInfo, tripUser, StartTrvlDate, EndTrvlDate, site, TrvlDesc from SmpForeignTrvlAlert t where EndTrvlDate >=getdate()  and StartTrvlDate <=getDate()  order by SMWYAAA004, SMWYAAA002 
smtpserver : sysalert.simplo.com.tw 
2014/2/11 上午 06:40:00 // str_date1: 2014/02/26
2014/2/11 上午 06:40:00 // str_lastmonth: 2013/12/11
2014/2/11 上午 06:40:00 oArgs=WScript.Arguments 
2014/2/11 上午 06:40:00 connect db 
2014/2/11 上午 06:40:00 SQL Statement:  select SMWYAAA004, SMWYAAA002, deptInfo, tripUser, StartTrvlDate, EndTrvlDate, site, TrvlDesc from SmpForeignTrvlAlert t where EndTrvlDate >=getdate()  and StartTrvlDate <=getDate()  order by SMWYAAA004, SMWYAAA002 
smtpserver : sysalert.simplo.com.tw 
2014/2/12 上午 06:40:00 // str_date1: 2014/02/27
2014/2/12 上午 06:40:00 // str_lastmonth: 2013/12/12
2014/2/12 上午 06:40:00 oArgs=WScript.Arguments 
2014/2/12 上午 06:40:00 connect db 
2014/2/12 上午 06:40:00 SQL Statement:  select SMWYAAA004, SMWYAAA002, deptInfo, tripUser, StartTrvlDate, EndTrvlDate, site, TrvlDesc from SmpForeignTrvlAlert t where EndTrvlDate >=getdate()  and StartTrvlDate <=getDate()  order by SMWYAAA004, SMWYAAA002 
smtpserver : sysalert.simplo.com.tw 
2014/2/13 上午 06:40:00 // str_date1: 2014/02/28
2014/2/13 上午 06:40:00 // str_lastmonth: 2013/12/13
2014/2/13 上午 06:40:00 oArgs=WScript.Arguments 
2014/2/13 上午 06:40:00 connect db 
2014/2/13 上午 06:40:00 SQL Statement:  select SMWYAAA004, SMWYAAA002, deptInfo, tripUser, StartTrvlDate, EndTrvlDate, site, TrvlDesc from SmpForeignTrvlAlert t where EndTrvlDate >=getdate()  and StartTrvlDate <=getDate()  order by SMWYAAA004, SMWYAAA002 
smtpserver : sysalert.simplo.com.tw 
2014/2/14 上午 06:40:00 // str_date1: 2014/02/01
2014/2/14 上午 06:40:00 // str_lastmonth: 2013/12/14
2014/2/14 上午 06:40:00 oArgs=WScript.Arguments 
2014/2/14 上午 06:40:00 connect db 
2014/2/14 上午 06:40:00 SQL Statement:  select SMWYAAA004, SMWYAAA002, deptInfo, tripUser, StartTrvlDate, EndTrvlDate, site, TrvlDesc from SmpForeignTrvlAlert t where EndTrvlDate >=getdate()  and StartTrvlDate <=getDate()  order by SMWYAAA004, SMWYAAA002 
smtpserver : sysalert.simplo.com.tw 
2014/2/17 上午 06:40:00 // str_date1: 2014/02/04
2014/2/17 上午 06:40:00 // str_lastmonth: 2013/12/17
2014/2/17 上午 06:40:00 oArgs=WScript.Arguments 
2014/2/17 上午 06:40:00 connect db 
2014/2/17 上午 06:40:00 SQL Statement:  select SMWYAAA004, SMWYAAA002, deptInfo, tripUser, StartTrvlDate, EndTrvlDate, site, TrvlDesc from SmpForeignTrvlAlert t where EndTrvlDate >=getdate()  and StartTrvlDate <=getDate()  order by SMWYAAA004, SMWYAAA002 
smtpserver : sysalert.simplo.com.tw 
2014/2/18 上午 06:40:00 // str_date1: 2014/02/05
2014/2/18 上午 06:40:00 // str_lastmonth: 2013/12/18
2014/2/18 上午 06:40:00 oArgs=WScript.Arguments 
2014/2/18 上午 06:40:00 connect db 
2014/2/18 上午 06:40:00 SQL Statement:  select SMWYAAA004, SMWYAAA002, deptInfo, tripUser, StartTrvlDate, EndTrvlDate, site, TrvlDesc from SmpForeignTrvlAlert t where EndTrvlDate >=getdate()  and StartTrvlDate <=getDate()  order by SMWYAAA004, SMWYAAA002 
smtpserver : sysalert.simplo.com.tw 
2014/2/19 上午 06:40:00 // str_date1: 2014/02/06
2014/2/19 上午 06:40:00 // str_lastmonth: 2013/12/19
2014/2/19 上午 06:40:00 oArgs=WScript.Arguments 
2014/2/19 上午 06:40:00 connect db 
2014/2/19 上午 06:40:00 SQL Statement:  select SMWYAAA004, SMWYAAA002, deptInfo, tripUser, StartTrvlDate, EndTrvlDate, site, TrvlDesc from SmpForeignTrvlAlert t where EndTrvlDate >=getdate()  and StartTrvlDate <=getDate()  order by SMWYAAA004, SMWYAAA002 
smtpserver : sysalert.simplo.com.tw 
2014/2/20 上午 06:40:00 // str_date1: 2014/02/07
2014/2/20 上午 06:40:00 // str_lastmonth: 2013/12/20
2014/2/20 上午 06:40:00 oArgs=WScript.Arguments 
2014/2/20 上午 06:40:00 connect db 
2014/2/20 上午 06:40:00 SQL Statement:  select SMWYAAA004, SMWYAAA002, deptInfo, tripUser, StartTrvlDate, EndTrvlDate, site, TrvlDesc from SmpForeignTrvlAlert t where EndTrvlDate >=getdate()  and StartTrvlDate <=getDate()  order by SMWYAAA004, SMWYAAA002 
smtpserver : sysalert.simplo.com.tw 
2014/2/21 上午 06:40:00 // str_date1: 2014/02/08
2014/2/21 上午 06:40:00 // str_lastmonth: 2013/12/21
2014/2/21 上午 06:40:00 oArgs=WScript.Arguments 
2014/2/21 上午 06:40:00 connect db 
2014/2/21 上午 06:40:00 SQL Statement:  select SMWYAAA004, SMWYAAA002, deptInfo, tripUser, StartTrvlDate, EndTrvlDate, site, TrvlDesc from SmpForeignTrvlAlert t where EndTrvlDate >=getdate()  and StartTrvlDate <=getDate()  order by SMWYAAA004, SMWYAAA002 
smtpserver : sysalert.simplo.com.tw 
2014/2/24 上午 06:40:00 // str_date1: 2014/02/11
2014/2/24 上午 06:40:00 // str_lastmonth: 2013/12/24
2014/2/24 上午 06:40:00 oArgs=WScript.Arguments 
2014/2/24 上午 06:40:00 connect db 
2014/2/24 上午 06:40:00 SQL Statement:  select SMWYAAA004, SMWYAAA002, deptInfo, tripUser, StartTrvlDate, EndTrvlDate, site, TrvlDesc from SmpForeignTrvlAlert t where EndTrvlDate >=getdate()  and StartTrvlDate <=getDate()  order by SMWYAAA004, SMWYAAA002 
smtpserver : sysalert.simplo.com.tw 
2014/2/25 上午 06:40:00 // str_date1: 2014/02/12
2014/2/25 上午 06:40:00 // str_lastmonth: 2013/12/25
2014/2/25 上午 06:40:00 oArgs=WScript.Arguments 
2014/2/25 上午 06:40:00 connect db 
2014/2/25 上午 06:40:00 SQL Statement:  select SMWYAAA004, SMWYAAA002, deptInfo, tripUser, StartTrvlDate, EndTrvlDate, site, TrvlDesc from SmpForeignTrvlAlert t where EndTrvlDate >=getdate()  and StartTrvlDate <=getDate()  order by SMWYAAA004, SMWYAAA002 
smtpserver : sysalert.simplo.com.tw 
2014/2/26 上午 06:40:00 // str_date1: 2014/02/13
2014/2/26 上午 06:40:00 // str_lastmonth: 2013/12/26
2014/2/26 上午 06:40:00 oArgs=WScript.Arguments 
2014/2/26 上午 06:40:00 connect db 
2014/2/26 上午 06:40:00 SQL Statement:  select SMWYAAA004, SMWYAAA002, deptInfo, tripUser, StartTrvlDate, EndTrvlDate, site, TrvlDesc from SmpForeignTrvlAlert t where EndTrvlDate >=getdate()  and StartTrvlDate <=getDate()  order by SMWYAAA004, SMWYAAA002 
smtpserver : sysalert.simplo.com.tw 
2014/2/27 上午 06:40:00 // str_date1: 2014/02/14
2014/2/27 上午 06:40:00 // str_lastmonth: 2013/12/27
2014/2/27 上午 06:40:00 oArgs=WScript.Arguments 
2014/2/27 上午 06:40:00 connect db 
2014/2/27 上午 06:40:00 SQL Statement:  select SMWYAAA004, SMWYAAA002, deptInfo, tripUser, StartTrvlDate, EndTrvlDate, site, TrvlDesc from SmpForeignTrvlAlert t where EndTrvlDate >=getdate()  and StartTrvlDate <=getDate()  order by SMWYAAA004, SMWYAAA002 
smtpserver : sysalert.simplo.com.tw 
2014/2/28 上午 06:40:00 // str_date1: 2014/02/15
2014/2/28 上午 06:40:00 // str_lastmonth: 2013/12/28
2014/2/28 上午 06:40:00 oArgs=WScript.Arguments 
2014/2/28 上午 06:40:00 connect db 
2014/2/28 上午 06:40:00 SQL Statement:  select SMWYAAA004, SMWYAAA002, deptInfo, tripUser, StartTrvlDate, EndTrvlDate, site, TrvlDesc from SmpForeignTrvlAlert t where EndTrvlDate >=getdate()  and StartTrvlDate <=getDate()  order by SMWYAAA004, SMWYAAA002 
smtpserver : sysalert.simplo.com.tw 
2014/3/3 上午 06:40:00 // str_date1: 2014/03/18
2014/3/3 上午 06:40:00 // str_lastmonth: 2014/01/03
2014/3/3 上午 06:40:00 oArgs=WScript.Arguments 
2014/3/3 上午 06:40:00 connect db 
2014/3/3 上午 06:40:00 SQL Statement:  select SMWYAAA004, SMWYAAA002, deptInfo, tripUser, StartTrvlDate, EndTrvlDate, site, TrvlDesc from SmpForeignTrvlAlert t where EndTrvlDate >=getdate()  and StartTrvlDate <=getDate()  order by SMWYAAA004, SMWYAAA002 
smtpserver : sysalert.simplo.com.tw 
2014/3/4 上午 06:40:00 // str_date1: 2014/03/19
2014/3/4 上午 06:40:00 // str_lastmonth: 2014/01/04
2014/3/4 上午 06:40:00 oArgs=WScript.Arguments 
2014/3/4 上午 06:40:00 connect db 
2014/3/4 上午 06:40:00 SQL Statement:  select SMWYAAA004, SMWYAAA002, deptInfo, tripUser, StartTrvlDate, EndTrvlDate, site, TrvlDesc from SmpForeignTrvlAlert t where EndTrvlDate >=getdate()  and StartTrvlDate <=getDate()  order by SMWYAAA004, SMWYAAA002 
smtpserver : sysalert.simplo.com.tw 
2014/3/5 上午 06:40:00 // str_date1: 2014/03/20
2014/3/5 上午 06:40:00 // str_lastmonth: 2014/01/05
2014/3/5 上午 06:40:00 oArgs=WScript.Arguments 
2014/3/5 上午 06:40:00 connect db 
2014/3/5 上午 06:40:00 SQL Statement:  select SMWYAAA004, SMWYAAA002, deptInfo, tripUser, StartTrvlDate, EndTrvlDate, site, TrvlDesc from SmpForeignTrvlAlert t where EndTrvlDate >=getdate()  and StartTrvlDate <=getDate()  order by SMWYAAA004, SMWYAAA002 
smtpserver : sysalert.simplo.com.tw 
2014/3/6 上午 06:40:00 // str_date1: 2014/03/21
2014/3/6 上午 06:40:00 // str_lastmonth: 2014/01/06
2014/3/6 上午 06:40:00 oArgs=WScript.Arguments 
2014/3/6 上午 06:40:00 connect db 
2014/3/6 上午 06:40:00 SQL Statement:  select SMWYAAA004, SMWYAAA002, deptInfo, tripUser, StartTrvlDate, EndTrvlDate, site, TrvlDesc from SmpForeignTrvlAlert t where EndTrvlDate >=getdate()  and StartTrvlDate <=getDate()  order by SMWYAAA004, SMWYAAA002 
smtpserver : sysalert.simplo.com.tw 
2014/3/7 上午 06:40:00 // str_date1: 2014/03/22
2014/3/7 上午 06:40:00 // str_lastmonth: 2014/01/07
2014/3/7 上午 06:40:00 oArgs=WScript.Arguments 
2014/3/7 上午 06:40:00 connect db 
2014/3/7 上午 06:40:00 SQL Statement:  select SMWYAAA004, SMWYAAA002, deptInfo, tripUser, StartTrvlDate, EndTrvlDate, site, TrvlDesc from SmpForeignTrvlAlert t where EndTrvlDate >=getdate()  and StartTrvlDate <=getDate()  order by SMWYAAA004, SMWYAAA002 
smtpserver : sysalert.simplo.com.tw 
2014/3/10 上午 06:40:00 // str_date1: 2014/03/25
2014/3/10 上午 06:40:00 // str_lastmonth: 2014/01/10
2014/3/10 上午 06:40:00 oArgs=WScript.Arguments 
2014/3/10 上午 06:40:00 connect db 
2014/3/10 上午 06:40:00 SQL Statement:  select SMWYAAA004, SMWYAAA002, deptInfo, tripUser, StartTrvlDate, EndTrvlDate, site, TrvlDesc from SmpForeignTrvlAlert t where EndTrvlDate >=getdate()  and StartTrvlDate <=getDate()  order by SMWYAAA004, SMWYAAA002 
smtpserver : sysalert.simplo.com.tw 
2014/3/11 上午 06:40:00 // str_date1: 2014/03/26
2014/3/11 上午 06:40:00 // str_lastmonth: 2014/01/11
2014/3/11 上午 06:40:00 oArgs=WScript.Arguments 
2014/3/11 上午 06:40:00 connect db 
2014/3/11 上午 06:40:00 SQL Statement:  select SMWYAAA004, SMWYAAA002, deptInfo, tripUser, StartTrvlDate, EndTrvlDate, site, TrvlDesc from SmpForeignTrvlAlert t where EndTrvlDate >=getdate()  and StartTrvlDate <=getDate()  order by SMWYAAA004, SMWYAAA002 
smtpserver : sysalert.simplo.com.tw 
2014/3/12 上午 06:40:00 // str_date1: 2014/03/27
2014/3/12 上午 06:40:00 // str_lastmonth: 2014/01/12
2014/3/12 上午 06:40:00 oArgs=WScript.Arguments 
2014/3/12 上午 06:40:00 connect db 
2014/3/12 上午 06:40:00 SQL Statement:  select SMWYAAA004, SMWYAAA002, deptInfo, tripUser, StartTrvlDate, EndTrvlDate, site, TrvlDesc from SmpForeignTrvlAlert t where EndTrvlDate >=getdate()  and StartTrvlDate <=getDate()  order by SMWYAAA004, SMWYAAA002 
smtpserver : sysalert.simplo.com.tw 
2014/3/13 上午 06:40:00 // str_date1: 2014/03/28
2014/3/13 上午 06:40:00 // str_lastmonth: 2014/01/13
2014/3/13 上午 06:40:00 oArgs=WScript.Arguments 
2014/3/13 上午 06:40:00 connect db 
2014/3/13 上午 06:40:00 SQL Statement:  select SMWYAAA004, SMWYAAA002, deptInfo, tripUser, StartTrvlDate, EndTrvlDate, site, TrvlDesc from SmpForeignTrvlAlert t where EndTrvlDate >=getdate()  and StartTrvlDate <=getDate()  order by SMWYAAA004, SMWYAAA002 
smtpserver : sysalert.simplo.com.tw 
2014/3/14 上午 06:40:00 // str_date1: 2014/03/29
2014/3/14 上午 06:40:00 // str_lastmonth: 2014/01/14
2014/3/14 上午 06:40:00 oArgs=WScript.Arguments 
2014/3/14 上午 06:40:00 connect db 
2014/3/14 上午 06:40:00 SQL Statement:  select SMWYAAA004, SMWYAAA002, deptInfo, tripUser, StartTrvlDate, EndTrvlDate, site, TrvlDesc from SmpForeignTrvlAlert t where EndTrvlDate >=getdate()  and StartTrvlDate <=getDate()  order by SMWYAAA004, SMWYAAA002 
smtpserver : sysalert.simplo.com.tw 
2014/3/17 上午 06:40:00 // str_date1: 2014/03/01
2014/3/17 上午 06:40:00 // str_lastmonth: 2014/01/17
2014/3/17 上午 06:40:00 oArgs=WScript.Arguments 
2014/3/17 上午 06:40:00 connect db 
2014/3/17 上午 06:40:00 SQL Statement:  select SMWYAAA004, SMWYAAA002, deptInfo, tripUser, StartTrvlDate, EndTrvlDate, site, TrvlDesc from SmpForeignTrvlAlert t where EndTrvlDate >=getdate()  and StartTrvlDate <=getDate()  order by SMWYAAA004, SMWYAAA002 
smtpserver : sysalert.simplo.com.tw 
2014/3/18 上午 06:40:00 // str_date1: 2014/03/02
2014/3/18 上午 06:40:00 // str_lastmonth: 2014/01/18
2014/3/18 上午 06:40:00 oArgs=WScript.Arguments 
2014/3/18 上午 06:40:00 connect db 
2014/3/18 上午 06:40:00 SQL Statement:  select SMWYAAA004, SMWYAAA002, deptInfo, tripUser, StartTrvlDate, EndTrvlDate, site, TrvlDesc from SmpForeignTrvlAlert t where EndTrvlDate >=getdate()  and StartTrvlDate <=getDate()  order by SMWYAAA004, SMWYAAA002 
smtpserver : sysalert.simplo.com.tw 
2014/3/19 上午 06:40:00 // str_date1: 2014/03/03
2014/3/19 上午 06:40:00 // str_lastmonth: 2014/01/19
2014/3/19 上午 06:40:00 oArgs=WScript.Arguments 
2014/3/19 上午 06:40:00 connect db 
2014/3/19 上午 06:40:00 SQL Statement:  select SMWYAAA004, SMWYAAA002, deptInfo, tripUser, StartTrvlDate, EndTrvlDate, site, TrvlDesc from SmpForeignTrvlAlert t where EndTrvlDate >=getdate()  and StartTrvlDate <=getDate()  order by SMWYAAA004, SMWYAAA002 
smtpserver : sysalert.simplo.com.tw 
2014/3/20 上午 06:40:00 // str_date1: 2014/03/04
2014/3/20 上午 06:40:00 // str_lastmonth: 2014/01/20
2014/3/20 上午 06:40:00 oArgs=WScript.Arguments 
2014/3/20 上午 06:40:00 connect db 
2014/3/20 上午 06:40:00 SQL Statement:  select SMWYAAA004, SMWYAAA002, deptInfo, tripUser, StartTrvlDate, EndTrvlDate, site, TrvlDesc from SmpForeignTrvlAlert t where EndTrvlDate >=getdate()  and StartTrvlDate <=getDate()  order by SMWYAAA004, SMWYAAA002 
smtpserver : sysalert.simplo.com.tw 
2014/3/21 上午 06:40:00 // str_date1: 2014/03/05
2014/3/21 上午 06:40:00 // str_lastmonth: 2014/01/21
2014/3/21 上午 06:40:00 oArgs=WScript.Arguments 
2014/3/21 上午 06:40:00 connect db 
2014/3/21 上午 06:40:00 SQL Statement:  select SMWYAAA004, SMWYAAA002, deptInfo, tripUser, StartTrvlDate, EndTrvlDate, site, TrvlDesc from SmpForeignTrvlAlert t where EndTrvlDate >=getdate()  and StartTrvlDate <=getDate()  order by SMWYAAA004, SMWYAAA002 
smtpserver : sysalert.simplo.com.tw 
2014/3/24 上午 06:40:00 // str_date1: 2014/03/08
2014/3/24 上午 06:40:00 // str_lastmonth: 2014/01/24
2014/3/24 上午 06:40:00 oArgs=WScript.Arguments 
2014/3/24 上午 06:40:00 connect db 
2014/3/24 上午 06:40:00 SQL Statement:  select SMWYAAA004, SMWYAAA002, deptInfo, tripUser, StartTrvlDate, EndTrvlDate, site, TrvlDesc from SmpForeignTrvlAlert t where EndTrvlDate >=getdate()  and StartTrvlDate <=getDate()  order by SMWYAAA004, SMWYAAA002 
smtpserver : sysalert.simplo.com.tw 
2014/3/25 上午 06:40:00 // str_date1: 2014/03/09
2014/3/25 上午 06:40:00 // str_lastmonth: 2014/01/25
2014/3/25 上午 06:40:00 oArgs=WScript.Arguments 
2014/3/25 上午 06:40:00 connect db 
2014/3/25 上午 06:40:00 SQL Statement:  select SMWYAAA004, SMWYAAA002, deptInfo, tripUser, StartTrvlDate, EndTrvlDate, site, TrvlDesc from SmpForeignTrvlAlert t where EndTrvlDate >=getdate()  and StartTrvlDate <=getDate()  order by SMWYAAA004, SMWYAAA002 
smtpserver : sysalert.simplo.com.tw 
2014/3/26 上午 06:40:00 // str_date1: 2014/03/10
2014/3/26 上午 06:40:00 // str_lastmonth: 2014/01/26
2014/3/26 上午 06:40:00 oArgs=WScript.Arguments 
2014/3/26 上午 06:40:00 connect db 
2014/3/26 上午 06:40:00 SQL Statement:  select SMWYAAA004, SMWYAAA002, deptInfo, tripUser, StartTrvlDate, EndTrvlDate, site, TrvlDesc from SmpForeignTrvlAlert t where EndTrvlDate >=getdate()  and StartTrvlDate <=getDate()  order by SMWYAAA004, SMWYAAA002 
smtpserver : sysalert.simplo.com.tw 
2014/3/27 上午 06:40:00 // str_date1: 2014/03/11
2014/3/27 上午 06:40:00 // str_lastmonth: 2014/01/27
2014/3/27 上午 06:40:00 oArgs=WScript.Arguments 
2014/3/27 上午 06:40:00 connect db 
2014/3/27 上午 06:40:00 SQL Statement:  select SMWYAAA004, SMWYAAA002, deptInfo, tripUser, StartTrvlDate, EndTrvlDate, site, TrvlDesc from SmpForeignTrvlAlert t where EndTrvlDate >=getdate()  and StartTrvlDate <=getDate()  order by SMWYAAA004, SMWYAAA002 
smtpserver : sysalert.simplo.com.tw 
2014/3/28 上午 06:40:00 // str_date1: 2014/03/12
2014/3/28 上午 06:40:00 // str_lastmonth: 2014/01/28
2014/3/28 上午 06:40:00 oArgs=WScript.Arguments 
2014/3/28 上午 06:40:00 connect db 
2014/3/28 上午 06:40:00 SQL Statement:  select SMWYAAA004, SMWYAAA002, deptInfo, tripUser, StartTrvlDate, EndTrvlDate, site, TrvlDesc from SmpForeignTrvlAlert t where EndTrvlDate >=getdate()  and StartTrvlDate <=getDate()  order by SMWYAAA004, SMWYAAA002 
smtpserver : sysalert.simplo.com.tw 
2014/3/31 上午 06:40:00 // str_date1: 2014/03/15
2014/3/31 上午 06:40:00 // str_lastmonth: 2014/01/31
2014/3/31 上午 06:40:00 oArgs=WScript.Arguments 
2014/3/31 上午 06:40:00 connect db 
2014/3/31 上午 06:40:00 SQL Statement:  select SMWYAAA004, SMWYAAA002, deptInfo, tripUser, StartTrvlDate, EndTrvlDate, site, TrvlDesc from SmpForeignTrvlAlert t where EndTrvlDate >=getdate()  and StartTrvlDate <=getDate()  order by SMWYAAA004, SMWYAAA002 
smtpserver : sysalert.simplo.com.tw 
2014/4/1 上午 06:40:00 // str_date1: 2014/04/16
2014/4/1 上午 06:40:00 // str_lastmonth: 2014/02/01
2014/4/1 上午 06:40:00 oArgs=WScript.Arguments 
2014/4/1 上午 06:40:00 connect db 
2014/4/1 上午 06:40:00 SQL Statement:  select SMWYAAA004, SMWYAAA002, deptInfo, tripUser, StartTrvlDate, EndTrvlDate, site, TrvlDesc from SmpForeignTrvlAlert t where EndTrvlDate >=getdate()  and StartTrvlDate <=getDate()  order by SMWYAAA004, SMWYAAA002 
smtpserver : sysalert.simplo.com.tw 
2014/4/2 上午 06:40:00 // str_date1: 2014/04/17
2014/4/2 上午 06:40:00 // str_lastmonth: 2014/02/02
2014/4/2 上午 06:40:00 oArgs=WScript.Arguments 
2014/4/2 上午 06:40:00 connect db 
2014/4/2 上午 06:40:00 SQL Statement:  select SMWYAAA004, SMWYAAA002, deptInfo, tripUser, StartTrvlDate, EndTrvlDate, site, TrvlDesc from SmpForeignTrvlAlert t where EndTrvlDate >=getdate()  and StartTrvlDate <=getDate()  order by SMWYAAA004, SMWYAAA002 
smtpserver : sysalert.simplo.com.tw 
2014/4/3 上午 06:40:00 // str_date1: 2014/04/18
2014/4/3 上午 06:40:00 // str_lastmonth: 2014/02/03
2014/4/3 上午 06:40:00 oArgs=WScript.Arguments 
2014/4/3 上午 06:40:00 connect db 
2014/4/3 上午 06:40:00 SQL Statement:  select SMWYAAA004, SMWYAAA002, deptInfo, tripUser, StartTrvlDate, EndTrvlDate, site, TrvlDesc from SmpForeignTrvlAlert t where EndTrvlDate >=getdate()  and StartTrvlDate <=getDate()  order by SMWYAAA004, SMWYAAA002 
smtpserver : sysalert.simplo.com.tw 
2014/4/4 上午 06:40:00 // str_date1: 2014/04/19
2014/4/4 上午 06:40:00 // str_lastmonth: 2014/02/04
2014/4/4 上午 06:40:00 oArgs=WScript.Arguments 
2014/4/4 上午 06:40:00 connect db 
2014/4/4 上午 06:40:00 SQL Statement:  select SMWYAAA004, SMWYAAA002, deptInfo, tripUser, StartTrvlDate, EndTrvlDate, site, TrvlDesc from SmpForeignTrvlAlert t where EndTrvlDate >=getdate()  and StartTrvlDate <=getDate()  order by SMWYAAA004, SMWYAAA002 
smtpserver : sysalert.simplo.com.tw 
2014/4/7 上午 06:40:00 // str_date1: 2014/04/22
2014/4/7 上午 06:40:00 // str_lastmonth: 2014/02/07
2014/4/7 上午 06:40:00 oArgs=WScript.Arguments 
2014/4/7 上午 06:40:00 connect db 
2014/4/7 上午 06:40:00 SQL Statement:  select SMWYAAA004, SMWYAAA002, deptInfo, tripUser, StartTrvlDate, EndTrvlDate, site, TrvlDesc from SmpForeignTrvlAlert t where EndTrvlDate >=getdate()  and StartTrvlDate <=getDate()  order by SMWYAAA004, SMWYAAA002 
smtpserver : sysalert.simplo.com.tw 
2014/4/8 上午 06:40:00 // str_date1: 2014/04/23
2014/4/8 上午 06:40:00 // str_lastmonth: 2014/02/08
2014/4/8 上午 06:40:00 oArgs=WScript.Arguments 
2014/4/8 上午 06:40:00 connect db 
2014/4/8 上午 06:40:00 SQL Statement:  select SMWYAAA004, SMWYAAA002, deptInfo, tripUser, StartTrvlDate, EndTrvlDate, site, TrvlDesc from SmpForeignTrvlAlert t where EndTrvlDate >=getdate()  and StartTrvlDate <=getDate()  order by SMWYAAA004, SMWYAAA002 
smtpserver : sysalert.simplo.com.tw 
2014/4/9 上午 06:40:00 // str_date1: 2014/04/24
2014/4/9 上午 06:40:00 // str_lastmonth: 2014/02/09
2014/4/9 上午 06:40:00 oArgs=WScript.Arguments 
2014/4/9 上午 06:40:00 connect db 
2014/4/9 上午 06:40:00 SQL Statement:  select SMWYAAA004, SMWYAAA002, deptInfo, tripUser, StartTrvlDate, EndTrvlDate, site, TrvlDesc from SmpForeignTrvlAlert t where EndTrvlDate >=getdate()  and StartTrvlDate <=getDate()  order by SMWYAAA004, SMWYAAA002 
smtpserver : sysalert.simplo.com.tw 
2014/4/10 上午 06:40:00 // str_date1: 2014/04/25
2014/4/10 上午 06:40:00 // str_lastmonth: 2014/02/10
2014/4/10 上午 06:40:00 oArgs=WScript.Arguments 
2014/4/10 上午 06:40:00 connect db 
2014/4/10 上午 06:40:00 SQL Statement:  select SMWYAAA004, SMWYAAA002, deptInfo, tripUser, StartTrvlDate, EndTrvlDate, site, TrvlDesc from SmpForeignTrvlAlert t where EndTrvlDate >=getdate()  and StartTrvlDate <=getDate()  order by SMWYAAA004, SMWYAAA002 
smtpserver : sysalert.simplo.com.tw 
2014/4/11 上午 06:40:00 // str_date1: 2014/04/26
2014/4/11 上午 06:40:00 // str_lastmonth: 2014/02/11
2014/4/11 上午 06:40:00 oArgs=WScript.Arguments 
2014/4/11 上午 06:40:00 connect db 
2014/4/11 上午 06:40:00 SQL Statement:  select SMWYAAA004, SMWYAAA002, deptInfo, tripUser, StartTrvlDate, EndTrvlDate, site, TrvlDesc from SmpForeignTrvlAlert t where EndTrvlDate >=getdate()  and StartTrvlDate <=getDate()  order by SMWYAAA004, SMWYAAA002 
smtpserver : sysalert.simplo.com.tw 
2014/4/14 上午 06:40:00 // str_date1: 2014/04/29
2014/4/14 上午 06:40:00 // str_lastmonth: 2014/02/14
2014/4/14 上午 06:40:00 oArgs=WScript.Arguments 
2014/4/14 上午 06:40:00 connect db 
2014/4/14 上午 06:40:00 SQL Statement:  select SMWYAAA004, SMWYAAA002, deptInfo, tripUser, StartTrvlDate, EndTrvlDate, site, TrvlDesc from SmpForeignTrvlAlert t where EndTrvlDate >=getdate()  and StartTrvlDate <=getDate()  order by SMWYAAA004, SMWYAAA002 
smtpserver : sysalert.simplo.com.tw 
2014/4/15 上午 06:40:00 // str_date1: 2014/04/30
2014/4/15 上午 06:40:00 // str_lastmonth: 2014/02/15
2014/4/15 上午 06:40:00 oArgs=WScript.Arguments 
2014/4/15 上午 06:40:00 connect db 
2014/4/15 上午 06:40:00 SQL Statement:  select SMWYAAA004, SMWYAAA002, deptInfo, tripUser, StartTrvlDate, EndTrvlDate, site, TrvlDesc from SmpForeignTrvlAlert t where EndTrvlDate >=getdate()  and StartTrvlDate <=getDate()  order by SMWYAAA004, SMWYAAA002 
smtpserver : sysalert.simplo.com.tw 
2014/4/16 上午 06:40:00 // str_date1: 2014/04/01
2014/4/16 上午 06:40:00 // str_lastmonth: 2014/02/16
2014/4/16 上午 06:40:00 oArgs=WScript.Arguments 
2014/4/16 上午 06:40:00 connect db 
2014/4/16 上午 06:40:00 SQL Statement:  select SMWYAAA004, SMWYAAA002, deptInfo, tripUser, StartTrvlDate, EndTrvlDate, site, TrvlDesc from SmpForeignTrvlAlert t where EndTrvlDate >=getdate()  and StartTrvlDate <=getDate()  order by SMWYAAA004, SMWYAAA002 
smtpserver : sysalert.simplo.com.tw 
2014/4/17 上午 06:40:00 // str_date1: 2014/04/02
2014/4/17 上午 06:40:00 // str_lastmonth: 2014/02/17
2014/4/17 上午 06:40:00 oArgs=WScript.Arguments 
2014/4/17 上午 06:40:00 connect db 
2014/4/17 上午 06:40:00 SQL Statement:  select SMWYAAA004, SMWYAAA002, deptInfo, tripUser, StartTrvlDate, EndTrvlDate, site, TrvlDesc from SmpForeignTrvlAlert t where EndTrvlDate >=getdate()  and StartTrvlDate <=getDate()  order by SMWYAAA004, SMWYAAA002 
smtpserver : sysalert.simplo.com.tw 
2014/4/18 上午 06:40:00 // str_date1: 2014/04/03
2014/4/18 上午 06:40:00 // str_lastmonth: 2014/02/18
2014/4/18 上午 06:40:00 oArgs=WScript.Arguments 
2014/4/18 上午 06:40:00 connect db 
2014/4/18 上午 06:40:00 SQL Statement:  select SMWYAAA004, SMWYAAA002, deptInfo, tripUser, StartTrvlDate, EndTrvlDate, site, TrvlDesc from SmpForeignTrvlAlert t where EndTrvlDate >=getdate()  and StartTrvlDate <=getDate()  order by SMWYAAA004, SMWYAAA002 
smtpserver : sysalert.simplo.com.tw 
2014/4/21 上午 06:40:00 // str_date1: 2014/04/06
2014/4/21 上午 06:40:00 // str_lastmonth: 2014/02/21
2014/4/21 上午 06:40:00 oArgs=WScript.Arguments 
2014/4/21 上午 06:40:00 connect db 
2014/4/21 上午 06:40:00 SQL Statement:  select SMWYAAA004, SMWYAAA002, deptInfo, tripUser, StartTrvlDate, EndTrvlDate, site, TrvlDesc from SmpForeignTrvlAlert t where EndTrvlDate >=getdate()  and StartTrvlDate <=getDate()  order by SMWYAAA004, SMWYAAA002 
smtpserver : sysalert.simplo.com.tw 
2014/4/22 上午 06:40:00 // str_date1: 2014/04/07
2014/4/22 上午 06:40:00 // str_lastmonth: 2014/02/22
2014/4/22 上午 06:40:00 oArgs=WScript.Arguments 
2014/4/22 上午 06:40:00 connect db 
2014/4/22 上午 06:40:00 SQL Statement:  select SMWYAAA004, SMWYAAA002, deptInfo, tripUser, StartTrvlDate, EndTrvlDate, site, TrvlDesc from SmpForeignTrvlAlert t where EndTrvlDate >=getdate()  and StartTrvlDate <=getDate()  order by SMWYAAA004, SMWYAAA002 
smtpserver : sysalert.simplo.com.tw 
2014/4/23 上午 06:40:00 // str_date1: 2014/04/08
2014/4/23 上午 06:40:00 // str_lastmonth: 2014/02/23
2014/4/23 上午 06:40:00 oArgs=WScript.Arguments 
2014/4/23 上午 06:40:00 connect db 
2014/4/23 上午 06:40:00 SQL Statement:  select SMWYAAA004, SMWYAAA002, deptInfo, tripUser, StartTrvlDate, EndTrvlDate, site, TrvlDesc from SmpForeignTrvlAlert t where EndTrvlDate >=getdate()  and StartTrvlDate <=getDate()  order by SMWYAAA004, SMWYAAA002 
smtpserver : sysalert.simplo.com.tw 
2014/4/24 上午 06:40:00 // str_date1: 2014/04/09
2014/4/24 上午 06:40:00 // str_lastmonth: 2014/02/24
2014/4/24 上午 06:40:00 oArgs=WScript.Arguments 
2014/4/24 上午 06:40:00 connect db 
2014/4/24 上午 06:40:00 SQL Statement:  select SMWYAAA004, SMWYAAA002, deptInfo, tripUser, StartTrvlDate, EndTrvlDate, site, TrvlDesc from SmpForeignTrvlAlert t where EndTrvlDate >=getdate()  and StartTrvlDate <=getDate()  order by SMWYAAA004, SMWYAAA002 
smtpserver : sysalert.simplo.com.tw 
2014/4/25 上午 06:40:00 // str_date1: 2014/04/10
2014/4/25 上午 06:40:00 // str_lastmonth: 2014/02/25
2014/4/25 上午 06:40:00 oArgs=WScript.Arguments 
2014/4/25 上午 06:40:00 connect db 
2014/4/25 上午 06:40:00 SQL Statement:  select SMWYAAA004, SMWYAAA002, deptInfo, tripUser, StartTrvlDate, EndTrvlDate, site, TrvlDesc from SmpForeignTrvlAlert t where EndTrvlDate >=getdate()  and StartTrvlDate <=getDate()  order by SMWYAAA004, SMWYAAA002 
smtpserver : sysalert.simplo.com.tw 
2014/4/28 上午 06:40:00 // str_date1: 2014/04/13
2014/4/28 上午 06:40:00 // str_lastmonth: 2014/02/28
2014/4/28 上午 06:40:00 oArgs=WScript.Arguments 
2014/4/28 上午 06:40:00 connect db 
2014/4/28 上午 06:40:00 SQL Statement:  select SMWYAAA004, SMWYAAA002, deptInfo, tripUser, StartTrvlDate, EndTrvlDate, site, TrvlDesc from SmpForeignTrvlAlert t where EndTrvlDate >=getdate()  and StartTrvlDate <=getDate()  order by SMWYAAA004, SMWYAAA002 
smtpserver : sysalert.simplo.com.tw 
2014/4/29 上午 06:40:00 // str_date1: 2014/04/14
2014/4/29 上午 06:40:00 // str_lastmonth: 2014/02/28
2014/4/29 上午 06:40:00 oArgs=WScript.Arguments 
2014/4/29 上午 06:40:00 connect db 
2014/4/29 上午 06:40:00 SQL Statement:  select SMWYAAA004, SMWYAAA002, deptInfo, tripUser, StartTrvlDate, EndTrvlDate, site, TrvlDesc from SmpForeignTrvlAlert t where EndTrvlDate >=getdate()  and StartTrvlDate <=getDate()  order by SMWYAAA004, SMWYAAA002 
smtpserver : sysalert.simplo.com.tw 
2014/4/30 上午 06:40:00 // str_date1: 2014/04/15
2014/4/30 上午 06:40:00 // str_lastmonth: 2014/02/28
2014/4/30 上午 06:40:00 oArgs=WScript.Arguments 
2014/4/30 上午 06:40:00 connect db 
2014/4/30 上午 06:40:00 SQL Statement:  select SMWYAAA004, SMWYAAA002, deptInfo, tripUser, StartTrvlDate, EndTrvlDate, site, TrvlDesc from SmpForeignTrvlAlert t where EndTrvlDate >=getdate()  and StartTrvlDate <=getDate()  order by SMWYAAA004, SMWYAAA002 
smtpserver : sysalert.simplo.com.tw 
2014/5/1 上午 06:40:00 // str_date1: 2014/05/16
2014/5/1 上午 06:40:00 // str_lastmonth: 2014/03/01
2014/5/1 上午 06:40:00 oArgs=WScript.Arguments 
2014/5/1 上午 06:40:00 connect db 
2014/5/1 上午 06:40:00 SQL Statement:  select SMWYAAA004, SMWYAAA002, deptInfo, tripUser, StartTrvlDate, EndTrvlDate, site, TrvlDesc from SmpForeignTrvlAlert t where EndTrvlDate >=getdate()  and StartTrvlDate <=getDate()  order by SMWYAAA004, SMWYAAA002 
smtpserver : sysalert.simplo.com.tw 
2014/5/2 上午 06:40:00 // str_date1: 2014/05/17
2014/5/2 上午 06:40:00 // str_lastmonth: 2014/03/02
2014/5/2 上午 06:40:00 oArgs=WScript.Arguments 
2014/5/2 上午 06:40:00 connect db 
2014/5/2 上午 06:40:00 SQL Statement:  select SMWYAAA004, SMWYAAA002, deptInfo, tripUser, StartTrvlDate, EndTrvlDate, site, TrvlDesc from SmpForeignTrvlAlert t where EndTrvlDate >=getdate()  and StartTrvlDate <=getDate()  order by SMWYAAA004, SMWYAAA002 
smtpserver : sysalert.simplo.com.tw 
2014/5/5 上午 06:40:00 // str_date1: 2014/05/20
2014/5/5 上午 06:40:00 // str_lastmonth: 2014/03/05
2014/5/5 上午 06:40:00 oArgs=WScript.Arguments 
2014/5/5 上午 06:40:00 connect db 
2014/5/5 上午 06:40:00 SQL Statement:  select SMWYAAA004, SMWYAAA002, deptInfo, tripUser, StartTrvlDate, EndTrvlDate, site, TrvlDesc from SmpForeignTrvlAlert t where EndTrvlDate >=getdate()  and StartTrvlDate <=getDate()  order by SMWYAAA004, SMWYAAA002 
smtpserver : sysalert.simplo.com.tw 
2014/5/6 上午 06:40:00 // str_date1: 2014/05/21
2014/5/6 上午 06:40:00 // str_lastmonth: 2014/03/06
2014/5/6 上午 06:40:00 oArgs=WScript.Arguments 
2014/5/6 上午 06:40:00 connect db 
2014/5/6 上午 06:40:00 SQL Statement:  select SMWYAAA004, SMWYAAA002, deptInfo, tripUser, StartTrvlDate, EndTrvlDate, site, TrvlDesc from SmpForeignTrvlAlert t where EndTrvlDate >=getdate()  and StartTrvlDate <=getDate()  order by SMWYAAA004, SMWYAAA002 
smtpserver : sysalert.simplo.com.tw 
2014/5/7 上午 06:40:00 // str_date1: 2014/05/22
2014/5/7 上午 06:40:00 // str_lastmonth: 2014/03/07
2014/5/7 上午 06:40:00 oArgs=WScript.Arguments 
2014/5/7 上午 06:40:00 connect db 
2014/5/7 上午 06:40:00 SQL Statement:  select SMWYAAA004, SMWYAAA002, deptInfo, tripUser, StartTrvlDate, EndTrvlDate, site, TrvlDesc from SmpForeignTrvlAlert t where EndTrvlDate >=getdate()  and StartTrvlDate <=getDate()  order by SMWYAAA004, SMWYAAA002 
smtpserver : sysalert.simplo.com.tw 
2014/5/8 上午 06:40:00 // str_date1: 2014/05/23
2014/5/8 上午 06:40:00 // str_lastmonth: 2014/03/08
2014/5/8 上午 06:40:00 oArgs=WScript.Arguments 
2014/5/8 上午 06:40:00 connect db 
2014/5/8 上午 06:40:00 SQL Statement:  select SMWYAAA004, SMWYAAA002, deptInfo, tripUser, StartTrvlDate, EndTrvlDate, site, TrvlDesc from SmpForeignTrvlAlert t where EndTrvlDate >=getdate()  and StartTrvlDate <=getDate()  order by SMWYAAA004, SMWYAAA002 
smtpserver : sysalert.simplo.com.tw 
2014/5/9 上午 06:40:00 // str_date1: 2014/05/24
2014/5/9 上午 06:40:00 // str_lastmonth: 2014/03/09
2014/5/9 上午 06:40:00 oArgs=WScript.Arguments 
2014/5/9 上午 06:40:00 connect db 
2014/5/9 上午 06:40:00 SQL Statement:  select SMWYAAA004, SMWYAAA002, deptInfo, tripUser, StartTrvlDate, EndTrvlDate, site, TrvlDesc from SmpForeignTrvlAlert t where EndTrvlDate >=getdate()  and StartTrvlDate <=getDate()  order by SMWYAAA004, SMWYAAA002 
smtpserver : sysalert.simplo.com.tw 
2014/5/12 上午 06:40:00 // str_date1: 2014/05/27
2014/5/12 上午 06:40:00 // str_lastmonth: 2014/03/12
2014/5/12 上午 06:40:00 oArgs=WScript.Arguments 
2014/5/12 上午 06:40:00 connect db 
2014/5/12 上午 06:40:00 SQL Statement:  select SMWYAAA004, SMWYAAA002, deptInfo, tripUser, StartTrvlDate, EndTrvlDate, site, TrvlDesc from SmpForeignTrvlAlert t where EndTrvlDate >=getdate()  and StartTrvlDate <=getDate()  order by SMWYAAA004, SMWYAAA002 
smtpserver : sysalert.simplo.com.tw 
2014/5/13 上午 06:40:00 // str_date1: 2014/05/28
2014/5/13 上午 06:40:00 // str_lastmonth: 2014/03/13
2014/5/13 上午 06:40:00 oArgs=WScript.Arguments 
2014/5/13 上午 06:40:00 connect db 
2014/5/13 上午 06:40:00 SQL Statement:  select SMWYAAA004, SMWYAAA002, deptInfo, tripUser, StartTrvlDate, EndTrvlDate, site, TrvlDesc from SmpForeignTrvlAlert t where EndTrvlDate >=getdate()  and StartTrvlDate <=getDate()  order by SMWYAAA004, SMWYAAA002 
smtpserver : sysalert.simplo.com.tw 
2014/5/14 上午 06:40:00 // str_date1: 2014/05/29
2014/5/14 上午 06:40:00 // str_lastmonth: 2014/03/14
2014/5/14 上午 06:40:00 oArgs=WScript.Arguments 
2014/5/14 上午 06:40:00 connect db 
2014/5/14 上午 06:40:00 SQL Statement:  select SMWYAAA004, SMWYAAA002, deptInfo, tripUser, StartTrvlDate, EndTrvlDate, site, TrvlDesc from SmpForeignTrvlAlert t where EndTrvlDate >=getdate()  and StartTrvlDate <=getDate()  order by SMWYAAA004, SMWYAAA002 
smtpserver : sysalert.simplo.com.tw 
2014/5/15 上午 06:40:00 // str_date1: 2014/05/30
2014/5/15 上午 06:40:00 // str_lastmonth: 2014/03/15
2014/5/15 上午 06:40:00 oArgs=WScript.Arguments 
2014/5/15 上午 06:40:00 connect db 
2014/5/15 上午 06:40:00 SQL Statement:  select SMWYAAA004, SMWYAAA002, deptInfo, tripUser, StartTrvlDate, EndTrvlDate, site, TrvlDesc from SmpForeignTrvlAlert t where EndTrvlDate >=getdate()  and StartTrvlDate <=getDate()  order by SMWYAAA004, SMWYAAA002 
smtpserver : sysalert.simplo.com.tw 
2014/5/16 上午 06:40:00 // str_date1: 2014/05/31
2014/5/16 上午 06:40:00 // str_lastmonth: 2014/03/16
2014/5/16 上午 06:40:00 oArgs=WScript.Arguments 
2014/5/16 上午 06:40:00 connect db 
2014/5/16 上午 06:40:00 SQL Statement:  select SMWYAAA004, SMWYAAA002, deptInfo, tripUser, StartTrvlDate, EndTrvlDate, site, TrvlDesc from SmpForeignTrvlAlert t where EndTrvlDate >=getdate()  and StartTrvlDate <=getDate()  order by SMWYAAA004, SMWYAAA002 
smtpserver : sysalert.simplo.com.tw 
2014/5/19 上午 06:40:00 // str_date1: 2014/05/03
2014/5/19 上午 06:40:00 // str_lastmonth: 2014/03/19
2014/5/19 上午 06:40:00 oArgs=WScript.Arguments 
2014/5/19 上午 06:40:00 connect db 
2014/5/19 上午 06:40:00 SQL Statement:  select SMWYAAA004, SMWYAAA002, deptInfo, tripUser, StartTrvlDate, EndTrvlDate, site, TrvlDesc from SmpForeignTrvlAlert t where EndTrvlDate >=getdate()  and StartTrvlDate <=getDate()  order by SMWYAAA004, SMWYAAA002 
smtpserver : sysalert.simplo.com.tw 
2014/5/20 上午 06:40:00 // str_date1: 2014/05/04
2014/5/20 上午 06:40:00 // str_lastmonth: 2014/03/20
2014/5/20 上午 06:40:00 oArgs=WScript.Arguments 
2014/5/20 上午 06:40:00 connect db 
2014/5/20 上午 06:40:00 SQL Statement:  select SMWYAAA004, SMWYAAA002, deptInfo, tripUser, StartTrvlDate, EndTrvlDate, site, TrvlDesc from SmpForeignTrvlAlert t where EndTrvlDate >=getdate()  and StartTrvlDate <=getDate()  order by SMWYAAA004, SMWYAAA002 
smtpserver : sysalert.simplo.com.tw 
2014/5/21 上午 06:40:00 // str_date1: 2014/05/05
2014/5/21 上午 06:40:00 // str_lastmonth: 2014/03/21
2014/5/21 上午 06:40:00 oArgs=WScript.Arguments 
2014/5/21 上午 06:40:00 connect db 
2014/5/21 上午 06:40:00 SQL Statement:  select SMWYAAA004, SMWYAAA002, deptInfo, tripUser, StartTrvlDate, EndTrvlDate, site, TrvlDesc from SmpForeignTrvlAlert t where EndTrvlDate >=getdate()  and StartTrvlDate <=getDate()  order by SMWYAAA004, SMWYAAA002 
smtpserver : sysalert.simplo.com.tw 
2014/5/22 上午 06:40:00 // str_date1: 2014/05/06
2014/5/22 上午 06:40:00 // str_lastmonth: 2014/03/22
2014/5/22 上午 06:40:00 oArgs=WScript.Arguments 
2014/5/22 上午 06:40:00 connect db 
2014/5/22 上午 06:40:00 SQL Statement:  select SMWYAAA004, SMWYAAA002, deptInfo, tripUser, StartTrvlDate, EndTrvlDate, site, TrvlDesc from SmpForeignTrvlAlert t where EndTrvlDate >=getdate()  and StartTrvlDate <=getDate()  order by SMWYAAA004, SMWYAAA002 
smtpserver : sysalert.simplo.com.tw 
2014/5/23 上午 06:40:00 // str_date1: 2014/05/07
2014/5/23 上午 06:40:00 // str_lastmonth: 2014/03/23
2014/5/23 上午 06:40:00 oArgs=WScript.Arguments 
2014/5/23 上午 06:40:00 connect db 
2014/5/23 上午 06:40:00 SQL Statement:  select SMWYAAA004, SMWYAAA002, deptInfo, tripUser, StartTrvlDate, EndTrvlDate, site, TrvlDesc from SmpForeignTrvlAlert t where EndTrvlDate >=getdate()  and StartTrvlDate <=getDate()  order by SMWYAAA004, SMWYAAA002 
smtpserver : sysalert.simplo.com.tw 
2014/5/26 上午 06:40:00 // str_date1: 2014/05/10
2014/5/26 上午 06:40:00 // str_lastmonth: 2014/03/26
2014/5/26 上午 06:40:00 oArgs=WScript.Arguments 
2014/5/26 上午 06:40:00 connect db 
2014/5/26 上午 06:40:00 SQL Statement:  select SMWYAAA004, SMWYAAA002, deptInfo, tripUser, StartTrvlDate, EndTrvlDate, site, TrvlDesc from SmpForeignTrvlAlert t where EndTrvlDate >=getdate()  and StartTrvlDate <=getDate()  order by SMWYAAA004, SMWYAAA002 
smtpserver : sysalert.simplo.com.tw 
2014/5/27 上午 06:40:00 // str_date1: 2014/05/11
2014/5/27 上午 06:40:00 // str_lastmonth: 2014/03/27
2014/5/27 上午 06:40:00 oArgs=WScript.Arguments 
2014/5/27 上午 06:40:00 connect db 
2014/5/27 上午 06:40:00 SQL Statement:  select SMWYAAA004, SMWYAAA002, deptInfo, tripUser, StartTrvlDate, EndTrvlDate, site, TrvlDesc from SmpForeignTrvlAlert t where EndTrvlDate >=getdate()  and StartTrvlDate <=getDate()  order by SMWYAAA004, SMWYAAA002 
smtpserver : sysalert.simplo.com.tw 
2014/5/28 上午 06:40:00 // str_date1: 2014/05/12
2014/5/28 上午 06:40:00 // str_lastmonth: 2014/03/28
2014/5/28 上午 06:40:00 oArgs=WScript.Arguments 
2014/5/28 上午 06:40:00 connect db 
2014/5/28 上午 06:40:00 SQL Statement:  select SMWYAAA004, SMWYAAA002, deptInfo, tripUser, StartTrvlDate, EndTrvlDate, site, TrvlDesc from SmpForeignTrvlAlert t where EndTrvlDate >=getdate()  and StartTrvlDate <=getDate()  order by SMWYAAA004, SMWYAAA002 
smtpserver : sysalert.simplo.com.tw 
2014/5/29 上午 06:40:00 // str_date1: 2014/05/13
2014/5/29 上午 06:40:00 // str_lastmonth: 2014/03/29
2014/5/29 上午 06:40:00 oArgs=WScript.Arguments 
2014/5/29 上午 06:40:00 connect db 
2014/5/29 上午 06:40:00 SQL Statement:  select SMWYAAA004, SMWYAAA002, deptInfo, tripUser, StartTrvlDate, EndTrvlDate, site, TrvlDesc from SmpForeignTrvlAlert t where EndTrvlDate >=getdate()  and StartTrvlDate <=getDate()  order by SMWYAAA004, SMWYAAA002 
smtpserver : sysalert.simplo.com.tw 
2014/5/30 上午 06:40:00 // str_date1: 2014/05/14
2014/5/30 上午 06:40:00 // str_lastmonth: 2014/03/30
2014/5/30 上午 06:40:00 oArgs=WScript.Arguments 
2014/5/30 上午 06:40:00 connect db 
2014/5/30 上午 06:40:00 SQL Statement:  select SMWYAAA004, SMWYAAA002, deptInfo, tripUser, StartTrvlDate, EndTrvlDate, site, TrvlDesc from SmpForeignTrvlAlert t where EndTrvlDate >=getdate()  and StartTrvlDate <=getDate()  order by SMWYAAA004, SMWYAAA002 
smtpserver : sysalert.simplo.com.tw 
2014/6/2 上午 06:40:00 // str_date1: 2014/06/17
2014/6/2 上午 06:40:00 // str_lastmonth: 2014/04/02
2014/6/2 上午 06:40:00 oArgs=WScript.Arguments 
2014/6/2 上午 06:40:00 connect db 
2014/6/2 上午 06:40:00 SQL Statement:  select SMWYAAA004, SMWYAAA002, deptInfo, tripUser, StartTrvlDate, EndTrvlDate, site, TrvlDesc from SmpForeignTrvlAlert t where EndTrvlDate >=getdate()  and StartTrvlDate <=getDate()  order by SMWYAAA004, SMWYAAA002 
smtpserver : sysalert.simplo.com.tw 
2014/6/3 上午 06:40:00 // str_date1: 2014/06/18
2014/6/3 上午 06:40:00 // str_lastmonth: 2014/04/03
2014/6/3 上午 06:40:00 oArgs=WScript.Arguments 
2014/6/3 上午 06:40:00 connect db 
2014/6/3 上午 06:40:00 SQL Statement:  select SMWYAAA004, SMWYAAA002, deptInfo, tripUser, StartTrvlDate, EndTrvlDate, site, TrvlDesc from SmpForeignTrvlAlert t where EndTrvlDate >=getdate()  and StartTrvlDate <=getDate()  order by SMWYAAA004, SMWYAAA002 
smtpserver : sysalert.simplo.com.tw 
2014/6/4 上午 06:40:00 // str_date1: 2014/06/19
2014/6/4 上午 06:40:00 // str_lastmonth: 2014/04/04
2014/6/4 上午 06:40:00 oArgs=WScript.Arguments 
2014/6/4 上午 06:40:00 connect db 
2014/6/4 上午 06:40:00 SQL Statement:  select SMWYAAA004, SMWYAAA002, deptInfo, tripUser, StartTrvlDate, EndTrvlDate, site, TrvlDesc from SmpForeignTrvlAlert t where EndTrvlDate >=getdate()  and StartTrvlDate <=getDate()  order by SMWYAAA004, SMWYAAA002 
smtpserver : sysalert.simplo.com.tw 
2014/6/4 上午 08:41:08 // str_date1: 2014/06/19
2014/6/4 上午 08:41:08 // str_lastmonth: 2014/04/04
2014/6/4 上午 08:41:08 oArgs=WScript.Arguments 
2014/6/4 上午 08:41:08 connect db 
2014/6/4 上午 08:41:08 SQL Statement:  select SMWYAAA004, SMWYAAA002, deptInfo, tripUser, StartTrvlDate, EndTrvlDate, site, TrvlDesc from SmpForeignTrvlAlert t where EndTrvlDate >=getdate()  and StartTrvlDate <=getDate()  order by SMWYAAA004, SMWYAAA002 
smtpserver : sysalert.simplo.com.tw 
2014/6/5 上午 06:40:00 // str_date1: 2014/06/20
2014/6/5 上午 06:40:00 // str_lastmonth: 2014/04/05
2014/6/5 上午 06:40:00 oArgs=WScript.Arguments 
2014/6/5 上午 06:40:00 connect db 
2014/6/5 上午 06:40:00 SQL Statement:  select SMWYAAA004, SMWYAAA002, deptInfo, tripUser, StartTrvlDate, EndTrvlDate, site, TrvlDesc from SmpForeignTrvlAlert t where EndTrvlDate >=getdate()  and StartTrvlDate <=getDate()  order by SMWYAAA004, SMWYAAA002 
smtpserver : sysalert.simplo.com.tw 
2014/6/6 上午 06:40:00 // str_date1: 2014/06/21
2014/6/6 上午 06:40:00 // str_lastmonth: 2014/04/06
2014/6/6 上午 06:40:00 oArgs=WScript.Arguments 
2014/6/6 上午 06:40:00 connect db 
2014/6/6 上午 06:40:00 SQL Statement:  select SMWYAAA004, SMWYAAA002, deptInfo, tripUser, StartTrvlDate, EndTrvlDate, site, TrvlDesc from SmpForeignTrvlAlert t where EndTrvlDate >=getdate()  and StartTrvlDate <=getDate()  order by SMWYAAA004, SMWYAAA002 
smtpserver : sysalert.simplo.com.tw 
2014/6/9 上午 06:40:00 // str_date1: 2014/06/24
2014/6/9 上午 06:40:00 // str_lastmonth: 2014/04/09
2014/6/9 上午 06:40:00 oArgs=WScript.Arguments 
2014/6/9 上午 06:40:00 connect db 
2014/6/9 上午 06:40:00 SQL Statement:  select SMWYAAA004, SMWYAAA002, deptInfo, tripUser, StartTrvlDate, EndTrvlDate, site, TrvlDesc from SmpForeignTrvlAlert t where EndTrvlDate >=getdate()  and StartTrvlDate <=getDate()  order by SMWYAAA004, SMWYAAA002 
smtpserver : sysalert.simplo.com.tw 
2014/6/10 上午 06:40:00 // str_date1: 2014/06/25
2014/6/10 上午 06:40:00 // str_lastmonth: 2014/04/10
2014/6/10 上午 06:40:00 oArgs=WScript.Arguments 
2014/6/10 上午 06:40:00 connect db 
2014/6/10 上午 06:40:00 SQL Statement:  select SMWYAAA004, SMWYAAA002, deptInfo, tripUser, StartTrvlDate, EndTrvlDate, site, TrvlDesc from SmpForeignTrvlAlert t where EndTrvlDate >=getdate()  and StartTrvlDate <=getDate()  order by SMWYAAA004, SMWYAAA002 
smtpserver : sysalert.simplo.com.tw 
2014/6/11 上午 06:40:00 // str_date1: 2014/06/26
2014/6/11 上午 06:40:00 // str_lastmonth: 2014/04/11
2014/6/11 上午 06:40:00 oArgs=WScript.Arguments 
2014/6/11 上午 06:40:00 connect db 
2014/6/11 上午 06:40:00 SQL Statement:  select SMWYAAA004, SMWYAAA002, deptInfo, tripUser, StartTrvlDate, EndTrvlDate, site, TrvlDesc from SmpForeignTrvlAlert t where EndTrvlDate >=getdate()  and StartTrvlDate <=getDate()  order by SMWYAAA004, SMWYAAA002 
smtpserver : sysalert.simplo.com.tw 
2014/6/12 上午 06:40:00 // str_date1: 2014/06/27
2014/6/12 上午 06:40:00 // str_lastmonth: 2014/04/12
2014/6/12 上午 06:40:00 oArgs=WScript.Arguments 
2014/6/12 上午 06:40:00 connect db 
2014/6/12 上午 06:40:00 SQL Statement:  select SMWYAAA004, SMWYAAA002, deptInfo, tripUser, StartTrvlDate, EndTrvlDate, site, TrvlDesc from SmpForeignTrvlAlert t where EndTrvlDate >=getdate()  and StartTrvlDate <=getDate()  order by SMWYAAA004, SMWYAAA002 
smtpserver : sysalert.simplo.com.tw 
2014/6/13 上午 06:40:00 // str_date1: 2014/06/28
2014/6/13 上午 06:40:00 // str_lastmonth: 2014/04/13
2014/6/13 上午 06:40:00 oArgs=WScript.Arguments 
2014/6/13 上午 06:40:00 connect db 
2014/6/13 上午 06:40:00 SQL Statement:  select SMWYAAA004, SMWYAAA002, deptInfo, tripUser, StartTrvlDate, EndTrvlDate, site, TrvlDesc from SmpForeignTrvlAlert t where EndTrvlDate >=getdate()  and StartTrvlDate <=getDate()  order by SMWYAAA004, SMWYAAA002 
smtpserver : sysalert.simplo.com.tw 
2014/6/16 上午 06:40:00 // str_date1: 2014/06/01
2014/6/16 上午 06:40:00 // str_lastmonth: 2014/04/16
2014/6/16 上午 06:40:00 oArgs=WScript.Arguments 
2014/6/16 上午 06:40:00 connect db 
2014/6/16 上午 06:40:00 SQL Statement:  select SMWYAAA004, SMWYAAA002, deptInfo, tripUser, StartTrvlDate, EndTrvlDate, site, TrvlDesc from SmpForeignTrvlAlert t where EndTrvlDate >=getdate()  and StartTrvlDate <=getDate()  order by SMWYAAA004, SMWYAAA002 
smtpserver : sysalert.simplo.com.tw 
2014/6/17 上午 06:40:00 // str_date1: 2014/06/02
2014/6/17 上午 06:40:00 // str_lastmonth: 2014/04/17
2014/6/17 上午 06:40:00 oArgs=WScript.Arguments 
2014/6/17 上午 06:40:00 connect db 
2014/6/17 上午 06:40:00 SQL Statement:  select SMWYAAA004, SMWYAAA002, deptInfo, tripUser, StartTrvlDate, EndTrvlDate, site, TrvlDesc from SmpForeignTrvlAlert t where EndTrvlDate >=getdate()  and StartTrvlDate <=getDate()  order by SMWYAAA004, SMWYAAA002 
smtpserver : sysalert.simplo.com.tw 
2014/6/18 上午 06:40:00 // str_date1: 2014/06/03
2014/6/18 上午 06:40:00 // str_lastmonth: 2014/04/18
2014/6/18 上午 06:40:00 oArgs=WScript.Arguments 
2014/6/18 上午 06:40:00 connect db 
2014/6/18 上午 06:40:00 SQL Statement:  select SMWYAAA004, SMWYAAA002, deptInfo, tripUser, StartTrvlDate, EndTrvlDate, site, TrvlDesc from SmpForeignTrvlAlert t where EndTrvlDate >=getdate()  and StartTrvlDate <=getDate()  order by SMWYAAA004, SMWYAAA002 
smtpserver : sysalert.simplo.com.tw 
2014/6/19 上午 06:40:00 // str_date1: 2014/06/04
2014/6/19 上午 06:40:00 // str_lastmonth: 2014/04/19
2014/6/19 上午 06:40:00 oArgs=WScript.Arguments 
2014/6/19 上午 06:40:00 connect db 
2014/6/19 上午 06:40:00 SQL Statement:  select SMWYAAA004, SMWYAAA002, deptInfo, tripUser, StartTrvlDate, EndTrvlDate, site, TrvlDesc from SmpForeignTrvlAlert t where EndTrvlDate >=getdate()  and StartTrvlDate <=getDate()  order by SMWYAAA004, SMWYAAA002 
smtpserver : sysalert.simplo.com.tw 
2014/6/20 上午 06:40:00 // str_date1: 2014/06/05
2014/6/20 上午 06:40:00 // str_lastmonth: 2014/04/20
2014/6/20 上午 06:40:00 oArgs=WScript.Arguments 
2014/6/20 上午 06:40:00 connect db 
2014/6/20 上午 06:40:00 SQL Statement:  select SMWYAAA004, SMWYAAA002, deptInfo, tripUser, StartTrvlDate, EndTrvlDate, site, TrvlDesc from SmpForeignTrvlAlert t where EndTrvlDate >=getdate()  and StartTrvlDate <=getDate()  order by SMWYAAA004, SMWYAAA002 
smtpserver : sysalert.simplo.com.tw 
2014/6/20 下午 05:19:36 // str_date1: 2014/06/05
2014/6/20 下午 05:19:36 // str_lastmonth: 2014/04/20
2014/6/20 下午 05:19:36 oArgs=WScript.Arguments 
2014/6/20 下午 05:19:36 connect db 
2014/6/20 下午 05:19:36 SQL Statement:  select SMWYAAA004, SMWYAAA002, deptInfo, tripUser, StartTrvlDate, EndTrvlDate, site, TrvlDesc from SmpForeignTrvlAlert t where EndTrvlDate >=getdate()  and StartTrvlDate <=getDate()  order by SMWYAAA004, SMWYAAA002 
smtpserver : sysalert.simplo.com.tw 
2014/6/23 上午 06:40:00 // str_date1: 2014/06/08
2014/6/23 上午 06:40:00 // str_lastmonth: 2014/04/23
2014/6/23 上午 06:40:00 oArgs=WScript.Arguments 
2014/6/23 上午 06:40:00 connect db 
2014/6/23 上午 06:40:00 SQL Statement:  select SMWYAAA004, SMWYAAA002, deptInfo, tripUser, StartTrvlDate, EndTrvlDate, site, TrvlDesc from SmpForeignTrvlAlert t where EndTrvlDate >=getdate()  and StartTrvlDate <=getDate()  order by SMWYAAA004, SMWYAAA002 
smtpserver : sysalert.simplo.com.tw 
2014/6/24 上午 06:40:00 // str_date1: 2014/06/09
2014/6/24 上午 06:40:00 // str_lastmonth: 2014/04/24
2014/6/24 上午 06:40:00 oArgs=WScript.Arguments 
2014/6/24 上午 06:40:00 connect db 
2014/6/24 上午 06:40:00 SQL Statement:  select SMWYAAA004, SMWYAAA002, deptInfo, tripUser, StartTrvlDate, EndTrvlDate, site, TrvlDesc from SmpForeignTrvlAlert t where EndTrvlDate >=getdate()  and StartTrvlDate <=getDate()  order by SMWYAAA004, SMWYAAA002 
smtpserver : sysalert.simplo.com.tw 
2014/6/25 上午 06:40:00 // str_date1: 2014/06/10
2014/6/25 上午 06:40:00 // str_lastmonth: 2014/04/25
2014/6/25 上午 06:40:00 oArgs=WScript.Arguments 
2014/6/25 上午 06:40:00 connect db 
2014/6/25 上午 06:40:00 SQL Statement:  select SMWYAAA004, SMWYAAA002, deptInfo, tripUser, StartTrvlDate, EndTrvlDate, site, TrvlDesc from SmpForeignTrvlAlert t where EndTrvlDate >=getdate()  and StartTrvlDate <=getDate()  order by SMWYAAA004, SMWYAAA002 
smtpserver : sysalert.simplo.com.tw 
2014/6/26 上午 06:40:00 // str_date1: 2014/06/11
2014/6/26 上午 06:40:00 // str_lastmonth: 2014/04/26
2014/6/26 上午 06:40:00 oArgs=WScript.Arguments 
2014/6/26 上午 06:40:00 connect db 
2014/6/26 上午 06:40:00 SQL Statement:  select SMWYAAA004, SMWYAAA002, deptInfo, tripUser, StartTrvlDate, EndTrvlDate, site, TrvlDesc from SmpForeignTrvlAlert t where EndTrvlDate >=getdate()  and StartTrvlDate <=getDate()  order by SMWYAAA004, SMWYAAA002 
smtpserver : sysalert.simplo.com.tw 
2014/6/27 上午 06:40:00 // str_date1: 2014/06/12
2014/6/27 上午 06:40:00 // str_lastmonth: 2014/04/27
2014/6/27 上午 06:40:00 oArgs=WScript.Arguments 
2014/6/27 上午 06:40:00 connect db 
2014/6/27 上午 06:40:00 SQL Statement:  select SMWYAAA004, SMWYAAA002, deptInfo, tripUser, StartTrvlDate, EndTrvlDate, site, TrvlDesc from SmpForeignTrvlAlert t where EndTrvlDate >=getdate()  and StartTrvlDate <=getDate()  order by SMWYAAA004, SMWYAAA002 
smtpserver : sysalert.simplo.com.tw 
2014/6/30 上午 06:40:00 // str_date1: 2014/06/15
2014/6/30 上午 06:40:00 // str_lastmonth: 2014/04/30
2014/6/30 上午 06:40:00 oArgs=WScript.Arguments 
2014/6/30 上午 06:40:00 connect db 
2014/6/30 上午 06:40:00 SQL Statement:  select SMWYAAA004, SMWYAAA002, deptInfo, tripUser, StartTrvlDate, EndTrvlDate, site, TrvlDesc from SmpForeignTrvlAlert t where EndTrvlDate >=getdate()  and StartTrvlDate <=getDate()  order by SMWYAAA004, SMWYAAA002 
smtpserver : sysalert.simplo.com.tw 
2014/7/1 上午 06:40:00 // str_date1: 2014/07/16
2014/7/1 上午 06:40:00 // str_lastmonth: 2014/05/01
2014/7/1 上午 06:40:00 oArgs=WScript.Arguments 
2014/7/1 上午 06:40:00 connect db 
2014/7/1 上午 06:40:00 SQL Statement:  select SMWYAAA004, SMWYAAA002, deptInfo, tripUser, StartTrvlDate, EndTrvlDate, site, TrvlDesc from SmpForeignTrvlAlert t where EndTrvlDate >=getdate()  and StartTrvlDate <=getDate()  order by SMWYAAA004, SMWYAAA002 
smtpserver : sysalert.simplo.com.tw 
2014/7/2 上午 06:40:00 // str_date1: 2014/07/17
2014/7/2 上午 06:40:00 // str_lastmonth: 2014/05/02
2014/7/2 上午 06:40:00 oArgs=WScript.Arguments 
2014/7/2 上午 06:40:00 connect db 
2014/7/2 上午 06:40:00 SQL Statement:  select SMWYAAA004, SMWYAAA002, deptInfo, tripUser, StartTrvlDate, EndTrvlDate, site, TrvlDesc from SmpForeignTrvlAlert t where EndTrvlDate >=getdate()  and StartTrvlDate <=getDate()  order by SMWYAAA004, SMWYAAA002 
smtpserver : sysalert.simplo.com.tw 
2014/7/3 上午 06:40:00 // str_date1: 2014/07/18
2014/7/3 上午 06:40:00 // str_lastmonth: 2014/05/03
2014/7/3 上午 06:40:00 oArgs=WScript.Arguments 
2014/7/3 上午 06:40:00 connect db 
2014/7/3 上午 06:40:00 SQL Statement:  select SMWYAAA004, SMWYAAA002, deptInfo, tripUser, StartTrvlDate, EndTrvlDate, site, TrvlDesc from SmpForeignTrvlAlert t where EndTrvlDate >=getdate()  and StartTrvlDate <=getDate()  order by SMWYAAA004, SMWYAAA002 
smtpserver : sysalert.simplo.com.tw 
2014/7/4 上午 06:40:00 // str_date1: 2014/07/19
2014/7/4 上午 06:40:00 // str_lastmonth: 2014/05/04
2014/7/4 上午 06:40:00 oArgs=WScript.Arguments 
2014/7/4 上午 06:40:00 connect db 
2014/7/4 上午 06:40:00 SQL Statement:  select SMWYAAA004, SMWYAAA002, deptInfo, tripUser, StartTrvlDate, EndTrvlDate, site, TrvlDesc from SmpForeignTrvlAlert t where EndTrvlDate >=getdate()  and StartTrvlDate <=getDate()  order by SMWYAAA004, SMWYAAA002 
smtpserver : sysalert.simplo.com.tw 
2014/7/7 上午 06:40:00 // str_date1: 2014/07/22
2014/7/7 上午 06:40:00 // str_lastmonth: 2014/05/07
2014/7/7 上午 06:40:00 oArgs=WScript.Arguments 
2014/7/7 上午 06:40:00 connect db 
2014/7/7 上午 06:40:00 SQL Statement:  select SMWYAAA004, SMWYAAA002, deptInfo, tripUser, StartTrvlDate, EndTrvlDate, site, TrvlDesc from SmpForeignTrvlAlert t where EndTrvlDate >=getdate()  and StartTrvlDate <=getDate()  order by SMWYAAA004, SMWYAAA002 
smtpserver : sysalert.simplo.com.tw 
2014/7/8 上午 06:40:00 // str_date1: 2014/07/23
2014/7/8 上午 06:40:00 // str_lastmonth: 2014/05/08
2014/7/8 上午 06:40:00 oArgs=WScript.Arguments 
2014/7/8 上午 06:40:00 connect db 
2014/7/8 上午 06:40:00 SQL Statement:  select SMWYAAA004, SMWYAAA002, deptInfo, tripUser, StartTrvlDate, EndTrvlDate, site, TrvlDesc from SmpForeignTrvlAlert t where EndTrvlDate >=getdate()  and StartTrvlDate <=getDate()  order by SMWYAAA004, SMWYAAA002 
smtpserver : sysalert.simplo.com.tw 
2014/7/9 上午 06:40:00 // str_date1: 2014/07/24
2014/7/9 上午 06:40:00 // str_lastmonth: 2014/05/09
2014/7/9 上午 06:40:00 oArgs=WScript.Arguments 
2014/7/9 上午 06:40:00 connect db 
2014/7/9 上午 06:40:00 SQL Statement:  select SMWYAAA004, SMWYAAA002, deptInfo, tripUser, StartTrvlDate, EndTrvlDate, site, TrvlDesc from SmpForeignTrvlAlert t where EndTrvlDate >=getdate()  and StartTrvlDate <=getDate()  order by SMWYAAA004, SMWYAAA002 
smtpserver : sysalert.simplo.com.tw 
2014/7/10 上午 06:40:00 // str_date1: 2014/07/25
2014/7/10 上午 06:40:00 // str_lastmonth: 2014/05/10
2014/7/10 上午 06:40:00 oArgs=WScript.Arguments 
2014/7/10 上午 06:40:00 connect db 
2014/7/10 上午 06:40:00 SQL Statement:  select SMWYAAA004, SMWYAAA002, deptInfo, tripUser, StartTrvlDate, EndTrvlDate, site, TrvlDesc from SmpForeignTrvlAlert t where EndTrvlDate >=getdate()  and StartTrvlDate <=getDate()  order by SMWYAAA004, SMWYAAA002 
smtpserver : sysalert.simplo.com.tw 
2014/7/10 上午 08:21:47 // str_date1: 2014/07/25
2014/7/10 上午 08:21:47 // str_lastmonth: 2014/05/10
2014/7/10 上午 08:21:47 oArgs=WScript.Arguments 
2014/7/10 上午 08:21:47 connect db 
2014/7/10 上午 08:21:47 SQL Statement:  select SMWYAAA004, SMWYAAA002, deptInfo, tripUser, StartTrvlDate, EndTrvlDate, site, TrvlDesc from SmpForeignTrvlAlert t where EndTrvlDate >=getdate()  and StartTrvlDate <=getDate()  order by SMWYAAA004, SMWYAAA002 
smtpserver : sysalert.simplo.com.tw 
2014/7/11 上午 06:40:00 // str_date1: 2014/07/26
2014/7/11 上午 06:40:00 // str_lastmonth: 2014/05/11
2014/7/11 上午 06:40:00 oArgs=WScript.Arguments 
2014/7/11 上午 06:40:00 connect db 
2014/7/11 上午 06:40:00 SQL Statement:  select SMWYAAA004, SMWYAAA002, deptInfo, tripUser, StartTrvlDate, EndTrvlDate, site, TrvlDesc from SmpForeignTrvlAlert t where EndTrvlDate >=getdate()  and StartTrvlDate <=getDate()  order by SMWYAAA004, SMWYAAA002 
smtpserver : sysalert.simplo.com.tw 
2014/7/15 上午 06:40:00 // str_date1: 2014/07/30
2014/7/15 上午 06:40:00 // str_lastmonth: 2014/05/15
2014/7/15 上午 06:40:00 oArgs=WScript.Arguments 
2014/7/15 上午 06:40:00 connect db 
2014/7/15 上午 06:40:00 SQL Statement:  select SMWYAAA004, SMWYAAA002, deptInfo, tripUser, StartTrvlDate, EndTrvlDate, site, TrvlDesc from SmpForeignTrvlAlert t where EndTrvlDate >=getdate()  and StartTrvlDate <=getDate()  order by SMWYAAA004, SMWYAAA002 
smtpserver : sysalert.simplo.com.tw 
2014/7/16 下午 12:56:25 // str_date1: 2014/07/31
2014/7/16 下午 12:56:25 // str_lastmonth: 2014/05/16
2014/7/16 下午 12:56:25 oArgs=WScript.Arguments 
2014/7/16 下午 12:56:25 connect db 
2014/7/16 下午 12:56:25 SQL Statement:  select SMWYAAA004, SMWYAAA002, deptInfo, tripUser, StartTrvlDate, EndTrvlDate, site, TrvlDesc from SmpForeignTrvlAlert t where EndTrvlDate >=getdate()  and StartTrvlDate <=getDate()  order by SMWYAAA004, SMWYAAA002 
smtpserver : sysalert.simplo.com.tw 
2014/7/16 下午 12:57:45 // str_date1: 2014/07/31
2014/7/16 下午 12:57:45 // str_lastmonth: 2014/05/16
2014/7/16 下午 12:57:45 oArgs=WScript.Arguments 
2014/7/16 下午 12:57:45 connect db 
2014/7/16 下午 12:57:45 SQL Statement:  select orgId, SMWYAAA004, SMWYAAA002, deptInfo, tripUser, StartTrvlDate, EndTrvlDate, site, TrvlDesc from SmpForeignTrvlAlert t where EndTrvlDate >=getdate()  and StartTrvlDate <=getDate()  order by SMWYAAA004, SMWYAAA002 
smtpserver : sysalert.simplo.com.tw 
2014/7/17 上午 06:40:00 // str_date1: 2014/07/01
2014/7/17 上午 06:40:00 // str_lastmonth: 2014/05/17
2014/7/17 上午 06:40:00 oArgs=WScript.Arguments 
2014/7/17 上午 06:40:00 connect db 
2014/7/17 上午 06:40:00 SQL Statement:  select orgId, SMWYAAA004, SMWYAAA002, deptInfo, tripUser, StartTrvlDate, EndTrvlDate, site, TrvlDesc from SmpForeignTrvlAlert t where EndTrvlDate >=getdate()  and StartTrvlDate <=getDate()  order by SMWYAAA004, SMWYAAA002 
smtpserver : sysalert.simplo.com.tw 
2014/7/18 上午 06:40:00 // str_date1: 2014/07/02
2014/7/18 上午 06:40:00 // str_lastmonth: 2014/05/18
2014/7/18 上午 06:40:00 oArgs=WScript.Arguments 
2014/7/18 上午 06:40:00 connect db 
2014/7/18 上午 06:40:00 SQL Statement:  select orgId, SMWYAAA004, SMWYAAA002, deptInfo, tripUser, StartTrvlDate, EndTrvlDate, site, TrvlDesc from SmpForeignTrvlAlert t where EndTrvlDate >=getdate()  and StartTrvlDate <=getDate()  order by SMWYAAA004, SMWYAAA002 
smtpserver : sysalert.simplo.com.tw 
2014/8/22 下午 05:09:04 // str_date1: 2014/08/06
2014/8/22 下午 05:09:04 // str_lastmonth: 2014/06/22
2014/8/22 下午 05:09:04 oArgs=WScript.Arguments 
2014/8/22 下午 05:09:04 connect db 
2014/8/22 下午 05:09:04 SQL Statement:  select orgId, SMWYAAA004, SMWYAAA002, deptInfo, tripUser, StartTrvlDate, EndTrvlDate, site, TrvlDesc from SmpForeignTrvlAlert t where EndTrvlDate >=getdate()  and StartTrvlDate <=getDate()  order by SMWYAAA004, SMWYAAA002 
smtpserver : sysalert.simplo.com.tw 
2015/2/2 上午 06:40:00 // str_date1: 2015/02/17
2015/2/2 上午 06:40:00 // str_lastmonth: 2014/12/02
2015/2/2 上午 06:40:00 oArgs=WScript.Arguments 
smtpserver : sysalert.simplo.com.tw 
2015/2/10 上午 06:40:00 // str_date1: 2015/02/25
2015/2/10 上午 06:40:00 // str_lastmonth: 2014/12/10
2015/2/10 上午 06:40:00 oArgs=WScript.Arguments 
2015/2/10 上午 06:40:00 connect db 
2015/2/10 上午 06:40:00 SQL Statement:  select orgId, SMWYAAA004, SMWYAAA002, deptInfo, tripUser, StartTrvlDate, EndTrvlDate, site, TrvlDesc from SmpForeignTrvlAlert t where EndTrvlDate >=getdate()  and StartTrvlDate <=getDate()  order by SMWYAAA004, SMWYAAA002 
smtpserver : sysalert.simplo.com.tw 
2015/2/11 上午 06:40:00 // str_date1: 2015/02/26
2015/2/11 上午 06:40:00 // str_lastmonth: 2014/12/11
2015/2/11 上午 06:40:00 oArgs=WScript.Arguments 
2015/2/11 上午 06:40:00 connect db 
2015/2/11 上午 06:40:00 SQL Statement:  select orgId, SMWYAAA004, SMWYAAA002, deptInfo, tripUser, StartTrvlDate, EndTrvlDate, site, TrvlDesc from SmpForeignTrvlAlert t where EndTrvlDate >=getdate()  and StartTrvlDate <=getDate()  order by SMWYAAA004, SMWYAAA002 
