BeforeApprove - DoCheck ..... 
Start Time = 2014/6/5 上午 10:32:05
lngERPVersion = 3
lngReturnType = 2
strWfFormID = A1253
strWfSheetNo = 20140603
lngAction = 0
strProgID = PALI12
strCompID = SMP
strUserID = 4972
strParameter3 = 0001
strParameter4 = 
lngKeyNumber = 3
strComfirmObject = TransManager.TxnManager
strComPRID = PALI12
strComDate = 
strUserNTID = Liping_Huang
strERPServerIP = 192.168.2.22

呼叫 ERPCoordinatorOfEF 元件成功 
呼叫 ERP 3.X版的 DoCheck 
確認可否回寫ERP      => Y
確認可否回寫狀態描述 => 


AfterApprove - DoIt
Start Time = 2014/6/5 上午 10:32:06
lngERPVersion = 3
lngReturnType = 2
strWfFormID = A1253
strWfSheetNo = 20140603
lngAction = 0
strProgID = PALI12
strCompID = SMP
strUserID = 4972
strParameter3 = 0001
strParameter4 = 
lngKeyNumber = 3
strComfirmObject = TransManager.TxnManager
strComPRID = PALI12
strComDate = 
strUserNTID = Liping_Huang
strERPServerIP = 192.168.2.22

呼叫 ERPCoordinatorOfEF 元件成功 
呼叫 ERP 3.X版的 DoEasy 
回寫ERP      => Y
回寫狀態描述 => 確認或取消確認資料單身共  0筆;成功  1筆;失敗  0筆;


BeforeApprove - DoCheck ..... 
Start Time = 2014/6/5 上午 10:32:22
lngERPVersion = 3
lngReturnType = 2
strWfFormID = A1253
strWfSheetNo = 20140605
lngAction = 0
strProgID = PALI12
strCompID = SMP
strUserID = 4972
strParameter3 = 0001
strParameter4 = 
lngKeyNumber = 3
strComfirmObject = TransManager.TxnManager
strComPRID = PALI12
strComDate = 
strUserNTID = Liping_Huang
strERPServerIP = 192.168.2.22

呼叫 ERPCoordinatorOfEF 元件成功 
呼叫 ERP 3.X版的 DoCheck 
確認可否回寫ERP      => Y
確認可否回寫狀態描述 => 


AfterApprove - DoIt
Start Time = 2014/6/5 上午 10:32:23
lngERPVersion = 3
lngReturnType = 2
strWfFormID = A1253
strWfSheetNo = 20140605
lngAction = 0
strProgID = PALI12
strCompID = SMP
strUserID = 4972
strParameter3 = 0001
strParameter4 = 
lngKeyNumber = 3
strComfirmObject = TransManager.TxnManager
strComPRID = PALI12
strComDate = 
strUserNTID = Liping_Huang
strERPServerIP = 192.168.2.22

呼叫 ERPCoordinatorOfEF 元件成功 
呼叫 ERP 3.X版的 DoEasy 
回寫ERP      => Y
回寫狀態描述 => 確認或取消確認資料單身共  0筆;成功  1筆;失敗  0筆;


BeforeApprove - DoCheck ..... 
Start Time = 2014/6/5 上午 10:47:42
lngERPVersion = 3
lngReturnType = 2
strWfFormID = 3651
strWfSheetNo = 20140606
lngAction = 0
strProgID = PALI12
strCompID = SMP
strUserID = 4972
strParameter3 = 0001
strParameter4 = 
lngKeyNumber = 3
strComfirmObject = TransManager.TxnManager
strComPRID = PALI12
strComDate = 
strUserNTID = Liping_Huang
strERPServerIP = 192.168.2.22

呼叫 ERPCoordinatorOfEF 元件成功 
呼叫 ERP 3.X版的 DoCheck 
確認可否回寫ERP      => Y
確認可否回寫狀態描述 => 


AfterApprove - DoIt
Start Time = 2014/6/5 上午 10:47:44
lngERPVersion = 3
lngReturnType = 2
strWfFormID = 3651
strWfSheetNo = 20140606
lngAction = 0
strProgID = PALI12
strCompID = SMP
strUserID = 4972
strParameter3 = 0001
strParameter4 = 
lngKeyNumber = 3
strComfirmObject = TransManager.TxnManager
strComPRID = PALI12
strComDate = 
strUserNTID = Liping_Huang
strERPServerIP = 192.168.2.22

呼叫 ERPCoordinatorOfEF 元件成功 
呼叫 ERP 3.X版的 DoEasy 
回寫ERP      => Y
回寫狀態描述 => 確認或取消確認資料單身共  0筆;成功  1筆;失敗  0筆;


