BeforeApprove - DoCheck ..... 
Start Time = 2014/10/3 下午 01:19:37
lngERPVersion = 3
lngReturnType = 2
strWfFormID = 2711
strWfSheetNo = 20140929
lngAction = 0
strProgID = PALI12
strCompID = SMP
strUserID = 2308
strParameter3 = 0001
strParameter4 = 
lngKeyNumber = 3
strComfirmObject = TransManager.TxnManager
strComPRID = PALI12
strComDate = 
strUserNTID = Caroline_Hsieh
strERPServerIP = 192.168.2.22

呼叫 ERPCoordinatorOfEF 元件成功 
呼叫 ERP 3.X版的 DoCheck 
確認可否回寫ERP      => Y
確認可否回寫狀態描述 => 


AfterApprove - DoIt
Start Time = 2014/10/3 下午 01:19:38
lngERPVersion = 3
lngReturnType = 2
strWfFormID = 2711
strWfSheetNo = 20140929
lngAction = 0
strProgID = PALI12
strCompID = SMP
strUserID = 2308
strParameter3 = 0001
strParameter4 = 
lngKeyNumber = 3
strComfirmObject = TransManager.TxnManager
strComPRID = PALI12
strComDate = 
strUserNTID = Caroline_Hsieh
strERPServerIP = 192.168.2.22

呼叫 ERPCoordinatorOfEF 元件成功 
呼叫 ERP 3.X版的 DoEasy 
回寫ERP      => Y
回寫狀態描述 => 確認或取消確認資料單身共  0筆;成功  1筆;失敗  0筆;


BeforeApprove - DoCheck ..... 
Start Time = 2014/10/3 下午 01:20:09
lngERPVersion = 3
lngReturnType = 2
strWfFormID = 4978
strWfSheetNo = 20141003
lngAction = 0
strProgID = PALI12
strCompID = SMP
strUserID = 2308
strParameter3 = 0001
strParameter4 = 
lngKeyNumber = 3
strComfirmObject = TransManager.TxnManager
strComPRID = PALI12
strComDate = 
strUserNTID = Caroline_Hsieh
strERPServerIP = 192.168.2.22

呼叫 ERPCoordinatorOfEF 元件成功 
呼叫 ERP 3.X版的 DoCheck 
確認可否回寫ERP      => Y
確認可否回寫狀態描述 => 


AfterApprove - DoIt
Start Time = 2014/10/3 下午 01:20:09
lngERPVersion = 3
lngReturnType = 2
strWfFormID = 4978
strWfSheetNo = 20141003
lngAction = 0
strProgID = PALI12
strCompID = SMP
strUserID = 2308
strParameter3 = 0001
strParameter4 = 
lngKeyNumber = 3
strComfirmObject = TransManager.TxnManager
strComPRID = PALI12
strComDate = 
strUserNTID = Caroline_Hsieh
strERPServerIP = 192.168.2.22

呼叫 ERPCoordinatorOfEF 元件成功 
呼叫 ERP 3.X版的 DoEasy 
回寫ERP      => Y
回寫狀態描述 => 確認或取消確認資料單身共  0筆;成功  1筆;失敗  0筆;


BeforeApprove - DoCheck ..... 
Start Time = 2014/10/3 下午 01:34:49
lngERPVersion = 3
lngReturnType = 2
strWfFormID = 3922
strWfSheetNo = 20141003
lngAction = 0
strProgID = PALI12
strCompID = SMP
strUserID = 2308
strParameter3 = 0001
strParameter4 = 
lngKeyNumber = 3
strComfirmObject = TransManager.TxnManager
strComPRID = PALI12
strComDate = 
strUserNTID = Caroline_Hsieh
strERPServerIP = 192.168.2.22

呼叫 ERPCoordinatorOfEF 元件成功 
呼叫 ERP 3.X版的 DoCheck 
確認可否回寫ERP      => Y
確認可否回寫狀態描述 => 


AfterApprove - DoIt
Start Time = 2014/10/3 下午 01:34:50
lngERPVersion = 3
lngReturnType = 2
strWfFormID = 3922
strWfSheetNo = 20141003
lngAction = 0
strProgID = PALI12
strCompID = SMP
strUserID = 2308
strParameter3 = 0001
strParameter4 = 
lngKeyNumber = 3
strComfirmObject = TransManager.TxnManager
strComPRID = PALI12
strComDate = 
strUserNTID = Caroline_Hsieh
strERPServerIP = 192.168.2.22

呼叫 ERPCoordinatorOfEF 元件成功 
呼叫 ERP 3.X版的 DoEasy 
回寫ERP      => Y
回寫狀態描述 => 確認或取消確認資料單身共  0筆;成功  1筆;失敗  0筆;


BeforeApprove - DoCheck ..... 
Start Time = 2014/10/3 下午 01:35:06
lngERPVersion = 3
lngReturnType = 2
strWfFormID = 4861
strWfSheetNo = 20140930
lngAction = 0
strProgID = PALI12
strCompID = SMP
strUserID = 2308
strParameter3 = 0001
strParameter4 = 
lngKeyNumber = 3
strComfirmObject = TransManager.TxnManager
strComPRID = PALI12
strComDate = 
strUserNTID = Caroline_Hsieh
strERPServerIP = 192.168.2.22

呼叫 ERPCoordinatorOfEF 元件成功 
呼叫 ERP 3.X版的 DoCheck 
確認可否回寫ERP      => Y
確認可否回寫狀態描述 => 


AfterApprove - DoIt
Start Time = 2014/10/3 下午 01:35:07
lngERPVersion = 3
lngReturnType = 2
strWfFormID = 4861
strWfSheetNo = 20140930
lngAction = 0
strProgID = PALI12
strCompID = SMP
strUserID = 2308
strParameter3 = 0001
strParameter4 = 
lngKeyNumber = 3
strComfirmObject = TransManager.TxnManager
strComPRID = PALI12
strComDate = 
strUserNTID = Caroline_Hsieh
strERPServerIP = 192.168.2.22

呼叫 ERPCoordinatorOfEF 元件成功 
呼叫 ERP 3.X版的 DoEasy 
回寫ERP      => Y
回寫狀態描述 => 確認或取消確認資料單身共  0筆;成功  1筆;失敗  0筆;


BeforeApprove - DoCheck ..... 
Start Time = 2014/10/3 下午 01:35:24
lngERPVersion = 3
lngReturnType = 2
strWfFormID = 4343
strWfSheetNo = 20141002
lngAction = 0
strProgID = PALI12
strCompID = SMP
strUserID = 2308
strParameter3 = 0001
strParameter4 = 
lngKeyNumber = 3
strComfirmObject = TransManager.TxnManager
strComPRID = PALI12
strComDate = 
strUserNTID = Caroline_Hsieh
strERPServerIP = 192.168.2.22

呼叫 ERPCoordinatorOfEF 元件成功 
呼叫 ERP 3.X版的 DoCheck 
確認可否回寫ERP      => Y
確認可否回寫狀態描述 => 


AfterApprove - DoIt
Start Time = 2014/10/3 下午 01:35:25
lngERPVersion = 3
lngReturnType = 2
strWfFormID = 4343
strWfSheetNo = 20141002
lngAction = 0
strProgID = PALI12
strCompID = SMP
strUserID = 2308
strParameter3 = 0001
strParameter4 = 
lngKeyNumber = 3
strComfirmObject = TransManager.TxnManager
strComPRID = PALI12
strComDate = 
strUserNTID = Caroline_Hsieh
strERPServerIP = 192.168.2.22

呼叫 ERPCoordinatorOfEF 元件成功 
呼叫 ERP 3.X版的 DoEasy 
回寫ERP      => Y
回寫狀態描述 => 確認或取消確認資料單身共  0筆;成功  1筆;失敗  0筆;


BeforeApprove - DoCheck ..... 
Start Time = 2014/10/3 下午 02:03:19
lngERPVersion = 3
lngReturnType = 2
strWfFormID = 3677
strWfSheetNo = 20141007
lngAction = 0
strProgID = PALI12
strCompID = SMP
strUserID = 2308
strParameter3 = 0001
strParameter4 = 
lngKeyNumber = 3
strComfirmObject = TransManager.TxnManager
strComPRID = PALI12
strComDate = 
strUserNTID = Caroline_Hsieh
strERPServerIP = 192.168.2.22

呼叫 ERPCoordinatorOfEF 元件成功 
呼叫 ERP 3.X版的 DoCheck 
確認可否回寫ERP      => Y
確認可否回寫狀態描述 => 


AfterApprove - DoIt
Start Time = 2014/10/3 下午 02:03:19
lngERPVersion = 3
lngReturnType = 2
strWfFormID = 3677
strWfSheetNo = 20141007
lngAction = 0
strProgID = PALI12
strCompID = SMP
strUserID = 2308
strParameter3 = 0001
strParameter4 = 
lngKeyNumber = 3
strComfirmObject = TransManager.TxnManager
strComPRID = PALI12
strComDate = 
strUserNTID = Caroline_Hsieh
strERPServerIP = 192.168.2.22

呼叫 ERPCoordinatorOfEF 元件成功 
呼叫 ERP 3.X版的 DoEasy 
回寫ERP      => Y
回寫狀態描述 => 確認或取消確認資料單身共  0筆;成功  1筆;失敗  0筆;


BeforeApprove - DoCheck ..... 
Start Time = 2014/10/3 下午 02:04:54
lngERPVersion = 3
lngReturnType = 2
strWfFormID = 00033
strWfSheetNo = 20141003
lngAction = 0
strProgID = PALI12
strCompID = TP
strUserID = 2308
strParameter3 = 0001
strParameter4 = 
lngKeyNumber = 3
strComfirmObject = TransManager.TxnManager
strComPRID = PALI12
strComDate = 
strUserNTID = Caroline_Hsieh
strERPServerIP = 192.168.2.22

呼叫 ERPCoordinatorOfEF 元件成功 
呼叫 ERP 3.X版的 DoCheck 
確認可否回寫ERP      => Y
確認可否回寫狀態描述 => 


AfterApprove - DoIt
Start Time = 2014/10/3 下午 02:04:54
lngERPVersion = 3
lngReturnType = 2
strWfFormID = 00033
strWfSheetNo = 20141003
lngAction = 0
strProgID = PALI12
strCompID = TP
strUserID = 2308
strParameter3 = 0001
strParameter4 = 
lngKeyNumber = 3
strComfirmObject = TransManager.TxnManager
strComPRID = PALI12
strComDate = 
strUserNTID = Caroline_Hsieh
strERPServerIP = 192.168.2.22

呼叫 ERPCoordinatorOfEF 元件成功 
呼叫 ERP 3.X版的 DoEasy 
回寫ERP      => Y
回寫狀態描述 => 確認或取消確認資料單身共  0筆;成功  1筆;失敗  0筆;


BeforeApprove - DoCheck ..... 
Start Time = 2014/10/3 下午 02:05:09
lngERPVersion = 3
lngReturnType = 2
strWfFormID = 00061
strWfSheetNo = 20141006
lngAction = 0
strProgID = PALI12
strCompID = TP
strUserID = 2308
strParameter3 = 0001
strParameter4 = 
lngKeyNumber = 3
strComfirmObject = TransManager.TxnManager
strComPRID = PALI12
strComDate = 
strUserNTID = Caroline_Hsieh
strERPServerIP = 192.168.2.22

呼叫 ERPCoordinatorOfEF 元件成功 
呼叫 ERP 3.X版的 DoCheck 
確認可否回寫ERP      => Y
確認可否回寫狀態描述 => 


AfterApprove - DoIt
Start Time = 2014/10/3 下午 02:05:10
lngERPVersion = 3
lngReturnType = 2
strWfFormID = 00061
strWfSheetNo = 20141006
lngAction = 0
strProgID = PALI12
strCompID = TP
strUserID = 2308
strParameter3 = 0001
strParameter4 = 
lngKeyNumber = 3
strComfirmObject = TransManager.TxnManager
strComPRID = PALI12
strComDate = 
strUserNTID = Caroline_Hsieh
strERPServerIP = 192.168.2.22

呼叫 ERPCoordinatorOfEF 元件成功 
呼叫 ERP 3.X版的 DoEasy 
回寫ERP      => Y
回寫狀態描述 => 確認或取消確認資料單身共  0筆;成功  1筆;失敗  0筆;


BeforeApprove - DoCheck ..... 
Start Time = 2014/10/3 下午 02:05:33
lngERPVersion = 3
lngReturnType = 2
strWfFormID = 00030
strWfSheetNo = 20141006
lngAction = 0
strProgID = PALI12
strCompID = TP
strUserID = 2308
strParameter3 = 0001
strParameter4 = 
lngKeyNumber = 3
strComfirmObject = TransManager.TxnManager
strComPRID = PALI12
strComDate = 
strUserNTID = Caroline_Hsieh
strERPServerIP = 192.168.2.22

呼叫 ERPCoordinatorOfEF 元件成功 
呼叫 ERP 3.X版的 DoCheck 
確認可否回寫ERP      => Y
確認可否回寫狀態描述 => 


AfterApprove - DoIt
Start Time = 2014/10/3 下午 02:05:34
lngERPVersion = 3
lngReturnType = 2
strWfFormID = 00030
strWfSheetNo = 20141006
lngAction = 0
strProgID = PALI12
strCompID = TP
strUserID = 2308
strParameter3 = 0001
strParameter4 = 
lngKeyNumber = 3
strComfirmObject = TransManager.TxnManager
strComPRID = PALI12
strComDate = 
strUserNTID = Caroline_Hsieh
strERPServerIP = 192.168.2.22

呼叫 ERPCoordinatorOfEF 元件成功 
呼叫 ERP 3.X版的 DoEasy 
回寫ERP      => Y
回寫狀態描述 => 確認或取消確認資料單身共  0筆;成功  1筆;失敗  0筆;


BeforeApprove - DoCheck ..... 
Start Time = 2014/10/3 下午 02:19:27
lngERPVersion = 3
lngReturnType = 2
strWfFormID = 00020
strWfSheetNo = 20141003
lngAction = 0
strProgID = PALI12
strCompID = TP
strUserID = 2308
strParameter3 = 0001
strParameter4 = 
lngKeyNumber = 3
strComfirmObject = TransManager.TxnManager
strComPRID = PALI12
strComDate = 
strUserNTID = Caroline_Hsieh
strERPServerIP = 192.168.2.22

呼叫 ERPCoordinatorOfEF 元件成功 
呼叫 ERP 3.X版的 DoCheck 
確認可否回寫ERP      => Y
確認可否回寫狀態描述 => 


AfterApprove - DoIt
Start Time = 2014/10/3 下午 02:19:28
lngERPVersion = 3
lngReturnType = 2
strWfFormID = 00020
strWfSheetNo = 20141003
lngAction = 0
strProgID = PALI12
strCompID = TP
strUserID = 2308
strParameter3 = 0001
strParameter4 = 
lngKeyNumber = 3
strComfirmObject = TransManager.TxnManager
strComPRID = PALI12
strComDate = 
strUserNTID = Caroline_Hsieh
strERPServerIP = 192.168.2.22

呼叫 ERPCoordinatorOfEF 元件成功 
呼叫 ERP 3.X版的 DoEasy 
回寫ERP      => Y
回寫狀態描述 => 確認或取消確認資料單身共  0筆;成功  1筆;失敗  0筆;


BeforeApprove - DoCheck ..... 
Start Time = 2014/10/3 下午 03:55:59
lngERPVersion = 3
lngReturnType = 2
strWfFormID = 4649
strWfSheetNo = 20141003
lngAction = 0
strProgID = PALI12
strCompID = SMP
strUserID = 2308
strParameter3 = 0001
strParameter4 = 
lngKeyNumber = 3
strComfirmObject = TransManager.TxnManager
strComPRID = PALI12
strComDate = 
strUserNTID = Caroline_Hsieh
strERPServerIP = 192.168.2.22

呼叫 ERPCoordinatorOfEF 元件成功 
呼叫 ERP 3.X版的 DoCheck 
確認可否回寫ERP      => Y
確認可否回寫狀態描述 => 


AfterApprove - DoIt
Start Time = 2014/10/3 下午 03:56:00
lngERPVersion = 3
lngReturnType = 2
strWfFormID = 4649
strWfSheetNo = 20141003
lngAction = 0
strProgID = PALI12
strCompID = SMP
strUserID = 2308
strParameter3 = 0001
strParameter4 = 
lngKeyNumber = 3
strComfirmObject = TransManager.TxnManager
strComPRID = PALI12
strComDate = 
strUserNTID = Caroline_Hsieh
strERPServerIP = 192.168.2.22

呼叫 ERPCoordinatorOfEF 元件成功 
呼叫 ERP 3.X版的 DoEasy 
回寫ERP      => Y
回寫狀態描述 => 確認或取消確認資料單身共  0筆;成功  1筆;失敗  0筆;


BeforeApprove - DoCheck ..... 
Start Time = 2014/10/3 下午 04:13:29
lngERPVersion = 3
lngReturnType = 2
strWfFormID = 2289
strWfSheetNo = 20141001
lngAction = 0
strProgID = PALI12
strCompID = SMP
strUserID = 2308
strParameter3 = 0001
strParameter4 = 
lngKeyNumber = 3
strComfirmObject = TransManager.TxnManager
strComPRID = PALI12
strComDate = 
strUserNTID = Caroline_Hsieh
strERPServerIP = 192.168.2.22

呼叫 ERPCoordinatorOfEF 元件成功 
呼叫 ERP 3.X版的 DoCheck 
確認可否回寫ERP      => Y
確認可否回寫狀態描述 => 


AfterApprove - DoIt
Start Time = 2014/10/3 下午 04:13:30
lngERPVersion = 3
lngReturnType = 2
strWfFormID = 2289
strWfSheetNo = 20141001
lngAction = 0
strProgID = PALI12
strCompID = SMP
strUserID = 2308
strParameter3 = 0001
strParameter4 = 
lngKeyNumber = 3
strComfirmObject = TransManager.TxnManager
strComPRID = PALI12
strComDate = 
strUserNTID = Caroline_Hsieh
strERPServerIP = 192.168.2.22

呼叫 ERPCoordinatorOfEF 元件成功 
呼叫 ERP 3.X版的 DoEasy 
回寫ERP      => Y
回寫狀態描述 => 確認或取消確認資料單身共  0筆;成功  1筆;失敗  0筆;


BeforeApprove - DoCheck ..... 
Start Time = 2014/10/3 下午 05:43:39
lngERPVersion = 3
lngReturnType = 2
strWfFormID = 4426
strWfSheetNo = 20141003
lngAction = 0
strProgID = PALI12
strCompID = SMP
strUserID = 2308
strParameter3 = 0001
strParameter4 = 
lngKeyNumber = 3
strComfirmObject = TransManager.TxnManager
strComPRID = PALI12
strComDate = 
strUserNTID = Caroline_Hsieh
strERPServerIP = 192.168.2.22

呼叫 ERPCoordinatorOfEF 元件成功 
呼叫 ERP 3.X版的 DoCheck 
確認可否回寫ERP      => Y
確認可否回寫狀態描述 => 


AfterApprove - DoIt
Start Time = 2014/10/3 下午 05:43:40
lngERPVersion = 3
lngReturnType = 2
strWfFormID = 4426
strWfSheetNo = 20141003
lngAction = 0
strProgID = PALI12
strCompID = SMP
strUserID = 2308
strParameter3 = 0001
strParameter4 = 
lngKeyNumber = 3
strComfirmObject = TransManager.TxnManager
strComPRID = PALI12
strComDate = 
strUserNTID = Caroline_Hsieh
strERPServerIP = 192.168.2.22

呼叫 ERPCoordinatorOfEF 元件成功 
呼叫 ERP 3.X版的 DoEasy 
回寫ERP      => Y
回寫狀態描述 => 確認或取消確認資料單身共  0筆;成功  1筆;失敗  0筆;


BeforeApprove - DoCheck ..... 
Start Time = 2014/10/3 下午 05:44:10
lngERPVersion = 3
lngReturnType = 2
strWfFormID = 2308
strWfSheetNo = 20141009
lngAction = 0
strProgID = PALI12
strCompID = SMP
strUserID = 2308
strParameter3 = 0001
strParameter4 = 
lngKeyNumber = 3
strComfirmObject = TransManager.TxnManager
strComPRID = PALI12
strComDate = 
strUserNTID = Caroline_Hsieh
strERPServerIP = 192.168.2.22

呼叫 ERPCoordinatorOfEF 元件成功 
呼叫 ERP 3.X版的 DoCheck 
確認可否回寫ERP      => Y
確認可否回寫狀態描述 => 


AfterApprove - DoIt
Start Time = 2014/10/3 下午 05:44:11
lngERPVersion = 3
lngReturnType = 2
strWfFormID = 2308
strWfSheetNo = 20141009
lngAction = 0
strProgID = PALI12
strCompID = SMP
strUserID = 2308
strParameter3 = 0001
strParameter4 = 
lngKeyNumber = 3
strComfirmObject = TransManager.TxnManager
strComPRID = PALI12
strComDate = 
strUserNTID = Caroline_Hsieh
strERPServerIP = 192.168.2.22

呼叫 ERPCoordinatorOfEF 元件成功 
呼叫 ERP 3.X版的 DoEasy 
回寫ERP      => Y
回寫狀態描述 => 確認或取消確認資料單身共  0筆;成功  1筆;失敗  0筆;


