BeforeApprove - DoCheck ..... 
Start Time = 2014/12/19 上午 08:36:08
lngERPVersion = 3
lngReturnType = 2
strWfFormID = 00036
strWfSheetNo = 20141219
lngAction = 0
strProgID = PALI12
strCompID = TP
strUserID = 2308
strParameter3 = 0001
strParameter4 = 
lngKeyNumber = 3
strComfirmObject = TransManager.TxnManager
strComPRID = PALI12
strComDate = 
strUserNTID = Caroline_Hsieh
strERPServerIP = 192.168.2.22

呼叫 ERPCoordinatorOfEF 元件成功 
呼叫 ERP 3.X版的 DoCheck 
確認可否回寫ERP      => Y
確認可否回寫狀態描述 => 


AfterApprove - DoIt
Start Time = 2014/12/19 上午 08:36:21
lngERPVersion = 3
lngReturnType = 2
strWfFormID = 00036
strWfSheetNo = 20141219
lngAction = 0
strProgID = PALI12
strCompID = TP
strUserID = 2308
strParameter3 = 0001
strParameter4 = 
lngKeyNumber = 3
strComfirmObject = TransManager.TxnManager
strComPRID = PALI12
strComDate = 
strUserNTID = Caroline_Hsieh
strERPServerIP = 192.168.2.22

呼叫 ERPCoordinatorOfEF 元件成功 
呼叫 ERP 3.X版的 DoEasy 
回寫ERP      => Y
回寫狀態描述 => 確認或取消確認資料單身共  0筆;成功  1筆;失敗  0筆;


BeforeApprove - DoCheck ..... 
Start Time = 2014/12/19 上午 10:44:21
lngERPVersion = 3
lngReturnType = 2
strWfFormID = 4615
strWfSheetNo = 20141106
lngAction = 0
strProgID = PALI12
strCompID = SMP
strUserID = 2308
strParameter3 = 0001
strParameter4 = 
lngKeyNumber = 3
strComfirmObject = TransManager.TxnManager
strComPRID = PALI12
strComDate = 
strUserNTID = Caroline_Hsieh
strERPServerIP = 192.168.2.22

呼叫 ERPCoordinatorOfEF 元件成功 
呼叫 ERP 3.X版的 DoCheck 
確認可否回寫ERP      => Y
確認可否回寫狀態描述 => 


AfterApprove - DoIt
Start Time = 2014/12/19 上午 10:44:22
lngERPVersion = 3
lngReturnType = 2
strWfFormID = 4615
strWfSheetNo = 20141106
lngAction = 0
strProgID = PALI12
strCompID = SMP
strUserID = 2308
strParameter3 = 0001
strParameter4 = 
lngKeyNumber = 3
strComfirmObject = TransManager.TxnManager
strComPRID = PALI12
strComDate = 
strUserNTID = Caroline_Hsieh
strERPServerIP = 192.168.2.22

呼叫 ERPCoordinatorOfEF 元件成功 
呼叫 ERP 3.X版的 DoEasy 
回寫ERP      => Y
回寫狀態描述 => 確認或取消確認資料單身共  0筆;成功  1筆;失敗  0筆;


BeforeApprove - DoCheck ..... 
Start Time = 2014/12/19 上午 10:44:22
lngERPVersion = 3
lngReturnType = 2
strWfFormID = 4615
strWfSheetNo = 20141107
lngAction = 0
strProgID = PALI12
strCompID = SMP
strUserID = 2308
strParameter3 = 0001
strParameter4 = 
lngKeyNumber = 3
strComfirmObject = TransManager.TxnManager
strComPRID = PALI12
strComDate = 
strUserNTID = Caroline_Hsieh
strERPServerIP = 192.168.2.22

呼叫 ERPCoordinatorOfEF 元件成功 
呼叫 ERP 3.X版的 DoCheck 
確認可否回寫ERP      => Y
確認可否回寫狀態描述 => 


AfterApprove - DoIt
Start Time = 2014/12/19 上午 10:44:23
lngERPVersion = 3
lngReturnType = 2
strWfFormID = 4615
strWfSheetNo = 20141107
lngAction = 0
strProgID = PALI12
strCompID = SMP
strUserID = 2308
strParameter3 = 0001
strParameter4 = 
lngKeyNumber = 3
strComfirmObject = TransManager.TxnManager
strComPRID = PALI12
strComDate = 
strUserNTID = Caroline_Hsieh
strERPServerIP = 192.168.2.22

呼叫 ERPCoordinatorOfEF 元件成功 
呼叫 ERP 3.X版的 DoEasy 
回寫ERP      => Y
回寫狀態描述 => 確認或取消確認資料單身共  0筆;成功  1筆;失敗  0筆;


BeforeApprove - DoCheck ..... 
Start Time = 2014/12/19 上午 10:44:24
lngERPVersion = 3
lngReturnType = 2
strWfFormID = 4615
strWfSheetNo = 20141108
lngAction = 0
strProgID = PALI12
strCompID = SMP
strUserID = 2308
strParameter3 = 0001
strParameter4 = 
lngKeyNumber = 3
strComfirmObject = TransManager.TxnManager
strComPRID = PALI12
strComDate = 
strUserNTID = Caroline_Hsieh
strERPServerIP = 192.168.2.22

呼叫 ERPCoordinatorOfEF 元件成功 
呼叫 ERP 3.X版的 DoCheck 
確認可否回寫ERP      => Y
確認可否回寫狀態描述 => 


AfterApprove - DoIt
Start Time = 2014/12/19 上午 10:44:24
lngERPVersion = 3
lngReturnType = 2
strWfFormID = 4615
strWfSheetNo = 20141108
lngAction = 0
strProgID = PALI12
strCompID = SMP
strUserID = 2308
strParameter3 = 0001
strParameter4 = 
lngKeyNumber = 3
strComfirmObject = TransManager.TxnManager
strComPRID = PALI12
strComDate = 
strUserNTID = Caroline_Hsieh
strERPServerIP = 192.168.2.22

呼叫 ERPCoordinatorOfEF 元件成功 
呼叫 ERP 3.X版的 DoEasy 
回寫ERP      => Y
回寫狀態描述 => 確認或取消確認資料單身共  0筆;成功  1筆;失敗  0筆;


BeforeApprove - DoCheck ..... 
Start Time = 2014/12/19 上午 10:44:25
lngERPVersion = 3
lngReturnType = 2
strWfFormID = 4615
strWfSheetNo = 20141109
lngAction = 0
strProgID = PALI12
strCompID = SMP
strUserID = 2308
strParameter3 = 0001
strParameter4 = 
lngKeyNumber = 3
strComfirmObject = TransManager.TxnManager
strComPRID = PALI12
strComDate = 
strUserNTID = Caroline_Hsieh
strERPServerIP = 192.168.2.22

呼叫 ERPCoordinatorOfEF 元件成功 
呼叫 ERP 3.X版的 DoCheck 
確認可否回寫ERP      => Y
確認可否回寫狀態描述 => 


AfterApprove - DoIt
Start Time = 2014/12/19 上午 10:44:25
lngERPVersion = 3
lngReturnType = 2
strWfFormID = 4615
strWfSheetNo = 20141109
lngAction = 0
strProgID = PALI12
strCompID = SMP
strUserID = 2308
strParameter3 = 0001
strParameter4 = 
lngKeyNumber = 3
strComfirmObject = TransManager.TxnManager
strComPRID = PALI12
strComDate = 
strUserNTID = Caroline_Hsieh
strERPServerIP = 192.168.2.22

呼叫 ERPCoordinatorOfEF 元件成功 
呼叫 ERP 3.X版的 DoEasy 
回寫ERP      => Y
回寫狀態描述 => 確認或取消確認資料單身共  0筆;成功  1筆;失敗  0筆;


BeforeApprove - DoCheck ..... 
Start Time = 2014/12/19 上午 10:44:25
lngERPVersion = 3
lngReturnType = 2
strWfFormID = 4615
strWfSheetNo = 20141110
lngAction = 0
strProgID = PALI12
strCompID = SMP
strUserID = 2308
strParameter3 = 0001
strParameter4 = 
lngKeyNumber = 3
strComfirmObject = TransManager.TxnManager
strComPRID = PALI12
strComDate = 
strUserNTID = Caroline_Hsieh
strERPServerIP = 192.168.2.22

呼叫 ERPCoordinatorOfEF 元件成功 
呼叫 ERP 3.X版的 DoCheck 
確認可否回寫ERP      => Y
確認可否回寫狀態描述 => 


AfterApprove - DoIt
Start Time = 2014/12/19 上午 10:44:26
lngERPVersion = 3
lngReturnType = 2
strWfFormID = 4615
strWfSheetNo = 20141110
lngAction = 0
strProgID = PALI12
strCompID = SMP
strUserID = 2308
strParameter3 = 0001
strParameter4 = 
lngKeyNumber = 3
strComfirmObject = TransManager.TxnManager
strComPRID = PALI12
strComDate = 
strUserNTID = Caroline_Hsieh
strERPServerIP = 192.168.2.22

呼叫 ERPCoordinatorOfEF 元件成功 
呼叫 ERP 3.X版的 DoEasy 
回寫ERP      => Y
回寫狀態描述 => 確認或取消確認資料單身共  0筆;成功  1筆;失敗  0筆;


BeforeApprove - DoCheck ..... 
Start Time = 2014/12/19 上午 10:44:26
lngERPVersion = 3
lngReturnType = 2
strWfFormID = 4615
strWfSheetNo = 20141111
lngAction = 0
strProgID = PALI12
strCompID = SMP
strUserID = 2308
strParameter3 = 0001
strParameter4 = 
lngKeyNumber = 3
strComfirmObject = TransManager.TxnManager
strComPRID = PALI12
strComDate = 
strUserNTID = Caroline_Hsieh
strERPServerIP = 192.168.2.22

呼叫 ERPCoordinatorOfEF 元件成功 
呼叫 ERP 3.X版的 DoCheck 
確認可否回寫ERP      => Y
確認可否回寫狀態描述 => 


AfterApprove - DoIt
Start Time = 2014/12/19 上午 10:44:27
lngERPVersion = 3
lngReturnType = 2
strWfFormID = 4615
strWfSheetNo = 20141111
lngAction = 0
strProgID = PALI12
strCompID = SMP
strUserID = 2308
strParameter3 = 0001
strParameter4 = 
lngKeyNumber = 3
strComfirmObject = TransManager.TxnManager
strComPRID = PALI12
strComDate = 
strUserNTID = Caroline_Hsieh
strERPServerIP = 192.168.2.22

呼叫 ERPCoordinatorOfEF 元件成功 
呼叫 ERP 3.X版的 DoEasy 
回寫ERP      => Y
回寫狀態描述 => 確認或取消確認資料單身共  0筆;成功  1筆;失敗  0筆;


BeforeApprove - DoCheck ..... 
Start Time = 2014/12/19 上午 10:44:27
lngERPVersion = 3
lngReturnType = 2
strWfFormID = 4615
strWfSheetNo = 20141112
lngAction = 0
strProgID = PALI12
strCompID = SMP
strUserID = 2308
strParameter3 = 0001
strParameter4 = 
lngKeyNumber = 3
strComfirmObject = TransManager.TxnManager
strComPRID = PALI12
strComDate = 
strUserNTID = Caroline_Hsieh
strERPServerIP = 192.168.2.22

呼叫 ERPCoordinatorOfEF 元件成功 
呼叫 ERP 3.X版的 DoCheck 
確認可否回寫ERP      => Y
確認可否回寫狀態描述 => 


AfterApprove - DoIt
Start Time = 2014/12/19 上午 10:44:28
lngERPVersion = 3
lngReturnType = 2
strWfFormID = 4615
strWfSheetNo = 20141112
lngAction = 0
strProgID = PALI12
strCompID = SMP
strUserID = 2308
strParameter3 = 0001
strParameter4 = 
lngKeyNumber = 3
strComfirmObject = TransManager.TxnManager
strComPRID = PALI12
strComDate = 
strUserNTID = Caroline_Hsieh
strERPServerIP = 192.168.2.22

呼叫 ERPCoordinatorOfEF 元件成功 
呼叫 ERP 3.X版的 DoEasy 
回寫ERP      => Y
回寫狀態描述 => 確認或取消確認資料單身共  0筆;成功  1筆;失敗  0筆;


BeforeApprove - DoCheck ..... 
Start Time = 2014/12/19 上午 10:44:46
lngERPVersion = 3
lngReturnType = 2
strWfFormID = 4599
strWfSheetNo = 20141219
lngAction = 0
strProgID = PALI12
strCompID = SMP
strUserID = 2308
strParameter3 = 0001
strParameter4 = 
lngKeyNumber = 3
strComfirmObject = TransManager.TxnManager
strComPRID = PALI12
strComDate = 
strUserNTID = Caroline_Hsieh
strERPServerIP = 192.168.2.22

呼叫 ERPCoordinatorOfEF 元件成功 
呼叫 ERP 3.X版的 DoCheck 
確認可否回寫ERP      => Y
確認可否回寫狀態描述 => 


AfterApprove - DoIt
Start Time = 2014/12/19 上午 10:44:47
lngERPVersion = 3
lngReturnType = 2
strWfFormID = 4599
strWfSheetNo = 20141219
lngAction = 0
strProgID = PALI12
strCompID = SMP
strUserID = 2308
strParameter3 = 0001
strParameter4 = 
lngKeyNumber = 3
strComfirmObject = TransManager.TxnManager
strComPRID = PALI12
strComDate = 
strUserNTID = Caroline_Hsieh
strERPServerIP = 192.168.2.22

呼叫 ERPCoordinatorOfEF 元件成功 
呼叫 ERP 3.X版的 DoEasy 
回寫ERP      => Y
回寫狀態描述 => 確認或取消確認資料單身共  0筆;成功  1筆;失敗  0筆;


BeforeApprove - DoCheck ..... 
Start Time = 2014/12/19 上午 10:45:32
lngERPVersion = 3
lngReturnType = 2
strWfFormID = 4915
strWfSheetNo = 20141215
lngAction = 0
strProgID = PALI12
strCompID = SMP
strUserID = 2308
strParameter3 = 0001
strParameter4 = 
lngKeyNumber = 3
strComfirmObject = TransManager.TxnManager
strComPRID = PALI12
strComDate = 
strUserNTID = Caroline_Hsieh
strERPServerIP = 192.168.2.22

呼叫 ERPCoordinatorOfEF 元件成功 
呼叫 ERP 3.X版的 DoCheck 
確認可否回寫ERP      => Y
確認可否回寫狀態描述 => 


AfterApprove - DoIt
Start Time = 2014/12/19 上午 10:45:33
lngERPVersion = 3
lngReturnType = 2
strWfFormID = 4915
strWfSheetNo = 20141215
lngAction = 0
strProgID = PALI12
strCompID = SMP
strUserID = 2308
strParameter3 = 0001
strParameter4 = 
lngKeyNumber = 3
strComfirmObject = TransManager.TxnManager
strComPRID = PALI12
strComDate = 
strUserNTID = Caroline_Hsieh
strERPServerIP = 192.168.2.22

呼叫 ERPCoordinatorOfEF 元件成功 
呼叫 ERP 3.X版的 DoEasy 
回寫ERP      => Y
回寫狀態描述 => 確認或取消確認資料單身共  0筆;成功  1筆;失敗  0筆;


BeforeApprove - DoCheck ..... 
Start Time = 2014/12/19 上午 10:45:59
lngERPVersion = 3
lngReturnType = 2
strWfFormID = 4190
strWfSheetNo = 20141218
lngAction = 0
strProgID = PALI12
strCompID = SMP
strUserID = 2308
strParameter3 = 0001
strParameter4 = 
lngKeyNumber = 3
strComfirmObject = TransManager.TxnManager
strComPRID = PALI12
strComDate = 
strUserNTID = Caroline_Hsieh
strERPServerIP = 192.168.2.22

呼叫 ERPCoordinatorOfEF 元件成功 
呼叫 ERP 3.X版的 DoCheck 
確認可否回寫ERP      => Y
確認可否回寫狀態描述 => 


AfterApprove - DoIt
Start Time = 2014/12/19 上午 10:46:00
lngERPVersion = 3
lngReturnType = 2
strWfFormID = 4190
strWfSheetNo = 20141218
lngAction = 0
strProgID = PALI12
strCompID = SMP
strUserID = 2308
strParameter3 = 0001
strParameter4 = 
lngKeyNumber = 3
strComfirmObject = TransManager.TxnManager
strComPRID = PALI12
strComDate = 
strUserNTID = Caroline_Hsieh
strERPServerIP = 192.168.2.22

呼叫 ERPCoordinatorOfEF 元件成功 
呼叫 ERP 3.X版的 DoEasy 
回寫ERP      => Y
回寫狀態描述 => 確認或取消確認資料單身共  0筆;成功  1筆;失敗  0筆;


BeforeApprove - DoCheck ..... 
Start Time = 2014/12/19 上午 10:46:07
lngERPVersion = 3
lngReturnType = 2
strWfFormID = 4353
strWfSheetNo = 20141219
lngAction = 0
strProgID = PALI12
strCompID = SMP
strUserID = 2308
strParameter3 = 0001
strParameter4 = 
lngKeyNumber = 3
strComfirmObject = TransManager.TxnManager
strComPRID = PALI12
strComDate = 
strUserNTID = Caroline_Hsieh
strERPServerIP = 192.168.2.22

呼叫 ERPCoordinatorOfEF 元件成功 
呼叫 ERP 3.X版的 DoCheck 
確認可否回寫ERP      => Y
確認可否回寫狀態描述 => 


AfterApprove - DoIt
Start Time = 2014/12/19 上午 10:46:08
lngERPVersion = 3
lngReturnType = 2
strWfFormID = 4353
strWfSheetNo = 20141219
lngAction = 0
strProgID = PALI12
strCompID = SMP
strUserID = 2308
strParameter3 = 0001
strParameter4 = 
lngKeyNumber = 3
strComfirmObject = TransManager.TxnManager
strComPRID = PALI12
strComDate = 
strUserNTID = Caroline_Hsieh
strERPServerIP = 192.168.2.22

呼叫 ERPCoordinatorOfEF 元件成功 
呼叫 ERP 3.X版的 DoEasy 
回寫ERP      => Y
回寫狀態描述 => 確認或取消確認資料單身共  0筆;成功  1筆;失敗  0筆;


BeforeApprove - DoCheck ..... 
Start Time = 2014/12/19 上午 10:46:34
lngERPVersion = 3
lngReturnType = 2
strWfFormID = 4264
strWfSheetNo = 20141219
lngAction = 0
strProgID = PALI12
strCompID = SMP
strUserID = 2308
strParameter3 = 0001
strParameter4 = 
lngKeyNumber = 3
strComfirmObject = TransManager.TxnManager
strComPRID = PALI12
strComDate = 
strUserNTID = Caroline_Hsieh
strERPServerIP = 192.168.2.22

呼叫 ERPCoordinatorOfEF 元件成功 
呼叫 ERP 3.X版的 DoCheck 
確認可否回寫ERP      => Y
確認可否回寫狀態描述 => 


AfterApprove - DoIt
Start Time = 2014/12/19 上午 10:46:35
lngERPVersion = 3
lngReturnType = 2
strWfFormID = 4264
strWfSheetNo = 20141219
lngAction = 0
strProgID = PALI12
strCompID = SMP
strUserID = 2308
strParameter3 = 0001
strParameter4 = 
lngKeyNumber = 3
strComfirmObject = TransManager.TxnManager
strComPRID = PALI12
strComDate = 
strUserNTID = Caroline_Hsieh
strERPServerIP = 192.168.2.22

呼叫 ERPCoordinatorOfEF 元件成功 
呼叫 ERP 3.X版的 DoEasy 
回寫ERP      => Y
回寫狀態描述 => 確認或取消確認資料單身共  0筆;成功  1筆;失敗  0筆;


BeforeApprove - DoCheck ..... 
Start Time = 2014/12/19 上午 10:46:44
lngERPVersion = 3
lngReturnType = 2
strWfFormID = 4095
strWfSheetNo = 20141215
lngAction = 0
strProgID = PALI12
strCompID = SMP
strUserID = 2308
strParameter3 = 0001
strParameter4 = 
lngKeyNumber = 3
strComfirmObject = TransManager.TxnManager
strComPRID = PALI12
strComDate = 
strUserNTID = Caroline_Hsieh
strERPServerIP = 192.168.2.22

呼叫 ERPCoordinatorOfEF 元件成功 
呼叫 ERP 3.X版的 DoCheck 
確認可否回寫ERP      => Y
確認可否回寫狀態描述 => 


AfterApprove - DoIt
Start Time = 2014/12/19 上午 10:46:44
lngERPVersion = 3
lngReturnType = 2
strWfFormID = 4095
strWfSheetNo = 20141215
lngAction = 0
strProgID = PALI12
strCompID = SMP
strUserID = 2308
strParameter3 = 0001
strParameter4 = 
lngKeyNumber = 3
strComfirmObject = TransManager.TxnManager
strComPRID = PALI12
strComDate = 
strUserNTID = Caroline_Hsieh
strERPServerIP = 192.168.2.22

呼叫 ERPCoordinatorOfEF 元件成功 
呼叫 ERP 3.X版的 DoEasy 
回寫ERP      => Y
回寫狀態描述 => 確認或取消確認資料單身共  0筆;成功  1筆;失敗  0筆;


BeforeApprove - DoCheck ..... 
Start Time = 2014/12/19 下午 03:30:43
lngERPVersion = 3
lngReturnType = 2
strWfFormID = 2506
strWfSheetNo = 20141219
lngAction = 0
strProgID = PALI12
strCompID = SMP
strUserID = 2308
strParameter3 = 0001
strParameter4 = 
lngKeyNumber = 3
strComfirmObject = TransManager.TxnManager
strComPRID = PALI12
strComDate = 
strUserNTID = Caroline_Hsieh
strERPServerIP = 192.168.2.22

呼叫 ERPCoordinatorOfEF 元件成功 
呼叫 ERP 3.X版的 DoCheck 
確認可否回寫ERP      => Y
確認可否回寫狀態描述 => 


AfterApprove - DoIt
Start Time = 2014/12/19 下午 03:30:44
lngERPVersion = 3
lngReturnType = 2
strWfFormID = 2506
strWfSheetNo = 20141219
lngAction = 0
strProgID = PALI12
strCompID = SMP
strUserID = 2308
strParameter3 = 0001
strParameter4 = 
lngKeyNumber = 3
strComfirmObject = TransManager.TxnManager
strComPRID = PALI12
strComDate = 
strUserNTID = Caroline_Hsieh
strERPServerIP = 192.168.2.22

呼叫 ERPCoordinatorOfEF 元件成功 
呼叫 ERP 3.X版的 DoEasy 
回寫ERP      => Y
回寫狀態描述 => 確認或取消確認資料單身共  0筆;成功  1筆;失敗  0筆;


BeforeApprove - DoCheck ..... 
Start Time = 2014/12/19 下午 03:31:33
lngERPVersion = 3
lngReturnType = 2
strWfFormID = 4320
strWfSheetNo = 20141219
lngAction = 0
strProgID = PALI12
strCompID = SMP
strUserID = 2308
strParameter3 = 0001
strParameter4 = 
lngKeyNumber = 3
strComfirmObject = TransManager.TxnManager
strComPRID = PALI12
strComDate = 
strUserNTID = Caroline_Hsieh
strERPServerIP = 192.168.2.22

呼叫 ERPCoordinatorOfEF 元件成功 
呼叫 ERP 3.X版的 DoCheck 
確認可否回寫ERP      => Y
確認可否回寫狀態描述 => 


AfterApprove - DoIt
Start Time = 2014/12/19 下午 03:31:33
lngERPVersion = 3
lngReturnType = 2
strWfFormID = 4320
strWfSheetNo = 20141219
lngAction = 0
strProgID = PALI12
strCompID = SMP
strUserID = 2308
strParameter3 = 0001
strParameter4 = 
lngKeyNumber = 3
strComfirmObject = TransManager.TxnManager
strComPRID = PALI12
strComDate = 
strUserNTID = Caroline_Hsieh
strERPServerIP = 192.168.2.22

呼叫 ERPCoordinatorOfEF 元件成功 
呼叫 ERP 3.X版的 DoEasy 
回寫ERP      => Y
回寫狀態描述 => 確認或取消確認資料單身共  0筆;成功  1筆;失敗  0筆;


BeforeApprove - DoCheck ..... 
Start Time = 2014/12/19 下午 03:31:44
lngERPVersion = 3
lngReturnType = 2
strWfFormID = 3926
strWfSheetNo = 20141201
lngAction = 0
strProgID = PALI12
strCompID = SMP
strUserID = 2308
strParameter3 = 0001
strParameter4 = 
lngKeyNumber = 3
strComfirmObject = TransManager.TxnManager
strComPRID = PALI12
strComDate = 
strUserNTID = Caroline_Hsieh
strERPServerIP = 192.168.2.22

呼叫 ERPCoordinatorOfEF 元件成功 
呼叫 ERP 3.X版的 DoCheck 
確認可否回寫ERP      => Y
確認可否回寫狀態描述 => 


AfterApprove - DoIt
Start Time = 2014/12/19 下午 03:31:44
lngERPVersion = 3
lngReturnType = 2
strWfFormID = 3926
strWfSheetNo = 20141201
lngAction = 0
strProgID = PALI12
strCompID = SMP
strUserID = 2308
strParameter3 = 0001
strParameter4 = 
lngKeyNumber = 3
strComfirmObject = TransManager.TxnManager
strComPRID = PALI12
strComDate = 
strUserNTID = Caroline_Hsieh
strERPServerIP = 192.168.2.22

呼叫 ERPCoordinatorOfEF 元件成功 
呼叫 ERP 3.X版的 DoEasy 
回寫ERP      => Y
回寫狀態描述 => 確認或取消確認資料單身共  0筆;成功  1筆;失敗  0筆;


BeforeApprove - DoCheck ..... 
Start Time = 2014/12/19 下午 03:58:49
lngERPVersion = 3
lngReturnType = 2
strWfFormID = 2886
strWfSheetNo = 20141219
lngAction = 0
strProgID = PALI12
strCompID = SMP
strUserID = 2308
strParameter3 = 0001
strParameter4 = 
lngKeyNumber = 3
strComfirmObject = TransManager.TxnManager
strComPRID = PALI12
strComDate = 
strUserNTID = Caroline_Hsieh
strERPServerIP = 192.168.2.22

呼叫 ERPCoordinatorOfEF 元件成功 
呼叫 ERP 3.X版的 DoCheck 
確認可否回寫ERP      => Y
確認可否回寫狀態描述 => 


AfterApprove - DoIt
Start Time = 2014/12/19 下午 03:58:50
lngERPVersion = 3
lngReturnType = 2
strWfFormID = 2886
strWfSheetNo = 20141219
lngAction = 0
strProgID = PALI12
strCompID = SMP
strUserID = 2308
strParameter3 = 0001
strParameter4 = 
lngKeyNumber = 3
strComfirmObject = TransManager.TxnManager
strComPRID = PALI12
strComDate = 
strUserNTID = Caroline_Hsieh
strERPServerIP = 192.168.2.22

呼叫 ERPCoordinatorOfEF 元件成功 
呼叫 ERP 3.X版的 DoEasy 
回寫ERP      => Y
回寫狀態描述 => 確認或取消確認資料單身共  0筆;成功  1筆;失敗  0筆;


BeforeApprove - DoCheck ..... 
Start Time = 2014/12/19 下午 05:05:13
lngERPVersion = 3
lngReturnType = 2
strWfFormID = 00067
strWfSheetNo = 20141222
lngAction = 0
strProgID = PALI12
strCompID = TP
strUserID = 2308
strParameter3 = 0001
strParameter4 = 
lngKeyNumber = 3
strComfirmObject = TransManager.TxnManager
strComPRID = PALI12
strComDate = 
strUserNTID = Caroline_Hsieh
strERPServerIP = 192.168.2.22

呼叫 ERPCoordinatorOfEF 元件成功 
呼叫 ERP 3.X版的 DoCheck 
確認可否回寫ERP      => Y
確認可否回寫狀態描述 => 


AfterApprove - DoIt
Start Time = 2014/12/19 下午 05:05:14
lngERPVersion = 3
lngReturnType = 2
strWfFormID = 00067
strWfSheetNo = 20141222
lngAction = 0
strProgID = PALI12
strCompID = TP
strUserID = 2308
strParameter3 = 0001
strParameter4 = 
lngKeyNumber = 3
strComfirmObject = TransManager.TxnManager
strComPRID = PALI12
strComDate = 
strUserNTID = Caroline_Hsieh
strERPServerIP = 192.168.2.22

呼叫 ERPCoordinatorOfEF 元件成功 
呼叫 ERP 3.X版的 DoEasy 
回寫ERP      => Y
回寫狀態描述 => 確認或取消確認資料單身共  0筆;成功  1筆;失敗  0筆;


