BeforeApprove - DoCheck ..... 
Start Time = 2014/1/24 下午 04:08:01
lngERPVersion = 3
lngReturnType = 2
strWfFormID = 4846
strWfSheetNo = 20140106
lngAction = 0
strProgID = PALI12
strCompID = SMP
strUserID = 2854
strParameter3 = 0002
strParameter4 = 
lngKeyNumber = 3
strComfirmObject = TransManager.TxnManager
strComPRID = PALI12
strComDate = 
strUserNTID = LISA_LAI
strERPServerIP = 192.168.2.22

呼叫 ERPCoordinatorOfEF 元件成功 
呼叫 ERP 3.X版的 DoCheck 
確認可否回寫ERP      => Y
確認可否回寫狀態描述 => 


AfterApprove - DoIt
Start Time = 2014/1/24 下午 04:08:06
lngERPVersion = 3
lngReturnType = 2
strWfFormID = 4846
strWfSheetNo = 20140106
lngAction = 0
strProgID = PALI12
strCompID = SMP
strUserID = 2854
strParameter3 = 0002
strParameter4 = 
lngKeyNumber = 3
strComfirmObject = TransManager.TxnManager
strComPRID = PALI12
strComDate = 
strUserNTID = LISA_LAI
strERPServerIP = 192.168.2.22

呼叫 ERPCoordinatorOfEF 元件成功 
呼叫 ERP 3.X版的 DoEasy 
回寫ERP      => Y
回寫狀態描述 => 確認或取消確認資料單身共  0筆;成功  1筆;失敗  0筆;


BeforeApprove - DoCheck ..... 
Start Time = 2014/1/24 下午 04:08:34
lngERPVersion = 3
lngReturnType = 2
strWfFormID = 3907
strWfSheetNo = 20140123
lngAction = 0
strProgID = PALI12
strCompID = SMP
strUserID = 2854
strParameter3 = 0001
strParameter4 = 
lngKeyNumber = 3
strComfirmObject = TransManager.TxnManager
strComPRID = PALI12
strComDate = 
strUserNTID = LISA_LAI
strERPServerIP = 192.168.2.22

呼叫 ERPCoordinatorOfEF 元件成功 
呼叫 ERP 3.X版的 DoCheck 
確認可否回寫ERP      => Y
確認可否回寫狀態描述 => 


AfterApprove - DoIt
Start Time = 2014/1/24 下午 04:08:35
lngERPVersion = 3
lngReturnType = 2
strWfFormID = 3907
strWfSheetNo = 20140123
lngAction = 0
strProgID = PALI12
strCompID = SMP
strUserID = 2854
strParameter3 = 0001
strParameter4 = 
lngKeyNumber = 3
strComfirmObject = TransManager.TxnManager
strComPRID = PALI12
strComDate = 
strUserNTID = LISA_LAI
strERPServerIP = 192.168.2.22

呼叫 ERPCoordinatorOfEF 元件成功 
呼叫 ERP 3.X版的 DoEasy 
回寫ERP      => Y
回寫狀態描述 => 確認或取消確認資料單身共  0筆;成功  1筆;失敗  0筆;


BeforeApprove - DoCheck ..... 
Start Time = 2014/1/24 下午 04:08:46
lngERPVersion = 3
lngReturnType = 2
strWfFormID = 2528
strWfSheetNo = 20140124
lngAction = 0
strProgID = PALI12
strCompID = SMP
strUserID = 2854
strParameter3 = 0001
strParameter4 = 
lngKeyNumber = 3
strComfirmObject = TransManager.TxnManager
strComPRID = PALI12
strComDate = 
strUserNTID = LISA_LAI
strERPServerIP = 192.168.2.22

呼叫 ERPCoordinatorOfEF 元件成功 
呼叫 ERP 3.X版的 DoCheck 
確認可否回寫ERP      => Y
確認可否回寫狀態描述 => 


AfterApprove - DoIt
Start Time = 2014/1/24 下午 04:08:46
lngERPVersion = 3
lngReturnType = 2
strWfFormID = 2528
strWfSheetNo = 20140124
lngAction = 0
strProgID = PALI12
strCompID = SMP
strUserID = 2854
strParameter3 = 0001
strParameter4 = 
lngKeyNumber = 3
strComfirmObject = TransManager.TxnManager
strComPRID = PALI12
strComDate = 
strUserNTID = LISA_LAI
strERPServerIP = 192.168.2.22

呼叫 ERPCoordinatorOfEF 元件成功 
呼叫 ERP 3.X版的 DoEasy 
回寫ERP      => Y
回寫狀態描述 => 確認或取消確認資料單身共  0筆;成功  1筆;失敗  0筆;


BeforeApprove - DoCheck ..... 
Start Time = 2014/1/24 下午 04:10:33
lngERPVersion = 3
lngReturnType = 2
strWfFormID = A1250
strWfSheetNo = 20140128
lngAction = 0
strProgID = PALI12
strCompID = SMP
strUserID = 2854
strParameter3 = 0002
strParameter4 = 
lngKeyNumber = 3
strComfirmObject = TransManager.TxnManager
strComPRID = PALI12
strComDate = 
strUserNTID = LISA_LAI
strERPServerIP = 192.168.2.22

呼叫 ERPCoordinatorOfEF 元件成功 
呼叫 ERP 3.X版的 DoCheck 
確認可否回寫ERP      => Y
確認可否回寫狀態描述 => 


AfterApprove - DoIt
Start Time = 2014/1/24 下午 04:10:34
lngERPVersion = 3
lngReturnType = 2
strWfFormID = A1250
strWfSheetNo = 20140128
lngAction = 0
strProgID = PALI12
strCompID = SMP
strUserID = 2854
strParameter3 = 0002
strParameter4 = 
lngKeyNumber = 3
strComfirmObject = TransManager.TxnManager
strComPRID = PALI12
strComDate = 
strUserNTID = LISA_LAI
strERPServerIP = 192.168.2.22

呼叫 ERPCoordinatorOfEF 元件成功 
呼叫 ERP 3.X版的 DoEasy 
回寫ERP      => Y
回寫狀態描述 => 確認或取消確認資料單身共  0筆;成功  1筆;失敗  0筆;


BeforeApprove - DoCheck ..... 
Start Time = 2014/1/24 下午 04:13:23
lngERPVersion = 3
lngReturnType = 2
strWfFormID = 2822
strWfSheetNo = 20140124
lngAction = 0
strProgID = PALI12
strCompID = SMP
strUserID = 2854
strParameter3 = 0001
strParameter4 = 
lngKeyNumber = 3
strComfirmObject = TransManager.TxnManager
strComPRID = PALI12
strComDate = 
strUserNTID = LISA_LAI
strERPServerIP = 192.168.2.22

呼叫 ERPCoordinatorOfEF 元件成功 
呼叫 ERP 3.X版的 DoCheck 
確認可否回寫ERP      => Y
確認可否回寫狀態描述 => 


AfterApprove - DoIt
Start Time = 2014/1/24 下午 04:13:23
lngERPVersion = 3
lngReturnType = 2
strWfFormID = 2822
strWfSheetNo = 20140124
lngAction = 0
strProgID = PALI12
strCompID = SMP
strUserID = 2854
strParameter3 = 0001
strParameter4 = 
lngKeyNumber = 3
strComfirmObject = TransManager.TxnManager
strComPRID = PALI12
strComDate = 
strUserNTID = LISA_LAI
strERPServerIP = 192.168.2.22

呼叫 ERPCoordinatorOfEF 元件成功 
呼叫 ERP 3.X版的 DoEasy 
回寫ERP      => Y
回寫狀態描述 => 確認或取消確認資料單身共  0筆;成功  1筆;失敗  0筆;


BeforeApprove - DoCheck ..... 
Start Time = 2014/1/24 下午 04:13:35
lngERPVersion = 3
lngReturnType = 2
strWfFormID = 4522
strWfSheetNo = 20140128
lngAction = 0
strProgID = PALI12
strCompID = SMP
strUserID = 2854
strParameter3 = 0001
strParameter4 = 
lngKeyNumber = 3
strComfirmObject = TransManager.TxnManager
strComPRID = PALI12
strComDate = 
strUserNTID = LISA_LAI
strERPServerIP = 192.168.2.22

呼叫 ERPCoordinatorOfEF 元件成功 
呼叫 ERP 3.X版的 DoCheck 
確認可否回寫ERP      => Y
確認可否回寫狀態描述 => 


AfterApprove - DoIt
Start Time = 2014/1/24 下午 04:13:35
lngERPVersion = 3
lngReturnType = 2
strWfFormID = 4522
strWfSheetNo = 20140128
lngAction = 0
strProgID = PALI12
strCompID = SMP
strUserID = 2854
strParameter3 = 0001
strParameter4 = 
lngKeyNumber = 3
strComfirmObject = TransManager.TxnManager
strComPRID = PALI12
strComDate = 
strUserNTID = LISA_LAI
strERPServerIP = 192.168.2.22

呼叫 ERPCoordinatorOfEF 元件成功 
呼叫 ERP 3.X版的 DoEasy 
回寫ERP      => Y
回寫狀態描述 => 確認或取消確認資料單身共  0筆;成功  1筆;失敗  0筆;


BeforeApprove - DoCheck ..... 
Start Time = 2014/1/24 下午 04:13:57
lngERPVersion = 3
lngReturnType = 2
strWfFormID = 4589
strWfSheetNo = 20140320
lngAction = 0
strProgID = PALI12
strCompID = SMP
strUserID = 2854
strParameter3 = 0001
strParameter4 = 
lngKeyNumber = 3
strComfirmObject = TransManager.TxnManager
strComPRID = PALI12
strComDate = 
strUserNTID = LISA_LAI
strERPServerIP = 192.168.2.22

呼叫 ERPCoordinatorOfEF 元件成功 
呼叫 ERP 3.X版的 DoCheck 
確認可否回寫ERP      => Y
確認可否回寫狀態描述 => 


AfterApprove - DoIt
Start Time = 2014/1/24 下午 04:13:58
lngERPVersion = 3
lngReturnType = 2
strWfFormID = 4589
strWfSheetNo = 20140320
lngAction = 0
strProgID = PALI12
strCompID = SMP
strUserID = 2854
strParameter3 = 0001
strParameter4 = 
lngKeyNumber = 3
strComfirmObject = TransManager.TxnManager
strComPRID = PALI12
strComDate = 
strUserNTID = LISA_LAI
strERPServerIP = 192.168.2.22

呼叫 ERPCoordinatorOfEF 元件成功 
呼叫 ERP 3.X版的 DoEasy 
回寫ERP      => Y
回寫狀態描述 => 確認或取消確認資料單身共  0筆;成功  1筆;失敗  0筆;


BeforeApprove - DoCheck ..... 
Start Time = 2014/1/24 下午 04:13:59
lngERPVersion = 3
lngReturnType = 2
strWfFormID = 4589
strWfSheetNo = 20140321
lngAction = 0
strProgID = PALI12
strCompID = SMP
strUserID = 2854
strParameter3 = 0001
strParameter4 = 
lngKeyNumber = 3
strComfirmObject = TransManager.TxnManager
strComPRID = PALI12
strComDate = 
strUserNTID = LISA_LAI
strERPServerIP = 192.168.2.22

呼叫 ERPCoordinatorOfEF 元件成功 
呼叫 ERP 3.X版的 DoCheck 
確認可否回寫ERP      => Y
確認可否回寫狀態描述 => 


AfterApprove - DoIt
Start Time = 2014/1/24 下午 04:13:59
lngERPVersion = 3
lngReturnType = 2
strWfFormID = 4589
strWfSheetNo = 20140321
lngAction = 0
strProgID = PALI12
strCompID = SMP
strUserID = 2854
strParameter3 = 0001
strParameter4 = 
lngKeyNumber = 3
strComfirmObject = TransManager.TxnManager
strComPRID = PALI12
strComDate = 
strUserNTID = LISA_LAI
strERPServerIP = 192.168.2.22

呼叫 ERPCoordinatorOfEF 元件成功 
呼叫 ERP 3.X版的 DoEasy 
回寫ERP      => Y
回寫狀態描述 => 確認或取消確認資料單身共  0筆;成功  1筆;失敗  0筆;


BeforeApprove - DoCheck ..... 
Start Time = 2014/1/24 下午 04:14:41
lngERPVersion = 3
lngReturnType = 2
strWfFormID = 4742
strWfSheetNo = 20140129
lngAction = 0
strProgID = PALI12
strCompID = SMP
strUserID = 2854
strParameter3 = 0001
strParameter4 = 
lngKeyNumber = 3
strComfirmObject = TransManager.TxnManager
strComPRID = PALI12
strComDate = 
strUserNTID = LISA_LAI
strERPServerIP = 192.168.2.22

呼叫 ERPCoordinatorOfEF 元件成功 
呼叫 ERP 3.X版的 DoCheck 
確認可否回寫ERP      => Y
確認可否回寫狀態描述 => 


AfterApprove - DoIt
Start Time = 2014/1/24 下午 04:14:41
lngERPVersion = 3
lngReturnType = 2
strWfFormID = 4742
strWfSheetNo = 20140129
lngAction = 0
strProgID = PALI12
strCompID = SMP
strUserID = 2854
strParameter3 = 0001
strParameter4 = 
lngKeyNumber = 3
strComfirmObject = TransManager.TxnManager
strComPRID = PALI12
strComDate = 
strUserNTID = LISA_LAI
strERPServerIP = 192.168.2.22

呼叫 ERPCoordinatorOfEF 元件成功 
呼叫 ERP 3.X版的 DoEasy 
回寫ERP      => Y
回寫狀態描述 => 確認或取消確認資料單身共  0筆;成功  1筆;失敗  0筆;


BeforeApprove - DoCheck ..... 
Start Time = 2014/1/24 下午 04:15:19
lngERPVersion = 3
lngReturnType = 2
strWfFormID = 4704
strWfSheetNo = 20140124
lngAction = 0
strProgID = PALI12
strCompID = SMP
strUserID = 2854
strParameter3 = 0001
strParameter4 = 
lngKeyNumber = 3
strComfirmObject = TransManager.TxnManager
strComPRID = PALI12
strComDate = 
strUserNTID = LISA_LAI
strERPServerIP = 192.168.2.22

呼叫 ERPCoordinatorOfEF 元件成功 
呼叫 ERP 3.X版的 DoCheck 
確認可否回寫ERP      => Y
確認可否回寫狀態描述 => 


AfterApprove - DoIt
Start Time = 2014/1/24 下午 04:15:20
lngERPVersion = 3
lngReturnType = 2
strWfFormID = 4704
strWfSheetNo = 20140124
lngAction = 0
strProgID = PALI12
strCompID = SMP
strUserID = 2854
strParameter3 = 0001
strParameter4 = 
lngKeyNumber = 3
strComfirmObject = TransManager.TxnManager
strComPRID = PALI12
strComDate = 
strUserNTID = LISA_LAI
strERPServerIP = 192.168.2.22

呼叫 ERPCoordinatorOfEF 元件成功 
呼叫 ERP 3.X版的 DoEasy 
回寫ERP      => Y
回寫狀態描述 => 確認或取消確認資料單身共  0筆;成功  1筆;失敗  0筆;


BeforeApprove - DoCheck ..... 
Start Time = 2014/1/24 下午 04:15:39
lngERPVersion = 3
lngReturnType = 2
strWfFormID = 4336
strWfSheetNo = 20140128
lngAction = 0
strProgID = PALI12
strCompID = SMP
strUserID = 2854
strParameter3 = 0001
strParameter4 = 
lngKeyNumber = 3
strComfirmObject = TransManager.TxnManager
strComPRID = PALI12
strComDate = 
strUserNTID = LISA_LAI
strERPServerIP = 192.168.2.22

呼叫 ERPCoordinatorOfEF 元件成功 
呼叫 ERP 3.X版的 DoCheck 
確認可否回寫ERP      => Y
確認可否回寫狀態描述 => 


AfterApprove - DoIt
Start Time = 2014/1/24 下午 04:15:40
lngERPVersion = 3
lngReturnType = 2
strWfFormID = 4336
strWfSheetNo = 20140128
lngAction = 0
strProgID = PALI12
strCompID = SMP
strUserID = 2854
strParameter3 = 0001
strParameter4 = 
lngKeyNumber = 3
strComfirmObject = TransManager.TxnManager
strComPRID = PALI12
strComDate = 
strUserNTID = LISA_LAI
strERPServerIP = 192.168.2.22

呼叫 ERPCoordinatorOfEF 元件成功 
呼叫 ERP 3.X版的 DoEasy 
回寫ERP      => Y
回寫狀態描述 => 確認或取消確認資料單身共  0筆;成功  1筆;失敗  0筆;


BeforeApprove - DoCheck ..... 
Start Time = 2014/1/24 下午 04:15:40
lngERPVersion = 3
lngReturnType = 2
strWfFormID = 4336
strWfSheetNo = 20140129
lngAction = 0
strProgID = PALI12
strCompID = SMP
strUserID = 2854
strParameter3 = 0001
strParameter4 = 
lngKeyNumber = 3
strComfirmObject = TransManager.TxnManager
strComPRID = PALI12
strComDate = 
strUserNTID = LISA_LAI
strERPServerIP = 192.168.2.22

呼叫 ERPCoordinatorOfEF 元件成功 
呼叫 ERP 3.X版的 DoCheck 
確認可否回寫ERP      => Y
確認可否回寫狀態描述 => 


AfterApprove - DoIt
Start Time = 2014/1/24 下午 04:15:41
lngERPVersion = 3
lngReturnType = 2
strWfFormID = 4336
strWfSheetNo = 20140129
lngAction = 0
strProgID = PALI12
strCompID = SMP
strUserID = 2854
strParameter3 = 0001
strParameter4 = 
lngKeyNumber = 3
strComfirmObject = TransManager.TxnManager
strComPRID = PALI12
strComDate = 
strUserNTID = LISA_LAI
strERPServerIP = 192.168.2.22

呼叫 ERPCoordinatorOfEF 元件成功 
呼叫 ERP 3.X版的 DoEasy 
回寫ERP      => Y
回寫狀態描述 => 確認或取消確認資料單身共  0筆;成功  1筆;失敗  0筆;


BeforeApprove - DoCheck ..... 
Start Time = 2014/1/24 下午 04:15:56
lngERPVersion = 3
lngReturnType = 2
strWfFormID = 4074
strWfSheetNo = 20140124
lngAction = 0
strProgID = PALI12
strCompID = SMP
strUserID = 2854
strParameter3 = 0001
strParameter4 = 
lngKeyNumber = 3
strComfirmObject = TransManager.TxnManager
strComPRID = PALI12
strComDate = 
strUserNTID = LISA_LAI
strERPServerIP = 192.168.2.22

呼叫 ERPCoordinatorOfEF 元件成功 
呼叫 ERP 3.X版的 DoCheck 
確認可否回寫ERP      => Y
確認可否回寫狀態描述 => 


AfterApprove - DoIt
Start Time = 2014/1/24 下午 04:15:56
lngERPVersion = 3
lngReturnType = 2
strWfFormID = 4074
strWfSheetNo = 20140124
lngAction = 0
strProgID = PALI12
strCompID = SMP
strUserID = 2854
strParameter3 = 0001
strParameter4 = 
lngKeyNumber = 3
strComfirmObject = TransManager.TxnManager
strComPRID = PALI12
strComDate = 
strUserNTID = LISA_LAI
strERPServerIP = 192.168.2.22

呼叫 ERPCoordinatorOfEF 元件成功 
呼叫 ERP 3.X版的 DoEasy 
回寫ERP      => Y
回寫狀態描述 => 確認或取消確認資料單身共  0筆;成功  1筆;失敗  0筆;


BeforeApprove - DoCheck ..... 
Start Time = 2014/1/24 下午 04:16:09
lngERPVersion = 3
lngReturnType = 2
strWfFormID = 4582
strWfSheetNo = 20140122
lngAction = 0
strProgID = PALI12
strCompID = SMP
strUserID = 2854
strParameter3 = 0001
strParameter4 = 
lngKeyNumber = 3
strComfirmObject = TransManager.TxnManager
strComPRID = PALI12
strComDate = 
strUserNTID = LISA_LAI
strERPServerIP = 192.168.2.22

呼叫 ERPCoordinatorOfEF 元件成功 
呼叫 ERP 3.X版的 DoCheck 
確認可否回寫ERP      => Y
確認可否回寫狀態描述 => 


AfterApprove - DoIt
Start Time = 2014/1/24 下午 04:16:09
lngERPVersion = 3
lngReturnType = 2
strWfFormID = 4582
strWfSheetNo = 20140122
lngAction = 0
strProgID = PALI12
strCompID = SMP
strUserID = 2854
strParameter3 = 0001
strParameter4 = 
lngKeyNumber = 3
strComfirmObject = TransManager.TxnManager
strComPRID = PALI12
strComDate = 
strUserNTID = LISA_LAI
strERPServerIP = 192.168.2.22

呼叫 ERPCoordinatorOfEF 元件成功 
呼叫 ERP 3.X版的 DoEasy 
回寫ERP      => Y
回寫狀態描述 => 確認或取消確認資料單身共  0筆;成功  1筆;失敗  0筆;


