BeforeApprove - DoCheck ..... 
Start Time = 2013/10/25 上午 09:12:33
lngERPVersion = 3
lngReturnType = 2
strWfFormID = 4431
strWfSheetNo = 20131025
lngAction = 0
strProgID = PALI12
strCompID = SMP
strUserID = 2854
strParameter3 = 0001
strParameter4 = 
lngKeyNumber = 3
strComfirmObject = TransManager.TxnManager
strComPRID = PALI12
strComDate = 
strUserNTID = LISA_LAI
strERPServerIP = 192.168.2.22

呼叫 ERPCoordinatorOfEF 元件成功 
呼叫 ERP 3.X版的 DoCheck 
確認可否回寫ERP      => Y
確認可否回寫狀態描述 => 


AfterApprove - DoIt
Start Time = 2013/10/25 上午 09:12:38
lngERPVersion = 3
lngReturnType = 2
strWfFormID = 4431
strWfSheetNo = 20131025
lngAction = 0
strProgID = PALI12
strCompID = SMP
strUserID = 2854
strParameter3 = 0001
strParameter4 = 
lngKeyNumber = 3
strComfirmObject = TransManager.TxnManager
strComPRID = PALI12
strComDate = 
strUserNTID = LISA_LAI
strERPServerIP = 192.168.2.22

呼叫 ERPCoordinatorOfEF 元件成功 
呼叫 ERP 3.X版的 DoEasy 
回寫ERP      => Y
回寫狀態描述 => 確認或取消確認資料單身共  0筆;成功  1筆;失敗  0筆;


BeforeApprove - DoCheck ..... 
Start Time = 2013/10/25 上午 09:13:15
lngERPVersion = 3
lngReturnType = 2
strWfFormID = 4438
strWfSheetNo = 20131025
lngAction = 0
strProgID = PALI12
strCompID = SMP
strUserID = 2854
strParameter3 = 0001
strParameter4 = 
lngKeyNumber = 3
strComfirmObject = TransManager.TxnManager
strComPRID = PALI12
strComDate = 
strUserNTID = LISA_LAI
strERPServerIP = 192.168.2.22

呼叫 ERPCoordinatorOfEF 元件成功 
呼叫 ERP 3.X版的 DoCheck 
確認可否回寫ERP      => Y
確認可否回寫狀態描述 => 


AfterApprove - DoIt
Start Time = 2013/10/25 上午 09:13:16
lngERPVersion = 3
lngReturnType = 2
strWfFormID = 4438
strWfSheetNo = 20131025
lngAction = 0
strProgID = PALI12
strCompID = SMP
strUserID = 2854
strParameter3 = 0001
strParameter4 = 
lngKeyNumber = 3
strComfirmObject = TransManager.TxnManager
strComPRID = PALI12
strComDate = 
strUserNTID = LISA_LAI
strERPServerIP = 192.168.2.22

呼叫 ERPCoordinatorOfEF 元件成功 
呼叫 ERP 3.X版的 DoEasy 
回寫ERP      => Y
回寫狀態描述 => 確認或取消確認資料單身共  0筆;成功  1筆;失敗  0筆;


BeforeApprove - DoCheck ..... 
Start Time = 2013/10/25 上午 09:14:26
lngERPVersion = 3
lngReturnType = 2
strWfFormID = 4397
strWfSheetNo = 20131025
lngAction = 0
strProgID = PALI12
strCompID = SMP
strUserID = 2854
strParameter3 = 0001
strParameter4 = 
lngKeyNumber = 3
strComfirmObject = TransManager.TxnManager
strComPRID = PALI12
strComDate = 
strUserNTID = LISA_LAI
strERPServerIP = 192.168.2.22

呼叫 ERPCoordinatorOfEF 元件成功 
呼叫 ERP 3.X版的 DoCheck 
確認可否回寫ERP      => Y
確認可否回寫狀態描述 => 


AfterApprove - DoIt
Start Time = 2013/10/25 上午 09:14:26
lngERPVersion = 3
lngReturnType = 2
strWfFormID = 4397
strWfSheetNo = 20131025
lngAction = 0
strProgID = PALI12
strCompID = SMP
strUserID = 2854
strParameter3 = 0001
strParameter4 = 
lngKeyNumber = 3
strComfirmObject = TransManager.TxnManager
strComPRID = PALI12
strComDate = 
strUserNTID = LISA_LAI
strERPServerIP = 192.168.2.22

呼叫 ERPCoordinatorOfEF 元件成功 
呼叫 ERP 3.X版的 DoEasy 
回寫ERP      => Y
回寫狀態描述 => 確認或取消確認資料單身共  0筆;成功  1筆;失敗  0筆;


BeforeApprove - DoCheck ..... 
Start Time = 2013/10/25 上午 09:16:32
lngERPVersion = 3
lngReturnType = 2
strWfFormID = 4874
strWfSheetNo = 20131023
lngAction = 0
strProgID = PALI12
strCompID = SMP
strUserID = 2854
strParameter3 = 0002
strParameter4 = 
lngKeyNumber = 3
strComfirmObject = TransManager.TxnManager
strComPRID = PALI12
strComDate = 
strUserNTID = LISA_LAI
strERPServerIP = 192.168.2.22

呼叫 ERPCoordinatorOfEF 元件成功 
呼叫 ERP 3.X版的 DoCheck 
確認可否回寫ERP      => Y
確認可否回寫狀態描述 => 


AfterApprove - DoIt
Start Time = 2013/10/25 上午 09:16:33
lngERPVersion = 3
lngReturnType = 2
strWfFormID = 4874
strWfSheetNo = 20131023
lngAction = 0
strProgID = PALI12
strCompID = SMP
strUserID = 2854
strParameter3 = 0002
strParameter4 = 
lngKeyNumber = 3
strComfirmObject = TransManager.TxnManager
strComPRID = PALI12
strComDate = 
strUserNTID = LISA_LAI
strERPServerIP = 192.168.2.22

呼叫 ERPCoordinatorOfEF 元件成功 
呼叫 ERP 3.X版的 DoEasy 
回寫ERP      => Y
回寫狀態描述 => 確認或取消確認資料單身共  0筆;成功  1筆;失敗  0筆;


BeforeApprove - DoCheck ..... 
Start Time = 2013/10/25 上午 09:18:58
lngERPVersion = 3
lngReturnType = 2
strWfFormID = 4490
strWfSheetNo = 20131024
lngAction = 0
strProgID = PALI12
strCompID = SMP
strUserID = 2854
strParameter3 = 0002
strParameter4 = 
lngKeyNumber = 3
strComfirmObject = TransManager.TxnManager
strComPRID = PALI12
strComDate = 
strUserNTID = LISA_LAI
strERPServerIP = 192.168.2.22

呼叫 ERPCoordinatorOfEF 元件成功 
呼叫 ERP 3.X版的 DoCheck 
確認可否回寫ERP      => Y
確認可否回寫狀態描述 => 


AfterApprove - DoIt
Start Time = 2013/10/25 上午 09:18:58
lngERPVersion = 3
lngReturnType = 2
strWfFormID = 4490
strWfSheetNo = 20131024
lngAction = 0
strProgID = PALI12
strCompID = SMP
strUserID = 2854
strParameter3 = 0002
strParameter4 = 
lngKeyNumber = 3
strComfirmObject = TransManager.TxnManager
strComPRID = PALI12
strComDate = 
strUserNTID = LISA_LAI
strERPServerIP = 192.168.2.22

呼叫 ERPCoordinatorOfEF 元件成功 
呼叫 ERP 3.X版的 DoEasy 
回寫ERP      => Y
回寫狀態描述 => 確認或取消確認資料單身共  0筆;成功  1筆;失敗  0筆;


BeforeApprove - DoCheck ..... 
Start Time = 2013/10/25 上午 09:20:24
lngERPVersion = 3
lngReturnType = 2
strWfFormID = 2854
strWfSheetNo = 20131023
lngAction = 0
strProgID = PALI12
strCompID = SMP
strUserID = 2854
strParameter3 = 0001
strParameter4 = 
lngKeyNumber = 3
strComfirmObject = TransManager.TxnManager
strComPRID = PALI12
strComDate = 
strUserNTID = LISA_LAI
strERPServerIP = 192.168.2.22

呼叫 ERPCoordinatorOfEF 元件成功 
呼叫 ERP 3.X版的 DoCheck 
確認可否回寫ERP      => Y
確認可否回寫狀態描述 => 


AfterApprove - DoIt
Start Time = 2013/10/25 上午 09:20:25
lngERPVersion = 3
lngReturnType = 2
strWfFormID = 2854
strWfSheetNo = 20131023
lngAction = 0
strProgID = PALI12
strCompID = SMP
strUserID = 2854
strParameter3 = 0001
strParameter4 = 
lngKeyNumber = 3
strComfirmObject = TransManager.TxnManager
strComPRID = PALI12
strComDate = 
strUserNTID = LISA_LAI
strERPServerIP = 192.168.2.22

呼叫 ERPCoordinatorOfEF 元件成功 
呼叫 ERP 3.X版的 DoEasy 
回寫ERP      => Y
回寫狀態描述 => 確認或取消確認資料單身共  0筆;成功  1筆;失敗  0筆;


BeforeApprove - DoCheck ..... 
Start Time = 2013/10/25 上午 09:21:39
lngERPVersion = 3
lngReturnType = 2
strWfFormID = 2854
strWfSheetNo = 20131101
lngAction = 0
strProgID = PALI12
strCompID = SMP
strUserID = 2854
strParameter3 = 0001
strParameter4 = 
lngKeyNumber = 3
strComfirmObject = TransManager.TxnManager
strComPRID = PALI12
strComDate = 
strUserNTID = LISA_LAI
strERPServerIP = 192.168.2.22

呼叫 ERPCoordinatorOfEF 元件成功 
呼叫 ERP 3.X版的 DoCheck 
確認可否回寫ERP      => Y
確認可否回寫狀態描述 => 


AfterApprove - DoIt
Start Time = 2013/10/25 上午 09:21:40
lngERPVersion = 3
lngReturnType = 2
strWfFormID = 2854
strWfSheetNo = 20131101
lngAction = 0
strProgID = PALI12
strCompID = SMP
strUserID = 2854
strParameter3 = 0001
strParameter4 = 
lngKeyNumber = 3
strComfirmObject = TransManager.TxnManager
strComPRID = PALI12
strComDate = 
strUserNTID = LISA_LAI
strERPServerIP = 192.168.2.22

呼叫 ERPCoordinatorOfEF 元件成功 
呼叫 ERP 3.X版的 DoEasy 
回寫ERP      => Y
回寫狀態描述 => 確認或取消確認資料單身共  0筆;成功  1筆;失敗  0筆;


BeforeApprove - DoCheck ..... 
Start Time = 2013/10/25 上午 09:25:16
lngERPVersion = 3
lngReturnType = 2
strWfFormID = 3304
strWfSheetNo = 20131025
lngAction = 0
strProgID = PALI12
strCompID = SMP
strUserID = 2854
strParameter3 = 0001
strParameter4 = 
lngKeyNumber = 3
strComfirmObject = TransManager.TxnManager
strComPRID = PALI12
strComDate = 
strUserNTID = LISA_LAI
strERPServerIP = 192.168.2.22

呼叫 ERPCoordinatorOfEF 元件成功 
呼叫 ERP 3.X版的 DoCheck 
確認可否回寫ERP      => Y
確認可否回寫狀態描述 => 


AfterApprove - DoIt
Start Time = 2013/10/25 上午 09:25:17
lngERPVersion = 3
lngReturnType = 2
strWfFormID = 3304
strWfSheetNo = 20131025
lngAction = 0
strProgID = PALI12
strCompID = SMP
strUserID = 2854
strParameter3 = 0001
strParameter4 = 
lngKeyNumber = 3
strComfirmObject = TransManager.TxnManager
strComPRID = PALI12
strComDate = 
strUserNTID = LISA_LAI
strERPServerIP = 192.168.2.22

呼叫 ERPCoordinatorOfEF 元件成功 
呼叫 ERP 3.X版的 DoEasy 
回寫ERP      => Y
回寫狀態描述 => 確認或取消確認資料單身共  0筆;成功  1筆;失敗  0筆;


BeforeApprove - DoCheck ..... 
Start Time = 2013/10/25 上午 09:28:13
lngERPVersion = 3
lngReturnType = 2
strWfFormID = 3255
strWfSheetNo = 20131024
lngAction = 0
strProgID = PALI12
strCompID = SMP
strUserID = 2854
strParameter3 = 0001
strParameter4 = 
lngKeyNumber = 3
strComfirmObject = TransManager.TxnManager
strComPRID = PALI12
strComDate = 
strUserNTID = LISA_LAI
strERPServerIP = 192.168.2.22

呼叫 ERPCoordinatorOfEF 元件成功 
呼叫 ERP 3.X版的 DoCheck 
確認可否回寫ERP      => Y
確認可否回寫狀態描述 => 


AfterApprove - DoIt
Start Time = 2013/10/25 上午 09:28:14
lngERPVersion = 3
lngReturnType = 2
strWfFormID = 3255
strWfSheetNo = 20131024
lngAction = 0
strProgID = PALI12
strCompID = SMP
strUserID = 2854
strParameter3 = 0001
strParameter4 = 
lngKeyNumber = 3
strComfirmObject = TransManager.TxnManager
strComPRID = PALI12
strComDate = 
strUserNTID = LISA_LAI
strERPServerIP = 192.168.2.22

呼叫 ERPCoordinatorOfEF 元件成功 
呼叫 ERP 3.X版的 DoEasy 
回寫ERP      => Y
回寫狀態描述 => 確認或取消確認資料單身共  0筆;成功  1筆;失敗  0筆;


