BeforeApprove - DoCheck ..... 
Start Time = 2013/8/5 上午 08:30:59
lngERPVersion = 3
lngReturnType = 2
strWfFormID = 4874
strWfSheetNo = 20130805
lngAction = 0
strProgID = PALI12
strCompID = SMP
strUserID = 2308
strParameter3 = 0001
strParameter4 = 
lngKeyNumber = 3
strComfirmObject = TransManager.TxnManager
strComPRID = PALI12
strComDate = 
strUserNTID = Caroline_Hsieh
strERPServerIP = 192.168.2.22

呼叫 ERPCoordinatorOfEF 元件成功 
呼叫 ERP 3.X版的 DoCheck 
確認可否回寫ERP      => Y
確認可否回寫狀態描述 => 


AfterApprove - DoIt
Start Time = 2013/8/5 上午 08:31:04
lngERPVersion = 3
lngReturnType = 2
strWfFormID = 4874
strWfSheetNo = 20130805
lngAction = 0
strProgID = PALI12
strCompID = SMP
strUserID = 2308
strParameter3 = 0001
strParameter4 = 
lngKeyNumber = 3
strComfirmObject = TransManager.TxnManager
strComPRID = PALI12
strComDate = 
strUserNTID = Caroline_Hsieh
strERPServerIP = 192.168.2.22

呼叫 ERPCoordinatorOfEF 元件成功 
呼叫 ERP 3.X版的 DoEasy 
回寫ERP      => Y
回寫狀態描述 => 確認或取消確認資料單身共  0筆;成功  1筆;失敗  0筆;


BeforeApprove - DoCheck ..... 
Start Time = 2013/8/5 上午 08:33:07
lngERPVersion = 3
lngReturnType = 2
strWfFormID = 2527
strWfSheetNo = 20130802
lngAction = 0
strProgID = PALI12
strCompID = SMP
strUserID = 2308
strParameter3 = 0001
strParameter4 = 
lngKeyNumber = 3
strComfirmObject = TransManager.TxnManager
strComPRID = PALI12
strComDate = 
strUserNTID = Caroline_Hsieh
strERPServerIP = 192.168.2.22

呼叫 ERPCoordinatorOfEF 元件成功 
呼叫 ERP 3.X版的 DoCheck 
確認可否回寫ERP      => Y
確認可否回寫狀態描述 => 


AfterApprove - DoIt
Start Time = 2013/8/5 上午 08:33:08
lngERPVersion = 3
lngReturnType = 2
strWfFormID = 2527
strWfSheetNo = 20130802
lngAction = 0
strProgID = PALI12
strCompID = SMP
strUserID = 2308
strParameter3 = 0001
strParameter4 = 
lngKeyNumber = 3
strComfirmObject = TransManager.TxnManager
strComPRID = PALI12
strComDate = 
strUserNTID = Caroline_Hsieh
strERPServerIP = 192.168.2.22

呼叫 ERPCoordinatorOfEF 元件成功 
呼叫 ERP 3.X版的 DoEasy 
回寫ERP      => Y
回寫狀態描述 => 確認或取消確認資料單身共  0筆;成功  1筆;失敗  0筆;


BeforeApprove - DoCheck ..... 
Start Time = 2013/8/5 上午 08:37:49
lngERPVersion = 3
lngReturnType = 2
strWfFormID = 4692
strWfSheetNo = 20130802
lngAction = 0
strProgID = PALI12
strCompID = SMP
strUserID = 2308
strParameter3 = 0001
strParameter4 = 
lngKeyNumber = 3
strComfirmObject = TransManager.TxnManager
strComPRID = PALI12
strComDate = 
strUserNTID = Caroline_Hsieh
strERPServerIP = 192.168.2.22

呼叫 ERPCoordinatorOfEF 元件成功 
呼叫 ERP 3.X版的 DoCheck 
確認可否回寫ERP      => Y
確認可否回寫狀態描述 => 


AfterApprove - DoIt
Start Time = 2013/8/5 上午 08:37:50
lngERPVersion = 3
lngReturnType = 2
strWfFormID = 4692
strWfSheetNo = 20130802
lngAction = 0
strProgID = PALI12
strCompID = SMP
strUserID = 2308
strParameter3 = 0001
strParameter4 = 
lngKeyNumber = 3
strComfirmObject = TransManager.TxnManager
strComPRID = PALI12
strComDate = 
strUserNTID = Caroline_Hsieh
strERPServerIP = 192.168.2.22

呼叫 ERPCoordinatorOfEF 元件成功 
呼叫 ERP 3.X版的 DoEasy 
回寫ERP      => Y
回寫狀態描述 => 確認或取消確認資料單身共  0筆;成功  1筆;失敗  0筆;


BeforeApprove - DoCheck ..... 
Start Time = 2013/8/5 上午 08:39:59
lngERPVersion = 3
lngReturnType = 2
strWfFormID = 4510
strWfSheetNo = 20130802
lngAction = 0
strProgID = PALI12
strCompID = SMP
strUserID = 2308
strParameter3 = 0001
strParameter4 = 
lngKeyNumber = 3
strComfirmObject = TransManager.TxnManager
strComPRID = PALI12
strComDate = 
strUserNTID = Caroline_Hsieh
strERPServerIP = 192.168.2.22

呼叫 ERPCoordinatorOfEF 元件成功 
呼叫 ERP 3.X版的 DoCheck 
確認可否回寫ERP      => Y
確認可否回寫狀態描述 => 


AfterApprove - DoIt
Start Time = 2013/8/5 上午 08:40:00
lngERPVersion = 3
lngReturnType = 2
strWfFormID = 4510
strWfSheetNo = 20130802
lngAction = 0
strProgID = PALI12
strCompID = SMP
strUserID = 2308
strParameter3 = 0001
strParameter4 = 
lngKeyNumber = 3
strComfirmObject = TransManager.TxnManager
strComPRID = PALI12
strComDate = 
strUserNTID = Caroline_Hsieh
strERPServerIP = 192.168.2.22

呼叫 ERPCoordinatorOfEF 元件成功 
呼叫 ERP 3.X版的 DoEasy 
回寫ERP      => Y
回寫狀態描述 => 確認或取消確認資料單身共  0筆;成功  1筆;失敗  0筆;


BeforeApprove - DoCheck ..... 
Start Time = 2013/8/5 上午 08:41:23
lngERPVersion = 3
lngReturnType = 2
strWfFormID = 4151
strWfSheetNo = 20130805
lngAction = 0
strProgID = PALI12
strCompID = SMP
strUserID = 2308
strParameter3 = 0001
strParameter4 = 
lngKeyNumber = 3
strComfirmObject = TransManager.TxnManager
strComPRID = PALI12
strComDate = 
strUserNTID = Caroline_Hsieh
strERPServerIP = 192.168.2.22

呼叫 ERPCoordinatorOfEF 元件成功 
呼叫 ERP 3.X版的 DoCheck 
確認可否回寫ERP      => Y
確認可否回寫狀態描述 => 


AfterApprove - DoIt
Start Time = 2013/8/5 上午 08:41:23
lngERPVersion = 3
lngReturnType = 2
strWfFormID = 4151
strWfSheetNo = 20130805
lngAction = 0
strProgID = PALI12
strCompID = SMP
strUserID = 2308
strParameter3 = 0001
strParameter4 = 
lngKeyNumber = 3
strComfirmObject = TransManager.TxnManager
strComPRID = PALI12
strComDate = 
strUserNTID = Caroline_Hsieh
strERPServerIP = 192.168.2.22

呼叫 ERPCoordinatorOfEF 元件成功 
呼叫 ERP 3.X版的 DoEasy 
回寫ERP      => Y
回寫狀態描述 => 確認或取消確認資料單身共  0筆;成功  1筆;失敗  0筆;


BeforeApprove - DoCheck ..... 
Start Time = 2013/8/5 上午 08:42:07
lngERPVersion = 3
lngReturnType = 2
strWfFormID = 4013
strWfSheetNo = 20130802
lngAction = 0
strProgID = PALI12
strCompID = SMP
strUserID = 2308
strParameter3 = 0001
strParameter4 = 
lngKeyNumber = 3
strComfirmObject = TransManager.TxnManager
strComPRID = PALI12
strComDate = 
strUserNTID = Caroline_Hsieh
strERPServerIP = 192.168.2.22

呼叫 ERPCoordinatorOfEF 元件成功 
呼叫 ERP 3.X版的 DoCheck 
確認可否回寫ERP      => Y
確認可否回寫狀態描述 => 


AfterApprove - DoIt
Start Time = 2013/8/5 上午 08:42:08
lngERPVersion = 3
lngReturnType = 2
strWfFormID = 4013
strWfSheetNo = 20130802
lngAction = 0
strProgID = PALI12
strCompID = SMP
strUserID = 2308
strParameter3 = 0001
strParameter4 = 
lngKeyNumber = 3
strComfirmObject = TransManager.TxnManager
strComPRID = PALI12
strComDate = 
strUserNTID = Caroline_Hsieh
strERPServerIP = 192.168.2.22

呼叫 ERPCoordinatorOfEF 元件成功 
呼叫 ERP 3.X版的 DoEasy 
回寫ERP      => Y
回寫狀態描述 => 確認或取消確認資料單身共  0筆;成功  1筆;失敗  0筆;


BeforeApprove - DoCheck ..... 
Start Time = 2013/8/5 上午 08:43:29
lngERPVersion = 3
lngReturnType = 2
strWfFormID = 4477
strWfSheetNo = 20130809
lngAction = 0
strProgID = PALI12
strCompID = SMP
strUserID = 2308
strParameter3 = 0002
strParameter4 = 
lngKeyNumber = 3
strComfirmObject = TransManager.TxnManager
strComPRID = PALI12
strComDate = 
strUserNTID = Caroline_Hsieh
strERPServerIP = 192.168.2.22

呼叫 ERPCoordinatorOfEF 元件成功 
呼叫 ERP 3.X版的 DoCheck 
確認可否回寫ERP      => Y
確認可否回寫狀態描述 => 


AfterApprove - DoIt
Start Time = 2013/8/5 上午 08:43:30
lngERPVersion = 3
lngReturnType = 2
strWfFormID = 4477
strWfSheetNo = 20130809
lngAction = 0
strProgID = PALI12
strCompID = SMP
strUserID = 2308
strParameter3 = 0002
strParameter4 = 
lngKeyNumber = 3
strComfirmObject = TransManager.TxnManager
strComPRID = PALI12
strComDate = 
strUserNTID = Caroline_Hsieh
strERPServerIP = 192.168.2.22

呼叫 ERPCoordinatorOfEF 元件成功 
呼叫 ERP 3.X版的 DoEasy 
回寫ERP      => Y
回寫狀態描述 => 確認或取消確認資料單身共  0筆;成功  1筆;失敗  0筆;


BeforeApprove - DoCheck ..... 
Start Time = 2013/8/5 上午 08:48:12
lngERPVersion = 3
lngReturnType = 2
strWfFormID = 4818
strWfSheetNo = 20130805
lngAction = 0
strProgID = PALI12
strCompID = SMP
strUserID = 2308
strParameter3 = 0001
strParameter4 = 
lngKeyNumber = 3
strComfirmObject = TransManager.TxnManager
strComPRID = PALI12
strComDate = 
strUserNTID = Caroline_Hsieh
strERPServerIP = 192.168.2.22

呼叫 ERPCoordinatorOfEF 元件成功 
呼叫 ERP 3.X版的 DoCheck 
確認可否回寫ERP      => Y
確認可否回寫狀態描述 => 


AfterApprove - DoIt
Start Time = 2013/8/5 上午 08:48:13
lngERPVersion = 3
lngReturnType = 2
strWfFormID = 4818
strWfSheetNo = 20130805
lngAction = 0
strProgID = PALI12
strCompID = SMP
strUserID = 2308
strParameter3 = 0001
strParameter4 = 
lngKeyNumber = 3
strComfirmObject = TransManager.TxnManager
strComPRID = PALI12
strComDate = 
strUserNTID = Caroline_Hsieh
strERPServerIP = 192.168.2.22

呼叫 ERPCoordinatorOfEF 元件成功 
呼叫 ERP 3.X版的 DoEasy 
回寫ERP      => Y
回寫狀態描述 => 確認或取消確認資料單身共  0筆;成功  1筆;失敗  0筆;


BeforeApprove - DoCheck ..... 
Start Time = 2013/8/5 上午 08:49:44
lngERPVersion = 3
lngReturnType = 2
strWfFormID = 2886
strWfSheetNo = 20130808
lngAction = 0
strProgID = PALI12
strCompID = SMP
strUserID = 2308
strParameter3 = 0001
strParameter4 = 
lngKeyNumber = 3
strComfirmObject = TransManager.TxnManager
strComPRID = PALI12
strComDate = 
strUserNTID = Caroline_Hsieh
strERPServerIP = 192.168.2.22

呼叫 ERPCoordinatorOfEF 元件成功 
呼叫 ERP 3.X版的 DoCheck 
確認可否回寫ERP      => Y
確認可否回寫狀態描述 => 


AfterApprove - DoIt
Start Time = 2013/8/5 上午 08:49:45
lngERPVersion = 3
lngReturnType = 2
strWfFormID = 2886
strWfSheetNo = 20130808
lngAction = 0
strProgID = PALI12
strCompID = SMP
strUserID = 2308
strParameter3 = 0001
strParameter4 = 
lngKeyNumber = 3
strComfirmObject = TransManager.TxnManager
strComPRID = PALI12
strComDate = 
strUserNTID = Caroline_Hsieh
strERPServerIP = 192.168.2.22

呼叫 ERPCoordinatorOfEF 元件成功 
呼叫 ERP 3.X版的 DoEasy 
回寫ERP      => Y
回寫狀態描述 => 確認或取消確認資料單身共  0筆;成功  1筆;失敗  0筆;


BeforeApprove - DoCheck ..... 
Start Time = 2013/8/5 上午 08:50:28
lngERPVersion = 3
lngReturnType = 2
strWfFormID = 2885
strWfSheetNo = 20130729
lngAction = 0
strProgID = PALI12
strCompID = SMP
strUserID = 2308
strParameter3 = 0001
strParameter4 = 
lngKeyNumber = 3
strComfirmObject = TransManager.TxnManager
strComPRID = PALI12
strComDate = 
strUserNTID = Caroline_Hsieh
strERPServerIP = 192.168.2.22

呼叫 ERPCoordinatorOfEF 元件成功 
呼叫 ERP 3.X版的 DoCheck 
確認可否回寫ERP      => Y
確認可否回寫狀態描述 => 


AfterApprove - DoIt
Start Time = 2013/8/5 上午 08:50:29
lngERPVersion = 3
lngReturnType = 2
strWfFormID = 2885
strWfSheetNo = 20130729
lngAction = 0
strProgID = PALI12
strCompID = SMP
strUserID = 2308
strParameter3 = 0001
strParameter4 = 
lngKeyNumber = 3
strComfirmObject = TransManager.TxnManager
strComPRID = PALI12
strComDate = 
strUserNTID = Caroline_Hsieh
strERPServerIP = 192.168.2.22

呼叫 ERPCoordinatorOfEF 元件成功 
呼叫 ERP 3.X版的 DoEasy 
回寫ERP      => Y
回寫狀態描述 => 確認或取消確認資料單身共  0筆;成功  1筆;失敗  0筆;


BeforeApprove - DoCheck ..... 
Start Time = 2013/8/5 上午 08:54:05
lngERPVersion = 3
lngReturnType = 2
strWfFormID = 4271
strWfSheetNo = 20130801
lngAction = 0
strProgID = PALI12
strCompID = SMP
strUserID = 2308
strParameter3 = 0001
strParameter4 = 
lngKeyNumber = 3
strComfirmObject = TransManager.TxnManager
strComPRID = PALI12
strComDate = 
strUserNTID = Caroline_Hsieh
strERPServerIP = 192.168.2.22

呼叫 ERPCoordinatorOfEF 元件成功 
呼叫 ERP 3.X版的 DoCheck 
確認可否回寫ERP      => Y
確認可否回寫狀態描述 => 


AfterApprove - DoIt
Start Time = 2013/8/5 上午 08:54:06
lngERPVersion = 3
lngReturnType = 2
strWfFormID = 4271
strWfSheetNo = 20130801
lngAction = 0
strProgID = PALI12
strCompID = SMP
strUserID = 2308
strParameter3 = 0001
strParameter4 = 
lngKeyNumber = 3
strComfirmObject = TransManager.TxnManager
strComPRID = PALI12
strComDate = 
strUserNTID = Caroline_Hsieh
strERPServerIP = 192.168.2.22

呼叫 ERPCoordinatorOfEF 元件成功 
呼叫 ERP 3.X版的 DoEasy 
回寫ERP      => Y
回寫狀態描述 => 確認或取消確認資料單身共  0筆;成功  1筆;失敗  0筆;


BeforeApprove - DoCheck ..... 
Start Time = 2013/8/5 下午 03:58:45
lngERPVersion = 3
lngReturnType = 2
strWfFormID = 4379
strWfSheetNo = 20130730
lngAction = 0
strProgID = PALI12
strCompID = SMP
strUserID = 2854
strParameter3 = 0001
strParameter4 = 
lngKeyNumber = 3
strComfirmObject = TransManager.TxnManager
strComPRID = PALI12
strComDate = 
strUserNTID = LISA_LAI
strERPServerIP = 192.168.2.22

呼叫 ERPCoordinatorOfEF 元件成功 
呼叫 ERP 3.X版的 DoCheck 
確認可否回寫ERP      => Y
確認可否回寫狀態描述 => 


AfterApprove - DoIt
Start Time = 2013/8/5 下午 03:58:46
lngERPVersion = 3
lngReturnType = 2
strWfFormID = 4379
strWfSheetNo = 20130730
lngAction = 0
strProgID = PALI12
strCompID = SMP
strUserID = 2854
strParameter3 = 0001
strParameter4 = 
lngKeyNumber = 3
strComfirmObject = TransManager.TxnManager
strComPRID = PALI12
strComDate = 
strUserNTID = LISA_LAI
strERPServerIP = 192.168.2.22

呼叫 ERPCoordinatorOfEF 元件成功 
呼叫 ERP 3.X版的 DoEasy 
回寫ERP      => Y
回寫狀態描述 => 確認或取消確認資料單身共  0筆;成功  1筆;失敗  0筆;


BeforeApprove - DoCheck ..... 
Start Time = 2013/8/5 下午 03:58:47
lngERPVersion = 3
lngReturnType = 2
strWfFormID = 4379
strWfSheetNo = 20130731
lngAction = 0
strProgID = PALI12
strCompID = SMP
strUserID = 2854
strParameter3 = 0001
strParameter4 = 
lngKeyNumber = 3
strComfirmObject = TransManager.TxnManager
strComPRID = PALI12
strComDate = 
strUserNTID = LISA_LAI
strERPServerIP = 192.168.2.22

呼叫 ERPCoordinatorOfEF 元件成功 
呼叫 ERP 3.X版的 DoCheck 
確認可否回寫ERP      => Y
確認可否回寫狀態描述 => 


AfterApprove - DoIt
Start Time = 2013/8/5 下午 03:58:47
lngERPVersion = 3
lngReturnType = 2
strWfFormID = 4379
strWfSheetNo = 20130731
lngAction = 0
strProgID = PALI12
strCompID = SMP
strUserID = 2854
strParameter3 = 0001
strParameter4 = 
lngKeyNumber = 3
strComfirmObject = TransManager.TxnManager
strComPRID = PALI12
strComDate = 
strUserNTID = LISA_LAI
strERPServerIP = 192.168.2.22

呼叫 ERPCoordinatorOfEF 元件成功 
呼叫 ERP 3.X版的 DoEasy 
回寫ERP      => Y
回寫狀態描述 => 確認或取消確認資料單身共  0筆;成功  1筆;失敗  0筆;


BeforeApprove - DoCheck ..... 
Start Time = 2013/8/5 下午 03:59:14
lngERPVersion = 3
lngReturnType = 2
strWfFormID = 4474
strWfSheetNo = 20130805
lngAction = 0
strProgID = PALI12
strCompID = SMP
strUserID = 2854
strParameter3 = 0001
strParameter4 = 
lngKeyNumber = 3
strComfirmObject = TransManager.TxnManager
strComPRID = PALI12
strComDate = 
strUserNTID = LISA_LAI
strERPServerIP = 192.168.2.22

呼叫 ERPCoordinatorOfEF 元件成功 
呼叫 ERP 3.X版的 DoCheck 
確認可否回寫ERP      => Y
確認可否回寫狀態描述 => 


AfterApprove - DoIt
Start Time = 2013/8/5 下午 03:59:15
lngERPVersion = 3
lngReturnType = 2
strWfFormID = 4474
strWfSheetNo = 20130805
lngAction = 0
strProgID = PALI12
strCompID = SMP
strUserID = 2854
strParameter3 = 0001
strParameter4 = 
lngKeyNumber = 3
strComfirmObject = TransManager.TxnManager
strComPRID = PALI12
strComDate = 
strUserNTID = LISA_LAI
strERPServerIP = 192.168.2.22

呼叫 ERPCoordinatorOfEF 元件成功 
呼叫 ERP 3.X版的 DoEasy 
回寫ERP      => Y
回寫狀態描述 => 確認或取消確認資料單身共  0筆;成功  1筆;失敗  0筆;


