BeforeApprove - DoCheck ..... 
Start Time = 2013/12/30 上午 09:43:24
lngERPVersion = 3
lngReturnType = 2
strWfFormID = 4597
strWfSheetNo = 20131231
lngAction = 0
strProgID = PALI12
strCompID = SMP
strUserID = 2854
strParameter3 = 0001
strParameter4 = 
lngKeyNumber = 3
strComfirmObject = TransManager.TxnManager
strComPRID = PALI12
strComDate = 
strUserNTID = LISA_LAI
strERPServerIP = 192.168.2.22

呼叫 ERPCoordinatorOfEF 元件成功 
呼叫 ERP 3.X版的 DoCheck 
確認可否回寫ERP      => Y
確認可否回寫狀態描述 => 


AfterApprove - DoIt
Start Time = 2013/12/30 上午 09:43:25
lngERPVersion = 3
lngReturnType = 2
strWfFormID = 4597
strWfSheetNo = 20131231
lngAction = 0
strProgID = PALI12
strCompID = SMP
strUserID = 2854
strParameter3 = 0001
strParameter4 = 
lngKeyNumber = 3
strComfirmObject = TransManager.TxnManager
strComPRID = PALI12
strComDate = 
strUserNTID = LISA_LAI
strERPServerIP = 192.168.2.22

呼叫 ERPCoordinatorOfEF 元件成功 
呼叫 ERP 3.X版的 DoEasy 
回寫ERP      => Y
回寫狀態描述 => 確認或取消確認資料單身共  0筆;成功  1筆;失敗  0筆;


BeforeApprove - DoCheck ..... 
Start Time = 2013/12/30 上午 09:44:36
lngERPVersion = 3
lngReturnType = 2
strWfFormID = 4443
strWfSheetNo = 20131227
lngAction = 0
strProgID = PALI12
strCompID = SMP
strUserID = 2854
strParameter3 = 0001
strParameter4 = 
lngKeyNumber = 3
strComfirmObject = TransManager.TxnManager
strComPRID = PALI12
strComDate = 
strUserNTID = LISA_LAI
strERPServerIP = 192.168.2.22

呼叫 ERPCoordinatorOfEF 元件成功 
呼叫 ERP 3.X版的 DoCheck 
確認可否回寫ERP      => Y
確認可否回寫狀態描述 => 


AfterApprove - DoIt
Start Time = 2013/12/30 上午 09:44:36
lngERPVersion = 3
lngReturnType = 2
strWfFormID = 4443
strWfSheetNo = 20131227
lngAction = 0
strProgID = PALI12
strCompID = SMP
strUserID = 2854
strParameter3 = 0001
strParameter4 = 
lngKeyNumber = 3
strComfirmObject = TransManager.TxnManager
strComPRID = PALI12
strComDate = 
strUserNTID = LISA_LAI
strERPServerIP = 192.168.2.22

呼叫 ERPCoordinatorOfEF 元件成功 
呼叫 ERP 3.X版的 DoEasy 
回寫ERP      => Y
回寫狀態描述 => 確認或取消確認資料單身共  0筆;成功  1筆;失敗  0筆;


BeforeApprove - DoCheck ..... 
Start Time = 2013/12/30 上午 09:48:39
lngERPVersion = 3
lngReturnType = 2
strWfFormID = 4440
strWfSheetNo = 20131227
lngAction = 0
strProgID = PALI12
strCompID = SMP
strUserID = 2854
strParameter3 = 0001
strParameter4 = 
lngKeyNumber = 3
strComfirmObject = TransManager.TxnManager
strComPRID = PALI12
strComDate = 
strUserNTID = LISA_LAI
strERPServerIP = 192.168.2.22

呼叫 ERPCoordinatorOfEF 元件成功 
呼叫 ERP 3.X版的 DoCheck 
確認可否回寫ERP      => Y
確認可否回寫狀態描述 => 


AfterApprove - DoIt
Start Time = 2013/12/30 上午 09:48:40
lngERPVersion = 3
lngReturnType = 2
strWfFormID = 4440
strWfSheetNo = 20131227
lngAction = 0
strProgID = PALI12
strCompID = SMP
strUserID = 2854
strParameter3 = 0001
strParameter4 = 
lngKeyNumber = 3
strComfirmObject = TransManager.TxnManager
strComPRID = PALI12
strComDate = 
strUserNTID = LISA_LAI
strERPServerIP = 192.168.2.22

呼叫 ERPCoordinatorOfEF 元件成功 
呼叫 ERP 3.X版的 DoEasy 
回寫ERP      => Y
回寫狀態描述 => 確認或取消確認資料單身共  0筆;成功  1筆;失敗  0筆;


BeforeApprove - DoCheck ..... 
Start Time = 2013/12/30 上午 09:53:25
lngERPVersion = 3
lngReturnType = 2
strWfFormID = 3970
strWfSheetNo = 20131227
lngAction = 0
strProgID = PALI12
strCompID = SMP
strUserID = 2854
strParameter3 = 0001
strParameter4 = 
lngKeyNumber = 3
strComfirmObject = TransManager.TxnManager
strComPRID = PALI12
strComDate = 
strUserNTID = LISA_LAI
strERPServerIP = 192.168.2.22

呼叫 ERPCoordinatorOfEF 元件成功 
呼叫 ERP 3.X版的 DoCheck 
確認可否回寫ERP      => Y
確認可否回寫狀態描述 => 


AfterApprove - DoIt
Start Time = 2013/12/30 上午 09:53:26
lngERPVersion = 3
lngReturnType = 2
strWfFormID = 3970
strWfSheetNo = 20131227
lngAction = 0
strProgID = PALI12
strCompID = SMP
strUserID = 2854
strParameter3 = 0001
strParameter4 = 
lngKeyNumber = 3
strComfirmObject = TransManager.TxnManager
strComPRID = PALI12
strComDate = 
strUserNTID = LISA_LAI
strERPServerIP = 192.168.2.22

呼叫 ERPCoordinatorOfEF 元件成功 
呼叫 ERP 3.X版的 DoEasy 
回寫ERP      => Y
回寫狀態描述 => 確認或取消確認資料單身共  0筆;成功  1筆;失敗  0筆;


BeforeApprove - DoCheck ..... 
Start Time = 2013/12/30 上午 09:54:01
lngERPVersion = 3
lngReturnType = 2
strWfFormID = 4743
strWfSheetNo = 20131227
lngAction = 0
strProgID = PALI12
strCompID = SMP
strUserID = 2854
strParameter3 = 0001
strParameter4 = 
lngKeyNumber = 3
strComfirmObject = TransManager.TxnManager
strComPRID = PALI12
strComDate = 
strUserNTID = LISA_LAI
strERPServerIP = 192.168.2.22

呼叫 ERPCoordinatorOfEF 元件成功 
呼叫 ERP 3.X版的 DoCheck 
確認可否回寫ERP      => Y
確認可否回寫狀態描述 => 


AfterApprove - DoIt
Start Time = 2013/12/30 上午 09:54:01
lngERPVersion = 3
lngReturnType = 2
strWfFormID = 4743
strWfSheetNo = 20131227
lngAction = 0
strProgID = PALI12
strCompID = SMP
strUserID = 2854
strParameter3 = 0001
strParameter4 = 
lngKeyNumber = 3
strComfirmObject = TransManager.TxnManager
strComPRID = PALI12
strComDate = 
strUserNTID = LISA_LAI
strERPServerIP = 192.168.2.22

呼叫 ERPCoordinatorOfEF 元件成功 
呼叫 ERP 3.X版的 DoEasy 
回寫ERP      => Y
回寫狀態描述 => 確認或取消確認資料單身共  0筆;成功  1筆;失敗  0筆;


BeforeApprove - DoCheck ..... 
Start Time = 2013/12/30 上午 10:07:06
lngERPVersion = 3
lngReturnType = 2
strWfFormID = 4628
strWfSheetNo = 20140120
lngAction = 0
strProgID = PALI12
strCompID = SMP
strUserID = 2854
strParameter3 = 0002
strParameter4 = 
lngKeyNumber = 3
strComfirmObject = TransManager.TxnManager
strComPRID = PALI12
strComDate = 
strUserNTID = LISA_LAI
strERPServerIP = 192.168.2.22

呼叫 ERPCoordinatorOfEF 元件成功 
呼叫 ERP 3.X版的 DoCheck 
確認可否回寫ERP      => Y
確認可否回寫狀態描述 => 


AfterApprove - DoIt
Start Time = 2013/12/30 上午 10:07:06
lngERPVersion = 3
lngReturnType = 2
strWfFormID = 4628
strWfSheetNo = 20140120
lngAction = 0
strProgID = PALI12
strCompID = SMP
strUserID = 2854
strParameter3 = 0002
strParameter4 = 
lngKeyNumber = 3
strComfirmObject = TransManager.TxnManager
strComPRID = PALI12
strComDate = 
strUserNTID = LISA_LAI
strERPServerIP = 192.168.2.22

呼叫 ERPCoordinatorOfEF 元件成功 
呼叫 ERP 3.X版的 DoEasy 
回寫ERP      => Y
回寫狀態描述 => 確認或取消確認資料單身共  0筆;成功  1筆;失敗  0筆;


BeforeApprove - DoCheck ..... 
Start Time = 2013/12/30 上午 10:07:07
lngERPVersion = 3
lngReturnType = 2
strWfFormID = 4628
strWfSheetNo = 20140121
lngAction = 0
strProgID = PALI12
strCompID = SMP
strUserID = 2854
strParameter3 = 0001
strParameter4 = 
lngKeyNumber = 3
strComfirmObject = TransManager.TxnManager
strComPRID = PALI12
strComDate = 
strUserNTID = LISA_LAI
strERPServerIP = 192.168.2.22

呼叫 ERPCoordinatorOfEF 元件成功 
呼叫 ERP 3.X版的 DoCheck 
確認可否回寫ERP      => Y
確認可否回寫狀態描述 => 


AfterApprove - DoIt
Start Time = 2013/12/30 上午 10:07:07
lngERPVersion = 3
lngReturnType = 2
strWfFormID = 4628
strWfSheetNo = 20140121
lngAction = 0
strProgID = PALI12
strCompID = SMP
strUserID = 2854
strParameter3 = 0001
strParameter4 = 
lngKeyNumber = 3
strComfirmObject = TransManager.TxnManager
strComPRID = PALI12
strComDate = 
strUserNTID = LISA_LAI
strERPServerIP = 192.168.2.22

呼叫 ERPCoordinatorOfEF 元件成功 
呼叫 ERP 3.X版的 DoEasy 
回寫ERP      => Y
回寫狀態描述 => 確認或取消確認資料單身共  0筆;成功  1筆;失敗  0筆;


BeforeApprove - DoCheck ..... 
Start Time = 2013/12/30 上午 10:07:08
lngERPVersion = 3
lngReturnType = 2
strWfFormID = 4628
strWfSheetNo = 20140122
lngAction = 0
strProgID = PALI12
strCompID = SMP
strUserID = 2854
strParameter3 = 0001
strParameter4 = 
lngKeyNumber = 3
strComfirmObject = TransManager.TxnManager
strComPRID = PALI12
strComDate = 
strUserNTID = LISA_LAI
strERPServerIP = 192.168.2.22

呼叫 ERPCoordinatorOfEF 元件成功 
呼叫 ERP 3.X版的 DoCheck 
確認可否回寫ERP      => Y
確認可否回寫狀態描述 => 


AfterApprove - DoIt
Start Time = 2013/12/30 上午 10:07:08
lngERPVersion = 3
lngReturnType = 2
strWfFormID = 4628
strWfSheetNo = 20140122
lngAction = 0
strProgID = PALI12
strCompID = SMP
strUserID = 2854
strParameter3 = 0001
strParameter4 = 
lngKeyNumber = 3
strComfirmObject = TransManager.TxnManager
strComPRID = PALI12
strComDate = 
strUserNTID = LISA_LAI
strERPServerIP = 192.168.2.22

呼叫 ERPCoordinatorOfEF 元件成功 
呼叫 ERP 3.X版的 DoEasy 
回寫ERP      => Y
回寫狀態描述 => 確認或取消確認資料單身共  0筆;成功  1筆;失敗  0筆;


BeforeApprove - DoCheck ..... 
Start Time = 2013/12/30 上午 10:07:09
lngERPVersion = 3
lngReturnType = 2
strWfFormID = 4628
strWfSheetNo = 20140123
lngAction = 0
strProgID = PALI12
strCompID = SMP
strUserID = 2854
strParameter3 = 0001
strParameter4 = 
lngKeyNumber = 3
strComfirmObject = TransManager.TxnManager
strComPRID = PALI12
strComDate = 
strUserNTID = LISA_LAI
strERPServerIP = 192.168.2.22

呼叫 ERPCoordinatorOfEF 元件成功 
呼叫 ERP 3.X版的 DoCheck 
確認可否回寫ERP      => Y
確認可否回寫狀態描述 => 


AfterApprove - DoIt
Start Time = 2013/12/30 上午 10:07:09
lngERPVersion = 3
lngReturnType = 2
strWfFormID = 4628
strWfSheetNo = 20140123
lngAction = 0
strProgID = PALI12
strCompID = SMP
strUserID = 2854
strParameter3 = 0001
strParameter4 = 
lngKeyNumber = 3
strComfirmObject = TransManager.TxnManager
strComPRID = PALI12
strComDate = 
strUserNTID = LISA_LAI
strERPServerIP = 192.168.2.22

呼叫 ERPCoordinatorOfEF 元件成功 
呼叫 ERP 3.X版的 DoEasy 
回寫ERP      => Y
回寫狀態描述 => 確認或取消確認資料單身共  0筆;成功  1筆;失敗  0筆;


BeforeApprove - DoCheck ..... 
Start Time = 2013/12/30 上午 10:07:09
lngERPVersion = 3
lngReturnType = 2
strWfFormID = 4628
strWfSheetNo = 20140124
lngAction = 0
strProgID = PALI12
strCompID = SMP
strUserID = 2854
strParameter3 = 0001
strParameter4 = 
lngKeyNumber = 3
strComfirmObject = TransManager.TxnManager
strComPRID = PALI12
strComDate = 
strUserNTID = LISA_LAI
strERPServerIP = 192.168.2.22

呼叫 ERPCoordinatorOfEF 元件成功 
呼叫 ERP 3.X版的 DoCheck 
確認可否回寫ERP      => Y
確認可否回寫狀態描述 => 


AfterApprove - DoIt
Start Time = 2013/12/30 上午 10:07:10
lngERPVersion = 3
lngReturnType = 2
strWfFormID = 4628
strWfSheetNo = 20140124
lngAction = 0
strProgID = PALI12
strCompID = SMP
strUserID = 2854
strParameter3 = 0001
strParameter4 = 
lngKeyNumber = 3
strComfirmObject = TransManager.TxnManager
strComPRID = PALI12
strComDate = 
strUserNTID = LISA_LAI
strERPServerIP = 192.168.2.22

呼叫 ERPCoordinatorOfEF 元件成功 
呼叫 ERP 3.X版的 DoEasy 
回寫ERP      => Y
回寫狀態描述 => 確認或取消確認資料單身共  0筆;成功  1筆;失敗  0筆;


BeforeApprove - DoCheck ..... 
Start Time = 2013/12/30 上午 10:07:10
lngERPVersion = 3
lngReturnType = 2
strWfFormID = 4628
strWfSheetNo = 20140127
lngAction = 0
strProgID = PALI12
strCompID = SMP
strUserID = 2854
strParameter3 = 0001
strParameter4 = 
lngKeyNumber = 3
strComfirmObject = TransManager.TxnManager
strComPRID = PALI12
strComDate = 
strUserNTID = LISA_LAI
strERPServerIP = 192.168.2.22

呼叫 ERPCoordinatorOfEF 元件成功 
呼叫 ERP 3.X版的 DoCheck 
確認可否回寫ERP      => Y
確認可否回寫狀態描述 => 


AfterApprove - DoIt
Start Time = 2013/12/30 上午 10:07:11
lngERPVersion = 3
lngReturnType = 2
strWfFormID = 4628
strWfSheetNo = 20140127
lngAction = 0
strProgID = PALI12
strCompID = SMP
strUserID = 2854
strParameter3 = 0001
strParameter4 = 
lngKeyNumber = 3
strComfirmObject = TransManager.TxnManager
strComPRID = PALI12
strComDate = 
strUserNTID = LISA_LAI
strERPServerIP = 192.168.2.22

呼叫 ERPCoordinatorOfEF 元件成功 
呼叫 ERP 3.X版的 DoEasy 
回寫ERP      => Y
回寫狀態描述 => 確認或取消確認資料單身共  0筆;成功  1筆;失敗  0筆;


BeforeApprove - DoCheck ..... 
Start Time = 2013/12/30 上午 10:07:11
lngERPVersion = 3
lngReturnType = 2
strWfFormID = 4628
strWfSheetNo = 20140128
lngAction = 0
strProgID = PALI12
strCompID = SMP
strUserID = 2854
strParameter3 = 0001
strParameter4 = 
lngKeyNumber = 3
strComfirmObject = TransManager.TxnManager
strComPRID = PALI12
strComDate = 
strUserNTID = LISA_LAI
strERPServerIP = 192.168.2.22

呼叫 ERPCoordinatorOfEF 元件成功 
呼叫 ERP 3.X版的 DoCheck 
確認可否回寫ERP      => Y
確認可否回寫狀態描述 => 


AfterApprove - DoIt
Start Time = 2013/12/30 上午 10:07:12
lngERPVersion = 3
lngReturnType = 2
strWfFormID = 4628
strWfSheetNo = 20140128
lngAction = 0
strProgID = PALI12
strCompID = SMP
strUserID = 2854
strParameter3 = 0001
strParameter4 = 
lngKeyNumber = 3
strComfirmObject = TransManager.TxnManager
strComPRID = PALI12
strComDate = 
strUserNTID = LISA_LAI
strERPServerIP = 192.168.2.22

呼叫 ERPCoordinatorOfEF 元件成功 
呼叫 ERP 3.X版的 DoEasy 
回寫ERP      => Y
回寫狀態描述 => 確認或取消確認資料單身共  0筆;成功  1筆;失敗  0筆;


BeforeApprove - DoCheck ..... 
Start Time = 2013/12/30 上午 10:07:12
lngERPVersion = 3
lngReturnType = 2
strWfFormID = 4628
strWfSheetNo = 20140129
lngAction = 0
strProgID = PALI12
strCompID = SMP
strUserID = 2854
strParameter3 = 0001
strParameter4 = 
lngKeyNumber = 3
strComfirmObject = TransManager.TxnManager
strComPRID = PALI12
strComDate = 
strUserNTID = LISA_LAI
strERPServerIP = 192.168.2.22

呼叫 ERPCoordinatorOfEF 元件成功 
呼叫 ERP 3.X版的 DoCheck 
確認可否回寫ERP      => Y
確認可否回寫狀態描述 => 


AfterApprove - DoIt
Start Time = 2013/12/30 上午 10:07:13
lngERPVersion = 3
lngReturnType = 2
strWfFormID = 4628
strWfSheetNo = 20140129
lngAction = 0
strProgID = PALI12
strCompID = SMP
strUserID = 2854
strParameter3 = 0001
strParameter4 = 
lngKeyNumber = 3
strComfirmObject = TransManager.TxnManager
strComPRID = PALI12
strComDate = 
strUserNTID = LISA_LAI
strERPServerIP = 192.168.2.22

呼叫 ERPCoordinatorOfEF 元件成功 
呼叫 ERP 3.X版的 DoEasy 
回寫ERP      => Y
回寫狀態描述 => 確認或取消確認資料單身共  0筆;成功  1筆;失敗  0筆;


BeforeApprove - DoCheck ..... 
Start Time = 2013/12/30 上午 10:07:27
lngERPVersion = 3
lngReturnType = 2
strWfFormID = 1356
strWfSheetNo = 20140206
lngAction = 0
strProgID = PALI12
strCompID = SMP
strUserID = 2854
strParameter3 = 0001
strParameter4 = 
lngKeyNumber = 3
strComfirmObject = TransManager.TxnManager
strComPRID = PALI12
strComDate = 
strUserNTID = LISA_LAI
strERPServerIP = 192.168.2.22

呼叫 ERPCoordinatorOfEF 元件成功 
呼叫 ERP 3.X版的 DoCheck 
確認可否回寫ERP      => Y
確認可否回寫狀態描述 => 


AfterApprove - DoIt
Start Time = 2013/12/30 上午 10:07:28
lngERPVersion = 3
lngReturnType = 2
strWfFormID = 1356
strWfSheetNo = 20140206
lngAction = 0
strProgID = PALI12
strCompID = SMP
strUserID = 2854
strParameter3 = 0001
strParameter4 = 
lngKeyNumber = 3
strComfirmObject = TransManager.TxnManager
strComPRID = PALI12
strComDate = 
strUserNTID = LISA_LAI
strERPServerIP = 192.168.2.22

呼叫 ERPCoordinatorOfEF 元件成功 
呼叫 ERP 3.X版的 DoEasy 
回寫ERP      => Y
回寫狀態描述 => 確認或取消確認資料單身共  0筆;成功  1筆;失敗  0筆;


BeforeApprove - DoCheck ..... 
Start Time = 2013/12/30 上午 10:07:28
lngERPVersion = 3
lngReturnType = 2
strWfFormID = 1356
strWfSheetNo = 20140207
lngAction = 0
strProgID = PALI12
strCompID = SMP
strUserID = 2854
strParameter3 = 0001
strParameter4 = 
lngKeyNumber = 3
strComfirmObject = TransManager.TxnManager
strComPRID = PALI12
strComDate = 
strUserNTID = LISA_LAI
strERPServerIP = 192.168.2.22

呼叫 ERPCoordinatorOfEF 元件成功 
呼叫 ERP 3.X版的 DoCheck 
確認可否回寫ERP      => Y
確認可否回寫狀態描述 => 


AfterApprove - DoIt
Start Time = 2013/12/30 上午 10:07:28
lngERPVersion = 3
lngReturnType = 2
strWfFormID = 1356
strWfSheetNo = 20140207
lngAction = 0
strProgID = PALI12
strCompID = SMP
strUserID = 2854
strParameter3 = 0001
strParameter4 = 
lngKeyNumber = 3
strComfirmObject = TransManager.TxnManager
strComPRID = PALI12
strComDate = 
strUserNTID = LISA_LAI
strERPServerIP = 192.168.2.22

呼叫 ERPCoordinatorOfEF 元件成功 
呼叫 ERP 3.X版的 DoEasy 
回寫ERP      => Y
回寫狀態描述 => 確認或取消確認資料單身共  0筆;成功  1筆;失敗  0筆;


BeforeApprove - DoCheck ..... 
Start Time = 2013/12/30 上午 10:07:29
lngERPVersion = 3
lngReturnType = 2
strWfFormID = 1356
strWfSheetNo = 20140210
lngAction = 0
strProgID = PALI12
strCompID = SMP
strUserID = 2854
strParameter3 = 0001
strParameter4 = 
lngKeyNumber = 3
strComfirmObject = TransManager.TxnManager
strComPRID = PALI12
strComDate = 
strUserNTID = LISA_LAI
strERPServerIP = 192.168.2.22

呼叫 ERPCoordinatorOfEF 元件成功 
呼叫 ERP 3.X版的 DoCheck 
確認可否回寫ERP      => Y
確認可否回寫狀態描述 => 


AfterApprove - DoIt
Start Time = 2013/12/30 上午 10:07:29
lngERPVersion = 3
lngReturnType = 2
strWfFormID = 1356
strWfSheetNo = 20140210
lngAction = 0
strProgID = PALI12
strCompID = SMP
strUserID = 2854
strParameter3 = 0001
strParameter4 = 
lngKeyNumber = 3
strComfirmObject = TransManager.TxnManager
strComPRID = PALI12
strComDate = 
strUserNTID = LISA_LAI
strERPServerIP = 192.168.2.22

呼叫 ERPCoordinatorOfEF 元件成功 
呼叫 ERP 3.X版的 DoEasy 
回寫ERP      => Y
回寫狀態描述 => 確認或取消確認資料單身共  0筆;成功  1筆;失敗  0筆;


BeforeApprove - DoCheck ..... 
Start Time = 2013/12/30 上午 10:07:30
lngERPVersion = 3
lngReturnType = 2
strWfFormID = 1356
strWfSheetNo = 20140211
lngAction = 0
strProgID = PALI12
strCompID = SMP
strUserID = 2854
strParameter3 = 0001
strParameter4 = 
lngKeyNumber = 3
strComfirmObject = TransManager.TxnManager
strComPRID = PALI12
strComDate = 
strUserNTID = LISA_LAI
strERPServerIP = 192.168.2.22

呼叫 ERPCoordinatorOfEF 元件成功 
呼叫 ERP 3.X版的 DoCheck 
確認可否回寫ERP      => Y
確認可否回寫狀態描述 => 


AfterApprove - DoIt
Start Time = 2013/12/30 上午 10:07:30
lngERPVersion = 3
lngReturnType = 2
strWfFormID = 1356
strWfSheetNo = 20140211
lngAction = 0
strProgID = PALI12
strCompID = SMP
strUserID = 2854
strParameter3 = 0001
strParameter4 = 
lngKeyNumber = 3
strComfirmObject = TransManager.TxnManager
strComPRID = PALI12
strComDate = 
strUserNTID = LISA_LAI
strERPServerIP = 192.168.2.22

呼叫 ERPCoordinatorOfEF 元件成功 
呼叫 ERP 3.X版的 DoEasy 
回寫ERP      => Y
回寫狀態描述 => 確認或取消確認資料單身共  0筆;成功  1筆;失敗  0筆;


BeforeApprove - DoCheck ..... 
Start Time = 2013/12/30 上午 10:07:31
lngERPVersion = 3
lngReturnType = 2
strWfFormID = 1356
strWfSheetNo = 20140212
lngAction = 0
strProgID = PALI12
strCompID = SMP
strUserID = 2854
strParameter3 = 0001
strParameter4 = 
lngKeyNumber = 3
strComfirmObject = TransManager.TxnManager
strComPRID = PALI12
strComDate = 
strUserNTID = LISA_LAI
strERPServerIP = 192.168.2.22

呼叫 ERPCoordinatorOfEF 元件成功 
呼叫 ERP 3.X版的 DoCheck 
確認可否回寫ERP      => Y
確認可否回寫狀態描述 => 


AfterApprove - DoIt
Start Time = 2013/12/30 上午 10:07:31
lngERPVersion = 3
lngReturnType = 2
strWfFormID = 1356
strWfSheetNo = 20140212
lngAction = 0
strProgID = PALI12
strCompID = SMP
strUserID = 2854
strParameter3 = 0001
strParameter4 = 
lngKeyNumber = 3
strComfirmObject = TransManager.TxnManager
strComPRID = PALI12
strComDate = 
strUserNTID = LISA_LAI
strERPServerIP = 192.168.2.22

呼叫 ERPCoordinatorOfEF 元件成功 
呼叫 ERP 3.X版的 DoEasy 
回寫ERP      => Y
回寫狀態描述 => 確認或取消確認資料單身共  0筆;成功  1筆;失敗  0筆;


