BeforeApprove - DoCheck ..... 
Start Time = 2013/10/18 上午 09:22:17
lngERPVersion = 3
lngReturnType = 2
strWfFormID = 1356
strWfSheetNo = 20131021
lngAction = 0
strProgID = PALI12
strCompID = SMP
strUserID = 4888
strParameter3 = 0001
strParameter4 = 
lngKeyNumber = 3
strComfirmObject = TransManager.TxnManager
strComPRID = PALI12
strComDate = 
strUserNTID = Emily_Huang
strERPServerIP = 192.168.2.22

呼叫 ERPCoordinatorOfEF 元件成功 
呼叫 ERP 3.X版的 DoCheck 
確認可否回寫ERP      => Y
確認可否回寫狀態描述 => 


AfterApprove - DoIt
Start Time = 2013/10/18 上午 09:22:21
lngERPVersion = 3
lngReturnType = 2
strWfFormID = 1356
strWfSheetNo = 20131021
lngAction = 0
strProgID = PALI12
strCompID = SMP
strUserID = 4888
strParameter3 = 0001
strParameter4 = 
lngKeyNumber = 3
strComfirmObject = TransManager.TxnManager
strComPRID = PALI12
strComDate = 
strUserNTID = Emily_Huang
strERPServerIP = 192.168.2.22

呼叫 ERPCoordinatorOfEF 元件成功 
呼叫 ERP 3.X版的 DoEasy 
回寫ERP      => Y
回寫狀態描述 => 確認或取消確認資料單身共  0筆;成功  1筆;失敗  0筆;


BeforeApprove - DoCheck ..... 
Start Time = 2013/10/18 上午 09:22:22
lngERPVersion = 3
lngReturnType = 2
strWfFormID = 1356
strWfSheetNo = 20131022
lngAction = 0
strProgID = PALI12
strCompID = SMP
strUserID = 4888
strParameter3 = 0001
strParameter4 = 
lngKeyNumber = 3
strComfirmObject = TransManager.TxnManager
strComPRID = PALI12
strComDate = 
strUserNTID = Emily_Huang
strERPServerIP = 192.168.2.22

呼叫 ERPCoordinatorOfEF 元件成功 
呼叫 ERP 3.X版的 DoCheck 
確認可否回寫ERP      => Y
確認可否回寫狀態描述 => 


AfterApprove - DoIt
Start Time = 2013/10/18 上午 09:22:23
lngERPVersion = 3
lngReturnType = 2
strWfFormID = 1356
strWfSheetNo = 20131022
lngAction = 0
strProgID = PALI12
strCompID = SMP
strUserID = 4888
strParameter3 = 0001
strParameter4 = 
lngKeyNumber = 3
strComfirmObject = TransManager.TxnManager
strComPRID = PALI12
strComDate = 
strUserNTID = Emily_Huang
strERPServerIP = 192.168.2.22

呼叫 ERPCoordinatorOfEF 元件成功 
呼叫 ERP 3.X版的 DoEasy 
回寫ERP      => Y
回寫狀態描述 => 確認或取消確認資料單身共  0筆;成功  1筆;失敗  0筆;


BeforeApprove - DoCheck ..... 
Start Time = 2013/10/18 上午 09:22:23
lngERPVersion = 3
lngReturnType = 2
strWfFormID = 1356
strWfSheetNo = 20131023
lngAction = 0
strProgID = PALI12
strCompID = SMP
strUserID = 4888
strParameter3 = 0001
strParameter4 = 
lngKeyNumber = 3
strComfirmObject = TransManager.TxnManager
strComPRID = PALI12
strComDate = 
strUserNTID = Emily_Huang
strERPServerIP = 192.168.2.22

呼叫 ERPCoordinatorOfEF 元件成功 
呼叫 ERP 3.X版的 DoCheck 
確認可否回寫ERP      => Y
確認可否回寫狀態描述 => 


AfterApprove - DoIt
Start Time = 2013/10/18 上午 09:22:24
lngERPVersion = 3
lngReturnType = 2
strWfFormID = 1356
strWfSheetNo = 20131023
lngAction = 0
strProgID = PALI12
strCompID = SMP
strUserID = 4888
strParameter3 = 0001
strParameter4 = 
lngKeyNumber = 3
strComfirmObject = TransManager.TxnManager
strComPRID = PALI12
strComDate = 
strUserNTID = Emily_Huang
strERPServerIP = 192.168.2.22

呼叫 ERPCoordinatorOfEF 元件成功 
呼叫 ERP 3.X版的 DoEasy 
回寫ERP      => Y
回寫狀態描述 => 確認或取消確認資料單身共  0筆;成功  1筆;失敗  0筆;


BeforeApprove - DoCheck ..... 
Start Time = 2013/10/18 上午 09:22:24
lngERPVersion = 3
lngReturnType = 2
strWfFormID = 1356
strWfSheetNo = 20131024
lngAction = 0
strProgID = PALI12
strCompID = SMP
strUserID = 4888
strParameter3 = 0001
strParameter4 = 
lngKeyNumber = 3
strComfirmObject = TransManager.TxnManager
strComPRID = PALI12
strComDate = 
strUserNTID = Emily_Huang
strERPServerIP = 192.168.2.22

呼叫 ERPCoordinatorOfEF 元件成功 
呼叫 ERP 3.X版的 DoCheck 
確認可否回寫ERP      => Y
確認可否回寫狀態描述 => 


AfterApprove - DoIt
Start Time = 2013/10/18 上午 09:22:25
lngERPVersion = 3
lngReturnType = 2
strWfFormID = 1356
strWfSheetNo = 20131024
lngAction = 0
strProgID = PALI12
strCompID = SMP
strUserID = 4888
strParameter3 = 0001
strParameter4 = 
lngKeyNumber = 3
strComfirmObject = TransManager.TxnManager
strComPRID = PALI12
strComDate = 
strUserNTID = Emily_Huang
strERPServerIP = 192.168.2.22

呼叫 ERPCoordinatorOfEF 元件成功 
呼叫 ERP 3.X版的 DoEasy 
回寫ERP      => Y
回寫狀態描述 => 確認或取消確認資料單身共  0筆;成功  1筆;失敗  0筆;


BeforeApprove - DoCheck ..... 
Start Time = 2013/10/18 上午 09:22:26
lngERPVersion = 3
lngReturnType = 2
strWfFormID = 1356
strWfSheetNo = 20131025
lngAction = 0
strProgID = PALI12
strCompID = SMP
strUserID = 4888
strParameter3 = 0001
strParameter4 = 
lngKeyNumber = 3
strComfirmObject = TransManager.TxnManager
strComPRID = PALI12
strComDate = 
strUserNTID = Emily_Huang
strERPServerIP = 192.168.2.22

呼叫 ERPCoordinatorOfEF 元件成功 
呼叫 ERP 3.X版的 DoCheck 
確認可否回寫ERP      => Y
確認可否回寫狀態描述 => 


AfterApprove - DoIt
Start Time = 2013/10/18 上午 09:22:26
lngERPVersion = 3
lngReturnType = 2
strWfFormID = 1356
strWfSheetNo = 20131025
lngAction = 0
strProgID = PALI12
strCompID = SMP
strUserID = 4888
strParameter3 = 0001
strParameter4 = 
lngKeyNumber = 3
strComfirmObject = TransManager.TxnManager
strComPRID = PALI12
strComDate = 
strUserNTID = Emily_Huang
strERPServerIP = 192.168.2.22

呼叫 ERPCoordinatorOfEF 元件成功 
呼叫 ERP 3.X版的 DoEasy 
回寫ERP      => Y
回寫狀態描述 => 確認或取消確認資料單身共  0筆;成功  1筆;失敗  0筆;


BeforeApprove - DoCheck ..... 
Start Time = 2013/10/18 上午 09:30:30
lngERPVersion = 3
lngReturnType = 2
strWfFormID = 3908
strWfSheetNo = 20131024
lngAction = 0
strProgID = PALI12
strCompID = SMP
strUserID = 4888
strParameter3 = 0001
strParameter4 = 
lngKeyNumber = 3
strComfirmObject = TransManager.TxnManager
strComPRID = PALI12
strComDate = 
strUserNTID = Emily_Huang
strERPServerIP = 192.168.2.22

呼叫 ERPCoordinatorOfEF 元件成功 
呼叫 ERP 3.X版的 DoCheck 
確認可否回寫ERP      => Y
確認可否回寫狀態描述 => 


AfterApprove - DoIt
Start Time = 2013/10/18 上午 09:30:31
lngERPVersion = 3
lngReturnType = 2
strWfFormID = 3908
strWfSheetNo = 20131024
lngAction = 0
strProgID = PALI12
strCompID = SMP
strUserID = 4888
strParameter3 = 0001
strParameter4 = 
lngKeyNumber = 3
strComfirmObject = TransManager.TxnManager
strComPRID = PALI12
strComDate = 
strUserNTID = Emily_Huang
strERPServerIP = 192.168.2.22

呼叫 ERPCoordinatorOfEF 元件成功 
呼叫 ERP 3.X版的 DoEasy 
回寫ERP      => Y
回寫狀態描述 => 確認或取消確認資料單身共  0筆;成功  1筆;失敗  0筆;


BeforeApprove - DoCheck ..... 
Start Time = 2013/10/18 上午 09:30:32
lngERPVersion = 3
lngReturnType = 2
strWfFormID = 3908
strWfSheetNo = 20131025
lngAction = 0
strProgID = PALI12
strCompID = SMP
strUserID = 4888
strParameter3 = 0001
strParameter4 = 
lngKeyNumber = 3
strComfirmObject = TransManager.TxnManager
strComPRID = PALI12
strComDate = 
strUserNTID = Emily_Huang
strERPServerIP = 192.168.2.22

呼叫 ERPCoordinatorOfEF 元件成功 
呼叫 ERP 3.X版的 DoCheck 
確認可否回寫ERP      => Y
確認可否回寫狀態描述 => 


AfterApprove - DoIt
Start Time = 2013/10/18 上午 09:30:33
lngERPVersion = 3
lngReturnType = 2
strWfFormID = 3908
strWfSheetNo = 20131025
lngAction = 0
strProgID = PALI12
strCompID = SMP
strUserID = 4888
strParameter3 = 0001
strParameter4 = 
lngKeyNumber = 3
strComfirmObject = TransManager.TxnManager
strComPRID = PALI12
strComDate = 
strUserNTID = Emily_Huang
strERPServerIP = 192.168.2.22

呼叫 ERPCoordinatorOfEF 元件成功 
呼叫 ERP 3.X版的 DoEasy 
回寫ERP      => Y
回寫狀態描述 => 確認或取消確認資料單身共  0筆;成功  1筆;失敗  0筆;


BeforeApprove - DoCheck ..... 
Start Time = 2013/10/18 上午 09:30:33
lngERPVersion = 3
lngReturnType = 2
strWfFormID = 3908
strWfSheetNo = 20131028
lngAction = 0
strProgID = PALI12
strCompID = SMP
strUserID = 4888
strParameter3 = 0001
strParameter4 = 
lngKeyNumber = 3
strComfirmObject = TransManager.TxnManager
strComPRID = PALI12
strComDate = 
strUserNTID = Emily_Huang
strERPServerIP = 192.168.2.22

呼叫 ERPCoordinatorOfEF 元件成功 
呼叫 ERP 3.X版的 DoCheck 
確認可否回寫ERP      => Y
確認可否回寫狀態描述 => 


AfterApprove - DoIt
Start Time = 2013/10/18 上午 09:30:34
lngERPVersion = 3
lngReturnType = 2
strWfFormID = 3908
strWfSheetNo = 20131028
lngAction = 0
strProgID = PALI12
strCompID = SMP
strUserID = 4888
strParameter3 = 0001
strParameter4 = 
lngKeyNumber = 3
strComfirmObject = TransManager.TxnManager
strComPRID = PALI12
strComDate = 
strUserNTID = Emily_Huang
strERPServerIP = 192.168.2.22

呼叫 ERPCoordinatorOfEF 元件成功 
呼叫 ERP 3.X版的 DoEasy 
回寫ERP      => Y
回寫狀態描述 => 確認或取消確認資料單身共  0筆;成功  1筆;失敗  0筆;


