BeforeApprove - DoCheck ..... 
Start Time = 2014/11/5 上午 10:40:15
lngERPVersion = 3
lngReturnType = 2
strWfFormID = 2173
strWfSheetNo = 20141103
lngAction = 0
strProgID = PALI12
strCompID = SMP
strUserID = 2308
strParameter3 = 0001
strParameter4 = 
lngKeyNumber = 3
strComfirmObject = TransManager.TxnManager
strComPRID = PALI12
strComDate = 
strUserNTID = Caroline_Hsieh
strERPServerIP = 192.168.2.22

呼叫 ERPCoordinatorOfEF 元件成功 
呼叫 ERP 3.X版的 DoCheck 
確認可否回寫ERP      => Y
確認可否回寫狀態描述 => 


AfterApprove - DoIt
Start Time = 2014/11/5 上午 10:40:16
lngERPVersion = 3
lngReturnType = 2
strWfFormID = 2173
strWfSheetNo = 20141103
lngAction = 0
strProgID = PALI12
strCompID = SMP
strUserID = 2308
strParameter3 = 0001
strParameter4 = 
lngKeyNumber = 3
strComfirmObject = TransManager.TxnManager
strComPRID = PALI12
strComDate = 
strUserNTID = Caroline_Hsieh
strERPServerIP = 192.168.2.22

呼叫 ERPCoordinatorOfEF 元件成功 
呼叫 ERP 3.X版的 DoEasy 
回寫ERP      => Y
回寫狀態描述 => 確認或取消確認資料單身共  0筆;成功  1筆;失敗  0筆;


BeforeApprove - DoCheck ..... 
Start Time = 2014/11/5 上午 10:40:42
lngERPVersion = 3
lngReturnType = 2
strWfFormID = 2625
strWfSheetNo = 20141105
lngAction = 0
strProgID = PALI12
strCompID = SMP
strUserID = 2308
strParameter3 = 0001
strParameter4 = 
lngKeyNumber = 3
strComfirmObject = TransManager.TxnManager
strComPRID = PALI12
strComDate = 
strUserNTID = Caroline_Hsieh
strERPServerIP = 192.168.2.22

呼叫 ERPCoordinatorOfEF 元件成功 
呼叫 ERP 3.X版的 DoCheck 
確認可否回寫ERP      => Y
確認可否回寫狀態描述 => 


AfterApprove - DoIt
Start Time = 2014/11/5 上午 10:40:42
lngERPVersion = 3
lngReturnType = 2
strWfFormID = 2625
strWfSheetNo = 20141105
lngAction = 0
strProgID = PALI12
strCompID = SMP
strUserID = 2308
strParameter3 = 0001
strParameter4 = 
lngKeyNumber = 3
strComfirmObject = TransManager.TxnManager
strComPRID = PALI12
strComDate = 
strUserNTID = Caroline_Hsieh
strERPServerIP = 192.168.2.22

呼叫 ERPCoordinatorOfEF 元件成功 
呼叫 ERP 3.X版的 DoEasy 
回寫ERP      => Y
回寫狀態描述 => 確認或取消確認資料單身共  0筆;成功  1筆;失敗  0筆;


BeforeApprove - DoCheck ..... 
Start Time = 2014/11/5 上午 10:42:00
lngERPVersion = 3
lngReturnType = 2
strWfFormID = 4408
strWfSheetNo = 20141031
lngAction = 0
strProgID = PALI12
strCompID = SMP
strUserID = 2308
strParameter3 = 0001
strParameter4 = 
lngKeyNumber = 3
strComfirmObject = TransManager.TxnManager
strComPRID = PALI12
strComDate = 
strUserNTID = Caroline_Hsieh
strERPServerIP = 192.168.2.22

呼叫 ERPCoordinatorOfEF 元件成功 
呼叫 ERP 3.X版的 DoCheck 
確認可否回寫ERP      => Y
確認可否回寫狀態描述 => 


AfterApprove - DoIt
Start Time = 2014/11/5 上午 10:42:01
lngERPVersion = 3
lngReturnType = 2
strWfFormID = 4408
strWfSheetNo = 20141031
lngAction = 0
strProgID = PALI12
strCompID = SMP
strUserID = 2308
strParameter3 = 0001
strParameter4 = 
lngKeyNumber = 3
strComfirmObject = TransManager.TxnManager
strComPRID = PALI12
strComDate = 
strUserNTID = Caroline_Hsieh
strERPServerIP = 192.168.2.22

呼叫 ERPCoordinatorOfEF 元件成功 
呼叫 ERP 3.X版的 DoEasy 
回寫ERP      => Y
回寫狀態描述 => 確認或取消確認資料單身共  0筆;成功  1筆;失敗  0筆;


BeforeApprove - DoCheck ..... 
Start Time = 2014/11/5 上午 10:43:33
lngERPVersion = 3
lngReturnType = 2
strWfFormID = 00075
strWfSheetNo = 20141230
lngAction = 0
strProgID = PALI12
strCompID = TP
strUserID = 2308
strParameter3 = 0001
strParameter4 = 
lngKeyNumber = 3
strComfirmObject = TransManager.TxnManager
strComPRID = PALI12
strComDate = 
strUserNTID = Caroline_Hsieh
strERPServerIP = 192.168.2.22

呼叫 ERPCoordinatorOfEF 元件成功 
呼叫 ERP 3.X版的 DoCheck 
確認可否回寫ERP      => Y
確認可否回寫狀態描述 => 


AfterApprove - DoIt
Start Time = 2014/11/5 上午 10:43:33
lngERPVersion = 3
lngReturnType = 2
strWfFormID = 00075
strWfSheetNo = 20141230
lngAction = 0
strProgID = PALI12
strCompID = TP
strUserID = 2308
strParameter3 = 0001
strParameter4 = 
lngKeyNumber = 3
strComfirmObject = TransManager.TxnManager
strComPRID = PALI12
strComDate = 
strUserNTID = Caroline_Hsieh
strERPServerIP = 192.168.2.22

呼叫 ERPCoordinatorOfEF 元件成功 
呼叫 ERP 3.X版的 DoEasy 
回寫ERP      => Y
回寫狀態描述 => 確認或取消確認資料單身共  0筆;成功  1筆;失敗  0筆;


BeforeApprove - DoCheck ..... 
Start Time = 2014/11/5 上午 10:43:34
lngERPVersion = 3
lngReturnType = 2
strWfFormID = 00075
strWfSheetNo = 20141231
lngAction = 0
strProgID = PALI12
strCompID = TP
strUserID = 2308
strParameter3 = 0001
strParameter4 = 
lngKeyNumber = 3
strComfirmObject = TransManager.TxnManager
strComPRID = PALI12
strComDate = 
strUserNTID = Caroline_Hsieh
strERPServerIP = 192.168.2.22

呼叫 ERPCoordinatorOfEF 元件成功 
呼叫 ERP 3.X版的 DoCheck 
確認可否回寫ERP      => Y
確認可否回寫狀態描述 => 


AfterApprove - DoIt
Start Time = 2014/11/5 上午 10:43:34
lngERPVersion = 3
lngReturnType = 2
strWfFormID = 00075
strWfSheetNo = 20141231
lngAction = 0
strProgID = PALI12
strCompID = TP
strUserID = 2308
strParameter3 = 0001
strParameter4 = 
lngKeyNumber = 3
strComfirmObject = TransManager.TxnManager
strComPRID = PALI12
strComDate = 
strUserNTID = Caroline_Hsieh
strERPServerIP = 192.168.2.22

呼叫 ERPCoordinatorOfEF 元件成功 
呼叫 ERP 3.X版的 DoEasy 
回寫ERP      => Y
回寫狀態描述 => 確認或取消確認資料單身共  0筆;成功  1筆;失敗  0筆;


BeforeApprove - DoCheck ..... 
Start Time = 2014/11/5 上午 10:43:35
lngERPVersion = 3
lngReturnType = 2
strWfFormID = 00075
strWfSheetNo = 20150101
lngAction = 0
strProgID = PALI12
strCompID = TP
strUserID = 2308
strParameter3 = 0001
strParameter4 = 
lngKeyNumber = 3
strComfirmObject = TransManager.TxnManager
strComPRID = PALI12
strComDate = 
strUserNTID = Caroline_Hsieh
strERPServerIP = 192.168.2.22

呼叫 ERPCoordinatorOfEF 元件成功 
呼叫 ERP 3.X版的 DoCheck 
確認可否回寫ERP      => Y
確認可否回寫狀態描述 => 


AfterApprove - DoIt
Start Time = 2014/11/5 上午 10:43:35
lngERPVersion = 3
lngReturnType = 2
strWfFormID = 00075
strWfSheetNo = 20150101
lngAction = 0
strProgID = PALI12
strCompID = TP
strUserID = 2308
strParameter3 = 0001
strParameter4 = 
lngKeyNumber = 3
strComfirmObject = TransManager.TxnManager
strComPRID = PALI12
strComDate = 
strUserNTID = Caroline_Hsieh
strERPServerIP = 192.168.2.22

呼叫 ERPCoordinatorOfEF 元件成功 
呼叫 ERP 3.X版的 DoEasy 
回寫ERP      => Y
回寫狀態描述 => 確認或取消確認資料單身共  0筆;成功  1筆;失敗  0筆;


BeforeApprove - DoCheck ..... 
Start Time = 2014/11/5 上午 10:43:36
lngERPVersion = 3
lngReturnType = 2
strWfFormID = 00075
strWfSheetNo = 20150102
lngAction = 0
strProgID = PALI12
strCompID = TP
strUserID = 2308
strParameter3 = 0001
strParameter4 = 
lngKeyNumber = 3
strComfirmObject = TransManager.TxnManager
strComPRID = PALI12
strComDate = 
strUserNTID = Caroline_Hsieh
strERPServerIP = 192.168.2.22

呼叫 ERPCoordinatorOfEF 元件成功 
呼叫 ERP 3.X版的 DoCheck 
確認可否回寫ERP      => Y
確認可否回寫狀態描述 => 


AfterApprove - DoIt
Start Time = 2014/11/5 上午 10:43:36
lngERPVersion = 3
lngReturnType = 2
strWfFormID = 00075
strWfSheetNo = 20150102
lngAction = 0
strProgID = PALI12
strCompID = TP
strUserID = 2308
strParameter3 = 0001
strParameter4 = 
lngKeyNumber = 3
strComfirmObject = TransManager.TxnManager
strComPRID = PALI12
strComDate = 
strUserNTID = Caroline_Hsieh
strERPServerIP = 192.168.2.22

呼叫 ERPCoordinatorOfEF 元件成功 
呼叫 ERP 3.X版的 DoEasy 
回寫ERP      => Y
回寫狀態描述 => 確認或取消確認資料單身共  0筆;成功  1筆;失敗  0筆;


BeforeApprove - DoCheck ..... 
Start Time = 2014/11/5 上午 10:43:37
lngERPVersion = 3
lngReturnType = 2
strWfFormID = 00075
strWfSheetNo = 20150103
lngAction = 0
strProgID = PALI12
strCompID = TP
strUserID = 2308
strParameter3 = 0001
strParameter4 = 
lngKeyNumber = 3
strComfirmObject = TransManager.TxnManager
strComPRID = PALI12
strComDate = 
strUserNTID = Caroline_Hsieh
strERPServerIP = 192.168.2.22

呼叫 ERPCoordinatorOfEF 元件成功 
呼叫 ERP 3.X版的 DoCheck 
確認可否回寫ERP      => Y
確認可否回寫狀態描述 => 


AfterApprove - DoIt
Start Time = 2014/11/5 上午 10:43:37
lngERPVersion = 3
lngReturnType = 2
strWfFormID = 00075
strWfSheetNo = 20150103
lngAction = 0
strProgID = PALI12
strCompID = TP
strUserID = 2308
strParameter3 = 0001
strParameter4 = 
lngKeyNumber = 3
strComfirmObject = TransManager.TxnManager
strComPRID = PALI12
strComDate = 
strUserNTID = Caroline_Hsieh
strERPServerIP = 192.168.2.22

呼叫 ERPCoordinatorOfEF 元件成功 
呼叫 ERP 3.X版的 DoEasy 
回寫ERP      => Y
回寫狀態描述 => 確認或取消確認資料單身共  0筆;成功  1筆;失敗  0筆;


BeforeApprove - DoCheck ..... 
Start Time = 2014/11/5 上午 10:43:38
lngERPVersion = 3
lngReturnType = 2
strWfFormID = 00075
strWfSheetNo = 20150104
lngAction = 0
strProgID = PALI12
strCompID = TP
strUserID = 2308
strParameter3 = 0001
strParameter4 = 
lngKeyNumber = 3
strComfirmObject = TransManager.TxnManager
strComPRID = PALI12
strComDate = 
strUserNTID = Caroline_Hsieh
strERPServerIP = 192.168.2.22

呼叫 ERPCoordinatorOfEF 元件成功 
呼叫 ERP 3.X版的 DoCheck 
確認可否回寫ERP      => Y
確認可否回寫狀態描述 => 


AfterApprove - DoIt
Start Time = 2014/11/5 上午 10:43:38
lngERPVersion = 3
lngReturnType = 2
strWfFormID = 00075
strWfSheetNo = 20150104
lngAction = 0
strProgID = PALI12
strCompID = TP
strUserID = 2308
strParameter3 = 0001
strParameter4 = 
lngKeyNumber = 3
strComfirmObject = TransManager.TxnManager
strComPRID = PALI12
strComDate = 
strUserNTID = Caroline_Hsieh
strERPServerIP = 192.168.2.22

呼叫 ERPCoordinatorOfEF 元件成功 
呼叫 ERP 3.X版的 DoEasy 
回寫ERP      => Y
回寫狀態描述 => 確認或取消確認資料單身共  0筆;成功  1筆;失敗  0筆;


BeforeApprove - DoCheck ..... 
Start Time = 2014/11/5 上午 10:43:38
lngERPVersion = 3
lngReturnType = 2
strWfFormID = 00075
strWfSheetNo = 20150105
lngAction = 0
strProgID = PALI12
strCompID = TP
strUserID = 2308
strParameter3 = 0001
strParameter4 = 
lngKeyNumber = 3
strComfirmObject = TransManager.TxnManager
strComPRID = PALI12
strComDate = 
strUserNTID = Caroline_Hsieh
strERPServerIP = 192.168.2.22

呼叫 ERPCoordinatorOfEF 元件成功 
呼叫 ERP 3.X版的 DoCheck 
確認可否回寫ERP      => Y
確認可否回寫狀態描述 => 


AfterApprove - DoIt
Start Time = 2014/11/5 上午 10:43:39
lngERPVersion = 3
lngReturnType = 2
strWfFormID = 00075
strWfSheetNo = 20150105
lngAction = 0
strProgID = PALI12
strCompID = TP
strUserID = 2308
strParameter3 = 0001
strParameter4 = 
lngKeyNumber = 3
strComfirmObject = TransManager.TxnManager
strComPRID = PALI12
strComDate = 
strUserNTID = Caroline_Hsieh
strERPServerIP = 192.168.2.22

呼叫 ERPCoordinatorOfEF 元件成功 
呼叫 ERP 3.X版的 DoEasy 
回寫ERP      => Y
回寫狀態描述 => 確認或取消確認資料單身共  0筆;成功  1筆;失敗  0筆;


BeforeApprove - DoCheck ..... 
Start Time = 2014/11/5 上午 10:43:55
lngERPVersion = 3
lngReturnType = 2
strWfFormID = 4641
strWfSheetNo = 20141031
lngAction = 0
strProgID = PALI12
strCompID = SMP
strUserID = 2308
strParameter3 = 0001
strParameter4 = 
lngKeyNumber = 3
strComfirmObject = TransManager.TxnManager
strComPRID = PALI12
strComDate = 
strUserNTID = Caroline_Hsieh
strERPServerIP = 192.168.2.22

呼叫 ERPCoordinatorOfEF 元件成功 
呼叫 ERP 3.X版的 DoCheck 
確認可否回寫ERP      => Y
確認可否回寫狀態描述 => 


AfterApprove - DoIt
Start Time = 2014/11/5 上午 10:43:55
lngERPVersion = 3
lngReturnType = 2
strWfFormID = 4641
strWfSheetNo = 20141031
lngAction = 0
strProgID = PALI12
strCompID = SMP
strUserID = 2308
strParameter3 = 0001
strParameter4 = 
lngKeyNumber = 3
strComfirmObject = TransManager.TxnManager
strComPRID = PALI12
strComDate = 
strUserNTID = Caroline_Hsieh
strERPServerIP = 192.168.2.22

呼叫 ERPCoordinatorOfEF 元件成功 
呼叫 ERP 3.X版的 DoEasy 
回寫ERP      => Y
回寫狀態描述 => 確認或取消確認資料單身共  0筆;成功  1筆;失敗  0筆;


BeforeApprove - DoCheck ..... 
Start Time = 2014/11/5 下午 02:56:02
lngERPVersion = 3
lngReturnType = 2
strWfFormID = 4654
strWfSheetNo = 20141031
lngAction = 0
strProgID = PALI12
strCompID = SMP
strUserID = 2308
strParameter3 = 0001
strParameter4 = 
lngKeyNumber = 3
strComfirmObject = TransManager.TxnManager
strComPRID = PALI12
strComDate = 
strUserNTID = Caroline_Hsieh
strERPServerIP = 192.168.2.22

呼叫 ERPCoordinatorOfEF 元件成功 
呼叫 ERP 3.X版的 DoCheck 
確認可否回寫ERP      => Y
確認可否回寫狀態描述 => 


AfterApprove - DoIt
Start Time = 2014/11/5 下午 02:56:11
lngERPVersion = 3
lngReturnType = 2
strWfFormID = 4654
strWfSheetNo = 20141031
lngAction = 0
strProgID = PALI12
strCompID = SMP
strUserID = 2308
strParameter3 = 0001
strParameter4 = 
lngKeyNumber = 3
strComfirmObject = TransManager.TxnManager
strComPRID = PALI12
strComDate = 
strUserNTID = Caroline_Hsieh
strERPServerIP = 192.168.2.22

呼叫 ERPCoordinatorOfEF 元件成功 
呼叫 ERP 3.X版的 DoEasy 
回寫ERP      => Y
回寫狀態描述 => 確認或取消確認資料單身共  0筆;成功  1筆;失敗  0筆;


