BeforeApprove - DoCheck ..... 
Start Time = 2014/12/23 上午 09:18:51
lngERPVersion = 3
lngReturnType = 2
strWfFormID = 4887
strWfSheetNo = 20141224
lngAction = 0
strProgID = PALI12
strCompID = SMP
strUserID = 2854
strParameter3 = 0001
strParameter4 = 
lngKeyNumber = 3
strComfirmObject = TransManager.TxnManager
strComPRID = PALI12
strComDate = 
strUserNTID = LISA_LAI
strERPServerIP = 192.168.2.22

呼叫 ERPCoordinatorOfEF 元件成功 
呼叫 ERP 3.X版的 DoCheck 
確認可否回寫ERP      => Y
確認可否回寫狀態描述 => 


AfterApprove - DoIt
Start Time = 2014/12/23 上午 09:18:52
lngERPVersion = 3
lngReturnType = 2
strWfFormID = 4887
strWfSheetNo = 20141224
lngAction = 0
strProgID = PALI12
strCompID = SMP
strUserID = 2854
strParameter3 = 0001
strParameter4 = 
lngKeyNumber = 3
strComfirmObject = TransManager.TxnManager
strComPRID = PALI12
strComDate = 
strUserNTID = LISA_LAI
strERPServerIP = 192.168.2.22

呼叫 ERPCoordinatorOfEF 元件成功 
呼叫 ERP 3.X版的 DoEasy 
回寫ERP      => Y
回寫狀態描述 => 確認或取消確認資料單身共  0筆;成功  1筆;失敗  0筆;


BeforeApprove - DoCheck ..... 
Start Time = 2014/12/23 上午 09:19:16
lngERPVersion = 3
lngReturnType = 2
strWfFormID = 4852
strWfSheetNo = 20141227
lngAction = 0
strProgID = PALI12
strCompID = SMP
strUserID = 2854
strParameter3 = 0001
strParameter4 = 
lngKeyNumber = 3
strComfirmObject = TransManager.TxnManager
strComPRID = PALI12
strComDate = 
strUserNTID = LISA_LAI
strERPServerIP = 192.168.2.22

呼叫 ERPCoordinatorOfEF 元件成功 
呼叫 ERP 3.X版的 DoCheck 
確認可否回寫ERP      => N
確認可否回寫狀態描述 => 不可超過年度允許請假量


BeforeApprove - DoCheck ..... 
Start Time = 2014/12/23 上午 09:19:42
lngERPVersion = 3
lngReturnType = 2
strWfFormID = 4649
strWfSheetNo = 20141219
lngAction = 0
strProgID = PALI12
strCompID = SMP
strUserID = 2854
strParameter3 = 0001
strParameter4 = 
lngKeyNumber = 3
strComfirmObject = TransManager.TxnManager
strComPRID = PALI12
strComDate = 
strUserNTID = LISA_LAI
strERPServerIP = 192.168.2.22

呼叫 ERPCoordinatorOfEF 元件成功 
呼叫 ERP 3.X版的 DoCheck 
確認可否回寫ERP      => Y
確認可否回寫狀態描述 => 


AfterApprove - DoIt
Start Time = 2014/12/23 上午 09:19:43
lngERPVersion = 3
lngReturnType = 2
strWfFormID = 4649
strWfSheetNo = 20141219
lngAction = 0
strProgID = PALI12
strCompID = SMP
strUserID = 2854
strParameter3 = 0001
strParameter4 = 
lngKeyNumber = 3
strComfirmObject = TransManager.TxnManager
strComPRID = PALI12
strComDate = 
strUserNTID = LISA_LAI
strERPServerIP = 192.168.2.22

呼叫 ERPCoordinatorOfEF 元件成功 
呼叫 ERP 3.X版的 DoEasy 
回寫ERP      => Y
回寫狀態描述 => 確認或取消確認資料單身共  0筆;成功  1筆;失敗  0筆;


BeforeApprove - DoCheck ..... 
Start Time = 2014/12/23 上午 09:28:36
lngERPVersion = 3
lngReturnType = 2
strWfFormID = 00034
strWfSheetNo = 20141217
lngAction = 0
strProgID = PALI12
strCompID = TP
strUserID = 2854
strParameter3 = 0001
strParameter4 = 
lngKeyNumber = 3
strComfirmObject = TransManager.TxnManager
strComPRID = PALI12
strComDate = 
strUserNTID = LISA_LAI
strERPServerIP = 192.168.2.22

呼叫 ERPCoordinatorOfEF 元件成功 
呼叫 ERP 3.X版的 DoCheck 
確認可否回寫ERP      => Y
確認可否回寫狀態描述 => 


AfterApprove - DoIt
Start Time = 2014/12/23 上午 09:28:37
lngERPVersion = 3
lngReturnType = 2
strWfFormID = 00034
strWfSheetNo = 20141217
lngAction = 0
strProgID = PALI12
strCompID = TP
strUserID = 2854
strParameter3 = 0001
strParameter4 = 
lngKeyNumber = 3
strComfirmObject = TransManager.TxnManager
strComPRID = PALI12
strComDate = 
strUserNTID = LISA_LAI
strERPServerIP = 192.168.2.22

呼叫 ERPCoordinatorOfEF 元件成功 
呼叫 ERP 3.X版的 DoEasy 
回寫ERP      => Y
回寫狀態描述 => 確認或取消確認資料單身共  0筆;成功  1筆;失敗  0筆;


BeforeApprove - DoCheck ..... 
Start Time = 2014/12/23 上午 09:29:16
lngERPVersion = 3
lngReturnType = 2
strWfFormID = A1255
strWfSheetNo = 20141223
lngAction = 0
strProgID = PALI12
strCompID = SMP
strUserID = 2854
strParameter3 = 0001
strParameter4 = 
lngKeyNumber = 3
strComfirmObject = TransManager.TxnManager
strComPRID = PALI12
strComDate = 
strUserNTID = LISA_LAI
strERPServerIP = 192.168.2.22

呼叫 ERPCoordinatorOfEF 元件成功 
呼叫 ERP 3.X版的 DoCheck 
確認可否回寫ERP      => Y
確認可否回寫狀態描述 => 


AfterApprove - DoIt
Start Time = 2014/12/23 上午 09:29:17
lngERPVersion = 3
lngReturnType = 2
strWfFormID = A1255
strWfSheetNo = 20141223
lngAction = 0
strProgID = PALI12
strCompID = SMP
strUserID = 2854
strParameter3 = 0001
strParameter4 = 
lngKeyNumber = 3
strComfirmObject = TransManager.TxnManager
strComPRID = PALI12
strComDate = 
strUserNTID = LISA_LAI
strERPServerIP = 192.168.2.22

呼叫 ERPCoordinatorOfEF 元件成功 
呼叫 ERP 3.X版的 DoEasy 
回寫ERP      => Y
回寫狀態描述 => 確認或取消確認資料單身共  0筆;成功  1筆;失敗  0筆;


BeforeApprove - DoCheck ..... 
Start Time = 2014/12/23 上午 09:37:33
lngERPVersion = 3
lngReturnType = 2
strWfFormID = 4649
strWfSheetNo = 20141210
lngAction = 0
strProgID = PALI12
strCompID = SMP
strUserID = 2854
strParameter3 = 0002
strParameter4 = 
lngKeyNumber = 3
strComfirmObject = TransManager.TxnManager
strComPRID = PALI12
strComDate = 
strUserNTID = LISA_LAI
strERPServerIP = 192.168.2.22

呼叫 ERPCoordinatorOfEF 元件成功 
呼叫 ERP 3.X版的 DoCheck 
確認可否回寫ERP      => Y
確認可否回寫狀態描述 => 


AfterApprove - DoIt
Start Time = 2014/12/23 上午 09:37:34
lngERPVersion = 3
lngReturnType = 2
strWfFormID = 4649
strWfSheetNo = 20141210
lngAction = 0
strProgID = PALI12
strCompID = SMP
strUserID = 2854
strParameter3 = 0002
strParameter4 = 
lngKeyNumber = 3
strComfirmObject = TransManager.TxnManager
strComPRID = PALI12
strComDate = 
strUserNTID = LISA_LAI
strERPServerIP = 192.168.2.22

呼叫 ERPCoordinatorOfEF 元件成功 
呼叫 ERP 3.X版的 DoEasy 
回寫ERP      => Y
回寫狀態描述 => 確認或取消確認資料單身共  0筆;成功  1筆;失敗  0筆;


BeforeApprove - DoCheck ..... 
Start Time = 2014/12/23 上午 11:40:00
lngERPVersion = 3
lngReturnType = 2
strWfFormID = 00028
strWfSheetNo = 20141217
lngAction = 0
strProgID = PALI12
strCompID = TP
strUserID = 2854
strParameter3 = 0001
strParameter4 = 
lngKeyNumber = 3
strComfirmObject = TransManager.TxnManager
strComPRID = PALI12
strComDate = 
strUserNTID = LISA_LAI
strERPServerIP = 192.168.2.22

呼叫 ERPCoordinatorOfEF 元件成功 
呼叫 ERP 3.X版的 DoCheck 
確認可否回寫ERP      => Y
確認可否回寫狀態描述 => 


AfterApprove - DoIt
Start Time = 2014/12/23 上午 11:40:01
lngERPVersion = 3
lngReturnType = 2
strWfFormID = 00028
strWfSheetNo = 20141217
lngAction = 0
strProgID = PALI12
strCompID = TP
strUserID = 2854
strParameter3 = 0001
strParameter4 = 
lngKeyNumber = 3
strComfirmObject = TransManager.TxnManager
strComPRID = PALI12
strComDate = 
strUserNTID = LISA_LAI
strERPServerIP = 192.168.2.22

呼叫 ERPCoordinatorOfEF 元件成功 
呼叫 ERP 3.X版的 DoEasy 
回寫ERP      => Y
回寫狀態描述 => 確認或取消確認資料單身共  0筆;成功  1筆;失敗  0筆;


BeforeApprove - DoCheck ..... 
Start Time = 2014/12/23 上午 11:40:18
lngERPVersion = 3
lngReturnType = 2
strWfFormID = 2528
strWfSheetNo = 20141218
lngAction = 0
strProgID = PALI12
strCompID = SMP
strUserID = 2854
strParameter3 = 0001
strParameter4 = 
lngKeyNumber = 3
strComfirmObject = TransManager.TxnManager
strComPRID = PALI12
strComDate = 
strUserNTID = LISA_LAI
strERPServerIP = 192.168.2.22

呼叫 ERPCoordinatorOfEF 元件成功 
呼叫 ERP 3.X版的 DoCheck 
確認可否回寫ERP      => Y
確認可否回寫狀態描述 => 


AfterApprove - DoIt
Start Time = 2014/12/23 上午 11:40:19
lngERPVersion = 3
lngReturnType = 2
strWfFormID = 2528
strWfSheetNo = 20141218
lngAction = 0
strProgID = PALI12
strCompID = SMP
strUserID = 2854
strParameter3 = 0001
strParameter4 = 
lngKeyNumber = 3
strComfirmObject = TransManager.TxnManager
strComPRID = PALI12
strComDate = 
strUserNTID = LISA_LAI
strERPServerIP = 192.168.2.22

呼叫 ERPCoordinatorOfEF 元件成功 
呼叫 ERP 3.X版的 DoEasy 
回寫ERP      => Y
回寫狀態描述 => 確認或取消確認資料單身共  0筆;成功  1筆;失敗  0筆;


BeforeApprove - DoCheck ..... 
Start Time = 2014/12/23 上午 11:42:39
lngERPVersion = 3
lngReturnType = 2
strWfFormID = 4759
strWfSheetNo = 20141219
lngAction = 0
strProgID = PALI12
strCompID = SMP
strUserID = 2854
strParameter3 = 0001
strParameter4 = 
lngKeyNumber = 3
strComfirmObject = TransManager.TxnManager
strComPRID = PALI12
strComDate = 
strUserNTID = LISA_LAI
strERPServerIP = 192.168.2.22

呼叫 ERPCoordinatorOfEF 元件成功 
呼叫 ERP 3.X版的 DoCheck 
確認可否回寫ERP      => Y
確認可否回寫狀態描述 => 


AfterApprove - DoIt
Start Time = 2014/12/23 上午 11:42:40
lngERPVersion = 3
lngReturnType = 2
strWfFormID = 4759
strWfSheetNo = 20141219
lngAction = 0
strProgID = PALI12
strCompID = SMP
strUserID = 2854
strParameter3 = 0001
strParameter4 = 
lngKeyNumber = 3
strComfirmObject = TransManager.TxnManager
strComPRID = PALI12
strComDate = 
strUserNTID = LISA_LAI
strERPServerIP = 192.168.2.22

呼叫 ERPCoordinatorOfEF 元件成功 
呼叫 ERP 3.X版的 DoEasy 
回寫ERP      => Y
回寫狀態描述 => 確認或取消確認資料單身共  0筆;成功  1筆;失敗  0筆;


BeforeApprove - DoCheck ..... 
Start Time = 2014/12/23 上午 11:43:00
lngERPVersion = 3
lngReturnType = 2
strWfFormID = 00053
strWfSheetNo = 20141218
lngAction = 0
strProgID = PALI12
strCompID = TP
strUserID = 2854
strParameter3 = 0001
strParameter4 = 
lngKeyNumber = 3
strComfirmObject = TransManager.TxnManager
strComPRID = PALI12
strComDate = 
strUserNTID = LISA_LAI
strERPServerIP = 192.168.2.22

呼叫 ERPCoordinatorOfEF 元件成功 
呼叫 ERP 3.X版的 DoCheck 
確認可否回寫ERP      => Y
確認可否回寫狀態描述 => 


AfterApprove - DoIt
Start Time = 2014/12/23 上午 11:43:00
lngERPVersion = 3
lngReturnType = 2
strWfFormID = 00053
strWfSheetNo = 20141218
lngAction = 0
strProgID = PALI12
strCompID = TP
strUserID = 2854
strParameter3 = 0001
strParameter4 = 
lngKeyNumber = 3
strComfirmObject = TransManager.TxnManager
strComPRID = PALI12
strComDate = 
strUserNTID = LISA_LAI
strERPServerIP = 192.168.2.22

呼叫 ERPCoordinatorOfEF 元件成功 
呼叫 ERP 3.X版的 DoEasy 
回寫ERP      => Y
回寫狀態描述 => 確認或取消確認資料單身共  0筆;成功  1筆;失敗  0筆;


BeforeApprove - DoCheck ..... 
Start Time = 2014/12/23 上午 11:43:28
lngERPVersion = 3
lngReturnType = 2
strWfFormID = 4009
strWfSheetNo = 20141227
lngAction = 0
strProgID = PALI12
strCompID = SMP
strUserID = 2854
strParameter3 = 0001
strParameter4 = 
lngKeyNumber = 3
strComfirmObject = TransManager.TxnManager
strComPRID = PALI12
strComDate = 
strUserNTID = LISA_LAI
strERPServerIP = 192.168.2.22

呼叫 ERPCoordinatorOfEF 元件成功 
呼叫 ERP 3.X版的 DoCheck 
確認可否回寫ERP      => N
確認可否回寫狀態描述 => 不可超過年度允許請假量


BeforeApprove - DoCheck ..... 
Start Time = 2014/12/23 下午 03:26:06
lngERPVersion = 3
lngReturnType = 2
strWfFormID = 00052
strWfSheetNo = 20141226
lngAction = 0
strProgID = PALI12
strCompID = TP
strUserID = 2308
strParameter3 = 0001
strParameter4 = 
lngKeyNumber = 3
strComfirmObject = TransManager.TxnManager
strComPRID = PALI12
strComDate = 
strUserNTID = Caroline_Hsieh
strERPServerIP = 192.168.2.22

呼叫 ERPCoordinatorOfEF 元件成功 
呼叫 ERP 3.X版的 DoCheck 
確認可否回寫ERP      => N
確認可否回寫狀態描述 => 


BeforeApprove - DoCheck ..... 
Start Time = 2014/12/23 下午 03:26:06
lngERPVersion = 3
lngReturnType = 2
strWfFormID = 00052
strWfSheetNo = 20141227
lngAction = 0
strProgID = PALI12
strCompID = TP
strUserID = 2308
strParameter3 = 0001
strParameter4 = 
lngKeyNumber = 3
strComfirmObject = TransManager.TxnManager
strComPRID = PALI12
strComDate = 
strUserNTID = Caroline_Hsieh
strERPServerIP = 192.168.2.22

呼叫 ERPCoordinatorOfEF 元件成功 
呼叫 ERP 3.X版的 DoCheck 
確認可否回寫ERP      => N
確認可否回寫狀態描述 => 


BeforeApprove - DoCheck ..... 
Start Time = 2014/12/23 下午 03:26:07
lngERPVersion = 3
lngReturnType = 2
strWfFormID = 00052
strWfSheetNo = 20141228
lngAction = 0
strProgID = PALI12
strCompID = TP
strUserID = 2308
strParameter3 = 0001
strParameter4 = 
lngKeyNumber = 3
strComfirmObject = TransManager.TxnManager
strComPRID = PALI12
strComDate = 
strUserNTID = Caroline_Hsieh
strERPServerIP = 192.168.2.22

呼叫 ERPCoordinatorOfEF 元件成功 
呼叫 ERP 3.X版的 DoCheck 
確認可否回寫ERP      => N
確認可否回寫狀態描述 => 


BeforeApprove - DoCheck ..... 
Start Time = 2014/12/23 下午 03:26:07
lngERPVersion = 3
lngReturnType = 2
strWfFormID = 00052
strWfSheetNo = 20141229
lngAction = 0
strProgID = PALI12
strCompID = TP
strUserID = 2308
strParameter3 = 0001
strParameter4 = 
lngKeyNumber = 3
strComfirmObject = TransManager.TxnManager
strComPRID = PALI12
strComDate = 
strUserNTID = Caroline_Hsieh
strERPServerIP = 192.168.2.22

呼叫 ERPCoordinatorOfEF 元件成功 
呼叫 ERP 3.X版的 DoCheck 
確認可否回寫ERP      => N
確認可否回寫狀態描述 => 


BeforeApprove - DoCheck ..... 
Start Time = 2014/12/23 下午 03:26:07
lngERPVersion = 3
lngReturnType = 2
strWfFormID = 00052
strWfSheetNo = 20141230
lngAction = 0
strProgID = PALI12
strCompID = TP
strUserID = 2308
strParameter3 = 0001
strParameter4 = 
lngKeyNumber = 3
strComfirmObject = TransManager.TxnManager
strComPRID = PALI12
strComDate = 
strUserNTID = Caroline_Hsieh
strERPServerIP = 192.168.2.22

呼叫 ERPCoordinatorOfEF 元件成功 
呼叫 ERP 3.X版的 DoCheck 
確認可否回寫ERP      => N
確認可否回寫狀態描述 => 


BeforeApprove - DoCheck ..... 
Start Time = 2014/12/23 下午 03:26:08
lngERPVersion = 3
lngReturnType = 2
strWfFormID = 00052
strWfSheetNo = 20141231
lngAction = 0
strProgID = PALI12
strCompID = TP
strUserID = 2308
strParameter3 = 0001
strParameter4 = 
lngKeyNumber = 3
strComfirmObject = TransManager.TxnManager
strComPRID = PALI12
strComDate = 
strUserNTID = Caroline_Hsieh
strERPServerIP = 192.168.2.22

呼叫 ERPCoordinatorOfEF 元件成功 
呼叫 ERP 3.X版的 DoCheck 
確認可否回寫ERP      => N
確認可否回寫狀態描述 => 


BeforeApprove - DoCheck ..... 
Start Time = 2014/12/23 下午 03:26:08
lngERPVersion = 3
lngReturnType = 2
strWfFormID = 00052
strWfSheetNo = 20150101
lngAction = 0
strProgID = PALI12
strCompID = TP
strUserID = 2308
strParameter3 = 0001
strParameter4 = 
lngKeyNumber = 3
strComfirmObject = TransManager.TxnManager
strComPRID = PALI12
strComDate = 
strUserNTID = Caroline_Hsieh
strERPServerIP = 192.168.2.22

呼叫 ERPCoordinatorOfEF 元件成功 
呼叫 ERP 3.X版的 DoCheck 
確認可否回寫ERP      => N
確認可否回寫狀態描述 => 


BeforeApprove - DoCheck ..... 
Start Time = 2014/12/23 下午 03:26:08
lngERPVersion = 3
lngReturnType = 2
strWfFormID = 00052
strWfSheetNo = 20150102
lngAction = 0
strProgID = PALI12
strCompID = TP
strUserID = 2308
strParameter3 = 0001
strParameter4 = 
lngKeyNumber = 3
strComfirmObject = TransManager.TxnManager
strComPRID = PALI12
strComDate = 
strUserNTID = Caroline_Hsieh
strERPServerIP = 192.168.2.22

呼叫 ERPCoordinatorOfEF 元件成功 
呼叫 ERP 3.X版的 DoCheck 
確認可否回寫ERP      => N
確認可否回寫狀態描述 => 


BeforeApprove - DoCheck ..... 
Start Time = 2014/12/23 下午 03:26:09
lngERPVersion = 3
lngReturnType = 2
strWfFormID = 00052
strWfSheetNo = 20150103
lngAction = 0
strProgID = PALI12
strCompID = TP
strUserID = 2308
strParameter3 = 0001
strParameter4 = 
lngKeyNumber = 3
strComfirmObject = TransManager.TxnManager
strComPRID = PALI12
strComDate = 
strUserNTID = Caroline_Hsieh
strERPServerIP = 192.168.2.22

呼叫 ERPCoordinatorOfEF 元件成功 
呼叫 ERP 3.X版的 DoCheck 
確認可否回寫ERP      => N
確認可否回寫狀態描述 => 


BeforeApprove - DoCheck ..... 
Start Time = 2014/12/23 下午 03:26:09
lngERPVersion = 3
lngReturnType = 2
strWfFormID = 00052
strWfSheetNo = 20150104
lngAction = 0
strProgID = PALI12
strCompID = TP
strUserID = 2308
strParameter3 = 0001
strParameter4 = 
lngKeyNumber = 3
strComfirmObject = TransManager.TxnManager
strComPRID = PALI12
strComDate = 
strUserNTID = Caroline_Hsieh
strERPServerIP = 192.168.2.22

呼叫 ERPCoordinatorOfEF 元件成功 
呼叫 ERP 3.X版的 DoCheck 
確認可否回寫ERP      => N
確認可否回寫狀態描述 => 


BeforeApprove - DoCheck ..... 
Start Time = 2014/12/23 下午 03:26:09
lngERPVersion = 3
lngReturnType = 2
strWfFormID = 00052
strWfSheetNo = 20150105
lngAction = 0
strProgID = PALI12
strCompID = TP
strUserID = 2308
strParameter3 = 0001
strParameter4 = 
lngKeyNumber = 3
strComfirmObject = TransManager.TxnManager
strComPRID = PALI12
strComDate = 
strUserNTID = Caroline_Hsieh
strERPServerIP = 192.168.2.22

呼叫 ERPCoordinatorOfEF 元件成功 
呼叫 ERP 3.X版的 DoCheck 
確認可否回寫ERP      => N
確認可否回寫狀態描述 => 


BeforeApprove - DoCheck ..... 
Start Time = 2014/12/23 下午 03:26:10
lngERPVersion = 3
lngReturnType = 2
strWfFormID = 00052
strWfSheetNo = 20150106
lngAction = 0
strProgID = PALI12
strCompID = TP
strUserID = 2308
strParameter3 = 0001
strParameter4 = 
lngKeyNumber = 3
strComfirmObject = TransManager.TxnManager
strComPRID = PALI12
strComDate = 
strUserNTID = Caroline_Hsieh
strERPServerIP = 192.168.2.22

呼叫 ERPCoordinatorOfEF 元件成功 
呼叫 ERP 3.X版的 DoCheck 
確認可否回寫ERP      => N
確認可否回寫狀態描述 => 


BeforeApprove - DoCheck ..... 
Start Time = 2014/12/23 下午 03:26:10
lngERPVersion = 3
lngReturnType = 2
strWfFormID = 00052
strWfSheetNo = 20150107
lngAction = 0
strProgID = PALI12
strCompID = TP
strUserID = 2308
strParameter3 = 0001
strParameter4 = 
lngKeyNumber = 3
strComfirmObject = TransManager.TxnManager
strComPRID = PALI12
strComDate = 
strUserNTID = Caroline_Hsieh
strERPServerIP = 192.168.2.22

呼叫 ERPCoordinatorOfEF 元件成功 
呼叫 ERP 3.X版的 DoCheck 
確認可否回寫ERP      => N
確認可否回寫狀態描述 => 


BeforeApprove - DoCheck ..... 
Start Time = 2014/12/23 下午 03:26:10
lngERPVersion = 3
lngReturnType = 2
strWfFormID = 00052
strWfSheetNo = 20150108
lngAction = 0
strProgID = PALI12
strCompID = TP
strUserID = 2308
strParameter3 = 0001
strParameter4 = 
lngKeyNumber = 3
strComfirmObject = TransManager.TxnManager
strComPRID = PALI12
strComDate = 
strUserNTID = Caroline_Hsieh
strERPServerIP = 192.168.2.22

呼叫 ERPCoordinatorOfEF 元件成功 
呼叫 ERP 3.X版的 DoCheck 
確認可否回寫ERP      => N
確認可否回寫狀態描述 => 


BeforeApprove - DoCheck ..... 
Start Time = 2014/12/23 下午 03:26:11
lngERPVersion = 3
lngReturnType = 2
strWfFormID = 00052
strWfSheetNo = 20150109
lngAction = 0
strProgID = PALI12
strCompID = TP
strUserID = 2308
strParameter3 = 0001
strParameter4 = 
lngKeyNumber = 3
strComfirmObject = TransManager.TxnManager
strComPRID = PALI12
strComDate = 
strUserNTID = Caroline_Hsieh
strERPServerIP = 192.168.2.22

呼叫 ERPCoordinatorOfEF 元件成功 
呼叫 ERP 3.X版的 DoCheck 
確認可否回寫ERP      => N
確認可否回寫狀態描述 => 


BeforeApprove - DoCheck ..... 
Start Time = 2014/12/23 下午 03:26:36
lngERPVersion = 3
lngReturnType = 2
strWfFormID = 00052
strWfSheetNo = 20141226
lngAction = 0
strProgID = PALI12
strCompID = TP
strUserID = 2308
strParameter3 = 0001
strParameter4 = 
lngKeyNumber = 3
strComfirmObject = TransManager.TxnManager
strComPRID = PALI12
strComDate = 
strUserNTID = Caroline_Hsieh
strERPServerIP = 192.168.2.22

呼叫 ERPCoordinatorOfEF 元件成功 
呼叫 ERP 3.X版的 DoCheck 
確認可否回寫ERP      => N
確認可否回寫狀態描述 => 


BeforeApprove - DoCheck ..... 
Start Time = 2014/12/23 下午 03:26:37
lngERPVersion = 3
lngReturnType = 2
strWfFormID = 00052
strWfSheetNo = 20141227
lngAction = 0
strProgID = PALI12
strCompID = TP
strUserID = 2308
strParameter3 = 0001
strParameter4 = 
lngKeyNumber = 3
strComfirmObject = TransManager.TxnManager
strComPRID = PALI12
strComDate = 
strUserNTID = Caroline_Hsieh
strERPServerIP = 192.168.2.22

呼叫 ERPCoordinatorOfEF 元件成功 
呼叫 ERP 3.X版的 DoCheck 
確認可否回寫ERP      => N
確認可否回寫狀態描述 => 


BeforeApprove - DoCheck ..... 
Start Time = 2014/12/23 下午 03:26:37
lngERPVersion = 3
lngReturnType = 2
strWfFormID = 00052
strWfSheetNo = 20141228
lngAction = 0
strProgID = PALI12
strCompID = TP
strUserID = 2308
strParameter3 = 0001
strParameter4 = 
lngKeyNumber = 3
strComfirmObject = TransManager.TxnManager
strComPRID = PALI12
strComDate = 
strUserNTID = Caroline_Hsieh
strERPServerIP = 192.168.2.22

呼叫 ERPCoordinatorOfEF 元件成功 
呼叫 ERP 3.X版的 DoCheck 
確認可否回寫ERP      => N
確認可否回寫狀態描述 => 


BeforeApprove - DoCheck ..... 
Start Time = 2014/12/23 下午 03:26:37
lngERPVersion = 3
lngReturnType = 2
strWfFormID = 00052
strWfSheetNo = 20141229
lngAction = 0
strProgID = PALI12
strCompID = TP
strUserID = 2308
strParameter3 = 0001
strParameter4 = 
lngKeyNumber = 3
strComfirmObject = TransManager.TxnManager
strComPRID = PALI12
strComDate = 
strUserNTID = Caroline_Hsieh
strERPServerIP = 192.168.2.22

呼叫 ERPCoordinatorOfEF 元件成功 
呼叫 ERP 3.X版的 DoCheck 
確認可否回寫ERP      => N
確認可否回寫狀態描述 => 


BeforeApprove - DoCheck ..... 
Start Time = 2014/12/23 下午 03:26:38
lngERPVersion = 3
lngReturnType = 2
strWfFormID = 00052
strWfSheetNo = 20141230
lngAction = 0
strProgID = PALI12
strCompID = TP
strUserID = 2308
strParameter3 = 0001
strParameter4 = 
lngKeyNumber = 3
strComfirmObject = TransManager.TxnManager
strComPRID = PALI12
strComDate = 
strUserNTID = Caroline_Hsieh
strERPServerIP = 192.168.2.22

呼叫 ERPCoordinatorOfEF 元件成功 
呼叫 ERP 3.X版的 DoCheck 
確認可否回寫ERP      => N
確認可否回寫狀態描述 => 


BeforeApprove - DoCheck ..... 
Start Time = 2014/12/23 下午 03:26:38
lngERPVersion = 3
lngReturnType = 2
strWfFormID = 00052
strWfSheetNo = 20141231
lngAction = 0
strProgID = PALI12
strCompID = TP
strUserID = 2308
strParameter3 = 0001
strParameter4 = 
lngKeyNumber = 3
strComfirmObject = TransManager.TxnManager
strComPRID = PALI12
strComDate = 
strUserNTID = Caroline_Hsieh
strERPServerIP = 192.168.2.22

呼叫 ERPCoordinatorOfEF 元件成功 
呼叫 ERP 3.X版的 DoCheck 
確認可否回寫ERP      => N
確認可否回寫狀態描述 => 


BeforeApprove - DoCheck ..... 
Start Time = 2014/12/23 下午 03:26:39
lngERPVersion = 3
lngReturnType = 2
strWfFormID = 00052
strWfSheetNo = 20150101
lngAction = 0
strProgID = PALI12
strCompID = TP
strUserID = 2308
strParameter3 = 0001
strParameter4 = 
lngKeyNumber = 3
strComfirmObject = TransManager.TxnManager
strComPRID = PALI12
strComDate = 
strUserNTID = Caroline_Hsieh
strERPServerIP = 192.168.2.22

呼叫 ERPCoordinatorOfEF 元件成功 
呼叫 ERP 3.X版的 DoCheck 
確認可否回寫ERP      => N
確認可否回寫狀態描述 => 


BeforeApprove - DoCheck ..... 
Start Time = 2014/12/23 下午 03:26:39
lngERPVersion = 3
lngReturnType = 2
strWfFormID = 00052
strWfSheetNo = 20150102
lngAction = 0
strProgID = PALI12
strCompID = TP
strUserID = 2308
strParameter3 = 0001
strParameter4 = 
lngKeyNumber = 3
strComfirmObject = TransManager.TxnManager
strComPRID = PALI12
strComDate = 
strUserNTID = Caroline_Hsieh
strERPServerIP = 192.168.2.22

呼叫 ERPCoordinatorOfEF 元件成功 
呼叫 ERP 3.X版的 DoCheck 
確認可否回寫ERP      => N
確認可否回寫狀態描述 => 


BeforeApprove - DoCheck ..... 
Start Time = 2014/12/23 下午 03:26:39
lngERPVersion = 3
lngReturnType = 2
strWfFormID = 00052
strWfSheetNo = 20150103
lngAction = 0
strProgID = PALI12
strCompID = TP
strUserID = 2308
strParameter3 = 0001
strParameter4 = 
lngKeyNumber = 3
strComfirmObject = TransManager.TxnManager
strComPRID = PALI12
strComDate = 
strUserNTID = Caroline_Hsieh
strERPServerIP = 192.168.2.22

呼叫 ERPCoordinatorOfEF 元件成功 
呼叫 ERP 3.X版的 DoCheck 
確認可否回寫ERP      => N
確認可否回寫狀態描述 => 


BeforeApprove - DoCheck ..... 
Start Time = 2014/12/23 下午 03:26:40
lngERPVersion = 3
lngReturnType = 2
strWfFormID = 00052
strWfSheetNo = 20150104
lngAction = 0
strProgID = PALI12
strCompID = TP
strUserID = 2308
strParameter3 = 0001
strParameter4 = 
lngKeyNumber = 3
strComfirmObject = TransManager.TxnManager
strComPRID = PALI12
strComDate = 
strUserNTID = Caroline_Hsieh
strERPServerIP = 192.168.2.22

呼叫 ERPCoordinatorOfEF 元件成功 
呼叫 ERP 3.X版的 DoCheck 
確認可否回寫ERP      => N
確認可否回寫狀態描述 => 


BeforeApprove - DoCheck ..... 
Start Time = 2014/12/23 下午 03:26:40
lngERPVersion = 3
lngReturnType = 2
strWfFormID = 00052
strWfSheetNo = 20150105
lngAction = 0
strProgID = PALI12
strCompID = TP
strUserID = 2308
strParameter3 = 0001
strParameter4 = 
lngKeyNumber = 3
strComfirmObject = TransManager.TxnManager
strComPRID = PALI12
strComDate = 
strUserNTID = Caroline_Hsieh
strERPServerIP = 192.168.2.22

呼叫 ERPCoordinatorOfEF 元件成功 
呼叫 ERP 3.X版的 DoCheck 
確認可否回寫ERP      => N
確認可否回寫狀態描述 => 


BeforeApprove - DoCheck ..... 
Start Time = 2014/12/23 下午 03:26:40
lngERPVersion = 3
lngReturnType = 2
strWfFormID = 00052
strWfSheetNo = 20150106
lngAction = 0
strProgID = PALI12
strCompID = TP
strUserID = 2308
strParameter3 = 0001
strParameter4 = 
lngKeyNumber = 3
strComfirmObject = TransManager.TxnManager
strComPRID = PALI12
strComDate = 
strUserNTID = Caroline_Hsieh
strERPServerIP = 192.168.2.22

呼叫 ERPCoordinatorOfEF 元件成功 
呼叫 ERP 3.X版的 DoCheck 
確認可否回寫ERP      => N
確認可否回寫狀態描述 => 


BeforeApprove - DoCheck ..... 
Start Time = 2014/12/23 下午 03:26:41
lngERPVersion = 3
lngReturnType = 2
strWfFormID = 00052
strWfSheetNo = 20150107
lngAction = 0
strProgID = PALI12
strCompID = TP
strUserID = 2308
strParameter3 = 0001
strParameter4 = 
lngKeyNumber = 3
strComfirmObject = TransManager.TxnManager
strComPRID = PALI12
strComDate = 
strUserNTID = Caroline_Hsieh
strERPServerIP = 192.168.2.22

呼叫 ERPCoordinatorOfEF 元件成功 
呼叫 ERP 3.X版的 DoCheck 
確認可否回寫ERP      => N
確認可否回寫狀態描述 => 


BeforeApprove - DoCheck ..... 
Start Time = 2014/12/23 下午 03:26:41
lngERPVersion = 3
lngReturnType = 2
strWfFormID = 00052
strWfSheetNo = 20150108
lngAction = 0
strProgID = PALI12
strCompID = TP
strUserID = 2308
strParameter3 = 0001
strParameter4 = 
lngKeyNumber = 3
strComfirmObject = TransManager.TxnManager
strComPRID = PALI12
strComDate = 
strUserNTID = Caroline_Hsieh
strERPServerIP = 192.168.2.22

呼叫 ERPCoordinatorOfEF 元件成功 
呼叫 ERP 3.X版的 DoCheck 
確認可否回寫ERP      => N
確認可否回寫狀態描述 => 


BeforeApprove - DoCheck ..... 
Start Time = 2014/12/23 下午 03:26:41
lngERPVersion = 3
lngReturnType = 2
strWfFormID = 00052
strWfSheetNo = 20150109
lngAction = 0
strProgID = PALI12
strCompID = TP
strUserID = 2308
strParameter3 = 0001
strParameter4 = 
lngKeyNumber = 3
strComfirmObject = TransManager.TxnManager
strComPRID = PALI12
strComDate = 
strUserNTID = Caroline_Hsieh
strERPServerIP = 192.168.2.22

呼叫 ERPCoordinatorOfEF 元件成功 
呼叫 ERP 3.X版的 DoCheck 
確認可否回寫ERP      => N
確認可否回寫狀態描述 => 


BeforeApprove - DoCheck ..... 
Start Time = 2014/12/23 下午 03:26:46
lngERPVersion = 3
lngReturnType = 2
strWfFormID = 00052
strWfSheetNo = 20141226
lngAction = 0
strProgID = PALI12
strCompID = TP
strUserID = 2308
strParameter3 = 0001
strParameter4 = 
lngKeyNumber = 3
strComfirmObject = TransManager.TxnManager
strComPRID = PALI12
strComDate = 
strUserNTID = Caroline_Hsieh
strERPServerIP = 192.168.2.22

呼叫 ERPCoordinatorOfEF 元件成功 
呼叫 ERP 3.X版的 DoCheck 
確認可否回寫ERP      => N
確認可否回寫狀態描述 => 


BeforeApprove - DoCheck ..... 
Start Time = 2014/12/23 下午 03:26:46
lngERPVersion = 3
lngReturnType = 2
strWfFormID = 00052
strWfSheetNo = 20141227
lngAction = 0
strProgID = PALI12
strCompID = TP
strUserID = 2308
strParameter3 = 0001
strParameter4 = 
lngKeyNumber = 3
strComfirmObject = TransManager.TxnManager
strComPRID = PALI12
strComDate = 
strUserNTID = Caroline_Hsieh
strERPServerIP = 192.168.2.22

呼叫 ERPCoordinatorOfEF 元件成功 
呼叫 ERP 3.X版的 DoCheck 
確認可否回寫ERP      => N
確認可否回寫狀態描述 => 


BeforeApprove - DoCheck ..... 
Start Time = 2014/12/23 下午 03:26:47
lngERPVersion = 3
lngReturnType = 2
strWfFormID = 00052
strWfSheetNo = 20141228
lngAction = 0
strProgID = PALI12
strCompID = TP
strUserID = 2308
strParameter3 = 0001
strParameter4 = 
lngKeyNumber = 3
strComfirmObject = TransManager.TxnManager
strComPRID = PALI12
strComDate = 
strUserNTID = Caroline_Hsieh
strERPServerIP = 192.168.2.22

呼叫 ERPCoordinatorOfEF 元件成功 
呼叫 ERP 3.X版的 DoCheck 
確認可否回寫ERP      => N
確認可否回寫狀態描述 => 


BeforeApprove - DoCheck ..... 
Start Time = 2014/12/23 下午 03:26:47
lngERPVersion = 3
lngReturnType = 2
strWfFormID = 00052
strWfSheetNo = 20141229
lngAction = 0
strProgID = PALI12
strCompID = TP
strUserID = 2308
strParameter3 = 0001
strParameter4 = 
lngKeyNumber = 3
strComfirmObject = TransManager.TxnManager
strComPRID = PALI12
strComDate = 
strUserNTID = Caroline_Hsieh
strERPServerIP = 192.168.2.22

呼叫 ERPCoordinatorOfEF 元件成功 
呼叫 ERP 3.X版的 DoCheck 
確認可否回寫ERP      => N
確認可否回寫狀態描述 => 


BeforeApprove - DoCheck ..... 
Start Time = 2014/12/23 下午 03:26:47
lngERPVersion = 3
lngReturnType = 2
strWfFormID = 00052
strWfSheetNo = 20141230
lngAction = 0
strProgID = PALI12
strCompID = TP
strUserID = 2308
strParameter3 = 0001
strParameter4 = 
lngKeyNumber = 3
strComfirmObject = TransManager.TxnManager
strComPRID = PALI12
strComDate = 
strUserNTID = Caroline_Hsieh
strERPServerIP = 192.168.2.22

呼叫 ERPCoordinatorOfEF 元件成功 
呼叫 ERP 3.X版的 DoCheck 
確認可否回寫ERP      => N
確認可否回寫狀態描述 => 


BeforeApprove - DoCheck ..... 
Start Time = 2014/12/23 下午 03:26:48
lngERPVersion = 3
lngReturnType = 2
strWfFormID = 00052
strWfSheetNo = 20141231
lngAction = 0
strProgID = PALI12
strCompID = TP
strUserID = 2308
strParameter3 = 0001
strParameter4 = 
lngKeyNumber = 3
strComfirmObject = TransManager.TxnManager
strComPRID = PALI12
strComDate = 
strUserNTID = Caroline_Hsieh
strERPServerIP = 192.168.2.22

呼叫 ERPCoordinatorOfEF 元件成功 
呼叫 ERP 3.X版的 DoCheck 
確認可否回寫ERP      => N
確認可否回寫狀態描述 => 


BeforeApprove - DoCheck ..... 
Start Time = 2014/12/23 下午 03:26:48
lngERPVersion = 3
lngReturnType = 2
strWfFormID = 00052
strWfSheetNo = 20150101
lngAction = 0
strProgID = PALI12
strCompID = TP
strUserID = 2308
strParameter3 = 0001
strParameter4 = 
lngKeyNumber = 3
strComfirmObject = TransManager.TxnManager
strComPRID = PALI12
strComDate = 
strUserNTID = Caroline_Hsieh
strERPServerIP = 192.168.2.22

呼叫 ERPCoordinatorOfEF 元件成功 
呼叫 ERP 3.X版的 DoCheck 
確認可否回寫ERP      => N
確認可否回寫狀態描述 => 


BeforeApprove - DoCheck ..... 
Start Time = 2014/12/23 下午 03:26:49
lngERPVersion = 3
lngReturnType = 2
strWfFormID = 00052
strWfSheetNo = 20150102
lngAction = 0
strProgID = PALI12
strCompID = TP
strUserID = 2308
strParameter3 = 0001
strParameter4 = 
lngKeyNumber = 3
strComfirmObject = TransManager.TxnManager
strComPRID = PALI12
strComDate = 
strUserNTID = Caroline_Hsieh
strERPServerIP = 192.168.2.22

呼叫 ERPCoordinatorOfEF 元件成功 
呼叫 ERP 3.X版的 DoCheck 
確認可否回寫ERP      => N
確認可否回寫狀態描述 => 


BeforeApprove - DoCheck ..... 
Start Time = 2014/12/23 下午 03:26:49
lngERPVersion = 3
lngReturnType = 2
strWfFormID = 00052
strWfSheetNo = 20150103
lngAction = 0
strProgID = PALI12
strCompID = TP
strUserID = 2308
strParameter3 = 0001
strParameter4 = 
lngKeyNumber = 3
strComfirmObject = TransManager.TxnManager
strComPRID = PALI12
strComDate = 
strUserNTID = Caroline_Hsieh
strERPServerIP = 192.168.2.22

呼叫 ERPCoordinatorOfEF 元件成功 
呼叫 ERP 3.X版的 DoCheck 
確認可否回寫ERP      => N
確認可否回寫狀態描述 => 


BeforeApprove - DoCheck ..... 
Start Time = 2014/12/23 下午 03:26:49
lngERPVersion = 3
lngReturnType = 2
strWfFormID = 00052
strWfSheetNo = 20150104
lngAction = 0
strProgID = PALI12
strCompID = TP
strUserID = 2308
strParameter3 = 0001
strParameter4 = 
lngKeyNumber = 3
strComfirmObject = TransManager.TxnManager
strComPRID = PALI12
strComDate = 
strUserNTID = Caroline_Hsieh
strERPServerIP = 192.168.2.22

呼叫 ERPCoordinatorOfEF 元件成功 
呼叫 ERP 3.X版的 DoCheck 
確認可否回寫ERP      => N
確認可否回寫狀態描述 => 


BeforeApprove - DoCheck ..... 
Start Time = 2014/12/23 下午 03:26:50
lngERPVersion = 3
lngReturnType = 2
strWfFormID = 00052
strWfSheetNo = 20150105
lngAction = 0
strProgID = PALI12
strCompID = TP
strUserID = 2308
strParameter3 = 0001
strParameter4 = 
lngKeyNumber = 3
strComfirmObject = TransManager.TxnManager
strComPRID = PALI12
strComDate = 
strUserNTID = Caroline_Hsieh
strERPServerIP = 192.168.2.22

呼叫 ERPCoordinatorOfEF 元件成功 
呼叫 ERP 3.X版的 DoCheck 
確認可否回寫ERP      => N
確認可否回寫狀態描述 => 


BeforeApprove - DoCheck ..... 
Start Time = 2014/12/23 下午 03:26:50
lngERPVersion = 3
lngReturnType = 2
strWfFormID = 00052
strWfSheetNo = 20150106
lngAction = 0
strProgID = PALI12
strCompID = TP
strUserID = 2308
strParameter3 = 0001
strParameter4 = 
lngKeyNumber = 3
strComfirmObject = TransManager.TxnManager
strComPRID = PALI12
strComDate = 
strUserNTID = Caroline_Hsieh
strERPServerIP = 192.168.2.22

呼叫 ERPCoordinatorOfEF 元件成功 
呼叫 ERP 3.X版的 DoCheck 
確認可否回寫ERP      => N
確認可否回寫狀態描述 => 


BeforeApprove - DoCheck ..... 
Start Time = 2014/12/23 下午 03:26:51
lngERPVersion = 3
lngReturnType = 2
strWfFormID = 00052
strWfSheetNo = 20150107
lngAction = 0
strProgID = PALI12
strCompID = TP
strUserID = 2308
strParameter3 = 0001
strParameter4 = 
lngKeyNumber = 3
strComfirmObject = TransManager.TxnManager
strComPRID = PALI12
strComDate = 
strUserNTID = Caroline_Hsieh
strERPServerIP = 192.168.2.22

呼叫 ERPCoordinatorOfEF 元件成功 
呼叫 ERP 3.X版的 DoCheck 
確認可否回寫ERP      => N
確認可否回寫狀態描述 => 


BeforeApprove - DoCheck ..... 
Start Time = 2014/12/23 下午 03:26:51
lngERPVersion = 3
lngReturnType = 2
strWfFormID = 00052
strWfSheetNo = 20150108
lngAction = 0
strProgID = PALI12
strCompID = TP
strUserID = 2308
strParameter3 = 0001
strParameter4 = 
lngKeyNumber = 3
strComfirmObject = TransManager.TxnManager
strComPRID = PALI12
strComDate = 
strUserNTID = Caroline_Hsieh
strERPServerIP = 192.168.2.22

呼叫 ERPCoordinatorOfEF 元件成功 
呼叫 ERP 3.X版的 DoCheck 
確認可否回寫ERP      => N
確認可否回寫狀態描述 => 


BeforeApprove - DoCheck ..... 
Start Time = 2014/12/23 下午 03:26:51
lngERPVersion = 3
lngReturnType = 2
strWfFormID = 00052
strWfSheetNo = 20150109
lngAction = 0
strProgID = PALI12
strCompID = TP
strUserID = 2308
strParameter3 = 0001
strParameter4 = 
lngKeyNumber = 3
strComfirmObject = TransManager.TxnManager
strComPRID = PALI12
strComDate = 
strUserNTID = Caroline_Hsieh
strERPServerIP = 192.168.2.22

呼叫 ERPCoordinatorOfEF 元件成功 
呼叫 ERP 3.X版的 DoCheck 
確認可否回寫ERP      => N
確認可否回寫狀態描述 => 


