BeforeApprove - DoCheck ..... 
Start Time = 2014/5/29 下午 05:43:29
lngERPVersion = 3
lngReturnType = 2
strWfFormID = 3200
strWfSheetNo = 20140530
lngAction = 0
strProgID = PALI12
strCompID = SMP
strUserID = 2854
strParameter3 = 0001
strParameter4 = 
lngKeyNumber = 3
strComfirmObject = TransManager.TxnManager
strComPRID = PALI12
strComDate = 
strUserNTID = LISA_LAI
strERPServerIP = 192.168.2.22

呼叫 ERPCoordinatorOfEF 元件成功 
呼叫 ERP 3.X版的 DoCheck 
確認可否回寫ERP      => Y
確認可否回寫狀態描述 => 


AfterApprove - DoIt
Start Time = 2014/5/29 下午 05:43:30
lngERPVersion = 3
lngReturnType = 2
strWfFormID = 3200
strWfSheetNo = 20140530
lngAction = 0
strProgID = PALI12
strCompID = SMP
strUserID = 2854
strParameter3 = 0001
strParameter4 = 
lngKeyNumber = 3
strComfirmObject = TransManager.TxnManager
strComPRID = PALI12
strComDate = 
strUserNTID = LISA_LAI
strERPServerIP = 192.168.2.22

呼叫 ERPCoordinatorOfEF 元件成功 
呼叫 ERP 3.X版的 DoEasy 
回寫ERP      => Y
回寫狀態描述 => 確認或取消確認資料單身共  0筆;成功  1筆;失敗  0筆;


BeforeApprove - DoCheck ..... 
Start Time = 2014/5/29 下午 05:43:46
lngERPVersion = 3
lngReturnType = 2
strWfFormID = 4238
strWfSheetNo = 20140528
lngAction = 0
strProgID = PALI12
strCompID = SMP
strUserID = 2854
strParameter3 = 0001
strParameter4 = 
lngKeyNumber = 3
strComfirmObject = TransManager.TxnManager
strComPRID = PALI12
strComDate = 
strUserNTID = LISA_LAI
strERPServerIP = 192.168.2.22

呼叫 ERPCoordinatorOfEF 元件成功 
呼叫 ERP 3.X版的 DoCheck 
確認可否回寫ERP      => Y
確認可否回寫狀態描述 => 


AfterApprove - DoIt
Start Time = 2014/5/29 下午 05:43:46
lngERPVersion = 3
lngReturnType = 2
strWfFormID = 4238
strWfSheetNo = 20140528
lngAction = 0
strProgID = PALI12
strCompID = SMP
strUserID = 2854
strParameter3 = 0001
strParameter4 = 
lngKeyNumber = 3
strComfirmObject = TransManager.TxnManager
strComPRID = PALI12
strComDate = 
strUserNTID = LISA_LAI
strERPServerIP = 192.168.2.22

呼叫 ERPCoordinatorOfEF 元件成功 
呼叫 ERP 3.X版的 DoEasy 
回寫ERP      => Y
回寫狀態描述 => 確認或取消確認資料單身共  0筆;成功  1筆;失敗  0筆;


BeforeApprove - DoCheck ..... 
Start Time = 2014/5/29 下午 05:43:47
lngERPVersion = 3
lngReturnType = 2
strWfFormID = 4238
strWfSheetNo = 20140529
lngAction = 0
strProgID = PALI12
strCompID = SMP
strUserID = 2854
strParameter3 = 0001
strParameter4 = 
lngKeyNumber = 3
strComfirmObject = TransManager.TxnManager
strComPRID = PALI12
strComDate = 
strUserNTID = LISA_LAI
strERPServerIP = 192.168.2.22

呼叫 ERPCoordinatorOfEF 元件成功 
呼叫 ERP 3.X版的 DoCheck 
確認可否回寫ERP      => Y
確認可否回寫狀態描述 => 


AfterApprove - DoIt
Start Time = 2014/5/29 下午 05:43:47
lngERPVersion = 3
lngReturnType = 2
strWfFormID = 4238
strWfSheetNo = 20140529
lngAction = 0
strProgID = PALI12
strCompID = SMP
strUserID = 2854
strParameter3 = 0001
strParameter4 = 
lngKeyNumber = 3
strComfirmObject = TransManager.TxnManager
strComPRID = PALI12
strComDate = 
strUserNTID = LISA_LAI
strERPServerIP = 192.168.2.22

呼叫 ERPCoordinatorOfEF 元件成功 
呼叫 ERP 3.X版的 DoEasy 
回寫ERP      => Y
回寫狀態描述 => 確認或取消確認資料單身共  0筆;成功  1筆;失敗  0筆;


BeforeApprove - DoCheck ..... 
Start Time = 2014/5/29 下午 05:55:53
lngERPVersion = 3
lngReturnType = 2
strWfFormID = 4820
strWfSheetNo = 20140530
lngAction = 0
strProgID = PALI12
strCompID = SMP
strUserID = 2854
strParameter3 = 0001
strParameter4 = 
lngKeyNumber = 3
strComfirmObject = TransManager.TxnManager
strComPRID = PALI12
strComDate = 
strUserNTID = LISA_LAI
strERPServerIP = 192.168.2.22

呼叫 ERPCoordinatorOfEF 元件成功 
呼叫 ERP 3.X版的 DoCheck 
確認可否回寫ERP      => Y
確認可否回寫狀態描述 => 


AfterApprove - DoIt
Start Time = 2014/5/29 下午 05:55:53
lngERPVersion = 3
lngReturnType = 2
strWfFormID = 4820
strWfSheetNo = 20140530
lngAction = 0
strProgID = PALI12
strCompID = SMP
strUserID = 2854
strParameter3 = 0001
strParameter4 = 
lngKeyNumber = 3
strComfirmObject = TransManager.TxnManager
strComPRID = PALI12
strComDate = 
strUserNTID = LISA_LAI
strERPServerIP = 192.168.2.22

呼叫 ERPCoordinatorOfEF 元件成功 
呼叫 ERP 3.X版的 DoEasy 
回寫ERP      => Y
回寫狀態描述 => 確認或取消確認資料單身共  0筆;成功  1筆;失敗  0筆;


