BeforeApprove - DoCheck ..... 
Start Time = 2014/3/12 下午 01:09:17
lngERPVersion = 3
lngReturnType = 2
strWfFormID = 3254
strWfSheetNo = 20140312
lngAction = 0
strProgID = PALI12
strCompID = SMP
strUserID = 4888
strParameter3 = 0001
strParameter4 = 
lngKeyNumber = 3
strComfirmObject = TransManager.TxnManager
strComPRID = PALI12
strComDate = 
strUserNTID = Emily_Huang
strERPServerIP = 192.168.2.22

呼叫 ERPCoordinatorOfEF 元件成功 
呼叫 ERP 3.X版的 DoCheck 
確認可否回寫ERP      => Y
確認可否回寫狀態描述 => 


AfterApprove - DoIt
Start Time = 2014/3/12 下午 01:09:20
lngERPVersion = 3
lngReturnType = 2
strWfFormID = 3254
strWfSheetNo = 20140312
lngAction = 0
strProgID = PALI12
strCompID = SMP
strUserID = 4888
strParameter3 = 0001
strParameter4 = 
lngKeyNumber = 3
strComfirmObject = TransManager.TxnManager
strComPRID = PALI12
strComDate = 
strUserNTID = Emily_Huang
strERPServerIP = 192.168.2.22

呼叫 ERPCoordinatorOfEF 元件成功 
呼叫 ERP 3.X版的 DoEasy 
回寫ERP      => Y
回寫狀態描述 => 確認或取消確認資料單身共  0筆;成功  1筆;失敗  0筆;


BeforeApprove - DoCheck ..... 
Start Time = 2014/3/12 下午 01:09:21
lngERPVersion = 3
lngReturnType = 2
strWfFormID = 3254
strWfSheetNo = 20140313
lngAction = 0
strProgID = PALI12
strCompID = SMP
strUserID = 4888
strParameter3 = 0001
strParameter4 = 
lngKeyNumber = 3
strComfirmObject = TransManager.TxnManager
strComPRID = PALI12
strComDate = 
strUserNTID = Emily_Huang
strERPServerIP = 192.168.2.22

呼叫 ERPCoordinatorOfEF 元件成功 
呼叫 ERP 3.X版的 DoCheck 
確認可否回寫ERP      => Y
確認可否回寫狀態描述 => 


AfterApprove - DoIt
Start Time = 2014/3/12 下午 01:09:21
lngERPVersion = 3
lngReturnType = 2
strWfFormID = 3254
strWfSheetNo = 20140313
lngAction = 0
strProgID = PALI12
strCompID = SMP
strUserID = 4888
strParameter3 = 0001
strParameter4 = 
lngKeyNumber = 3
strComfirmObject = TransManager.TxnManager
strComPRID = PALI12
strComDate = 
strUserNTID = Emily_Huang
strERPServerIP = 192.168.2.22

呼叫 ERPCoordinatorOfEF 元件成功 
呼叫 ERP 3.X版的 DoEasy 
回寫ERP      => Y
回寫狀態描述 => 確認或取消確認資料單身共  0筆;成功  1筆;失敗  0筆;


BeforeApprove - DoCheck ..... 
Start Time = 2014/3/12 下午 01:09:22
lngERPVersion = 3
lngReturnType = 2
strWfFormID = 3254
strWfSheetNo = 20140314
lngAction = 0
strProgID = PALI12
strCompID = SMP
strUserID = 4888
strParameter3 = 0001
strParameter4 = 
lngKeyNumber = 3
strComfirmObject = TransManager.TxnManager
strComPRID = PALI12
strComDate = 
strUserNTID = Emily_Huang
strERPServerIP = 192.168.2.22

呼叫 ERPCoordinatorOfEF 元件成功 
呼叫 ERP 3.X版的 DoCheck 
確認可否回寫ERP      => Y
確認可否回寫狀態描述 => 


AfterApprove - DoIt
Start Time = 2014/3/12 下午 01:09:22
lngERPVersion = 3
lngReturnType = 2
strWfFormID = 3254
strWfSheetNo = 20140314
lngAction = 0
strProgID = PALI12
strCompID = SMP
strUserID = 4888
strParameter3 = 0001
strParameter4 = 
lngKeyNumber = 3
strComfirmObject = TransManager.TxnManager
strComPRID = PALI12
strComDate = 
strUserNTID = Emily_Huang
strERPServerIP = 192.168.2.22

呼叫 ERPCoordinatorOfEF 元件成功 
呼叫 ERP 3.X版的 DoEasy 
回寫ERP      => Y
回寫狀態描述 => 確認或取消確認資料單身共  0筆;成功  1筆;失敗  0筆;


BeforeApprove - DoCheck ..... 
Start Time = 2014/3/12 下午 01:09:38
lngERPVersion = 3
lngReturnType = 2
strWfFormID = 4379
strWfSheetNo = 20140310
lngAction = 0
strProgID = PALI12
strCompID = SMP
strUserID = 4888
strParameter3 = 0001
strParameter4 = 
lngKeyNumber = 3
strComfirmObject = TransManager.TxnManager
strComPRID = PALI12
strComDate = 
strUserNTID = Emily_Huang
strERPServerIP = 192.168.2.22

呼叫 ERPCoordinatorOfEF 元件成功 
呼叫 ERP 3.X版的 DoCheck 
確認可否回寫ERP      => Y
確認可否回寫狀態描述 => 


AfterApprove - DoIt
Start Time = 2014/3/12 下午 01:09:38
lngERPVersion = 3
lngReturnType = 2
strWfFormID = 4379
strWfSheetNo = 20140310
lngAction = 0
strProgID = PALI12
strCompID = SMP
strUserID = 4888
strParameter3 = 0001
strParameter4 = 
lngKeyNumber = 3
strComfirmObject = TransManager.TxnManager
strComPRID = PALI12
strComDate = 
strUserNTID = Emily_Huang
strERPServerIP = 192.168.2.22

呼叫 ERPCoordinatorOfEF 元件成功 
呼叫 ERP 3.X版的 DoEasy 
回寫ERP      => Y
回寫狀態描述 => 確認或取消確認資料單身共  0筆;成功  1筆;失敗  0筆;


BeforeApprove - DoCheck ..... 
Start Time = 2014/3/12 下午 01:09:39
lngERPVersion = 3
lngReturnType = 2
strWfFormID = 4379
strWfSheetNo = 20140311
lngAction = 0
strProgID = PALI12
strCompID = SMP
strUserID = 4888
strParameter3 = 0001
strParameter4 = 
lngKeyNumber = 3
strComfirmObject = TransManager.TxnManager
strComPRID = PALI12
strComDate = 
strUserNTID = Emily_Huang
strERPServerIP = 192.168.2.22

呼叫 ERPCoordinatorOfEF 元件成功 
呼叫 ERP 3.X版的 DoCheck 
確認可否回寫ERP      => Y
確認可否回寫狀態描述 => 


AfterApprove - DoIt
Start Time = 2014/3/12 下午 01:09:39
lngERPVersion = 3
lngReturnType = 2
strWfFormID = 4379
strWfSheetNo = 20140311
lngAction = 0
strProgID = PALI12
strCompID = SMP
strUserID = 4888
strParameter3 = 0001
strParameter4 = 
lngKeyNumber = 3
strComfirmObject = TransManager.TxnManager
strComPRID = PALI12
strComDate = 
strUserNTID = Emily_Huang
strERPServerIP = 192.168.2.22

呼叫 ERPCoordinatorOfEF 元件成功 
呼叫 ERP 3.X版的 DoEasy 
回寫ERP      => Y
回寫狀態描述 => 確認或取消確認資料單身共  0筆;成功  1筆;失敗  0筆;


BeforeApprove - DoCheck ..... 
Start Time = 2014/3/12 下午 01:09:40
lngERPVersion = 3
lngReturnType = 2
strWfFormID = 4379
strWfSheetNo = 20140312
lngAction = 0
strProgID = PALI12
strCompID = SMP
strUserID = 4888
strParameter3 = 0001
strParameter4 = 
lngKeyNumber = 3
strComfirmObject = TransManager.TxnManager
strComPRID = PALI12
strComDate = 
strUserNTID = Emily_Huang
strERPServerIP = 192.168.2.22

呼叫 ERPCoordinatorOfEF 元件成功 
呼叫 ERP 3.X版的 DoCheck 
確認可否回寫ERP      => Y
確認可否回寫狀態描述 => 


AfterApprove - DoIt
Start Time = 2014/3/12 下午 01:09:41
lngERPVersion = 3
lngReturnType = 2
strWfFormID = 4379
strWfSheetNo = 20140312
lngAction = 0
strProgID = PALI12
strCompID = SMP
strUserID = 4888
strParameter3 = 0001
strParameter4 = 
lngKeyNumber = 3
strComfirmObject = TransManager.TxnManager
strComPRID = PALI12
strComDate = 
strUserNTID = Emily_Huang
strERPServerIP = 192.168.2.22

呼叫 ERPCoordinatorOfEF 元件成功 
呼叫 ERP 3.X版的 DoEasy 
回寫ERP      => Y
回寫狀態描述 => 確認或取消確認資料單身共  0筆;成功  1筆;失敗  0筆;


BeforeApprove - DoCheck ..... 
Start Time = 2014/3/12 下午 01:09:42
lngERPVersion = 3
lngReturnType = 2
strWfFormID = 4379
strWfSheetNo = 20140313
lngAction = 0
strProgID = PALI12
strCompID = SMP
strUserID = 4888
strParameter3 = 0001
strParameter4 = 
lngKeyNumber = 3
strComfirmObject = TransManager.TxnManager
strComPRID = PALI12
strComDate = 
strUserNTID = Emily_Huang
strERPServerIP = 192.168.2.22

呼叫 ERPCoordinatorOfEF 元件成功 
呼叫 ERP 3.X版的 DoCheck 
確認可否回寫ERP      => Y
確認可否回寫狀態描述 => 


AfterApprove - DoIt
Start Time = 2014/3/12 下午 01:09:42
lngERPVersion = 3
lngReturnType = 2
strWfFormID = 4379
strWfSheetNo = 20140313
lngAction = 0
strProgID = PALI12
strCompID = SMP
strUserID = 4888
strParameter3 = 0001
strParameter4 = 
lngKeyNumber = 3
strComfirmObject = TransManager.TxnManager
strComPRID = PALI12
strComDate = 
strUserNTID = Emily_Huang
strERPServerIP = 192.168.2.22

呼叫 ERPCoordinatorOfEF 元件成功 
呼叫 ERP 3.X版的 DoEasy 
回寫ERP      => Y
回寫狀態描述 => 確認或取消確認資料單身共  0筆;成功  1筆;失敗  0筆;


BeforeApprove - DoCheck ..... 
Start Time = 2014/3/12 下午 01:09:43
lngERPVersion = 3
lngReturnType = 2
strWfFormID = 4379
strWfSheetNo = 20140314
lngAction = 0
strProgID = PALI12
strCompID = SMP
strUserID = 4888
strParameter3 = 0001
strParameter4 = 
lngKeyNumber = 3
strComfirmObject = TransManager.TxnManager
strComPRID = PALI12
strComDate = 
strUserNTID = Emily_Huang
strERPServerIP = 192.168.2.22

呼叫 ERPCoordinatorOfEF 元件成功 
呼叫 ERP 3.X版的 DoCheck 
確認可否回寫ERP      => Y
確認可否回寫狀態描述 => 


AfterApprove - DoIt
Start Time = 2014/3/12 下午 01:09:43
lngERPVersion = 3
lngReturnType = 2
strWfFormID = 4379
strWfSheetNo = 20140314
lngAction = 0
strProgID = PALI12
strCompID = SMP
strUserID = 4888
strParameter3 = 0001
strParameter4 = 
lngKeyNumber = 3
strComfirmObject = TransManager.TxnManager
strComPRID = PALI12
strComDate = 
strUserNTID = Emily_Huang
strERPServerIP = 192.168.2.22

呼叫 ERPCoordinatorOfEF 元件成功 
呼叫 ERP 3.X版的 DoEasy 
回寫ERP      => Y
回寫狀態描述 => 確認或取消確認資料單身共  0筆;成功  1筆;失敗  0筆;


