BeforeApprove - DoCheck ..... 
Start Time = 2014/8/28 上午 10:11:34
lngERPVersion = 3
lngReturnType = 2
strWfFormID = 3990
strWfSheetNo = 20140904
lngAction = 0
strProgID = PALI12
strCompID = SMP
strUserID = 4972
strParameter3 = 0001
strParameter4 = 
lngKeyNumber = 3
strComfirmObject = TransManager.TxnManager
strComPRID = PALI12
strComDate = 
strUserNTID = Liping_Huang
strERPServerIP = 192.168.2.22

呼叫 ERPCoordinatorOfEF 元件成功 
呼叫 ERP 3.X版的 DoCheck 
確認可否回寫ERP      => Y
確認可否回寫狀態描述 => 


AfterApprove - DoIt
Start Time = 2014/8/28 上午 10:11:35
lngERPVersion = 3
lngReturnType = 2
strWfFormID = 3990
strWfSheetNo = 20140904
lngAction = 0
strProgID = PALI12
strCompID = SMP
strUserID = 4972
strParameter3 = 0001
strParameter4 = 
lngKeyNumber = 3
strComfirmObject = TransManager.TxnManager
strComPRID = PALI12
strComDate = 
strUserNTID = Liping_Huang
strERPServerIP = 192.168.2.22

呼叫 ERPCoordinatorOfEF 元件成功 
呼叫 ERP 3.X版的 DoEasy 
回寫ERP      => Y
回寫狀態描述 => 確認或取消確認資料單身共  0筆;成功  1筆;失敗  0筆;


BeforeApprove - DoCheck ..... 
Start Time = 2014/8/28 上午 10:11:35
lngERPVersion = 3
lngReturnType = 2
strWfFormID = 3990
strWfSheetNo = 20140905
lngAction = 0
strProgID = PALI12
strCompID = SMP
strUserID = 4972
strParameter3 = 0001
strParameter4 = 
lngKeyNumber = 3
strComfirmObject = TransManager.TxnManager
strComPRID = PALI12
strComDate = 
strUserNTID = Liping_Huang
strERPServerIP = 192.168.2.22

呼叫 ERPCoordinatorOfEF 元件成功 
呼叫 ERP 3.X版的 DoCheck 
確認可否回寫ERP      => Y
確認可否回寫狀態描述 => 


AfterApprove - DoIt
Start Time = 2014/8/28 上午 10:11:36
lngERPVersion = 3
lngReturnType = 2
strWfFormID = 3990
strWfSheetNo = 20140905
lngAction = 0
strProgID = PALI12
strCompID = SMP
strUserID = 4972
strParameter3 = 0001
strParameter4 = 
lngKeyNumber = 3
strComfirmObject = TransManager.TxnManager
strComPRID = PALI12
strComDate = 
strUserNTID = Liping_Huang
strERPServerIP = 192.168.2.22

呼叫 ERPCoordinatorOfEF 元件成功 
呼叫 ERP 3.X版的 DoEasy 
回寫ERP      => Y
回寫狀態描述 => 確認或取消確認資料單身共  0筆;成功  1筆;失敗  0筆;


BeforeApprove - DoCheck ..... 
Start Time = 2014/8/28 上午 10:12:32
lngERPVersion = 3
lngReturnType = 2
strWfFormID = 00065
strWfSheetNo = 20140828
lngAction = 0
strProgID = PALI12
strCompID = TP
strUserID = 4972
strParameter3 = 0001
strParameter4 = 
lngKeyNumber = 3
strComfirmObject = TransManager.TxnManager
strComPRID = PALI12
strComDate = 
strUserNTID = Liping_Huang
strERPServerIP = 192.168.2.22

呼叫 ERPCoordinatorOfEF 元件成功 
呼叫 ERP 3.X版的 DoCheck 
確認可否回寫ERP      => Y
確認可否回寫狀態描述 => 


AfterApprove - DoIt
Start Time = 2014/8/28 上午 10:12:33
lngERPVersion = 3
lngReturnType = 2
strWfFormID = 00065
strWfSheetNo = 20140828
lngAction = 0
strProgID = PALI12
strCompID = TP
strUserID = 4972
strParameter3 = 0001
strParameter4 = 
lngKeyNumber = 3
strComfirmObject = TransManager.TxnManager
strComPRID = PALI12
strComDate = 
strUserNTID = Liping_Huang
strERPServerIP = 192.168.2.22

呼叫 ERPCoordinatorOfEF 元件成功 
呼叫 ERP 3.X版的 DoEasy 
回寫ERP      => Y
回寫狀態描述 => 確認或取消確認資料單身共  0筆;成功  1筆;失敗  0筆;


BeforeApprove - DoCheck ..... 
Start Time = 2014/8/28 上午 10:14:00
lngERPVersion = 3
lngReturnType = 2
strWfFormID = 4634
strWfSheetNo = 20140918
lngAction = 0
strProgID = PALI12
strCompID = SMP
strUserID = 4972
strParameter3 = 0001
strParameter4 = 
lngKeyNumber = 3
strComfirmObject = TransManager.TxnManager
strComPRID = PALI12
strComDate = 
strUserNTID = Liping_Huang
strERPServerIP = 192.168.2.22

呼叫 ERPCoordinatorOfEF 元件成功 
呼叫 ERP 3.X版的 DoCheck 
確認可否回寫ERP      => Y
確認可否回寫狀態描述 => 


AfterApprove - DoIt
Start Time = 2014/8/28 上午 10:14:01
lngERPVersion = 3
lngReturnType = 2
strWfFormID = 4634
strWfSheetNo = 20140918
lngAction = 0
strProgID = PALI12
strCompID = SMP
strUserID = 4972
strParameter3 = 0001
strParameter4 = 
lngKeyNumber = 3
strComfirmObject = TransManager.TxnManager
strComPRID = PALI12
strComDate = 
strUserNTID = Liping_Huang
strERPServerIP = 192.168.2.22

呼叫 ERPCoordinatorOfEF 元件成功 
呼叫 ERP 3.X版的 DoEasy 
回寫ERP      => Y
回寫狀態描述 => 確認或取消確認資料單身共  0筆;成功  1筆;失敗  0筆;


BeforeApprove - DoCheck ..... 
Start Time = 2014/8/28 上午 10:14:02
lngERPVersion = 3
lngReturnType = 2
strWfFormID = 4634
strWfSheetNo = 20140919
lngAction = 0
strProgID = PALI12
strCompID = SMP
strUserID = 4972
strParameter3 = 0001
strParameter4 = 
lngKeyNumber = 3
strComfirmObject = TransManager.TxnManager
strComPRID = PALI12
strComDate = 
strUserNTID = Liping_Huang
strERPServerIP = 192.168.2.22

呼叫 ERPCoordinatorOfEF 元件成功 
呼叫 ERP 3.X版的 DoCheck 
確認可否回寫ERP      => Y
確認可否回寫狀態描述 => 


AfterApprove - DoIt
Start Time = 2014/8/28 上午 10:14:02
lngERPVersion = 3
lngReturnType = 2
strWfFormID = 4634
strWfSheetNo = 20140919
lngAction = 0
strProgID = PALI12
strCompID = SMP
strUserID = 4972
strParameter3 = 0001
strParameter4 = 
lngKeyNumber = 3
strComfirmObject = TransManager.TxnManager
strComPRID = PALI12
strComDate = 
strUserNTID = Liping_Huang
strERPServerIP = 192.168.2.22

呼叫 ERPCoordinatorOfEF 元件成功 
呼叫 ERP 3.X版的 DoEasy 
回寫ERP      => Y
回寫狀態描述 => 確認或取消確認資料單身共  0筆;成功  1筆;失敗  0筆;


BeforeApprove - DoCheck ..... 
Start Time = 2014/8/28 上午 10:14:02
lngERPVersion = 3
lngReturnType = 2
strWfFormID = 4634
strWfSheetNo = 20140922
lngAction = 0
strProgID = PALI12
strCompID = SMP
strUserID = 4972
strParameter3 = 0001
strParameter4 = 
lngKeyNumber = 3
strComfirmObject = TransManager.TxnManager
strComPRID = PALI12
strComDate = 
strUserNTID = Liping_Huang
strERPServerIP = 192.168.2.22

呼叫 ERPCoordinatorOfEF 元件成功 
呼叫 ERP 3.X版的 DoCheck 
確認可否回寫ERP      => Y
確認可否回寫狀態描述 => 


AfterApprove - DoIt
Start Time = 2014/8/28 上午 10:14:03
lngERPVersion = 3
lngReturnType = 2
strWfFormID = 4634
strWfSheetNo = 20140922
lngAction = 0
strProgID = PALI12
strCompID = SMP
strUserID = 4972
strParameter3 = 0001
strParameter4 = 
lngKeyNumber = 3
strComfirmObject = TransManager.TxnManager
strComPRID = PALI12
strComDate = 
strUserNTID = Liping_Huang
strERPServerIP = 192.168.2.22

呼叫 ERPCoordinatorOfEF 元件成功 
呼叫 ERP 3.X版的 DoEasy 
回寫ERP      => Y
回寫狀態描述 => 確認或取消確認資料單身共  0筆;成功  1筆;失敗  0筆;


BeforeApprove - DoCheck ..... 
Start Time = 2014/8/28 下午 05:19:59
lngERPVersion = 3
lngReturnType = 2
strWfFormID = 00029
strWfSheetNo = 20140829
lngAction = 0
strProgID = PALI12
strCompID = TP
strUserID = 4972
strParameter3 = 0001
strParameter4 = 
lngKeyNumber = 3
strComfirmObject = TransManager.TxnManager
strComPRID = PALI12
strComDate = 
strUserNTID = Liping_Huang
strERPServerIP = 192.168.2.22

呼叫 ERPCoordinatorOfEF 元件成功 
呼叫 ERP 3.X版的 DoCheck 
確認可否回寫ERP      => Y
確認可否回寫狀態描述 => 


AfterApprove - DoIt
Start Time = 2014/8/28 下午 05:19:59
lngERPVersion = 3
lngReturnType = 2
strWfFormID = 00029
strWfSheetNo = 20140829
lngAction = 0
strProgID = PALI12
strCompID = TP
strUserID = 4972
strParameter3 = 0001
strParameter4 = 
lngKeyNumber = 3
strComfirmObject = TransManager.TxnManager
strComPRID = PALI12
strComDate = 
strUserNTID = Liping_Huang
strERPServerIP = 192.168.2.22

呼叫 ERPCoordinatorOfEF 元件成功 
呼叫 ERP 3.X版的 DoEasy 
回寫ERP      => Y
回寫狀態描述 => 確認或取消確認資料單身共  0筆;成功  1筆;失敗  0筆;


BeforeApprove - DoCheck ..... 
Start Time = 2014/8/28 下午 10:28:44
lngERPVersion = 3
lngReturnType = 2
strWfFormID = 3985
strWfSheetNo = 20140901
lngAction = 0
strProgID = PALI12
strCompID = SMP
strUserID = 2308
strParameter3 = 0001
strParameter4 = 
lngKeyNumber = 3
strComfirmObject = TransManager.TxnManager
strComPRID = PALI12
strComDate = 
strUserNTID = Caroline_Hsieh
strERPServerIP = 192.168.2.22

呼叫 ERPCoordinatorOfEF 元件成功 
呼叫 ERP 3.X版的 DoCheck 
確認可否回寫ERP      => Y
確認可否回寫狀態描述 => 


AfterApprove - DoIt
Start Time = 2014/8/28 下午 10:28:44
lngERPVersion = 3
lngReturnType = 2
strWfFormID = 3985
strWfSheetNo = 20140901
lngAction = 0
strProgID = PALI12
strCompID = SMP
strUserID = 2308
strParameter3 = 0001
strParameter4 = 
lngKeyNumber = 3
strComfirmObject = TransManager.TxnManager
strComPRID = PALI12
strComDate = 
strUserNTID = Caroline_Hsieh
strERPServerIP = 192.168.2.22

呼叫 ERPCoordinatorOfEF 元件成功 
呼叫 ERP 3.X版的 DoEasy 
回寫ERP      => Y
回寫狀態描述 => 確認或取消確認資料單身共  0筆;成功  1筆;失敗  0筆;


BeforeApprove - DoCheck ..... 
Start Time = 2014/8/28 下午 10:30:36
lngERPVersion = 3
lngReturnType = 2
strWfFormID = 4805
strWfSheetNo = 20140905
lngAction = 0
strProgID = PALI12
strCompID = SMP
strUserID = 2308
strParameter3 = 0001
strParameter4 = 
lngKeyNumber = 3
strComfirmObject = TransManager.TxnManager
strComPRID = PALI12
strComDate = 
strUserNTID = Caroline_Hsieh
strERPServerIP = 192.168.2.22

呼叫 ERPCoordinatorOfEF 元件成功 
呼叫 ERP 3.X版的 DoCheck 
確認可否回寫ERP      => Y
確認可否回寫狀態描述 => 


AfterApprove - DoIt
Start Time = 2014/8/28 下午 10:30:37
lngERPVersion = 3
lngReturnType = 2
strWfFormID = 4805
strWfSheetNo = 20140905
lngAction = 0
strProgID = PALI12
strCompID = SMP
strUserID = 2308
strParameter3 = 0001
strParameter4 = 
lngKeyNumber = 3
strComfirmObject = TransManager.TxnManager
strComPRID = PALI12
strComDate = 
strUserNTID = Caroline_Hsieh
strERPServerIP = 192.168.2.22

呼叫 ERPCoordinatorOfEF 元件成功 
呼叫 ERP 3.X版的 DoEasy 
回寫ERP      => Y
回寫狀態描述 => 確認或取消確認資料單身共  0筆;成功  1筆;失敗  0筆;


BeforeApprove - DoCheck ..... 
Start Time = 2014/8/28 下午 10:30:55
lngERPVersion = 3
lngReturnType = 2
strWfFormID = 00069
strWfSheetNo = 20140901
lngAction = 0
strProgID = PALI12
strCompID = TP
strUserID = 2308
strParameter3 = 0001
strParameter4 = 
lngKeyNumber = 3
strComfirmObject = TransManager.TxnManager
strComPRID = PALI12
strComDate = 
strUserNTID = Caroline_Hsieh
strERPServerIP = 192.168.2.22

呼叫 ERPCoordinatorOfEF 元件成功 
呼叫 ERP 3.X版的 DoCheck 
確認可否回寫ERP      => Y
確認可否回寫狀態描述 => 


AfterApprove - DoIt
Start Time = 2014/8/28 下午 10:30:55
lngERPVersion = 3
lngReturnType = 2
strWfFormID = 00069
strWfSheetNo = 20140901
lngAction = 0
strProgID = PALI12
strCompID = TP
strUserID = 2308
strParameter3 = 0001
strParameter4 = 
lngKeyNumber = 3
strComfirmObject = TransManager.TxnManager
strComPRID = PALI12
strComDate = 
strUserNTID = Caroline_Hsieh
strERPServerIP = 192.168.2.22

呼叫 ERPCoordinatorOfEF 元件成功 
呼叫 ERP 3.X版的 DoEasy 
回寫ERP      => Y
回寫狀態描述 => 確認或取消確認資料單身共  0筆;成功  1筆;失敗  0筆;


BeforeApprove - DoCheck ..... 
Start Time = 2014/8/28 下午 10:31:12
lngERPVersion = 3
lngReturnType = 2
strWfFormID = 1824
strWfSheetNo = 20140829
lngAction = 0
strProgID = PALI12
strCompID = SMP
strUserID = 2308
strParameter3 = 0001
strParameter4 = 
lngKeyNumber = 3
strComfirmObject = TransManager.TxnManager
strComPRID = PALI12
strComDate = 
strUserNTID = Caroline_Hsieh
strERPServerIP = 192.168.2.22

呼叫 ERPCoordinatorOfEF 元件成功 
呼叫 ERP 3.X版的 DoCheck 
確認可否回寫ERP      => Y
確認可否回寫狀態描述 => 


AfterApprove - DoIt
Start Time = 2014/8/28 下午 10:31:12
lngERPVersion = 3
lngReturnType = 2
strWfFormID = 1824
strWfSheetNo = 20140829
lngAction = 0
strProgID = PALI12
strCompID = SMP
strUserID = 2308
strParameter3 = 0001
strParameter4 = 
lngKeyNumber = 3
strComfirmObject = TransManager.TxnManager
strComPRID = PALI12
strComDate = 
strUserNTID = Caroline_Hsieh
strERPServerIP = 192.168.2.22

呼叫 ERPCoordinatorOfEF 元件成功 
呼叫 ERP 3.X版的 DoEasy 
回寫ERP      => Y
回寫狀態描述 => 確認或取消確認資料單身共  0筆;成功  1筆;失敗  0筆;


